[2022-08-30T12:29:05.717+0000] {taskinstance.py:1171} INFO - Dependencies all met for <TaskInstance: example_bash_operator.run_after_loop manual__2022-08-30T12:28:39.397075+00:00 [queued]>
[2022-08-30T12:29:05.725+0000] {taskinstance.py:1171} INFO - Dependencies all met for <TaskInstance: example_bash_operator.run_after_loop manual__2022-08-30T12:28:39.397075+00:00 [queued]>
[2022-08-30T12:29:05.726+0000] {taskinstance.py:1368} INFO - 
--------------------------------------------------------------------------------
[2022-08-30T12:29:05.726+0000] {taskinstance.py:1369} INFO - Starting attempt 1 of 1
[2022-08-30T12:29:05.727+0000] {taskinstance.py:1370} INFO - 
--------------------------------------------------------------------------------
[2022-08-30T12:29:05.737+0000] {taskinstance.py:1389} INFO - Executing <Task(BashOperator): run_after_loop> on 2022-08-30 12:28:39.397075+00:00
[2022-08-30T12:29:05.744+0000] {standard_task_runner.py:52} INFO - Started process 209 to run task
[2022-08-30T12:29:05.754+0000] {standard_task_runner.py:79} INFO - Running: ['***', 'tasks', 'run', 'example_bash_operator', 'run_after_loop', 'manual__2022-08-30T12:28:39.397075+00:00', '--job-id', '14', '--raw', '--subdir', '/home/***/.local/lib/python3.7/site-packages/***/example_dags/example_bash_operator.py', '--cfg-path', '/tmp/tmplc9uae78', '--error-file', '/tmp/tmplle3w_nn']
[2022-08-30T12:29:05.757+0000] {standard_task_runner.py:80} INFO - Job 14: Subtask run_after_loop
[2022-08-30T12:29:05.855+0000] {task_command.py:371} INFO - Running <TaskInstance: example_bash_operator.run_after_loop manual__2022-08-30T12:28:39.397075+00:00 [running]> on host 887e8b1e559f
[2022-08-30T12:29:05.909+0000] {taskinstance.py:1583} INFO - Exporting the following env vars:
AIRFLOW_CTX_DAG_OWNER=***
AIRFLOW_CTX_DAG_ID=example_bash_operator
AIRFLOW_CTX_TASK_ID=run_after_loop
AIRFLOW_CTX_EXECUTION_DATE=2022-08-30T12:28:39.397075+00:00
AIRFLOW_CTX_TRY_NUMBER=1
AIRFLOW_CTX_DAG_RUN_ID=manual__2022-08-30T12:28:39.397075+00:00
[2022-08-30T12:29:05.924+0000] {subprocess.py:62} INFO - Tmp dir root location: 
 /tmp
[2022-08-30T12:29:05.926+0000] {subprocess.py:74} INFO - Running command: ['/bin/bash', '-c', 'echo 1']
[2022-08-30T12:29:05.942+0000] {subprocess.py:85} INFO - Output:
[2022-08-30T12:29:05.963+0000] {subprocess.py:92} INFO - 1
[2022-08-30T12:29:05.965+0000] {subprocess.py:96} INFO - Command exited with return code 0
[2022-08-30T12:29:06.002+0000] {taskinstance.py:1412} INFO - Marking task as SUCCESS. dag_id=example_bash_operator, task_id=run_after_loop, execution_date=20220830T122839, start_date=20220830T122905, end_date=20220830T122906
[2022-08-30T12:29:06.046+0000] {local_task_job.py:156} INFO - Task exited with return code 0
[2022-08-30T12:29:06.073+0000] {local_task_job.py:279} INFO - 0 downstream tasks scheduled from follow-on schedule check
