[2022-08-30T12:28:49.342+0000] {taskinstance.py:1171} INFO - Dependencies all met for <TaskInstance: example_bash_operator.runme_2 scheduled__2022-08-29T00:00:00+00:00 [queued]>
[2022-08-30T12:28:53.971+0000] {taskinstance.py:1171} INFO - Dependencies all met for <TaskInstance: example_bash_operator.runme_2 scheduled__2022-08-29T00:00:00+00:00 [queued]>
[2022-08-30T12:28:53.977+0000] {taskinstance.py:1368} INFO - 
--------------------------------------------------------------------------------
[2022-08-30T12:28:53.994+0000] {taskinstance.py:1369} INFO - Starting attempt 1 of 1
[2022-08-30T12:28:53.995+0000] {taskinstance.py:1370} INFO - 
--------------------------------------------------------------------------------
[2022-08-30T12:28:55.158+0000] {taskinstance.py:1389} INFO - Executing <Task(BashOperator): runme_2> on 2022-08-29 00:00:00+00:00
[2022-08-30T12:28:55.196+0000] {standard_task_runner.py:52} INFO - Started process 587 to run task
[2022-08-30T12:28:55.228+0000] {standard_task_runner.py:79} INFO - Running: ['***', 'tasks', 'run', 'example_bash_operator', 'runme_2', 'scheduled__2022-08-29T00:00:00+00:00', '--job-id', '9', '--raw', '--subdir', '/home/***/.local/lib/python3.7/site-packages/***/example_dags/example_bash_operator.py', '--cfg-path', '/tmp/tmphta327b1', '--error-file', '/tmp/tmp9_cmmk7w']
[2022-08-30T12:28:55.256+0000] {standard_task_runner.py:80} INFO - Job 9: Subtask runme_2
[2022-08-30T12:28:58.235+0000] {task_command.py:371} INFO - Running <TaskInstance: example_bash_operator.runme_2 scheduled__2022-08-29T00:00:00+00:00 [running]> on host 887e8b1e559f
[2022-08-30T12:28:58.429+0000] {taskinstance.py:1583} INFO - Exporting the following env vars:
AIRFLOW_CTX_DAG_OWNER=***
AIRFLOW_CTX_DAG_ID=example_bash_operator
AIRFLOW_CTX_TASK_ID=runme_2
AIRFLOW_CTX_EXECUTION_DATE=2022-08-29T00:00:00+00:00
AIRFLOW_CTX_TRY_NUMBER=1
AIRFLOW_CTX_DAG_RUN_ID=scheduled__2022-08-29T00:00:00+00:00
[2022-08-30T12:28:58.435+0000] {subprocess.py:62} INFO - Tmp dir root location: 
 /tmp
[2022-08-30T12:28:58.437+0000] {subprocess.py:74} INFO - Running command: ['/bin/bash', '-c', 'echo "example_bash_operator__runme_2__20220829" && sleep 1']
[2022-08-30T12:28:58.509+0000] {subprocess.py:85} INFO - Output:
[2022-08-30T12:28:58.512+0000] {subprocess.py:92} INFO - example_bash_operator__runme_2__20220829
[2022-08-30T12:28:59.515+0000] {subprocess.py:96} INFO - Command exited with return code 0
[2022-08-30T12:28:59.541+0000] {taskinstance.py:1412} INFO - Marking task as SUCCESS. dag_id=example_bash_operator, task_id=runme_2, execution_date=20220829T000000, start_date=20220830T122849, end_date=20220830T122859
[2022-08-30T12:28:59.567+0000] {local_task_job.py:156} INFO - Task exited with return code 0
[2022-08-30T12:28:59.597+0000] {local_task_job.py:279} INFO - 1 downstream tasks scheduled from follow-on schedule check
