[2022-08-30T12:29:05.734+0000] {taskinstance.py:1171} INFO - Dependencies all met for <TaskInstance: example_bash_operator.run_after_loop scheduled__2022-08-29T00:00:00+00:00 [queued]>
[2022-08-30T12:29:05.749+0000] {taskinstance.py:1171} INFO - Dependencies all met for <TaskInstance: example_bash_operator.run_after_loop scheduled__2022-08-29T00:00:00+00:00 [queued]>
[2022-08-30T12:29:05.750+0000] {taskinstance.py:1368} INFO - 
--------------------------------------------------------------------------------
[2022-08-30T12:29:05.751+0000] {taskinstance.py:1369} INFO - Starting attempt 1 of 1
[2022-08-30T12:29:05.752+0000] {taskinstance.py:1370} INFO - 
--------------------------------------------------------------------------------
[2022-08-30T12:29:05.768+0000] {taskinstance.py:1389} INFO - Executing <Task(BashOperator): run_after_loop> on 2022-08-29 00:00:00+00:00
[2022-08-30T12:29:05.778+0000] {standard_task_runner.py:52} INFO - Started process 210 to run task
[2022-08-30T12:29:05.797+0000] {standard_task_runner.py:79} INFO - Running: ['***', 'tasks', 'run', 'example_bash_operator', 'run_after_loop', 'scheduled__2022-08-29T00:00:00+00:00', '--job-id', '15', '--raw', '--subdir', '/home/***/.local/lib/python3.7/site-packages/***/example_dags/example_bash_operator.py', '--cfg-path', '/tmp/tmpwqexax28', '--error-file', '/tmp/tmp3lja4kbd']
[2022-08-30T12:29:05.801+0000] {standard_task_runner.py:80} INFO - Job 15: Subtask run_after_loop
[2022-08-30T12:29:05.868+0000] {task_command.py:371} INFO - Running <TaskInstance: example_bash_operator.run_after_loop scheduled__2022-08-29T00:00:00+00:00 [running]> on host 887e8b1e559f
[2022-08-30T12:29:05.924+0000] {taskinstance.py:1583} INFO - Exporting the following env vars:
AIRFLOW_CTX_DAG_OWNER=***
AIRFLOW_CTX_DAG_ID=example_bash_operator
AIRFLOW_CTX_TASK_ID=run_after_loop
AIRFLOW_CTX_EXECUTION_DATE=2022-08-29T00:00:00+00:00
AIRFLOW_CTX_TRY_NUMBER=1
AIRFLOW_CTX_DAG_RUN_ID=scheduled__2022-08-29T00:00:00+00:00
[2022-08-30T12:29:05.927+0000] {subprocess.py:62} INFO - Tmp dir root location: 
 /tmp
[2022-08-30T12:29:05.932+0000] {subprocess.py:74} INFO - Running command: ['/bin/bash', '-c', 'echo 1']
[2022-08-30T12:29:05.966+0000] {subprocess.py:85} INFO - Output:
[2022-08-30T12:29:05.970+0000] {subprocess.py:92} INFO - 1
[2022-08-30T12:29:05.971+0000] {subprocess.py:96} INFO - Command exited with return code 0
[2022-08-30T12:29:06.007+0000] {taskinstance.py:1412} INFO - Marking task as SUCCESS. dag_id=example_bash_operator, task_id=run_after_loop, execution_date=20220829T000000, start_date=20220830T122905, end_date=20220830T122906
[2022-08-30T12:29:06.039+0000] {local_task_job.py:156} INFO - Task exited with return code 0
[2022-08-30T12:29:06.064+0000] {local_task_job.py:279} INFO - 0 downstream tasks scheduled from follow-on schedule check
