[2022-08-30T12:28:47.882+0000] {taskinstance.py:1171} INFO - Dependencies all met for <TaskInstance: example_bash_operator.runme_2 manual__2022-08-30T12:28:39.397075+00:00 [queued]>
[2022-08-30T12:28:48.004+0000] {taskinstance.py:1171} INFO - Dependencies all met for <TaskInstance: example_bash_operator.runme_2 manual__2022-08-30T12:28:39.397075+00:00 [queued]>
[2022-08-30T12:28:48.006+0000] {taskinstance.py:1368} INFO - 
--------------------------------------------------------------------------------
[2022-08-30T12:28:48.012+0000] {taskinstance.py:1369} INFO - Starting attempt 1 of 1
[2022-08-30T12:28:48.014+0000] {taskinstance.py:1370} INFO - 
--------------------------------------------------------------------------------
[2022-08-30T12:28:48.105+0000] {taskinstance.py:1389} INFO - Executing <Task(BashOperator): runme_2> on 2022-08-30 12:28:39.397075+00:00
[2022-08-30T12:28:49.118+0000] {standard_task_runner.py:79} INFO - Running: ['***', 'tasks', 'run', 'example_bash_operator', 'runme_2', 'manual__2022-08-30T12:28:39.397075+00:00', '--job-id', '12', '--raw', '--subdir', '/home/***/.local/lib/python3.7/site-packages/***/example_dags/example_bash_operator.py', '--cfg-path', '/tmp/tmp9un5e2zl', '--error-file', '/tmp/tmpypfedm_i']
[2022-08-30T12:28:49.135+0000] {standard_task_runner.py:80} INFO - Job 12: Subtask runme_2
[2022-08-30T12:28:49.209+0000] {standard_task_runner.py:52} INFO - Started process 585 to run task
[2022-08-30T12:28:55.657+0000] {task_command.py:371} INFO - Running <TaskInstance: example_bash_operator.runme_2 manual__2022-08-30T12:28:39.397075+00:00 [running]> on host 887e8b1e559f
[2022-08-30T12:28:58.337+0000] {taskinstance.py:1583} INFO - Exporting the following env vars:
AIRFLOW_CTX_DAG_OWNER=***
AIRFLOW_CTX_DAG_ID=example_bash_operator
AIRFLOW_CTX_TASK_ID=runme_2
AIRFLOW_CTX_EXECUTION_DATE=2022-08-30T12:28:39.397075+00:00
AIRFLOW_CTX_TRY_NUMBER=1
AIRFLOW_CTX_DAG_RUN_ID=manual__2022-08-30T12:28:39.397075+00:00
[2022-08-30T12:28:58.343+0000] {subprocess.py:62} INFO - Tmp dir root location: 
 /tmp
[2022-08-30T12:28:58.347+0000] {subprocess.py:74} INFO - Running command: ['/bin/bash', '-c', 'echo "example_bash_operator__runme_2__20220830" && sleep 1']
[2022-08-30T12:28:58.388+0000] {subprocess.py:85} INFO - Output:
[2022-08-30T12:28:58.391+0000] {subprocess.py:92} INFO - example_bash_operator__runme_2__20220830
[2022-08-30T12:28:59.394+0000] {subprocess.py:96} INFO - Command exited with return code 0
[2022-08-30T12:28:59.424+0000] {taskinstance.py:1412} INFO - Marking task as SUCCESS. dag_id=example_bash_operator, task_id=runme_2, execution_date=20220830T122839, start_date=20220830T122847, end_date=20220830T122859
[2022-08-30T12:28:59.469+0000] {local_task_job.py:156} INFO - Task exited with return code 0
[2022-08-30T12:28:59.503+0000] {local_task_job.py:279} INFO - 1 downstream tasks scheduled from follow-on schedule check
