[2022-08-30T12:28:46.780+0000] {taskinstance.py:1171} INFO - Dependencies all met for <TaskInstance: example_bash_operator.also_run_this scheduled__2022-08-29T00:00:00+00:00 [queued]>
[2022-08-30T12:28:46.818+0000] {taskinstance.py:1171} INFO - Dependencies all met for <TaskInstance: example_bash_operator.also_run_this scheduled__2022-08-29T00:00:00+00:00 [queued]>
[2022-08-30T12:28:46.822+0000] {taskinstance.py:1368} INFO - 
--------------------------------------------------------------------------------
[2022-08-30T12:28:46.824+0000] {taskinstance.py:1369} INFO - Starting attempt 1 of 1
[2022-08-30T12:28:46.825+0000] {taskinstance.py:1370} INFO - 
--------------------------------------------------------------------------------
[2022-08-30T12:28:46.916+0000] {taskinstance.py:1389} INFO - Executing <Task(BashOperator): also_run_this> on 2022-08-29 00:00:00+00:00
[2022-08-30T12:28:46.966+0000] {standard_task_runner.py:52} INFO - Started process 578 to run task
[2022-08-30T12:28:47.017+0000] {standard_task_runner.py:79} INFO - Running: ['***', 'tasks', 'run', 'example_bash_operator', 'also_run_this', 'scheduled__2022-08-29T00:00:00+00:00', '--job-id', '4', '--raw', '--subdir', '/home/***/.local/lib/python3.7/site-packages/***/example_dags/example_bash_operator.py', '--cfg-path', '/tmp/tmps5rk9ddd', '--error-file', '/tmp/tmpy_n_kitc']
[2022-08-30T12:28:47.030+0000] {standard_task_runner.py:80} INFO - Job 4: Subtask also_run_this
[2022-08-30T12:28:49.411+0000] {task_command.py:371} INFO - Running <TaskInstance: example_bash_operator.also_run_this scheduled__2022-08-29T00:00:00+00:00 [running]> on host 887e8b1e559f
[2022-08-30T12:28:58.198+0000] {taskinstance.py:1583} INFO - Exporting the following env vars:
AIRFLOW_CTX_DAG_OWNER=***
AIRFLOW_CTX_DAG_ID=example_bash_operator
AIRFLOW_CTX_TASK_ID=also_run_this
AIRFLOW_CTX_EXECUTION_DATE=2022-08-29T00:00:00+00:00
AIRFLOW_CTX_TRY_NUMBER=1
AIRFLOW_CTX_DAG_RUN_ID=scheduled__2022-08-29T00:00:00+00:00
[2022-08-30T12:28:58.203+0000] {subprocess.py:62} INFO - Tmp dir root location: 
 /tmp
[2022-08-30T12:28:58.204+0000] {subprocess.py:74} INFO - Running command: ['/bin/bash', '-c', 'echo "run_id=scheduled__2022-08-29T00:00:00+00:00 | dag_run=<DagRun example_bash_operator @ 2022-08-29 00:00:00+00:00: scheduled__2022-08-29T00:00:00+00:00, state:running, queued_at: 2022-08-30 12:28:40.169291+00:00. externally triggered: False>"']
[2022-08-30T12:28:58.269+0000] {subprocess.py:85} INFO - Output:
[2022-08-30T12:28:58.281+0000] {subprocess.py:92} INFO - run_id=scheduled__2022-08-29T00:00:00+00:00 | dag_run=<DagRun example_bash_operator @ 2022-08-29 00:00:00+00:00: scheduled__2022-08-29T00:00:00+00:00, state:running, queued_at: 2022-08-30 12:28:40.169291+00:00. externally triggered: False>
[2022-08-30T12:28:58.285+0000] {subprocess.py:96} INFO - Command exited with return code 0
[2022-08-30T12:28:58.394+0000] {taskinstance.py:1412} INFO - Marking task as SUCCESS. dag_id=example_bash_operator, task_id=also_run_this, execution_date=20220829T000000, start_date=20220830T122846, end_date=20220830T122858
[2022-08-30T12:28:58.442+0000] {local_task_job.py:156} INFO - Task exited with return code 0
[2022-08-30T12:28:58.502+0000] {local_task_job.py:279} INFO - 0 downstream tasks scheduled from follow-on schedule check
