[2022-08-30T12:27:48.308+0000] {processor.py:153} INFO - Started process (PID=325) to work on /home/airflow/.local/lib/python3.7/site-packages/airflow/example_dags/plugins/workday.py
[2022-08-30T12:27:48.310+0000] {processor.py:640} INFO - Processing file /home/airflow/.local/lib/python3.7/site-packages/airflow/example_dags/plugins/workday.py for tasks to queue
[2022-08-30T12:27:48.311+0000] {logging_mixin.py:115} INFO - [2022-08-30T12:27:48.311+0000] {dagbag.py:508} INFO - Filling up the DagBag from /home/airflow/.local/lib/python3.7/site-packages/airflow/example_dags/plugins/workday.py
[2022-08-30T12:27:48.314+0000] {processor.py:652} WARNING - No viable dags retrieved from /home/airflow/.local/lib/python3.7/site-packages/airflow/example_dags/plugins/workday.py
[2022-08-30T12:27:48.326+0000] {processor.py:161} INFO - Processing /home/airflow/.local/lib/python3.7/site-packages/airflow/example_dags/plugins/workday.py took 0.019 seconds
[2022-08-30T12:28:19.359+0000] {processor.py:153} INFO - Started process (PID=525) to work on /home/airflow/.local/lib/python3.7/site-packages/airflow/example_dags/plugins/workday.py
[2022-08-30T12:28:19.377+0000] {processor.py:640} INFO - Processing file /home/airflow/.local/lib/python3.7/site-packages/airflow/example_dags/plugins/workday.py for tasks to queue
[2022-08-30T12:28:19.378+0000] {logging_mixin.py:115} INFO - [2022-08-30T12:28:19.378+0000] {dagbag.py:508} INFO - Filling up the DagBag from /home/airflow/.local/lib/python3.7/site-packages/airflow/example_dags/plugins/workday.py
[2022-08-30T12:28:19.380+0000] {processor.py:652} WARNING - No viable dags retrieved from /home/airflow/.local/lib/python3.7/site-packages/airflow/example_dags/plugins/workday.py
[2022-08-30T12:28:19.390+0000] {processor.py:161} INFO - Processing /home/airflow/.local/lib/python3.7/site-packages/airflow/example_dags/plugins/workday.py took 0.032 seconds
[2022-08-30T12:29:07.078+0000] {processor.py:153} INFO - Started process (PID=330) to work on /home/airflow/.local/lib/python3.7/site-packages/airflow/example_dags/plugins/workday.py
[2022-08-30T12:29:07.079+0000] {processor.py:640} INFO - Processing file /home/airflow/.local/lib/python3.7/site-packages/airflow/example_dags/plugins/workday.py for tasks to queue
[2022-08-30T12:29:07.081+0000] {logging_mixin.py:115} INFO - [2022-08-30T12:29:07.080+0000] {dagbag.py:508} INFO - Filling up the DagBag from /home/airflow/.local/lib/python3.7/site-packages/airflow/example_dags/plugins/workday.py
[2022-08-30T12:29:07.082+0000] {processor.py:652} WARNING - No viable dags retrieved from /home/airflow/.local/lib/python3.7/site-packages/airflow/example_dags/plugins/workday.py
[2022-08-30T12:29:07.093+0000] {processor.py:161} INFO - Processing /home/airflow/.local/lib/python3.7/site-packages/airflow/example_dags/plugins/workday.py took 0.017 seconds
[2022-08-30T12:29:37.739+0000] {processor.py:153} INFO - Started process (PID=530) to work on /home/airflow/.local/lib/python3.7/site-packages/airflow/example_dags/plugins/workday.py
[2022-08-30T12:29:37.740+0000] {processor.py:640} INFO - Processing file /home/airflow/.local/lib/python3.7/site-packages/airflow/example_dags/plugins/workday.py for tasks to queue
[2022-08-30T12:29:37.741+0000] {logging_mixin.py:115} INFO - [2022-08-30T12:29:37.741+0000] {dagbag.py:508} INFO - Filling up the DagBag from /home/airflow/.local/lib/python3.7/site-packages/airflow/example_dags/plugins/workday.py
[2022-08-30T12:29:37.743+0000] {processor.py:652} WARNING - No viable dags retrieved from /home/airflow/.local/lib/python3.7/site-packages/airflow/example_dags/plugins/workday.py
[2022-08-30T12:29:37.752+0000] {processor.py:161} INFO - Processing /home/airflow/.local/lib/python3.7/site-packages/airflow/example_dags/plugins/workday.py took 0.016 seconds
[2022-08-30T12:30:08.549+0000] {processor.py:153} INFO - Started process (PID=731) to work on /home/airflow/.local/lib/python3.7/site-packages/airflow/example_dags/plugins/workday.py
[2022-08-30T12:30:08.550+0000] {processor.py:640} INFO - Processing file /home/airflow/.local/lib/python3.7/site-packages/airflow/example_dags/plugins/workday.py for tasks to queue
[2022-08-30T12:30:08.552+0000] {logging_mixin.py:115} INFO - [2022-08-30T12:30:08.552+0000] {dagbag.py:508} INFO - Filling up the DagBag from /home/airflow/.local/lib/python3.7/site-packages/airflow/example_dags/plugins/workday.py
[2022-08-30T12:30:08.554+0000] {processor.py:652} WARNING - No viable dags retrieved from /home/airflow/.local/lib/python3.7/site-packages/airflow/example_dags/plugins/workday.py
[2022-08-30T12:30:08.565+0000] {processor.py:161} INFO - Processing /home/airflow/.local/lib/python3.7/site-packages/airflow/example_dags/plugins/workday.py took 0.017 seconds
[2022-08-30T12:30:39.377+0000] {processor.py:153} INFO - Started process (PID=932) to work on /home/airflow/.local/lib/python3.7/site-packages/airflow/example_dags/plugins/workday.py
[2022-08-30T12:30:39.383+0000] {processor.py:640} INFO - Processing file /home/airflow/.local/lib/python3.7/site-packages/airflow/example_dags/plugins/workday.py for tasks to queue
[2022-08-30T12:30:39.385+0000] {logging_mixin.py:115} INFO - [2022-08-30T12:30:39.385+0000] {dagbag.py:508} INFO - Filling up the DagBag from /home/airflow/.local/lib/python3.7/site-packages/airflow/example_dags/plugins/workday.py
[2022-08-30T12:30:39.388+0000] {processor.py:652} WARNING - No viable dags retrieved from /home/airflow/.local/lib/python3.7/site-packages/airflow/example_dags/plugins/workday.py
[2022-08-30T12:30:39.401+0000] {processor.py:161} INFO - Processing /home/airflow/.local/lib/python3.7/site-packages/airflow/example_dags/plugins/workday.py took 0.029 seconds
[2022-08-30T12:31:10.098+0000] {processor.py:153} INFO - Started process (PID=1126) to work on /home/airflow/.local/lib/python3.7/site-packages/airflow/example_dags/plugins/workday.py
[2022-08-30T12:31:10.099+0000] {processor.py:640} INFO - Processing file /home/airflow/.local/lib/python3.7/site-packages/airflow/example_dags/plugins/workday.py for tasks to queue
[2022-08-30T12:31:10.100+0000] {logging_mixin.py:115} INFO - [2022-08-30T12:31:10.100+0000] {dagbag.py:508} INFO - Filling up the DagBag from /home/airflow/.local/lib/python3.7/site-packages/airflow/example_dags/plugins/workday.py
[2022-08-30T12:31:10.102+0000] {processor.py:652} WARNING - No viable dags retrieved from /home/airflow/.local/lib/python3.7/site-packages/airflow/example_dags/plugins/workday.py
[2022-08-30T12:31:10.112+0000] {processor.py:161} INFO - Processing /home/airflow/.local/lib/python3.7/site-packages/airflow/example_dags/plugins/workday.py took 0.016 seconds
[2022-08-30T12:31:40.662+0000] {processor.py:153} INFO - Started process (PID=1325) to work on /home/airflow/.local/lib/python3.7/site-packages/airflow/example_dags/plugins/workday.py
[2022-08-30T12:31:40.663+0000] {processor.py:640} INFO - Processing file /home/airflow/.local/lib/python3.7/site-packages/airflow/example_dags/plugins/workday.py for tasks to queue
[2022-08-30T12:31:40.664+0000] {logging_mixin.py:115} INFO - [2022-08-30T12:31:40.664+0000] {dagbag.py:508} INFO - Filling up the DagBag from /home/airflow/.local/lib/python3.7/site-packages/airflow/example_dags/plugins/workday.py
[2022-08-30T12:31:40.666+0000] {processor.py:652} WARNING - No viable dags retrieved from /home/airflow/.local/lib/python3.7/site-packages/airflow/example_dags/plugins/workday.py
[2022-08-30T12:31:40.676+0000] {processor.py:161} INFO - Processing /home/airflow/.local/lib/python3.7/site-packages/airflow/example_dags/plugins/workday.py took 0.016 seconds
[2022-08-30T12:32:11.443+0000] {processor.py:153} INFO - Started process (PID=1525) to work on /home/airflow/.local/lib/python3.7/site-packages/airflow/example_dags/plugins/workday.py
[2022-08-30T12:32:11.444+0000] {processor.py:640} INFO - Processing file /home/airflow/.local/lib/python3.7/site-packages/airflow/example_dags/plugins/workday.py for tasks to queue
[2022-08-30T12:32:11.446+0000] {logging_mixin.py:115} INFO - [2022-08-30T12:32:11.446+0000] {dagbag.py:508} INFO - Filling up the DagBag from /home/airflow/.local/lib/python3.7/site-packages/airflow/example_dags/plugins/workday.py
[2022-08-30T12:32:11.448+0000] {processor.py:652} WARNING - No viable dags retrieved from /home/airflow/.local/lib/python3.7/site-packages/airflow/example_dags/plugins/workday.py
[2022-08-30T12:32:11.465+0000] {processor.py:161} INFO - Processing /home/airflow/.local/lib/python3.7/site-packages/airflow/example_dags/plugins/workday.py took 0.024 seconds
[2022-08-30T12:32:42.397+0000] {processor.py:153} INFO - Started process (PID=1728) to work on /home/airflow/.local/lib/python3.7/site-packages/airflow/example_dags/plugins/workday.py
[2022-08-30T12:32:42.398+0000] {processor.py:640} INFO - Processing file /home/airflow/.local/lib/python3.7/site-packages/airflow/example_dags/plugins/workday.py for tasks to queue
[2022-08-30T12:32:42.399+0000] {logging_mixin.py:115} INFO - [2022-08-30T12:32:42.399+0000] {dagbag.py:508} INFO - Filling up the DagBag from /home/airflow/.local/lib/python3.7/site-packages/airflow/example_dags/plugins/workday.py
[2022-08-30T12:32:42.400+0000] {processor.py:652} WARNING - No viable dags retrieved from /home/airflow/.local/lib/python3.7/site-packages/airflow/example_dags/plugins/workday.py
[2022-08-30T12:32:42.412+0000] {processor.py:161} INFO - Processing /home/airflow/.local/lib/python3.7/site-packages/airflow/example_dags/plugins/workday.py took 0.018 seconds
[2022-08-30T12:33:12.967+0000] {processor.py:153} INFO - Started process (PID=1931) to work on /home/airflow/.local/lib/python3.7/site-packages/airflow/example_dags/plugins/workday.py
[2022-08-30T12:33:12.969+0000] {processor.py:640} INFO - Processing file /home/airflow/.local/lib/python3.7/site-packages/airflow/example_dags/plugins/workday.py for tasks to queue
[2022-08-30T12:33:12.969+0000] {logging_mixin.py:115} INFO - [2022-08-30T12:33:12.969+0000] {dagbag.py:508} INFO - Filling up the DagBag from /home/airflow/.local/lib/python3.7/site-packages/airflow/example_dags/plugins/workday.py
[2022-08-30T12:33:12.971+0000] {processor.py:652} WARNING - No viable dags retrieved from /home/airflow/.local/lib/python3.7/site-packages/airflow/example_dags/plugins/workday.py
[2022-08-30T12:33:12.981+0000] {processor.py:161} INFO - Processing /home/airflow/.local/lib/python3.7/site-packages/airflow/example_dags/plugins/workday.py took 0.015 seconds
[2022-08-30T12:33:43.670+0000] {processor.py:153} INFO - Started process (PID=2131) to work on /home/airflow/.local/lib/python3.7/site-packages/airflow/example_dags/plugins/workday.py
[2022-08-30T12:33:43.672+0000] {processor.py:640} INFO - Processing file /home/airflow/.local/lib/python3.7/site-packages/airflow/example_dags/plugins/workday.py for tasks to queue
[2022-08-30T12:33:43.673+0000] {logging_mixin.py:115} INFO - [2022-08-30T12:33:43.673+0000] {dagbag.py:508} INFO - Filling up the DagBag from /home/airflow/.local/lib/python3.7/site-packages/airflow/example_dags/plugins/workday.py
[2022-08-30T12:33:43.674+0000] {processor.py:652} WARNING - No viable dags retrieved from /home/airflow/.local/lib/python3.7/site-packages/airflow/example_dags/plugins/workday.py
[2022-08-30T12:33:43.683+0000] {processor.py:161} INFO - Processing /home/airflow/.local/lib/python3.7/site-packages/airflow/example_dags/plugins/workday.py took 0.016 seconds
[2022-08-30T12:34:14.614+0000] {processor.py:153} INFO - Started process (PID=2331) to work on /home/airflow/.local/lib/python3.7/site-packages/airflow/example_dags/plugins/workday.py
[2022-08-30T12:34:14.615+0000] {processor.py:640} INFO - Processing file /home/airflow/.local/lib/python3.7/site-packages/airflow/example_dags/plugins/workday.py for tasks to queue
[2022-08-30T12:34:14.616+0000] {logging_mixin.py:115} INFO - [2022-08-30T12:34:14.616+0000] {dagbag.py:508} INFO - Filling up the DagBag from /home/airflow/.local/lib/python3.7/site-packages/airflow/example_dags/plugins/workday.py
[2022-08-30T12:34:14.618+0000] {processor.py:652} WARNING - No viable dags retrieved from /home/airflow/.local/lib/python3.7/site-packages/airflow/example_dags/plugins/workday.py
[2022-08-30T12:34:14.627+0000] {processor.py:161} INFO - Processing /home/airflow/.local/lib/python3.7/site-packages/airflow/example_dags/plugins/workday.py took 0.016 seconds
[2022-08-30T12:34:45.335+0000] {processor.py:153} INFO - Started process (PID=2533) to work on /home/airflow/.local/lib/python3.7/site-packages/airflow/example_dags/plugins/workday.py
[2022-08-30T12:34:45.337+0000] {processor.py:640} INFO - Processing file /home/airflow/.local/lib/python3.7/site-packages/airflow/example_dags/plugins/workday.py for tasks to queue
[2022-08-30T12:34:45.338+0000] {logging_mixin.py:115} INFO - [2022-08-30T12:34:45.338+0000] {dagbag.py:508} INFO - Filling up the DagBag from /home/airflow/.local/lib/python3.7/site-packages/airflow/example_dags/plugins/workday.py
[2022-08-30T12:34:45.340+0000] {processor.py:652} WARNING - No viable dags retrieved from /home/airflow/.local/lib/python3.7/site-packages/airflow/example_dags/plugins/workday.py
[2022-08-30T12:34:45.350+0000] {processor.py:161} INFO - Processing /home/airflow/.local/lib/python3.7/site-packages/airflow/example_dags/plugins/workday.py took 0.017 seconds
[2022-08-30T12:35:16.080+0000] {processor.py:153} INFO - Started process (PID=2723) to work on /home/airflow/.local/lib/python3.7/site-packages/airflow/example_dags/plugins/workday.py
[2022-08-30T12:35:16.083+0000] {processor.py:640} INFO - Processing file /home/airflow/.local/lib/python3.7/site-packages/airflow/example_dags/plugins/workday.py for tasks to queue
[2022-08-30T12:35:16.084+0000] {logging_mixin.py:115} INFO - [2022-08-30T12:35:16.084+0000] {dagbag.py:508} INFO - Filling up the DagBag from /home/airflow/.local/lib/python3.7/site-packages/airflow/example_dags/plugins/workday.py
[2022-08-30T12:35:16.086+0000] {processor.py:652} WARNING - No viable dags retrieved from /home/airflow/.local/lib/python3.7/site-packages/airflow/example_dags/plugins/workday.py
[2022-08-30T12:35:16.097+0000] {processor.py:161} INFO - Processing /home/airflow/.local/lib/python3.7/site-packages/airflow/example_dags/plugins/workday.py took 0.020 seconds
[2022-08-30T12:35:46.797+0000] {processor.py:153} INFO - Started process (PID=2920) to work on /home/airflow/.local/lib/python3.7/site-packages/airflow/example_dags/plugins/workday.py
[2022-08-30T12:35:46.798+0000] {processor.py:640} INFO - Processing file /home/airflow/.local/lib/python3.7/site-packages/airflow/example_dags/plugins/workday.py for tasks to queue
[2022-08-30T12:35:46.799+0000] {logging_mixin.py:115} INFO - [2022-08-30T12:35:46.799+0000] {dagbag.py:508} INFO - Filling up the DagBag from /home/airflow/.local/lib/python3.7/site-packages/airflow/example_dags/plugins/workday.py
[2022-08-30T12:35:46.801+0000] {processor.py:652} WARNING - No viable dags retrieved from /home/airflow/.local/lib/python3.7/site-packages/airflow/example_dags/plugins/workday.py
[2022-08-30T12:35:46.812+0000] {processor.py:161} INFO - Processing /home/airflow/.local/lib/python3.7/site-packages/airflow/example_dags/plugins/workday.py took 0.017 seconds
[2022-08-30T12:36:17.852+0000] {processor.py:153} INFO - Started process (PID=3129) to work on /home/airflow/.local/lib/python3.7/site-packages/airflow/example_dags/plugins/workday.py
[2022-08-30T12:36:17.854+0000] {processor.py:640} INFO - Processing file /home/airflow/.local/lib/python3.7/site-packages/airflow/example_dags/plugins/workday.py for tasks to queue
[2022-08-30T12:36:17.854+0000] {logging_mixin.py:115} INFO - [2022-08-30T12:36:17.854+0000] {dagbag.py:508} INFO - Filling up the DagBag from /home/airflow/.local/lib/python3.7/site-packages/airflow/example_dags/plugins/workday.py
[2022-08-30T12:36:17.856+0000] {processor.py:652} WARNING - No viable dags retrieved from /home/airflow/.local/lib/python3.7/site-packages/airflow/example_dags/plugins/workday.py
[2022-08-30T12:36:17.867+0000] {processor.py:161} INFO - Processing /home/airflow/.local/lib/python3.7/site-packages/airflow/example_dags/plugins/workday.py took 0.017 seconds
[2022-08-30T12:36:48.569+0000] {processor.py:153} INFO - Started process (PID=3324) to work on /home/airflow/.local/lib/python3.7/site-packages/airflow/example_dags/plugins/workday.py
[2022-08-30T12:36:48.571+0000] {processor.py:640} INFO - Processing file /home/airflow/.local/lib/python3.7/site-packages/airflow/example_dags/plugins/workday.py for tasks to queue
[2022-08-30T12:36:48.572+0000] {logging_mixin.py:115} INFO - [2022-08-30T12:36:48.572+0000] {dagbag.py:508} INFO - Filling up the DagBag from /home/airflow/.local/lib/python3.7/site-packages/airflow/example_dags/plugins/workday.py
[2022-08-30T12:36:48.574+0000] {processor.py:652} WARNING - No viable dags retrieved from /home/airflow/.local/lib/python3.7/site-packages/airflow/example_dags/plugins/workday.py
[2022-08-30T12:36:48.584+0000] {processor.py:161} INFO - Processing /home/airflow/.local/lib/python3.7/site-packages/airflow/example_dags/plugins/workday.py took 0.017 seconds
[2022-08-30T12:37:19.370+0000] {processor.py:153} INFO - Started process (PID=3524) to work on /home/airflow/.local/lib/python3.7/site-packages/airflow/example_dags/plugins/workday.py
[2022-08-30T12:37:19.371+0000] {processor.py:640} INFO - Processing file /home/airflow/.local/lib/python3.7/site-packages/airflow/example_dags/plugins/workday.py for tasks to queue
[2022-08-30T12:37:19.373+0000] {logging_mixin.py:115} INFO - [2022-08-30T12:37:19.373+0000] {dagbag.py:508} INFO - Filling up the DagBag from /home/airflow/.local/lib/python3.7/site-packages/airflow/example_dags/plugins/workday.py
[2022-08-30T12:37:19.375+0000] {processor.py:652} WARNING - No viable dags retrieved from /home/airflow/.local/lib/python3.7/site-packages/airflow/example_dags/plugins/workday.py
[2022-08-30T12:37:19.386+0000] {processor.py:161} INFO - Processing /home/airflow/.local/lib/python3.7/site-packages/airflow/example_dags/plugins/workday.py took 0.018 seconds
[2022-08-30T12:37:50.109+0000] {processor.py:153} INFO - Started process (PID=3725) to work on /home/airflow/.local/lib/python3.7/site-packages/airflow/example_dags/plugins/workday.py
[2022-08-30T12:37:50.111+0000] {processor.py:640} INFO - Processing file /home/airflow/.local/lib/python3.7/site-packages/airflow/example_dags/plugins/workday.py for tasks to queue
[2022-08-30T12:37:50.111+0000] {logging_mixin.py:115} INFO - [2022-08-30T12:37:50.111+0000] {dagbag.py:508} INFO - Filling up the DagBag from /home/airflow/.local/lib/python3.7/site-packages/airflow/example_dags/plugins/workday.py
[2022-08-30T12:37:50.113+0000] {processor.py:652} WARNING - No viable dags retrieved from /home/airflow/.local/lib/python3.7/site-packages/airflow/example_dags/plugins/workday.py
[2022-08-30T12:37:50.123+0000] {processor.py:161} INFO - Processing /home/airflow/.local/lib/python3.7/site-packages/airflow/example_dags/plugins/workday.py took 0.016 seconds
[2022-08-30T12:40:14.647+0000] {processor.py:153} INFO - Started process (PID=345) to work on /home/airflow/.local/lib/python3.7/site-packages/airflow/example_dags/plugins/workday.py
[2022-08-30T12:40:14.653+0000] {processor.py:640} INFO - Processing file /home/airflow/.local/lib/python3.7/site-packages/airflow/example_dags/plugins/workday.py for tasks to queue
[2022-08-30T12:40:14.654+0000] {logging_mixin.py:115} INFO - [2022-08-30T12:40:14.654+0000] {dagbag.py:508} INFO - Filling up the DagBag from /home/airflow/.local/lib/python3.7/site-packages/airflow/example_dags/plugins/workday.py
[2022-08-30T12:40:14.665+0000] {processor.py:652} WARNING - No viable dags retrieved from /home/airflow/.local/lib/python3.7/site-packages/airflow/example_dags/plugins/workday.py
[2022-08-30T12:40:14.726+0000] {processor.py:161} INFO - Processing /home/airflow/.local/lib/python3.7/site-packages/airflow/example_dags/plugins/workday.py took 0.087 seconds
[2022-08-30T12:42:16.409+0000] {processor.py:153} INFO - Started process (PID=324) to work on /home/airflow/.local/lib/python3.7/site-packages/airflow/example_dags/plugins/workday.py
[2022-08-30T12:42:16.411+0000] {processor.py:640} INFO - Processing file /home/airflow/.local/lib/python3.7/site-packages/airflow/example_dags/plugins/workday.py for tasks to queue
[2022-08-30T12:42:16.411+0000] {logging_mixin.py:115} INFO - [2022-08-30T12:42:16.411+0000] {dagbag.py:508} INFO - Filling up the DagBag from /home/airflow/.local/lib/python3.7/site-packages/airflow/example_dags/plugins/workday.py
[2022-08-30T12:42:16.414+0000] {processor.py:652} WARNING - No viable dags retrieved from /home/airflow/.local/lib/python3.7/site-packages/airflow/example_dags/plugins/workday.py
[2022-08-30T12:42:16.425+0000] {processor.py:161} INFO - Processing /home/airflow/.local/lib/python3.7/site-packages/airflow/example_dags/plugins/workday.py took 0.018 seconds
[2022-08-30T12:42:47.196+0000] {processor.py:153} INFO - Started process (PID=528) to work on /home/airflow/.local/lib/python3.7/site-packages/airflow/example_dags/plugins/workday.py
[2022-08-30T12:42:47.198+0000] {processor.py:640} INFO - Processing file /home/airflow/.local/lib/python3.7/site-packages/airflow/example_dags/plugins/workday.py for tasks to queue
[2022-08-30T12:42:47.199+0000] {logging_mixin.py:115} INFO - [2022-08-30T12:42:47.199+0000] {dagbag.py:508} INFO - Filling up the DagBag from /home/airflow/.local/lib/python3.7/site-packages/airflow/example_dags/plugins/workday.py
[2022-08-30T12:42:47.201+0000] {processor.py:652} WARNING - No viable dags retrieved from /home/airflow/.local/lib/python3.7/site-packages/airflow/example_dags/plugins/workday.py
[2022-08-30T12:42:47.211+0000] {processor.py:161} INFO - Processing /home/airflow/.local/lib/python3.7/site-packages/airflow/example_dags/plugins/workday.py took 0.017 seconds
[2022-08-30T12:43:18.112+0000] {processor.py:153} INFO - Started process (PID=730) to work on /home/airflow/.local/lib/python3.7/site-packages/airflow/example_dags/plugins/workday.py
[2022-08-30T12:43:18.114+0000] {processor.py:640} INFO - Processing file /home/airflow/.local/lib/python3.7/site-packages/airflow/example_dags/plugins/workday.py for tasks to queue
[2022-08-30T12:43:18.116+0000] {logging_mixin.py:115} INFO - [2022-08-30T12:43:18.115+0000] {dagbag.py:508} INFO - Filling up the DagBag from /home/airflow/.local/lib/python3.7/site-packages/airflow/example_dags/plugins/workday.py
[2022-08-30T12:43:18.118+0000] {processor.py:652} WARNING - No viable dags retrieved from /home/airflow/.local/lib/python3.7/site-packages/airflow/example_dags/plugins/workday.py
[2022-08-30T12:43:18.127+0000] {processor.py:161} INFO - Processing /home/airflow/.local/lib/python3.7/site-packages/airflow/example_dags/plugins/workday.py took 0.017 seconds
[2022-08-30T12:43:48.894+0000] {processor.py:153} INFO - Started process (PID=931) to work on /home/airflow/.local/lib/python3.7/site-packages/airflow/example_dags/plugins/workday.py
[2022-08-30T12:43:48.896+0000] {processor.py:640} INFO - Processing file /home/airflow/.local/lib/python3.7/site-packages/airflow/example_dags/plugins/workday.py for tasks to queue
[2022-08-30T12:43:48.898+0000] {logging_mixin.py:115} INFO - [2022-08-30T12:43:48.898+0000] {dagbag.py:508} INFO - Filling up the DagBag from /home/airflow/.local/lib/python3.7/site-packages/airflow/example_dags/plugins/workday.py
[2022-08-30T12:43:48.903+0000] {processor.py:652} WARNING - No viable dags retrieved from /home/airflow/.local/lib/python3.7/site-packages/airflow/example_dags/plugins/workday.py
[2022-08-30T12:43:48.919+0000] {processor.py:161} INFO - Processing /home/airflow/.local/lib/python3.7/site-packages/airflow/example_dags/plugins/workday.py took 0.027 seconds
