[2022-08-30T12:28:47.456+0000] {taskinstance.py:1171} INFO - Dependencies all met for <TaskInstance: example_bash_operator.also_run_this manual__2022-08-30T12:28:39.397075+00:00 [queued]>
[2022-08-30T12:28:47.511+0000] {taskinstance.py:1171} INFO - Dependencies all met for <TaskInstance: example_bash_operator.also_run_this manual__2022-08-30T12:28:39.397075+00:00 [queued]>
[2022-08-30T12:28:47.514+0000] {taskinstance.py:1368} INFO - 
--------------------------------------------------------------------------------
[2022-08-30T12:28:47.516+0000] {taskinstance.py:1369} INFO - Starting attempt 1 of 1
[2022-08-30T12:28:47.518+0000] {taskinstance.py:1370} INFO - 
--------------------------------------------------------------------------------
[2022-08-30T12:28:47.628+0000] {taskinstance.py:1389} INFO - Executing <Task(BashOperator): also_run_this> on 2022-08-30 12:28:39.397075+00:00
[2022-08-30T12:28:47.715+0000] {standard_task_runner.py:52} INFO - Started process 581 to run task
[2022-08-30T12:28:47.855+0000] {standard_task_runner.py:79} INFO - Running: ['***', 'tasks', 'run', 'example_bash_operator', 'also_run_this', 'manual__2022-08-30T12:28:39.397075+00:00', '--job-id', '11', '--raw', '--subdir', '/home/***/.local/lib/python3.7/site-packages/***/example_dags/example_bash_operator.py', '--cfg-path', '/tmp/tmp7vsy58x4', '--error-file', '/tmp/tmpfg54ks5o']
[2022-08-30T12:28:47.931+0000] {standard_task_runner.py:80} INFO - Job 11: Subtask also_run_this
[2022-08-30T12:28:55.396+0000] {task_command.py:371} INFO - Running <TaskInstance: example_bash_operator.also_run_this manual__2022-08-30T12:28:39.397075+00:00 [running]> on host 887e8b1e559f
[2022-08-30T12:28:58.114+0000] {taskinstance.py:1583} INFO - Exporting the following env vars:
AIRFLOW_CTX_DAG_OWNER=***
AIRFLOW_CTX_DAG_ID=example_bash_operator
AIRFLOW_CTX_TASK_ID=also_run_this
AIRFLOW_CTX_EXECUTION_DATE=2022-08-30T12:28:39.397075+00:00
AIRFLOW_CTX_TRY_NUMBER=1
AIRFLOW_CTX_DAG_RUN_ID=manual__2022-08-30T12:28:39.397075+00:00
[2022-08-30T12:28:58.117+0000] {subprocess.py:62} INFO - Tmp dir root location: 
 /tmp
[2022-08-30T12:28:58.134+0000] {subprocess.py:74} INFO - Running command: ['/bin/bash', '-c', 'echo "run_id=manual__2022-08-30T12:28:39.397075+00:00 | dag_run=<DagRun example_bash_operator @ 2022-08-30 12:28:39.397075+00:00: manual__2022-08-30T12:28:39.397075+00:00, state:running, queued_at: 2022-08-30 12:28:39.430310+00:00. externally triggered: True>"']
[2022-08-30T12:28:58.240+0000] {subprocess.py:85} INFO - Output:
[2022-08-30T12:28:58.246+0000] {subprocess.py:92} INFO - run_id=manual__2022-08-30T12:28:39.397075+00:00 | dag_run=<DagRun example_bash_operator @ 2022-08-30 12:28:39.397075+00:00: manual__2022-08-30T12:28:39.397075+00:00, state:running, queued_at: 2022-08-30 12:28:39.430310+00:00. externally triggered: True>
[2022-08-30T12:28:58.249+0000] {subprocess.py:96} INFO - Command exited with return code 0
[2022-08-30T12:28:58.377+0000] {taskinstance.py:1412} INFO - Marking task as SUCCESS. dag_id=example_bash_operator, task_id=also_run_this, execution_date=20220830T122839, start_date=20220830T122847, end_date=20220830T122858
[2022-08-30T12:28:58.483+0000] {local_task_job.py:156} INFO - Task exited with return code 0
[2022-08-30T12:28:58.543+0000] {local_task_job.py:279} INFO - 0 downstream tasks scheduled from follow-on schedule check
