[2022-08-30T12:28:46.812+0000] {taskinstance.py:1171} INFO - Dependencies all met for <TaskInstance: example_bash_operator.this_will_skip manual__2022-08-30T12:28:39.397075+00:00 [queued]>
[2022-08-30T12:28:46.824+0000] {taskinstance.py:1171} INFO - Dependencies all met for <TaskInstance: example_bash_operator.this_will_skip manual__2022-08-30T12:28:39.397075+00:00 [queued]>
[2022-08-30T12:28:46.826+0000] {taskinstance.py:1368} INFO - 
--------------------------------------------------------------------------------
[2022-08-30T12:28:46.829+0000] {taskinstance.py:1369} INFO - Starting attempt 1 of 1
[2022-08-30T12:28:46.830+0000] {taskinstance.py:1370} INFO - 
--------------------------------------------------------------------------------
[2022-08-30T12:28:46.848+0000] {taskinstance.py:1389} INFO - Executing <Task(BashOperator): this_will_skip> on 2022-08-30 12:28:39.397075+00:00
[2022-08-30T12:28:46.859+0000] {standard_task_runner.py:52} INFO - Started process 576 to run task
[2022-08-30T12:28:46.882+0000] {standard_task_runner.py:79} INFO - Running: ['***', 'tasks', 'run', 'example_bash_operator', 'this_will_skip', 'manual__2022-08-30T12:28:39.397075+00:00', '--job-id', '10', '--raw', '--subdir', '/home/***/.local/lib/python3.7/site-packages/***/example_dags/example_bash_operator.py', '--cfg-path', '/tmp/tmpve1r9uyc', '--error-file', '/tmp/tmp_gvx1r1a']
[2022-08-30T12:28:46.887+0000] {standard_task_runner.py:80} INFO - Job 10: Subtask this_will_skip
[2022-08-30T12:28:47.628+0000] {task_command.py:371} INFO - Running <TaskInstance: example_bash_operator.this_will_skip manual__2022-08-30T12:28:39.397075+00:00 [running]> on host 887e8b1e559f
[2022-08-30T12:28:55.415+0000] {taskinstance.py:1583} INFO - Exporting the following env vars:
AIRFLOW_CTX_DAG_OWNER=***
AIRFLOW_CTX_DAG_ID=example_bash_operator
AIRFLOW_CTX_TASK_ID=this_will_skip
AIRFLOW_CTX_EXECUTION_DATE=2022-08-30T12:28:39.397075+00:00
AIRFLOW_CTX_TRY_NUMBER=1
AIRFLOW_CTX_DAG_RUN_ID=manual__2022-08-30T12:28:39.397075+00:00
[2022-08-30T12:28:55.514+0000] {subprocess.py:62} INFO - Tmp dir root location: 
 /tmp
[2022-08-30T12:28:55.522+0000] {subprocess.py:74} INFO - Running command: ['/bin/bash', '-c', 'echo "hello world"; exit 99;']
[2022-08-30T12:28:55.568+0000] {subprocess.py:85} INFO - Output:
[2022-08-30T12:28:55.665+0000] {subprocess.py:92} INFO - hello world
[2022-08-30T12:28:55.680+0000] {subprocess.py:96} INFO - Command exited with return code 99
[2022-08-30T12:28:55.686+0000] {taskinstance.py:1490} INFO - Bash command returned exit code 99. Skipping.
[2022-08-30T12:28:58.028+0000] {taskinstance.py:1412} INFO - Marking task as SKIPPED. dag_id=example_bash_operator, task_id=this_will_skip, execution_date=20220830T122839, start_date=20220830T122846, end_date=20220830T122858
[2022-08-30T12:28:58.144+0000] {local_task_job.py:156} INFO - Task exited with return code 0
[2022-08-30T12:28:58.303+0000] {local_task_job.py:279} INFO - 0 downstream tasks scheduled from follow-on schedule check
