[2022-08-30T12:28:47.900+0000] {taskinstance.py:1171} INFO - Dependencies all met for <TaskInstance: example_bash_operator.runme_0 scheduled__2022-08-29T00:00:00+00:00 [queued]>
[2022-08-30T12:28:48.001+0000] {taskinstance.py:1171} INFO - Dependencies all met for <TaskInstance: example_bash_operator.runme_0 scheduled__2022-08-29T00:00:00+00:00 [queued]>
[2022-08-30T12:28:48.004+0000] {taskinstance.py:1368} INFO - 
--------------------------------------------------------------------------------
[2022-08-30T12:28:48.005+0000] {taskinstance.py:1369} INFO - Starting attempt 1 of 1
[2022-08-30T12:28:48.006+0000] {taskinstance.py:1370} INFO - 
--------------------------------------------------------------------------------
[2022-08-30T12:28:49.166+0000] {taskinstance.py:1389} INFO - Executing <Task(BashOperator): runme_0> on 2022-08-29 00:00:00+00:00
[2022-08-30T12:28:50.304+0000] {standard_task_runner.py:79} INFO - Running: ['***', 'tasks', 'run', 'example_bash_operator', 'runme_0', 'scheduled__2022-08-29T00:00:00+00:00', '--job-id', '7', '--raw', '--subdir', '/home/***/.local/lib/python3.7/site-packages/***/example_dags/example_bash_operator.py', '--cfg-path', '/tmp/tmp7e11ewib', '--error-file', '/tmp/tmpwvjrgxpt']
[2022-08-30T12:28:49.449+0000] {standard_task_runner.py:52} INFO - Started process 586 to run task
[2022-08-30T12:28:51.291+0000] {standard_task_runner.py:80} INFO - Job 7: Subtask runme_0
[2022-08-30T12:28:55.395+0000] {task_command.py:371} INFO - Running <TaskInstance: example_bash_operator.runme_0 scheduled__2022-08-29T00:00:00+00:00 [running]> on host 887e8b1e559f
[2022-08-30T12:28:58.266+0000] {taskinstance.py:1583} INFO - Exporting the following env vars:
AIRFLOW_CTX_DAG_OWNER=***
AIRFLOW_CTX_DAG_ID=example_bash_operator
AIRFLOW_CTX_TASK_ID=runme_0
AIRFLOW_CTX_EXECUTION_DATE=2022-08-29T00:00:00+00:00
AIRFLOW_CTX_TRY_NUMBER=1
AIRFLOW_CTX_DAG_RUN_ID=scheduled__2022-08-29T00:00:00+00:00
[2022-08-30T12:28:58.270+0000] {subprocess.py:62} INFO - Tmp dir root location: 
 /tmp
[2022-08-30T12:28:58.273+0000] {subprocess.py:74} INFO - Running command: ['/bin/bash', '-c', 'echo "example_bash_operator__runme_0__20220829" && sleep 1']
[2022-08-30T12:28:58.405+0000] {subprocess.py:85} INFO - Output:
[2022-08-30T12:28:58.407+0000] {subprocess.py:92} INFO - example_bash_operator__runme_0__20220829
[2022-08-30T12:28:59.424+0000] {subprocess.py:96} INFO - Command exited with return code 0
[2022-08-30T12:28:59.458+0000] {taskinstance.py:1412} INFO - Marking task as SUCCESS. dag_id=example_bash_operator, task_id=runme_0, execution_date=20220829T000000, start_date=20220830T122847, end_date=20220830T122859
[2022-08-30T12:28:59.500+0000] {local_task_job.py:156} INFO - Task exited with return code 0
[2022-08-30T12:28:59.529+0000] {local_task_job.py:279} INFO - 0 downstream tasks scheduled from follow-on schedule check
