[2022-08-30T12:27:47.340+0000] {processor.py:153} INFO - Started process (PID=280) to work on /home/airflow/.local/lib/python3.7/site-packages/airflow/example_dags/example_sla_dag.py
[2022-08-30T12:27:47.342+0000] {processor.py:640} INFO - Processing file /home/airflow/.local/lib/python3.7/site-packages/airflow/example_dags/example_sla_dag.py for tasks to queue
[2022-08-30T12:27:47.350+0000] {logging_mixin.py:115} INFO - [2022-08-30T12:27:47.349+0000] {dagbag.py:508} INFO - Filling up the DagBag from /home/airflow/.local/lib/python3.7/site-packages/airflow/example_dags/example_sla_dag.py
[2022-08-30T12:27:47.365+0000] {processor.py:650} INFO - DAG(s) dict_keys(['example_sla_dag']) retrieved from /home/airflow/.local/lib/python3.7/site-packages/airflow/example_dags/example_sla_dag.py
[2022-08-30T12:27:47.436+0000] {logging_mixin.py:115} INFO - [2022-08-30T12:27:47.436+0000] {manager.py:508} INFO - Created Permission View: can read on DAG:example_sla_dag
[2022-08-30T12:27:47.444+0000] {logging_mixin.py:115} INFO - [2022-08-30T12:27:47.444+0000] {manager.py:508} INFO - Created Permission View: can edit on DAG:example_sla_dag
[2022-08-30T12:27:47.452+0000] {logging_mixin.py:115} INFO - [2022-08-30T12:27:47.452+0000] {manager.py:508} INFO - Created Permission View: can delete on DAG:example_sla_dag
[2022-08-30T12:27:47.453+0000] {logging_mixin.py:115} INFO - [2022-08-30T12:27:47.453+0000] {dag.py:2429} INFO - Sync 1 DAGs
[2022-08-30T12:27:47.460+0000] {logging_mixin.py:115} INFO - [2022-08-30T12:27:47.459+0000] {dag.py:2448} INFO - Creating ORM DAG for example_sla_dag
[2022-08-30T12:27:47.472+0000] {logging_mixin.py:115} INFO - [2022-08-30T12:27:47.472+0000] {dag.py:2981} INFO - Setting next_dagrun for example_sla_dag to 2022-08-30T12:24:00+00:00, run_after=2022-08-30T12:26:00+00:00
[2022-08-30T12:27:47.485+0000] {processor.py:161} INFO - Processing /home/airflow/.local/lib/python3.7/site-packages/airflow/example_dags/example_sla_dag.py took 0.147 seconds
[2022-08-30T12:28:17.763+0000] {processor.py:153} INFO - Started process (PID=480) to work on /home/airflow/.local/lib/python3.7/site-packages/airflow/example_dags/example_sla_dag.py
[2022-08-30T12:28:17.764+0000] {processor.py:640} INFO - Processing file /home/airflow/.local/lib/python3.7/site-packages/airflow/example_dags/example_sla_dag.py for tasks to queue
[2022-08-30T12:28:17.765+0000] {logging_mixin.py:115} INFO - [2022-08-30T12:28:17.765+0000] {dagbag.py:508} INFO - Filling up the DagBag from /home/airflow/.local/lib/python3.7/site-packages/airflow/example_dags/example_sla_dag.py
[2022-08-30T12:28:17.779+0000] {processor.py:650} INFO - DAG(s) dict_keys(['example_sla_dag']) retrieved from /home/airflow/.local/lib/python3.7/site-packages/airflow/example_dags/example_sla_dag.py
[2022-08-30T12:28:17.798+0000] {logging_mixin.py:115} INFO - [2022-08-30T12:28:17.798+0000] {dag.py:2429} INFO - Sync 1 DAGs
[2022-08-30T12:28:17.816+0000] {logging_mixin.py:115} INFO - [2022-08-30T12:28:17.816+0000] {dag.py:2981} INFO - Setting next_dagrun for example_sla_dag to 2022-08-30T12:26:00+00:00, run_after=2022-08-30T12:28:00+00:00
[2022-08-30T12:28:17.823+0000] {processor.py:161} INFO - Processing /home/airflow/.local/lib/python3.7/site-packages/airflow/example_dags/example_sla_dag.py took 0.063 seconds
[2022-08-30T12:29:06.622+0000] {processor.py:153} INFO - Started process (PID=287) to work on /home/airflow/.local/lib/python3.7/site-packages/airflow/example_dags/example_sla_dag.py
[2022-08-30T12:29:06.623+0000] {processor.py:640} INFO - Processing file /home/airflow/.local/lib/python3.7/site-packages/airflow/example_dags/example_sla_dag.py for tasks to queue
[2022-08-30T12:29:06.624+0000] {logging_mixin.py:115} INFO - [2022-08-30T12:29:06.624+0000] {dagbag.py:508} INFO - Filling up the DagBag from /home/airflow/.local/lib/python3.7/site-packages/airflow/example_dags/example_sla_dag.py
[2022-08-30T12:29:06.638+0000] {processor.py:650} INFO - DAG(s) dict_keys(['example_sla_dag']) retrieved from /home/airflow/.local/lib/python3.7/site-packages/airflow/example_dags/example_sla_dag.py
[2022-08-30T12:29:06.654+0000] {logging_mixin.py:115} INFO - [2022-08-30T12:29:06.654+0000] {dag.py:2429} INFO - Sync 1 DAGs
[2022-08-30T12:29:06.668+0000] {logging_mixin.py:115} INFO - [2022-08-30T12:29:06.668+0000] {dag.py:2981} INFO - Setting next_dagrun for example_sla_dag to 2022-08-30T12:26:00+00:00, run_after=2022-08-30T12:28:00+00:00
[2022-08-30T12:29:06.675+0000] {processor.py:161} INFO - Processing /home/airflow/.local/lib/python3.7/site-packages/airflow/example_dags/example_sla_dag.py took 0.057 seconds
[2022-08-30T12:29:37.235+0000] {processor.py:153} INFO - Started process (PID=485) to work on /home/airflow/.local/lib/python3.7/site-packages/airflow/example_dags/example_sla_dag.py
[2022-08-30T12:29:37.236+0000] {processor.py:640} INFO - Processing file /home/airflow/.local/lib/python3.7/site-packages/airflow/example_dags/example_sla_dag.py for tasks to queue
[2022-08-30T12:29:37.237+0000] {logging_mixin.py:115} INFO - [2022-08-30T12:29:37.237+0000] {dagbag.py:508} INFO - Filling up the DagBag from /home/airflow/.local/lib/python3.7/site-packages/airflow/example_dags/example_sla_dag.py
[2022-08-30T12:29:37.251+0000] {processor.py:650} INFO - DAG(s) dict_keys(['example_sla_dag']) retrieved from /home/airflow/.local/lib/python3.7/site-packages/airflow/example_dags/example_sla_dag.py
[2022-08-30T12:29:37.266+0000] {logging_mixin.py:115} INFO - [2022-08-30T12:29:37.265+0000] {dag.py:2429} INFO - Sync 1 DAGs
[2022-08-30T12:29:37.281+0000] {logging_mixin.py:115} INFO - [2022-08-30T12:29:37.280+0000] {dag.py:2981} INFO - Setting next_dagrun for example_sla_dag to 2022-08-30T12:26:00+00:00, run_after=2022-08-30T12:28:00+00:00
[2022-08-30T12:29:37.289+0000] {processor.py:161} INFO - Processing /home/airflow/.local/lib/python3.7/site-packages/airflow/example_dags/example_sla_dag.py took 0.056 seconds
[2022-08-30T12:30:08.149+0000] {processor.py:153} INFO - Started process (PID=688) to work on /home/airflow/.local/lib/python3.7/site-packages/airflow/example_dags/example_sla_dag.py
[2022-08-30T12:30:08.150+0000] {processor.py:640} INFO - Processing file /home/airflow/.local/lib/python3.7/site-packages/airflow/example_dags/example_sla_dag.py for tasks to queue
[2022-08-30T12:30:08.152+0000] {logging_mixin.py:115} INFO - [2022-08-30T12:30:08.151+0000] {dagbag.py:508} INFO - Filling up the DagBag from /home/airflow/.local/lib/python3.7/site-packages/airflow/example_dags/example_sla_dag.py
[2022-08-30T12:30:08.164+0000] {processor.py:650} INFO - DAG(s) dict_keys(['example_sla_dag']) retrieved from /home/airflow/.local/lib/python3.7/site-packages/airflow/example_dags/example_sla_dag.py
[2022-08-30T12:30:08.181+0000] {logging_mixin.py:115} INFO - [2022-08-30T12:30:08.181+0000] {dag.py:2429} INFO - Sync 1 DAGs
[2022-08-30T12:30:08.195+0000] {logging_mixin.py:115} INFO - [2022-08-30T12:30:08.195+0000] {dag.py:2981} INFO - Setting next_dagrun for example_sla_dag to 2022-08-30T12:28:00+00:00, run_after=2022-08-30T12:30:00+00:00
[2022-08-30T12:30:08.202+0000] {processor.py:161} INFO - Processing /home/airflow/.local/lib/python3.7/site-packages/airflow/example_dags/example_sla_dag.py took 0.055 seconds
[2022-08-30T12:30:38.817+0000] {processor.py:153} INFO - Started process (PID=887) to work on /home/airflow/.local/lib/python3.7/site-packages/airflow/example_dags/example_sla_dag.py
[2022-08-30T12:30:38.819+0000] {processor.py:640} INFO - Processing file /home/airflow/.local/lib/python3.7/site-packages/airflow/example_dags/example_sla_dag.py for tasks to queue
[2022-08-30T12:30:38.820+0000] {logging_mixin.py:115} INFO - [2022-08-30T12:30:38.820+0000] {dagbag.py:508} INFO - Filling up the DagBag from /home/airflow/.local/lib/python3.7/site-packages/airflow/example_dags/example_sla_dag.py
[2022-08-30T12:30:38.834+0000] {processor.py:650} INFO - DAG(s) dict_keys(['example_sla_dag']) retrieved from /home/airflow/.local/lib/python3.7/site-packages/airflow/example_dags/example_sla_dag.py
[2022-08-30T12:30:38.851+0000] {logging_mixin.py:115} INFO - [2022-08-30T12:30:38.851+0000] {dag.py:2429} INFO - Sync 1 DAGs
[2022-08-30T12:30:38.880+0000] {logging_mixin.py:115} INFO - [2022-08-30T12:30:38.880+0000] {dag.py:2981} INFO - Setting next_dagrun for example_sla_dag to 2022-08-30T12:28:00+00:00, run_after=2022-08-30T12:30:00+00:00
[2022-08-30T12:30:38.957+0000] {processor.py:161} INFO - Processing /home/airflow/.local/lib/python3.7/site-packages/airflow/example_dags/example_sla_dag.py took 0.142 seconds
[2022-08-30T12:31:09.597+0000] {processor.py:153} INFO - Started process (PID=1079) to work on /home/airflow/.local/lib/python3.7/site-packages/airflow/example_dags/example_sla_dag.py
[2022-08-30T12:31:09.598+0000] {processor.py:640} INFO - Processing file /home/airflow/.local/lib/python3.7/site-packages/airflow/example_dags/example_sla_dag.py for tasks to queue
[2022-08-30T12:31:09.599+0000] {logging_mixin.py:115} INFO - [2022-08-30T12:31:09.599+0000] {dagbag.py:508} INFO - Filling up the DagBag from /home/airflow/.local/lib/python3.7/site-packages/airflow/example_dags/example_sla_dag.py
[2022-08-30T12:31:09.612+0000] {processor.py:650} INFO - DAG(s) dict_keys(['example_sla_dag']) retrieved from /home/airflow/.local/lib/python3.7/site-packages/airflow/example_dags/example_sla_dag.py
[2022-08-30T12:31:09.628+0000] {logging_mixin.py:115} INFO - [2022-08-30T12:31:09.628+0000] {dag.py:2429} INFO - Sync 1 DAGs
[2022-08-30T12:31:09.642+0000] {logging_mixin.py:115} INFO - [2022-08-30T12:31:09.642+0000] {dag.py:2981} INFO - Setting next_dagrun for example_sla_dag to 2022-08-30T12:28:00+00:00, run_after=2022-08-30T12:30:00+00:00
[2022-08-30T12:31:09.650+0000] {processor.py:161} INFO - Processing /home/airflow/.local/lib/python3.7/site-packages/airflow/example_dags/example_sla_dag.py took 0.055 seconds
[2022-08-30T12:31:40.276+0000] {processor.py:153} INFO - Started process (PID=1282) to work on /home/airflow/.local/lib/python3.7/site-packages/airflow/example_dags/example_sla_dag.py
[2022-08-30T12:31:40.278+0000] {processor.py:640} INFO - Processing file /home/airflow/.local/lib/python3.7/site-packages/airflow/example_dags/example_sla_dag.py for tasks to queue
[2022-08-30T12:31:40.279+0000] {logging_mixin.py:115} INFO - [2022-08-30T12:31:40.279+0000] {dagbag.py:508} INFO - Filling up the DagBag from /home/airflow/.local/lib/python3.7/site-packages/airflow/example_dags/example_sla_dag.py
[2022-08-30T12:31:40.292+0000] {processor.py:650} INFO - DAG(s) dict_keys(['example_sla_dag']) retrieved from /home/airflow/.local/lib/python3.7/site-packages/airflow/example_dags/example_sla_dag.py
[2022-08-30T12:31:40.307+0000] {logging_mixin.py:115} INFO - [2022-08-30T12:31:40.307+0000] {dag.py:2429} INFO - Sync 1 DAGs
[2022-08-30T12:31:40.321+0000] {logging_mixin.py:115} INFO - [2022-08-30T12:31:40.321+0000] {dag.py:2981} INFO - Setting next_dagrun for example_sla_dag to 2022-08-30T12:28:00+00:00, run_after=2022-08-30T12:30:00+00:00
[2022-08-30T12:31:40.328+0000] {processor.py:161} INFO - Processing /home/airflow/.local/lib/python3.7/site-packages/airflow/example_dags/example_sla_dag.py took 0.054 seconds
[2022-08-30T12:32:10.901+0000] {processor.py:153} INFO - Started process (PID=1480) to work on /home/airflow/.local/lib/python3.7/site-packages/airflow/example_dags/example_sla_dag.py
[2022-08-30T12:32:10.903+0000] {processor.py:640} INFO - Processing file /home/airflow/.local/lib/python3.7/site-packages/airflow/example_dags/example_sla_dag.py for tasks to queue
[2022-08-30T12:32:10.904+0000] {logging_mixin.py:115} INFO - [2022-08-30T12:32:10.904+0000] {dagbag.py:508} INFO - Filling up the DagBag from /home/airflow/.local/lib/python3.7/site-packages/airflow/example_dags/example_sla_dag.py
[2022-08-30T12:32:10.918+0000] {processor.py:650} INFO - DAG(s) dict_keys(['example_sla_dag']) retrieved from /home/airflow/.local/lib/python3.7/site-packages/airflow/example_dags/example_sla_dag.py
[2022-08-30T12:32:10.937+0000] {logging_mixin.py:115} INFO - [2022-08-30T12:32:10.937+0000] {dag.py:2429} INFO - Sync 1 DAGs
[2022-08-30T12:32:10.957+0000] {logging_mixin.py:115} INFO - [2022-08-30T12:32:10.957+0000] {dag.py:2981} INFO - Setting next_dagrun for example_sla_dag to 2022-08-30T12:30:00+00:00, run_after=2022-08-30T12:32:00+00:00
[2022-08-30T12:32:10.966+0000] {processor.py:161} INFO - Processing /home/airflow/.local/lib/python3.7/site-packages/airflow/example_dags/example_sla_dag.py took 0.067 seconds
[2022-08-30T12:32:41.925+0000] {processor.py:153} INFO - Started process (PID=1683) to work on /home/airflow/.local/lib/python3.7/site-packages/airflow/example_dags/example_sla_dag.py
[2022-08-30T12:32:41.927+0000] {processor.py:640} INFO - Processing file /home/airflow/.local/lib/python3.7/site-packages/airflow/example_dags/example_sla_dag.py for tasks to queue
[2022-08-30T12:32:41.930+0000] {logging_mixin.py:115} INFO - [2022-08-30T12:32:41.929+0000] {dagbag.py:508} INFO - Filling up the DagBag from /home/airflow/.local/lib/python3.7/site-packages/airflow/example_dags/example_sla_dag.py
[2022-08-30T12:32:41.949+0000] {processor.py:650} INFO - DAG(s) dict_keys(['example_sla_dag']) retrieved from /home/airflow/.local/lib/python3.7/site-packages/airflow/example_dags/example_sla_dag.py
[2022-08-30T12:32:41.975+0000] {logging_mixin.py:115} INFO - [2022-08-30T12:32:41.975+0000] {dag.py:2429} INFO - Sync 1 DAGs
[2022-08-30T12:32:41.990+0000] {logging_mixin.py:115} INFO - [2022-08-30T12:32:41.990+0000] {dag.py:2981} INFO - Setting next_dagrun for example_sla_dag to 2022-08-30T12:30:00+00:00, run_after=2022-08-30T12:32:00+00:00
[2022-08-30T12:32:41.998+0000] {processor.py:161} INFO - Processing /home/airflow/.local/lib/python3.7/site-packages/airflow/example_dags/example_sla_dag.py took 0.075 seconds
[2022-08-30T12:33:12.563+0000] {processor.py:153} INFO - Started process (PID=1886) to work on /home/airflow/.local/lib/python3.7/site-packages/airflow/example_dags/example_sla_dag.py
[2022-08-30T12:33:12.564+0000] {processor.py:640} INFO - Processing file /home/airflow/.local/lib/python3.7/site-packages/airflow/example_dags/example_sla_dag.py for tasks to queue
[2022-08-30T12:33:12.565+0000] {logging_mixin.py:115} INFO - [2022-08-30T12:33:12.565+0000] {dagbag.py:508} INFO - Filling up the DagBag from /home/airflow/.local/lib/python3.7/site-packages/airflow/example_dags/example_sla_dag.py
[2022-08-30T12:33:12.579+0000] {processor.py:650} INFO - DAG(s) dict_keys(['example_sla_dag']) retrieved from /home/airflow/.local/lib/python3.7/site-packages/airflow/example_dags/example_sla_dag.py
[2022-08-30T12:33:12.595+0000] {logging_mixin.py:115} INFO - [2022-08-30T12:33:12.595+0000] {dag.py:2429} INFO - Sync 1 DAGs
[2022-08-30T12:33:12.609+0000] {logging_mixin.py:115} INFO - [2022-08-30T12:33:12.609+0000] {dag.py:2981} INFO - Setting next_dagrun for example_sla_dag to 2022-08-30T12:30:00+00:00, run_after=2022-08-30T12:32:00+00:00
[2022-08-30T12:33:12.616+0000] {processor.py:161} INFO - Processing /home/airflow/.local/lib/python3.7/site-packages/airflow/example_dags/example_sla_dag.py took 0.055 seconds
[2022-08-30T12:33:43.274+0000] {processor.py:153} INFO - Started process (PID=2087) to work on /home/airflow/.local/lib/python3.7/site-packages/airflow/example_dags/example_sla_dag.py
[2022-08-30T12:33:43.275+0000] {processor.py:640} INFO - Processing file /home/airflow/.local/lib/python3.7/site-packages/airflow/example_dags/example_sla_dag.py for tasks to queue
[2022-08-30T12:33:43.277+0000] {logging_mixin.py:115} INFO - [2022-08-30T12:33:43.276+0000] {dagbag.py:508} INFO - Filling up the DagBag from /home/airflow/.local/lib/python3.7/site-packages/airflow/example_dags/example_sla_dag.py
[2022-08-30T12:33:43.291+0000] {processor.py:650} INFO - DAG(s) dict_keys(['example_sla_dag']) retrieved from /home/airflow/.local/lib/python3.7/site-packages/airflow/example_dags/example_sla_dag.py
[2022-08-30T12:33:43.307+0000] {logging_mixin.py:115} INFO - [2022-08-30T12:33:43.306+0000] {dag.py:2429} INFO - Sync 1 DAGs
[2022-08-30T12:33:43.322+0000] {logging_mixin.py:115} INFO - [2022-08-30T12:33:43.322+0000] {dag.py:2981} INFO - Setting next_dagrun for example_sla_dag to 2022-08-30T12:30:00+00:00, run_after=2022-08-30T12:32:00+00:00
[2022-08-30T12:33:43.329+0000] {processor.py:161} INFO - Processing /home/airflow/.local/lib/python3.7/site-packages/airflow/example_dags/example_sla_dag.py took 0.057 seconds
[2022-08-30T12:34:14.047+0000] {processor.py:153} INFO - Started process (PID=2286) to work on /home/airflow/.local/lib/python3.7/site-packages/airflow/example_dags/example_sla_dag.py
[2022-08-30T12:34:14.048+0000] {processor.py:640} INFO - Processing file /home/airflow/.local/lib/python3.7/site-packages/airflow/example_dags/example_sla_dag.py for tasks to queue
[2022-08-30T12:34:14.049+0000] {logging_mixin.py:115} INFO - [2022-08-30T12:34:14.049+0000] {dagbag.py:508} INFO - Filling up the DagBag from /home/airflow/.local/lib/python3.7/site-packages/airflow/example_dags/example_sla_dag.py
[2022-08-30T12:34:14.062+0000] {processor.py:650} INFO - DAG(s) dict_keys(['example_sla_dag']) retrieved from /home/airflow/.local/lib/python3.7/site-packages/airflow/example_dags/example_sla_dag.py
[2022-08-30T12:34:14.110+0000] {logging_mixin.py:115} INFO - [2022-08-30T12:34:14.110+0000] {dag.py:2429} INFO - Sync 1 DAGs
[2022-08-30T12:34:14.126+0000] {logging_mixin.py:115} INFO - [2022-08-30T12:34:14.125+0000] {dag.py:2981} INFO - Setting next_dagrun for example_sla_dag to 2022-08-30T12:32:00+00:00, run_after=2022-08-30T12:34:00+00:00
[2022-08-30T12:34:14.133+0000] {processor.py:161} INFO - Processing /home/airflow/.local/lib/python3.7/site-packages/airflow/example_dags/example_sla_dag.py took 0.088 seconds
[2022-08-30T12:34:44.791+0000] {processor.py:153} INFO - Started process (PID=2476) to work on /home/airflow/.local/lib/python3.7/site-packages/airflow/example_dags/example_sla_dag.py
[2022-08-30T12:34:44.792+0000] {processor.py:640} INFO - Processing file /home/airflow/.local/lib/python3.7/site-packages/airflow/example_dags/example_sla_dag.py for tasks to queue
[2022-08-30T12:34:44.793+0000] {logging_mixin.py:115} INFO - [2022-08-30T12:34:44.793+0000] {dagbag.py:508} INFO - Filling up the DagBag from /home/airflow/.local/lib/python3.7/site-packages/airflow/example_dags/example_sla_dag.py
[2022-08-30T12:34:44.823+0000] {processor.py:650} INFO - DAG(s) dict_keys(['example_sla_dag']) retrieved from /home/airflow/.local/lib/python3.7/site-packages/airflow/example_dags/example_sla_dag.py
[2022-08-30T12:34:44.839+0000] {logging_mixin.py:115} INFO - [2022-08-30T12:34:44.839+0000] {dag.py:2429} INFO - Sync 1 DAGs
[2022-08-30T12:34:44.855+0000] {logging_mixin.py:115} INFO - [2022-08-30T12:34:44.854+0000] {dag.py:2981} INFO - Setting next_dagrun for example_sla_dag to 2022-08-30T12:32:00+00:00, run_after=2022-08-30T12:34:00+00:00
[2022-08-30T12:34:44.862+0000] {processor.py:161} INFO - Processing /home/airflow/.local/lib/python3.7/site-packages/airflow/example_dags/example_sla_dag.py took 0.073 seconds
[2022-08-30T12:35:15.573+0000] {processor.py:153} INFO - Started process (PID=2678) to work on /home/airflow/.local/lib/python3.7/site-packages/airflow/example_dags/example_sla_dag.py
[2022-08-30T12:35:15.574+0000] {processor.py:640} INFO - Processing file /home/airflow/.local/lib/python3.7/site-packages/airflow/example_dags/example_sla_dag.py for tasks to queue
[2022-08-30T12:35:15.575+0000] {logging_mixin.py:115} INFO - [2022-08-30T12:35:15.575+0000] {dagbag.py:508} INFO - Filling up the DagBag from /home/airflow/.local/lib/python3.7/site-packages/airflow/example_dags/example_sla_dag.py
[2022-08-30T12:35:15.591+0000] {processor.py:650} INFO - DAG(s) dict_keys(['example_sla_dag']) retrieved from /home/airflow/.local/lib/python3.7/site-packages/airflow/example_dags/example_sla_dag.py
[2022-08-30T12:35:15.620+0000] {logging_mixin.py:115} INFO - [2022-08-30T12:35:15.620+0000] {dag.py:2429} INFO - Sync 1 DAGs
[2022-08-30T12:35:15.634+0000] {logging_mixin.py:115} INFO - [2022-08-30T12:35:15.634+0000] {dag.py:2981} INFO - Setting next_dagrun for example_sla_dag to 2022-08-30T12:32:00+00:00, run_after=2022-08-30T12:34:00+00:00
[2022-08-30T12:35:15.641+0000] {processor.py:161} INFO - Processing /home/airflow/.local/lib/python3.7/site-packages/airflow/example_dags/example_sla_dag.py took 0.070 seconds
[2022-08-30T12:35:46.433+0000] {processor.py:153} INFO - Started process (PID=2880) to work on /home/airflow/.local/lib/python3.7/site-packages/airflow/example_dags/example_sla_dag.py
[2022-08-30T12:35:46.435+0000] {processor.py:640} INFO - Processing file /home/airflow/.local/lib/python3.7/site-packages/airflow/example_dags/example_sla_dag.py for tasks to queue
[2022-08-30T12:35:46.435+0000] {logging_mixin.py:115} INFO - [2022-08-30T12:35:46.435+0000] {dagbag.py:508} INFO - Filling up the DagBag from /home/airflow/.local/lib/python3.7/site-packages/airflow/example_dags/example_sla_dag.py
[2022-08-30T12:35:46.449+0000] {processor.py:650} INFO - DAG(s) dict_keys(['example_sla_dag']) retrieved from /home/airflow/.local/lib/python3.7/site-packages/airflow/example_dags/example_sla_dag.py
[2022-08-30T12:35:46.464+0000] {logging_mixin.py:115} INFO - [2022-08-30T12:35:46.464+0000] {dag.py:2429} INFO - Sync 1 DAGs
[2022-08-30T12:35:46.480+0000] {logging_mixin.py:115} INFO - [2022-08-30T12:35:46.480+0000] {dag.py:2981} INFO - Setting next_dagrun for example_sla_dag to 2022-08-30T12:32:00+00:00, run_after=2022-08-30T12:34:00+00:00
[2022-08-30T12:35:46.488+0000] {processor.py:161} INFO - Processing /home/airflow/.local/lib/python3.7/site-packages/airflow/example_dags/example_sla_dag.py took 0.058 seconds
[2022-08-30T12:36:17.230+0000] {processor.py:153} INFO - Started process (PID=3082) to work on /home/airflow/.local/lib/python3.7/site-packages/airflow/example_dags/example_sla_dag.py
[2022-08-30T12:36:17.232+0000] {processor.py:640} INFO - Processing file /home/airflow/.local/lib/python3.7/site-packages/airflow/example_dags/example_sla_dag.py for tasks to queue
[2022-08-30T12:36:17.233+0000] {logging_mixin.py:115} INFO - [2022-08-30T12:36:17.233+0000] {dagbag.py:508} INFO - Filling up the DagBag from /home/airflow/.local/lib/python3.7/site-packages/airflow/example_dags/example_sla_dag.py
[2022-08-30T12:36:17.246+0000] {processor.py:650} INFO - DAG(s) dict_keys(['example_sla_dag']) retrieved from /home/airflow/.local/lib/python3.7/site-packages/airflow/example_dags/example_sla_dag.py
[2022-08-30T12:36:17.262+0000] {logging_mixin.py:115} INFO - [2022-08-30T12:36:17.262+0000] {dag.py:2429} INFO - Sync 1 DAGs
[2022-08-30T12:36:17.278+0000] {logging_mixin.py:115} INFO - [2022-08-30T12:36:17.278+0000] {dag.py:2981} INFO - Setting next_dagrun for example_sla_dag to 2022-08-30T12:34:00+00:00, run_after=2022-08-30T12:36:00+00:00
[2022-08-30T12:36:17.286+0000] {processor.py:161} INFO - Processing /home/airflow/.local/lib/python3.7/site-packages/airflow/example_dags/example_sla_dag.py took 0.058 seconds
[2022-08-30T12:36:48.104+0000] {processor.py:153} INFO - Started process (PID=3279) to work on /home/airflow/.local/lib/python3.7/site-packages/airflow/example_dags/example_sla_dag.py
[2022-08-30T12:36:48.106+0000] {processor.py:640} INFO - Processing file /home/airflow/.local/lib/python3.7/site-packages/airflow/example_dags/example_sla_dag.py for tasks to queue
[2022-08-30T12:36:48.107+0000] {logging_mixin.py:115} INFO - [2022-08-30T12:36:48.106+0000] {dagbag.py:508} INFO - Filling up the DagBag from /home/airflow/.local/lib/python3.7/site-packages/airflow/example_dags/example_sla_dag.py
[2022-08-30T12:36:48.120+0000] {processor.py:650} INFO - DAG(s) dict_keys(['example_sla_dag']) retrieved from /home/airflow/.local/lib/python3.7/site-packages/airflow/example_dags/example_sla_dag.py
[2022-08-30T12:36:48.135+0000] {logging_mixin.py:115} INFO - [2022-08-30T12:36:48.135+0000] {dag.py:2429} INFO - Sync 1 DAGs
[2022-08-30T12:36:48.150+0000] {logging_mixin.py:115} INFO - [2022-08-30T12:36:48.150+0000] {dag.py:2981} INFO - Setting next_dagrun for example_sla_dag to 2022-08-30T12:34:00+00:00, run_after=2022-08-30T12:36:00+00:00
[2022-08-30T12:36:48.157+0000] {processor.py:161} INFO - Processing /home/airflow/.local/lib/python3.7/site-packages/airflow/example_dags/example_sla_dag.py took 0.055 seconds
[2022-08-30T12:37:18.807+0000] {processor.py:153} INFO - Started process (PID=3479) to work on /home/airflow/.local/lib/python3.7/site-packages/airflow/example_dags/example_sla_dag.py
[2022-08-30T12:37:18.809+0000] {processor.py:640} INFO - Processing file /home/airflow/.local/lib/python3.7/site-packages/airflow/example_dags/example_sla_dag.py for tasks to queue
[2022-08-30T12:37:18.810+0000] {logging_mixin.py:115} INFO - [2022-08-30T12:37:18.810+0000] {dagbag.py:508} INFO - Filling up the DagBag from /home/airflow/.local/lib/python3.7/site-packages/airflow/example_dags/example_sla_dag.py
[2022-08-30T12:37:18.823+0000] {processor.py:650} INFO - DAG(s) dict_keys(['example_sla_dag']) retrieved from /home/airflow/.local/lib/python3.7/site-packages/airflow/example_dags/example_sla_dag.py
[2022-08-30T12:37:18.839+0000] {logging_mixin.py:115} INFO - [2022-08-30T12:37:18.839+0000] {dag.py:2429} INFO - Sync 1 DAGs
[2022-08-30T12:37:18.854+0000] {logging_mixin.py:115} INFO - [2022-08-30T12:37:18.854+0000] {dag.py:2981} INFO - Setting next_dagrun for example_sla_dag to 2022-08-30T12:34:00+00:00, run_after=2022-08-30T12:36:00+00:00
[2022-08-30T12:37:18.862+0000] {processor.py:161} INFO - Processing /home/airflow/.local/lib/python3.7/site-packages/airflow/example_dags/example_sla_dag.py took 0.058 seconds
[2022-08-30T12:37:49.611+0000] {processor.py:153} INFO - Started process (PID=3680) to work on /home/airflow/.local/lib/python3.7/site-packages/airflow/example_dags/example_sla_dag.py
[2022-08-30T12:37:49.612+0000] {processor.py:640} INFO - Processing file /home/airflow/.local/lib/python3.7/site-packages/airflow/example_dags/example_sla_dag.py for tasks to queue
[2022-08-30T12:37:49.613+0000] {logging_mixin.py:115} INFO - [2022-08-30T12:37:49.613+0000] {dagbag.py:508} INFO - Filling up the DagBag from /home/airflow/.local/lib/python3.7/site-packages/airflow/example_dags/example_sla_dag.py
[2022-08-30T12:37:49.625+0000] {processor.py:650} INFO - DAG(s) dict_keys(['example_sla_dag']) retrieved from /home/airflow/.local/lib/python3.7/site-packages/airflow/example_dags/example_sla_dag.py
[2022-08-30T12:37:49.642+0000] {logging_mixin.py:115} INFO - [2022-08-30T12:37:49.641+0000] {dag.py:2429} INFO - Sync 1 DAGs
[2022-08-30T12:37:49.668+0000] {logging_mixin.py:115} INFO - [2022-08-30T12:37:49.668+0000] {dag.py:2981} INFO - Setting next_dagrun for example_sla_dag to 2022-08-30T12:34:00+00:00, run_after=2022-08-30T12:36:00+00:00
[2022-08-30T12:37:49.676+0000] {processor.py:161} INFO - Processing /home/airflow/.local/lib/python3.7/site-packages/airflow/example_dags/example_sla_dag.py took 0.068 seconds
