[2022-08-30T12:27:46.356+0000] {processor.py:153} INFO - Started process (PID=230) to work on /home/airflow/.local/lib/python3.7/site-packages/airflow/example_dags/example_skip_dag.py
[2022-08-30T12:27:46.357+0000] {processor.py:640} INFO - Processing file /home/airflow/.local/lib/python3.7/site-packages/airflow/example_dags/example_skip_dag.py for tasks to queue
[2022-08-30T12:27:46.358+0000] {logging_mixin.py:115} INFO - [2022-08-30T12:27:46.358+0000] {dagbag.py:508} INFO - Filling up the DagBag from /home/airflow/.local/lib/python3.7/site-packages/airflow/example_dags/example_skip_dag.py
[2022-08-30T12:27:46.362+0000] {processor.py:650} INFO - DAG(s) dict_keys(['example_skip_dag']) retrieved from /home/airflow/.local/lib/python3.7/site-packages/airflow/example_dags/example_skip_dag.py
[2022-08-30T12:27:46.413+0000] {logging_mixin.py:115} INFO - [2022-08-30T12:27:46.413+0000] {manager.py:508} INFO - Created Permission View: can read on DAG:example_skip_dag
[2022-08-30T12:27:46.419+0000] {logging_mixin.py:115} INFO - [2022-08-30T12:27:46.419+0000] {manager.py:508} INFO - Created Permission View: can edit on DAG:example_skip_dag
[2022-08-30T12:27:46.425+0000] {logging_mixin.py:115} INFO - [2022-08-30T12:27:46.424+0000] {manager.py:508} INFO - Created Permission View: can delete on DAG:example_skip_dag
[2022-08-30T12:27:46.426+0000] {logging_mixin.py:115} INFO - [2022-08-30T12:27:46.426+0000] {dag.py:2429} INFO - Sync 1 DAGs
[2022-08-30T12:27:46.432+0000] {logging_mixin.py:115} INFO - [2022-08-30T12:27:46.432+0000] {dag.py:2448} INFO - Creating ORM DAG for example_skip_dag
[2022-08-30T12:27:46.440+0000] {logging_mixin.py:115} INFO - [2022-08-30T12:27:46.440+0000] {dag.py:2981} INFO - Setting next_dagrun for example_skip_dag to 2022-08-29T12:27:46.440192+00:00, run_after=2022-08-30T12:27:46.440192+00:00
[2022-08-30T12:27:46.450+0000] {processor.py:161} INFO - Processing /home/airflow/.local/lib/python3.7/site-packages/airflow/example_dags/example_skip_dag.py took 0.096 seconds
[2022-08-30T12:28:17.247+0000] {processor.py:153} INFO - Started process (PID=430) to work on /home/airflow/.local/lib/python3.7/site-packages/airflow/example_dags/example_skip_dag.py
[2022-08-30T12:28:17.249+0000] {processor.py:640} INFO - Processing file /home/airflow/.local/lib/python3.7/site-packages/airflow/example_dags/example_skip_dag.py for tasks to queue
[2022-08-30T12:28:17.250+0000] {logging_mixin.py:115} INFO - [2022-08-30T12:28:17.250+0000] {dagbag.py:508} INFO - Filling up the DagBag from /home/airflow/.local/lib/python3.7/site-packages/airflow/example_dags/example_skip_dag.py
[2022-08-30T12:28:17.254+0000] {processor.py:650} INFO - DAG(s) dict_keys(['example_skip_dag']) retrieved from /home/airflow/.local/lib/python3.7/site-packages/airflow/example_dags/example_skip_dag.py
[2022-08-30T12:28:17.271+0000] {logging_mixin.py:115} INFO - [2022-08-30T12:28:17.271+0000] {dag.py:2429} INFO - Sync 1 DAGs
[2022-08-30T12:28:17.288+0000] {logging_mixin.py:115} INFO - [2022-08-30T12:28:17.288+0000] {dag.py:2981} INFO - Setting next_dagrun for example_skip_dag to 2022-08-29T12:28:17.288443+00:00, run_after=2022-08-30T12:28:17.288443+00:00
[2022-08-30T12:28:17.296+0000] {processor.py:161} INFO - Processing /home/airflow/.local/lib/python3.7/site-packages/airflow/example_dags/example_skip_dag.py took 0.051 seconds
[2022-08-30T12:29:06.111+0000] {processor.py:153} INFO - Started process (PID=235) to work on /home/airflow/.local/lib/python3.7/site-packages/airflow/example_dags/example_skip_dag.py
[2022-08-30T12:29:06.112+0000] {processor.py:640} INFO - Processing file /home/airflow/.local/lib/python3.7/site-packages/airflow/example_dags/example_skip_dag.py for tasks to queue
[2022-08-30T12:29:06.114+0000] {logging_mixin.py:115} INFO - [2022-08-30T12:29:06.114+0000] {dagbag.py:508} INFO - Filling up the DagBag from /home/airflow/.local/lib/python3.7/site-packages/airflow/example_dags/example_skip_dag.py
[2022-08-30T12:29:06.118+0000] {processor.py:650} INFO - DAG(s) dict_keys(['example_skip_dag']) retrieved from /home/airflow/.local/lib/python3.7/site-packages/airflow/example_dags/example_skip_dag.py
[2022-08-30T12:29:06.139+0000] {logging_mixin.py:115} INFO - [2022-08-30T12:29:06.139+0000] {dag.py:2429} INFO - Sync 1 DAGs
[2022-08-30T12:29:06.152+0000] {logging_mixin.py:115} INFO - [2022-08-30T12:29:06.152+0000] {dag.py:2981} INFO - Setting next_dagrun for example_skip_dag to 2022-08-29T12:29:06.151986+00:00, run_after=2022-08-30T12:29:06.151986+00:00
[2022-08-30T12:29:06.160+0000] {processor.py:161} INFO - Processing /home/airflow/.local/lib/python3.7/site-packages/airflow/example_dags/example_skip_dag.py took 0.051 seconds
[2022-08-30T12:29:36.785+0000] {processor.py:153} INFO - Started process (PID=435) to work on /home/airflow/.local/lib/python3.7/site-packages/airflow/example_dags/example_skip_dag.py
[2022-08-30T12:29:36.786+0000] {processor.py:640} INFO - Processing file /home/airflow/.local/lib/python3.7/site-packages/airflow/example_dags/example_skip_dag.py for tasks to queue
[2022-08-30T12:29:36.787+0000] {logging_mixin.py:115} INFO - [2022-08-30T12:29:36.787+0000] {dagbag.py:508} INFO - Filling up the DagBag from /home/airflow/.local/lib/python3.7/site-packages/airflow/example_dags/example_skip_dag.py
[2022-08-30T12:29:36.791+0000] {processor.py:650} INFO - DAG(s) dict_keys(['example_skip_dag']) retrieved from /home/airflow/.local/lib/python3.7/site-packages/airflow/example_dags/example_skip_dag.py
[2022-08-30T12:29:36.809+0000] {logging_mixin.py:115} INFO - [2022-08-30T12:29:36.809+0000] {dag.py:2429} INFO - Sync 1 DAGs
[2022-08-30T12:29:36.822+0000] {logging_mixin.py:115} INFO - [2022-08-30T12:29:36.821+0000] {dag.py:2981} INFO - Setting next_dagrun for example_skip_dag to 2022-08-29T12:29:36.821829+00:00, run_after=2022-08-30T12:29:36.821829+00:00
[2022-08-30T12:29:36.828+0000] {processor.py:161} INFO - Processing /home/airflow/.local/lib/python3.7/site-packages/airflow/example_dags/example_skip_dag.py took 0.046 seconds
[2022-08-30T12:30:07.614+0000] {processor.py:153} INFO - Started process (PID=636) to work on /home/airflow/.local/lib/python3.7/site-packages/airflow/example_dags/example_skip_dag.py
[2022-08-30T12:30:07.616+0000] {processor.py:640} INFO - Processing file /home/airflow/.local/lib/python3.7/site-packages/airflow/example_dags/example_skip_dag.py for tasks to queue
[2022-08-30T12:30:07.617+0000] {logging_mixin.py:115} INFO - [2022-08-30T12:30:07.617+0000] {dagbag.py:508} INFO - Filling up the DagBag from /home/airflow/.local/lib/python3.7/site-packages/airflow/example_dags/example_skip_dag.py
[2022-08-30T12:30:07.620+0000] {processor.py:650} INFO - DAG(s) dict_keys(['example_skip_dag']) retrieved from /home/airflow/.local/lib/python3.7/site-packages/airflow/example_dags/example_skip_dag.py
[2022-08-30T12:30:07.641+0000] {logging_mixin.py:115} INFO - [2022-08-30T12:30:07.641+0000] {dag.py:2429} INFO - Sync 1 DAGs
[2022-08-30T12:30:07.659+0000] {logging_mixin.py:115} INFO - [2022-08-30T12:30:07.659+0000] {dag.py:2981} INFO - Setting next_dagrun for example_skip_dag to 2022-08-29T12:30:07.659598+00:00, run_after=2022-08-30T12:30:07.659598+00:00
[2022-08-30T12:30:07.667+0000] {processor.py:161} INFO - Processing /home/airflow/.local/lib/python3.7/site-packages/airflow/example_dags/example_skip_dag.py took 0.054 seconds
[2022-08-30T12:30:38.348+0000] {processor.py:153} INFO - Started process (PID=837) to work on /home/airflow/.local/lib/python3.7/site-packages/airflow/example_dags/example_skip_dag.py
[2022-08-30T12:30:38.351+0000] {processor.py:640} INFO - Processing file /home/airflow/.local/lib/python3.7/site-packages/airflow/example_dags/example_skip_dag.py for tasks to queue
[2022-08-30T12:30:38.352+0000] {logging_mixin.py:115} INFO - [2022-08-30T12:30:38.352+0000] {dagbag.py:508} INFO - Filling up the DagBag from /home/airflow/.local/lib/python3.7/site-packages/airflow/example_dags/example_skip_dag.py
[2022-08-30T12:30:38.356+0000] {processor.py:650} INFO - DAG(s) dict_keys(['example_skip_dag']) retrieved from /home/airflow/.local/lib/python3.7/site-packages/airflow/example_dags/example_skip_dag.py
[2022-08-30T12:30:38.378+0000] {logging_mixin.py:115} INFO - [2022-08-30T12:30:38.378+0000] {dag.py:2429} INFO - Sync 1 DAGs
[2022-08-30T12:30:38.393+0000] {logging_mixin.py:115} INFO - [2022-08-30T12:30:38.393+0000] {dag.py:2981} INFO - Setting next_dagrun for example_skip_dag to 2022-08-29T12:30:38.393734+00:00, run_after=2022-08-30T12:30:38.393734+00:00
[2022-08-30T12:30:38.401+0000] {processor.py:161} INFO - Processing /home/airflow/.local/lib/python3.7/site-packages/airflow/example_dags/example_skip_dag.py took 0.055 seconds
[2022-08-30T12:31:09.185+0000] {processor.py:153} INFO - Started process (PID=1029) to work on /home/airflow/.local/lib/python3.7/site-packages/airflow/example_dags/example_skip_dag.py
[2022-08-30T12:31:09.186+0000] {processor.py:640} INFO - Processing file /home/airflow/.local/lib/python3.7/site-packages/airflow/example_dags/example_skip_dag.py for tasks to queue
[2022-08-30T12:31:09.187+0000] {logging_mixin.py:115} INFO - [2022-08-30T12:31:09.187+0000] {dagbag.py:508} INFO - Filling up the DagBag from /home/airflow/.local/lib/python3.7/site-packages/airflow/example_dags/example_skip_dag.py
[2022-08-30T12:31:09.191+0000] {processor.py:650} INFO - DAG(s) dict_keys(['example_skip_dag']) retrieved from /home/airflow/.local/lib/python3.7/site-packages/airflow/example_dags/example_skip_dag.py
[2022-08-30T12:31:09.211+0000] {logging_mixin.py:115} INFO - [2022-08-30T12:31:09.211+0000] {dag.py:2429} INFO - Sync 1 DAGs
[2022-08-30T12:31:09.226+0000] {logging_mixin.py:115} INFO - [2022-08-30T12:31:09.226+0000] {dag.py:2981} INFO - Setting next_dagrun for example_skip_dag to 2022-08-29T12:31:09.225944+00:00, run_after=2022-08-30T12:31:09.225944+00:00
[2022-08-30T12:31:09.234+0000] {processor.py:161} INFO - Processing /home/airflow/.local/lib/python3.7/site-packages/airflow/example_dags/example_skip_dag.py took 0.051 seconds
[2022-08-30T12:31:39.744+0000] {processor.py:153} INFO - Started process (PID=1230) to work on /home/airflow/.local/lib/python3.7/site-packages/airflow/example_dags/example_skip_dag.py
[2022-08-30T12:31:39.745+0000] {processor.py:640} INFO - Processing file /home/airflow/.local/lib/python3.7/site-packages/airflow/example_dags/example_skip_dag.py for tasks to queue
[2022-08-30T12:31:39.746+0000] {logging_mixin.py:115} INFO - [2022-08-30T12:31:39.746+0000] {dagbag.py:508} INFO - Filling up the DagBag from /home/airflow/.local/lib/python3.7/site-packages/airflow/example_dags/example_skip_dag.py
[2022-08-30T12:31:39.749+0000] {processor.py:650} INFO - DAG(s) dict_keys(['example_skip_dag']) retrieved from /home/airflow/.local/lib/python3.7/site-packages/airflow/example_dags/example_skip_dag.py
[2022-08-30T12:31:39.768+0000] {logging_mixin.py:115} INFO - [2022-08-30T12:31:39.768+0000] {dag.py:2429} INFO - Sync 1 DAGs
[2022-08-30T12:31:39.781+0000] {logging_mixin.py:115} INFO - [2022-08-30T12:31:39.781+0000] {dag.py:2981} INFO - Setting next_dagrun for example_skip_dag to 2022-08-29T12:31:39.781484+00:00, run_after=2022-08-30T12:31:39.781484+00:00
[2022-08-30T12:31:39.788+0000] {processor.py:161} INFO - Processing /home/airflow/.local/lib/python3.7/site-packages/airflow/example_dags/example_skip_dag.py took 0.046 seconds
[2022-08-30T12:32:10.426+0000] {processor.py:153} INFO - Started process (PID=1430) to work on /home/airflow/.local/lib/python3.7/site-packages/airflow/example_dags/example_skip_dag.py
[2022-08-30T12:32:10.427+0000] {processor.py:640} INFO - Processing file /home/airflow/.local/lib/python3.7/site-packages/airflow/example_dags/example_skip_dag.py for tasks to queue
[2022-08-30T12:32:10.429+0000] {logging_mixin.py:115} INFO - [2022-08-30T12:32:10.429+0000] {dagbag.py:508} INFO - Filling up the DagBag from /home/airflow/.local/lib/python3.7/site-packages/airflow/example_dags/example_skip_dag.py
[2022-08-30T12:32:10.433+0000] {processor.py:650} INFO - DAG(s) dict_keys(['example_skip_dag']) retrieved from /home/airflow/.local/lib/python3.7/site-packages/airflow/example_dags/example_skip_dag.py
[2022-08-30T12:32:10.452+0000] {logging_mixin.py:115} INFO - [2022-08-30T12:32:10.452+0000] {dag.py:2429} INFO - Sync 1 DAGs
[2022-08-30T12:32:10.465+0000] {logging_mixin.py:115} INFO - [2022-08-30T12:32:10.465+0000] {dag.py:2981} INFO - Setting next_dagrun for example_skip_dag to 2022-08-29T12:32:10.465283+00:00, run_after=2022-08-30T12:32:10.465283+00:00
[2022-08-30T12:32:10.474+0000] {processor.py:161} INFO - Processing /home/airflow/.local/lib/python3.7/site-packages/airflow/example_dags/example_skip_dag.py took 0.051 seconds
[2022-08-30T12:32:41.254+0000] {processor.py:153} INFO - Started process (PID=1633) to work on /home/airflow/.local/lib/python3.7/site-packages/airflow/example_dags/example_skip_dag.py
[2022-08-30T12:32:41.256+0000] {processor.py:640} INFO - Processing file /home/airflow/.local/lib/python3.7/site-packages/airflow/example_dags/example_skip_dag.py for tasks to queue
[2022-08-30T12:32:41.258+0000] {logging_mixin.py:115} INFO - [2022-08-30T12:32:41.258+0000] {dagbag.py:508} INFO - Filling up the DagBag from /home/airflow/.local/lib/python3.7/site-packages/airflow/example_dags/example_skip_dag.py
[2022-08-30T12:32:41.263+0000] {processor.py:650} INFO - DAG(s) dict_keys(['example_skip_dag']) retrieved from /home/airflow/.local/lib/python3.7/site-packages/airflow/example_dags/example_skip_dag.py
[2022-08-30T12:32:41.289+0000] {logging_mixin.py:115} INFO - [2022-08-30T12:32:41.289+0000] {dag.py:2429} INFO - Sync 1 DAGs
[2022-08-30T12:32:41.308+0000] {logging_mixin.py:115} INFO - [2022-08-30T12:32:41.308+0000] {dag.py:2981} INFO - Setting next_dagrun for example_skip_dag to 2022-08-29T12:32:41.308476+00:00, run_after=2022-08-30T12:32:41.308476+00:00
[2022-08-30T12:32:41.320+0000] {processor.py:161} INFO - Processing /home/airflow/.local/lib/python3.7/site-packages/airflow/example_dags/example_skip_dag.py took 0.069 seconds
[2022-08-30T12:33:12.112+0000] {processor.py:153} INFO - Started process (PID=1836) to work on /home/airflow/.local/lib/python3.7/site-packages/airflow/example_dags/example_skip_dag.py
[2022-08-30T12:33:12.113+0000] {processor.py:640} INFO - Processing file /home/airflow/.local/lib/python3.7/site-packages/airflow/example_dags/example_skip_dag.py for tasks to queue
[2022-08-30T12:33:12.114+0000] {logging_mixin.py:115} INFO - [2022-08-30T12:33:12.114+0000] {dagbag.py:508} INFO - Filling up the DagBag from /home/airflow/.local/lib/python3.7/site-packages/airflow/example_dags/example_skip_dag.py
[2022-08-30T12:33:12.117+0000] {processor.py:650} INFO - DAG(s) dict_keys(['example_skip_dag']) retrieved from /home/airflow/.local/lib/python3.7/site-packages/airflow/example_dags/example_skip_dag.py
[2022-08-30T12:33:12.136+0000] {logging_mixin.py:115} INFO - [2022-08-30T12:33:12.136+0000] {dag.py:2429} INFO - Sync 1 DAGs
[2022-08-30T12:33:12.151+0000] {logging_mixin.py:115} INFO - [2022-08-30T12:33:12.150+0000] {dag.py:2981} INFO - Setting next_dagrun for example_skip_dag to 2022-08-29T12:33:12.150795+00:00, run_after=2022-08-30T12:33:12.150795+00:00
[2022-08-30T12:33:12.160+0000] {processor.py:161} INFO - Processing /home/airflow/.local/lib/python3.7/site-packages/airflow/example_dags/example_skip_dag.py took 0.050 seconds
[2022-08-30T12:33:42.777+0000] {processor.py:153} INFO - Started process (PID=2036) to work on /home/airflow/.local/lib/python3.7/site-packages/airflow/example_dags/example_skip_dag.py
[2022-08-30T12:33:42.778+0000] {processor.py:640} INFO - Processing file /home/airflow/.local/lib/python3.7/site-packages/airflow/example_dags/example_skip_dag.py for tasks to queue
[2022-08-30T12:33:42.779+0000] {logging_mixin.py:115} INFO - [2022-08-30T12:33:42.779+0000] {dagbag.py:508} INFO - Filling up the DagBag from /home/airflow/.local/lib/python3.7/site-packages/airflow/example_dags/example_skip_dag.py
[2022-08-30T12:33:42.782+0000] {processor.py:650} INFO - DAG(s) dict_keys(['example_skip_dag']) retrieved from /home/airflow/.local/lib/python3.7/site-packages/airflow/example_dags/example_skip_dag.py
[2022-08-30T12:33:42.803+0000] {logging_mixin.py:115} INFO - [2022-08-30T12:33:42.803+0000] {dag.py:2429} INFO - Sync 1 DAGs
[2022-08-30T12:33:42.819+0000] {logging_mixin.py:115} INFO - [2022-08-30T12:33:42.819+0000] {dag.py:2981} INFO - Setting next_dagrun for example_skip_dag to 2022-08-29T12:33:42.819184+00:00, run_after=2022-08-30T12:33:42.819184+00:00
[2022-08-30T12:33:42.832+0000] {processor.py:161} INFO - Processing /home/airflow/.local/lib/python3.7/site-packages/airflow/example_dags/example_skip_dag.py took 0.058 seconds
[2022-08-30T12:34:13.527+0000] {processor.py:153} INFO - Started process (PID=2236) to work on /home/airflow/.local/lib/python3.7/site-packages/airflow/example_dags/example_skip_dag.py
[2022-08-30T12:34:13.528+0000] {processor.py:640} INFO - Processing file /home/airflow/.local/lib/python3.7/site-packages/airflow/example_dags/example_skip_dag.py for tasks to queue
[2022-08-30T12:34:13.529+0000] {logging_mixin.py:115} INFO - [2022-08-30T12:34:13.529+0000] {dagbag.py:508} INFO - Filling up the DagBag from /home/airflow/.local/lib/python3.7/site-packages/airflow/example_dags/example_skip_dag.py
[2022-08-30T12:34:13.533+0000] {processor.py:650} INFO - DAG(s) dict_keys(['example_skip_dag']) retrieved from /home/airflow/.local/lib/python3.7/site-packages/airflow/example_dags/example_skip_dag.py
[2022-08-30T12:34:13.554+0000] {logging_mixin.py:115} INFO - [2022-08-30T12:34:13.554+0000] {dag.py:2429} INFO - Sync 1 DAGs
[2022-08-30T12:34:13.568+0000] {logging_mixin.py:115} INFO - [2022-08-30T12:34:13.568+0000] {dag.py:2981} INFO - Setting next_dagrun for example_skip_dag to 2022-08-29T12:34:13.567653+00:00, run_after=2022-08-30T12:34:13.567653+00:00
[2022-08-30T12:34:13.575+0000] {processor.py:161} INFO - Processing /home/airflow/.local/lib/python3.7/site-packages/airflow/example_dags/example_skip_dag.py took 0.051 seconds
[2022-08-30T12:34:44.310+0000] {processor.py:153} INFO - Started process (PID=2426) to work on /home/airflow/.local/lib/python3.7/site-packages/airflow/example_dags/example_skip_dag.py
[2022-08-30T12:34:44.311+0000] {processor.py:640} INFO - Processing file /home/airflow/.local/lib/python3.7/site-packages/airflow/example_dags/example_skip_dag.py for tasks to queue
[2022-08-30T12:34:44.312+0000] {logging_mixin.py:115} INFO - [2022-08-30T12:34:44.312+0000] {dagbag.py:508} INFO - Filling up the DagBag from /home/airflow/.local/lib/python3.7/site-packages/airflow/example_dags/example_skip_dag.py
[2022-08-30T12:34:44.316+0000] {processor.py:650} INFO - DAG(s) dict_keys(['example_skip_dag']) retrieved from /home/airflow/.local/lib/python3.7/site-packages/airflow/example_dags/example_skip_dag.py
[2022-08-30T12:34:44.334+0000] {logging_mixin.py:115} INFO - [2022-08-30T12:34:44.334+0000] {dag.py:2429} INFO - Sync 1 DAGs
[2022-08-30T12:34:44.346+0000] {logging_mixin.py:115} INFO - [2022-08-30T12:34:44.346+0000] {dag.py:2981} INFO - Setting next_dagrun for example_skip_dag to 2022-08-29T12:34:44.346490+00:00, run_after=2022-08-30T12:34:44.346490+00:00
[2022-08-30T12:34:44.354+0000] {processor.py:161} INFO - Processing /home/airflow/.local/lib/python3.7/site-packages/airflow/example_dags/example_skip_dag.py took 0.046 seconds
[2022-08-30T12:35:15.056+0000] {processor.py:153} INFO - Started process (PID=2628) to work on /home/airflow/.local/lib/python3.7/site-packages/airflow/example_dags/example_skip_dag.py
[2022-08-30T12:35:15.057+0000] {processor.py:640} INFO - Processing file /home/airflow/.local/lib/python3.7/site-packages/airflow/example_dags/example_skip_dag.py for tasks to queue
[2022-08-30T12:35:15.058+0000] {logging_mixin.py:115} INFO - [2022-08-30T12:35:15.058+0000] {dagbag.py:508} INFO - Filling up the DagBag from /home/airflow/.local/lib/python3.7/site-packages/airflow/example_dags/example_skip_dag.py
[2022-08-30T12:35:15.062+0000] {processor.py:650} INFO - DAG(s) dict_keys(['example_skip_dag']) retrieved from /home/airflow/.local/lib/python3.7/site-packages/airflow/example_dags/example_skip_dag.py
[2022-08-30T12:35:15.079+0000] {logging_mixin.py:115} INFO - [2022-08-30T12:35:15.079+0000] {dag.py:2429} INFO - Sync 1 DAGs
[2022-08-30T12:35:15.091+0000] {logging_mixin.py:115} INFO - [2022-08-30T12:35:15.091+0000] {dag.py:2981} INFO - Setting next_dagrun for example_skip_dag to 2022-08-29T12:35:15.091423+00:00, run_after=2022-08-30T12:35:15.091423+00:00
[2022-08-30T12:35:15.099+0000] {processor.py:161} INFO - Processing /home/airflow/.local/lib/python3.7/site-packages/airflow/example_dags/example_skip_dag.py took 0.045 seconds
[2022-08-30T12:35:45.827+0000] {processor.py:153} INFO - Started process (PID=2830) to work on /home/airflow/.local/lib/python3.7/site-packages/airflow/example_dags/example_skip_dag.py
[2022-08-30T12:35:45.828+0000] {processor.py:640} INFO - Processing file /home/airflow/.local/lib/python3.7/site-packages/airflow/example_dags/example_skip_dag.py for tasks to queue
[2022-08-30T12:35:45.829+0000] {logging_mixin.py:115} INFO - [2022-08-30T12:35:45.829+0000] {dagbag.py:508} INFO - Filling up the DagBag from /home/airflow/.local/lib/python3.7/site-packages/airflow/example_dags/example_skip_dag.py
[2022-08-30T12:35:45.834+0000] {processor.py:650} INFO - DAG(s) dict_keys(['example_skip_dag']) retrieved from /home/airflow/.local/lib/python3.7/site-packages/airflow/example_dags/example_skip_dag.py
[2022-08-30T12:35:45.853+0000] {logging_mixin.py:115} INFO - [2022-08-30T12:35:45.853+0000] {dag.py:2429} INFO - Sync 1 DAGs
[2022-08-30T12:35:45.867+0000] {logging_mixin.py:115} INFO - [2022-08-30T12:35:45.866+0000] {dag.py:2981} INFO - Setting next_dagrun for example_skip_dag to 2022-08-29T12:35:45.866689+00:00, run_after=2022-08-30T12:35:45.866689+00:00
[2022-08-30T12:35:45.875+0000] {processor.py:161} INFO - Processing /home/airflow/.local/lib/python3.7/site-packages/airflow/example_dags/example_skip_dag.py took 0.050 seconds
[2022-08-30T12:36:16.724+0000] {processor.py:153} INFO - Started process (PID=3032) to work on /home/airflow/.local/lib/python3.7/site-packages/airflow/example_dags/example_skip_dag.py
[2022-08-30T12:36:16.726+0000] {processor.py:640} INFO - Processing file /home/airflow/.local/lib/python3.7/site-packages/airflow/example_dags/example_skip_dag.py for tasks to queue
[2022-08-30T12:36:16.727+0000] {logging_mixin.py:115} INFO - [2022-08-30T12:36:16.727+0000] {dagbag.py:508} INFO - Filling up the DagBag from /home/airflow/.local/lib/python3.7/site-packages/airflow/example_dags/example_skip_dag.py
[2022-08-30T12:36:16.730+0000] {processor.py:650} INFO - DAG(s) dict_keys(['example_skip_dag']) retrieved from /home/airflow/.local/lib/python3.7/site-packages/airflow/example_dags/example_skip_dag.py
[2022-08-30T12:36:16.749+0000] {logging_mixin.py:115} INFO - [2022-08-30T12:36:16.749+0000] {dag.py:2429} INFO - Sync 1 DAGs
[2022-08-30T12:36:16.763+0000] {logging_mixin.py:115} INFO - [2022-08-30T12:36:16.762+0000] {dag.py:2981} INFO - Setting next_dagrun for example_skip_dag to 2022-08-29T12:36:16.762819+00:00, run_after=2022-08-30T12:36:16.762819+00:00
[2022-08-30T12:36:16.771+0000] {processor.py:161} INFO - Processing /home/airflow/.local/lib/python3.7/site-packages/airflow/example_dags/example_skip_dag.py took 0.048 seconds
[2022-08-30T12:36:47.668+0000] {processor.py:153} INFO - Started process (PID=3229) to work on /home/airflow/.local/lib/python3.7/site-packages/airflow/example_dags/example_skip_dag.py
[2022-08-30T12:36:47.669+0000] {processor.py:640} INFO - Processing file /home/airflow/.local/lib/python3.7/site-packages/airflow/example_dags/example_skip_dag.py for tasks to queue
[2022-08-30T12:36:47.670+0000] {logging_mixin.py:115} INFO - [2022-08-30T12:36:47.670+0000] {dagbag.py:508} INFO - Filling up the DagBag from /home/airflow/.local/lib/python3.7/site-packages/airflow/example_dags/example_skip_dag.py
[2022-08-30T12:36:47.673+0000] {processor.py:650} INFO - DAG(s) dict_keys(['example_skip_dag']) retrieved from /home/airflow/.local/lib/python3.7/site-packages/airflow/example_dags/example_skip_dag.py
[2022-08-30T12:36:47.692+0000] {logging_mixin.py:115} INFO - [2022-08-30T12:36:47.692+0000] {dag.py:2429} INFO - Sync 1 DAGs
[2022-08-30T12:36:47.704+0000] {logging_mixin.py:115} INFO - [2022-08-30T12:36:47.704+0000] {dag.py:2981} INFO - Setting next_dagrun for example_skip_dag to 2022-08-29T12:36:47.704689+00:00, run_after=2022-08-30T12:36:47.704689+00:00
[2022-08-30T12:36:47.712+0000] {processor.py:161} INFO - Processing /home/airflow/.local/lib/python3.7/site-packages/airflow/example_dags/example_skip_dag.py took 0.046 seconds
[2022-08-30T12:37:18.254+0000] {processor.py:153} INFO - Started process (PID=3429) to work on /home/airflow/.local/lib/python3.7/site-packages/airflow/example_dags/example_skip_dag.py
[2022-08-30T12:37:18.255+0000] {processor.py:640} INFO - Processing file /home/airflow/.local/lib/python3.7/site-packages/airflow/example_dags/example_skip_dag.py for tasks to queue
[2022-08-30T12:37:18.256+0000] {logging_mixin.py:115} INFO - [2022-08-30T12:37:18.256+0000] {dagbag.py:508} INFO - Filling up the DagBag from /home/airflow/.local/lib/python3.7/site-packages/airflow/example_dags/example_skip_dag.py
[2022-08-30T12:37:18.259+0000] {processor.py:650} INFO - DAG(s) dict_keys(['example_skip_dag']) retrieved from /home/airflow/.local/lib/python3.7/site-packages/airflow/example_dags/example_skip_dag.py
[2022-08-30T12:37:18.279+0000] {logging_mixin.py:115} INFO - [2022-08-30T12:37:18.279+0000] {dag.py:2429} INFO - Sync 1 DAGs
[2022-08-30T12:37:18.291+0000] {logging_mixin.py:115} INFO - [2022-08-30T12:37:18.291+0000] {dag.py:2981} INFO - Setting next_dagrun for example_skip_dag to 2022-08-29T12:37:18.291025+00:00, run_after=2022-08-30T12:37:18.291025+00:00
[2022-08-30T12:37:18.299+0000] {processor.py:161} INFO - Processing /home/airflow/.local/lib/python3.7/site-packages/airflow/example_dags/example_skip_dag.py took 0.047 seconds
[2022-08-30T12:37:49.117+0000] {processor.py:153} INFO - Started process (PID=3630) to work on /home/airflow/.local/lib/python3.7/site-packages/airflow/example_dags/example_skip_dag.py
[2022-08-30T12:37:49.119+0000] {processor.py:640} INFO - Processing file /home/airflow/.local/lib/python3.7/site-packages/airflow/example_dags/example_skip_dag.py for tasks to queue
[2022-08-30T12:37:49.120+0000] {logging_mixin.py:115} INFO - [2022-08-30T12:37:49.119+0000] {dagbag.py:508} INFO - Filling up the DagBag from /home/airflow/.local/lib/python3.7/site-packages/airflow/example_dags/example_skip_dag.py
[2022-08-30T12:37:49.123+0000] {processor.py:650} INFO - DAG(s) dict_keys(['example_skip_dag']) retrieved from /home/airflow/.local/lib/python3.7/site-packages/airflow/example_dags/example_skip_dag.py
[2022-08-30T12:37:49.142+0000] {logging_mixin.py:115} INFO - [2022-08-30T12:37:49.142+0000] {dag.py:2429} INFO - Sync 1 DAGs
[2022-08-30T12:37:49.154+0000] {logging_mixin.py:115} INFO - [2022-08-30T12:37:49.154+0000] {dag.py:2981} INFO - Setting next_dagrun for example_skip_dag to 2022-08-29T12:37:49.154291+00:00, run_after=2022-08-30T12:37:49.154291+00:00
[2022-08-30T12:37:49.161+0000] {processor.py:161} INFO - Processing /home/airflow/.local/lib/python3.7/site-packages/airflow/example_dags/example_skip_dag.py took 0.046 seconds
