[2022-08-30T12:27:46.092+0000] {processor.py:153} INFO - Started process (PID=210) to work on /home/airflow/.local/lib/python3.7/site-packages/airflow/example_dags/example_kubernetes_executor.py
[2022-08-30T12:27:46.093+0000] {processor.py:640} INFO - Processing file /home/airflow/.local/lib/python3.7/site-packages/airflow/example_dags/example_kubernetes_executor.py for tasks to queue
[2022-08-30T12:27:46.094+0000] {logging_mixin.py:115} INFO - [2022-08-30T12:27:46.094+0000] {dagbag.py:508} INFO - Filling up the DagBag from /home/airflow/.local/lib/python3.7/site-packages/airflow/example_dags/example_kubernetes_executor.py
[2022-08-30T12:27:46.112+0000] {processor.py:650} INFO - DAG(s) dict_keys(['example_kubernetes_executor']) retrieved from /home/airflow/.local/lib/python3.7/site-packages/airflow/example_dags/example_kubernetes_executor.py
[2022-08-30T12:27:46.160+0000] {logging_mixin.py:115} INFO - [2022-08-30T12:27:46.160+0000] {manager.py:508} INFO - Created Permission View: can read on DAG:example_kubernetes_executor
[2022-08-30T12:27:46.167+0000] {logging_mixin.py:115} INFO - [2022-08-30T12:27:46.166+0000] {manager.py:508} INFO - Created Permission View: can edit on DAG:example_kubernetes_executor
[2022-08-30T12:27:46.173+0000] {logging_mixin.py:115} INFO - [2022-08-30T12:27:46.173+0000] {manager.py:508} INFO - Created Permission View: can delete on DAG:example_kubernetes_executor
[2022-08-30T12:27:46.174+0000] {logging_mixin.py:115} INFO - [2022-08-30T12:27:46.174+0000] {dag.py:2429} INFO - Sync 1 DAGs
[2022-08-30T12:27:46.180+0000] {logging_mixin.py:115} INFO - [2022-08-30T12:27:46.180+0000] {dag.py:2448} INFO - Creating ORM DAG for example_kubernetes_executor
[2022-08-30T12:27:46.188+0000] {logging_mixin.py:115} INFO - [2022-08-30T12:27:46.188+0000] {dag.py:2981} INFO - Setting next_dagrun for example_kubernetes_executor to None, run_after=None
[2022-08-30T12:27:46.198+0000] {processor.py:161} INFO - Processing /home/airflow/.local/lib/python3.7/site-packages/airflow/example_dags/example_kubernetes_executor.py took 0.109 seconds
[2022-08-30T12:28:17.075+0000] {processor.py:153} INFO - Started process (PID=410) to work on /home/airflow/.local/lib/python3.7/site-packages/airflow/example_dags/example_kubernetes_executor.py
[2022-08-30T12:28:17.076+0000] {processor.py:640} INFO - Processing file /home/airflow/.local/lib/python3.7/site-packages/airflow/example_dags/example_kubernetes_executor.py for tasks to queue
[2022-08-30T12:28:17.077+0000] {logging_mixin.py:115} INFO - [2022-08-30T12:28:17.077+0000] {dagbag.py:508} INFO - Filling up the DagBag from /home/airflow/.local/lib/python3.7/site-packages/airflow/example_dags/example_kubernetes_executor.py
[2022-08-30T12:28:17.109+0000] {processor.py:650} INFO - DAG(s) dict_keys(['example_kubernetes_executor']) retrieved from /home/airflow/.local/lib/python3.7/site-packages/airflow/example_dags/example_kubernetes_executor.py
[2022-08-30T12:28:17.130+0000] {logging_mixin.py:115} INFO - [2022-08-30T12:28:17.130+0000] {dag.py:2429} INFO - Sync 1 DAGs
[2022-08-30T12:28:17.144+0000] {logging_mixin.py:115} INFO - [2022-08-30T12:28:17.143+0000] {dag.py:2981} INFO - Setting next_dagrun for example_kubernetes_executor to None, run_after=None
[2022-08-30T12:28:17.153+0000] {processor.py:161} INFO - Processing /home/airflow/.local/lib/python3.7/site-packages/airflow/example_dags/example_kubernetes_executor.py took 0.080 seconds
[2022-08-30T12:29:05.867+0000] {processor.py:153} INFO - Started process (PID=213) to work on /home/airflow/.local/lib/python3.7/site-packages/airflow/example_dags/example_kubernetes_executor.py
[2022-08-30T12:29:05.869+0000] {processor.py:640} INFO - Processing file /home/airflow/.local/lib/python3.7/site-packages/airflow/example_dags/example_kubernetes_executor.py for tasks to queue
[2022-08-30T12:29:05.874+0000] {logging_mixin.py:115} INFO - [2022-08-30T12:29:05.873+0000] {dagbag.py:508} INFO - Filling up the DagBag from /home/airflow/.local/lib/python3.7/site-packages/airflow/example_dags/example_kubernetes_executor.py
[2022-08-30T12:29:05.910+0000] {processor.py:650} INFO - DAG(s) dict_keys(['example_kubernetes_executor']) retrieved from /home/airflow/.local/lib/python3.7/site-packages/airflow/example_dags/example_kubernetes_executor.py
[2022-08-30T12:29:05.933+0000] {logging_mixin.py:115} INFO - [2022-08-30T12:29:05.933+0000] {dag.py:2429} INFO - Sync 1 DAGs
[2022-08-30T12:29:05.957+0000] {logging_mixin.py:115} INFO - [2022-08-30T12:29:05.957+0000] {dag.py:2981} INFO - Setting next_dagrun for example_kubernetes_executor to None, run_after=None
[2022-08-30T12:29:05.970+0000] {processor.py:161} INFO - Processing /home/airflow/.local/lib/python3.7/site-packages/airflow/example_dags/example_kubernetes_executor.py took 0.106 seconds
[2022-08-30T12:29:36.628+0000] {processor.py:153} INFO - Started process (PID=415) to work on /home/airflow/.local/lib/python3.7/site-packages/airflow/example_dags/example_kubernetes_executor.py
[2022-08-30T12:29:36.629+0000] {processor.py:640} INFO - Processing file /home/airflow/.local/lib/python3.7/site-packages/airflow/example_dags/example_kubernetes_executor.py for tasks to queue
[2022-08-30T12:29:36.630+0000] {logging_mixin.py:115} INFO - [2022-08-30T12:29:36.630+0000] {dagbag.py:508} INFO - Filling up the DagBag from /home/airflow/.local/lib/python3.7/site-packages/airflow/example_dags/example_kubernetes_executor.py
[2022-08-30T12:29:36.646+0000] {processor.py:650} INFO - DAG(s) dict_keys(['example_kubernetes_executor']) retrieved from /home/airflow/.local/lib/python3.7/site-packages/airflow/example_dags/example_kubernetes_executor.py
[2022-08-30T12:29:36.662+0000] {logging_mixin.py:115} INFO - [2022-08-30T12:29:36.662+0000] {dag.py:2429} INFO - Sync 1 DAGs
[2022-08-30T12:29:36.680+0000] {logging_mixin.py:115} INFO - [2022-08-30T12:29:36.680+0000] {dag.py:2981} INFO - Setting next_dagrun for example_kubernetes_executor to None, run_after=None
[2022-08-30T12:29:36.687+0000] {processor.py:161} INFO - Processing /home/airflow/.local/lib/python3.7/site-packages/airflow/example_dags/example_kubernetes_executor.py took 0.062 seconds
[2022-08-30T12:30:07.462+0000] {processor.py:153} INFO - Started process (PID=618) to work on /home/airflow/.local/lib/python3.7/site-packages/airflow/example_dags/example_kubernetes_executor.py
[2022-08-30T12:30:07.465+0000] {processor.py:640} INFO - Processing file /home/airflow/.local/lib/python3.7/site-packages/airflow/example_dags/example_kubernetes_executor.py for tasks to queue
[2022-08-30T12:30:07.466+0000] {logging_mixin.py:115} INFO - [2022-08-30T12:30:07.466+0000] {dagbag.py:508} INFO - Filling up the DagBag from /home/airflow/.local/lib/python3.7/site-packages/airflow/example_dags/example_kubernetes_executor.py
[2022-08-30T12:30:07.486+0000] {processor.py:650} INFO - DAG(s) dict_keys(['example_kubernetes_executor']) retrieved from /home/airflow/.local/lib/python3.7/site-packages/airflow/example_dags/example_kubernetes_executor.py
[2022-08-30T12:30:07.502+0000] {logging_mixin.py:115} INFO - [2022-08-30T12:30:07.502+0000] {dag.py:2429} INFO - Sync 1 DAGs
[2022-08-30T12:30:07.516+0000] {logging_mixin.py:115} INFO - [2022-08-30T12:30:07.516+0000] {dag.py:2981} INFO - Setting next_dagrun for example_kubernetes_executor to None, run_after=None
[2022-08-30T12:30:07.523+0000] {processor.py:161} INFO - Processing /home/airflow/.local/lib/python3.7/site-packages/airflow/example_dags/example_kubernetes_executor.py took 0.064 seconds
[2022-08-30T12:30:38.161+0000] {processor.py:153} INFO - Started process (PID=817) to work on /home/airflow/.local/lib/python3.7/site-packages/airflow/example_dags/example_kubernetes_executor.py
[2022-08-30T12:30:38.163+0000] {processor.py:640} INFO - Processing file /home/airflow/.local/lib/python3.7/site-packages/airflow/example_dags/example_kubernetes_executor.py for tasks to queue
[2022-08-30T12:30:38.164+0000] {logging_mixin.py:115} INFO - [2022-08-30T12:30:38.164+0000] {dagbag.py:508} INFO - Filling up the DagBag from /home/airflow/.local/lib/python3.7/site-packages/airflow/example_dags/example_kubernetes_executor.py
[2022-08-30T12:30:38.181+0000] {processor.py:650} INFO - DAG(s) dict_keys(['example_kubernetes_executor']) retrieved from /home/airflow/.local/lib/python3.7/site-packages/airflow/example_dags/example_kubernetes_executor.py
[2022-08-30T12:30:38.199+0000] {logging_mixin.py:115} INFO - [2022-08-30T12:30:38.199+0000] {dag.py:2429} INFO - Sync 1 DAGs
[2022-08-30T12:30:38.214+0000] {logging_mixin.py:115} INFO - [2022-08-30T12:30:38.214+0000] {dag.py:2981} INFO - Setting next_dagrun for example_kubernetes_executor to None, run_after=None
[2022-08-30T12:30:38.223+0000] {processor.py:161} INFO - Processing /home/airflow/.local/lib/python3.7/site-packages/airflow/example_dags/example_kubernetes_executor.py took 0.065 seconds
[2022-08-30T12:31:09.039+0000] {processor.py:153} INFO - Started process (PID=1011) to work on /home/airflow/.local/lib/python3.7/site-packages/airflow/example_dags/example_kubernetes_executor.py
[2022-08-30T12:31:09.040+0000] {processor.py:640} INFO - Processing file /home/airflow/.local/lib/python3.7/site-packages/airflow/example_dags/example_kubernetes_executor.py for tasks to queue
[2022-08-30T12:31:09.041+0000] {logging_mixin.py:115} INFO - [2022-08-30T12:31:09.041+0000] {dagbag.py:508} INFO - Filling up the DagBag from /home/airflow/.local/lib/python3.7/site-packages/airflow/example_dags/example_kubernetes_executor.py
[2022-08-30T12:31:09.056+0000] {processor.py:650} INFO - DAG(s) dict_keys(['example_kubernetes_executor']) retrieved from /home/airflow/.local/lib/python3.7/site-packages/airflow/example_dags/example_kubernetes_executor.py
[2022-08-30T12:31:09.071+0000] {logging_mixin.py:115} INFO - [2022-08-30T12:31:09.071+0000] {dag.py:2429} INFO - Sync 1 DAGs
[2022-08-30T12:31:09.083+0000] {logging_mixin.py:115} INFO - [2022-08-30T12:31:09.083+0000] {dag.py:2981} INFO - Setting next_dagrun for example_kubernetes_executor to None, run_after=None
[2022-08-30T12:31:09.090+0000] {processor.py:161} INFO - Processing /home/airflow/.local/lib/python3.7/site-packages/airflow/example_dags/example_kubernetes_executor.py took 0.053 seconds
[2022-08-30T12:31:39.589+0000] {processor.py:153} INFO - Started process (PID=1210) to work on /home/airflow/.local/lib/python3.7/site-packages/airflow/example_dags/example_kubernetes_executor.py
[2022-08-30T12:31:39.591+0000] {processor.py:640} INFO - Processing file /home/airflow/.local/lib/python3.7/site-packages/airflow/example_dags/example_kubernetes_executor.py for tasks to queue
[2022-08-30T12:31:39.592+0000] {logging_mixin.py:115} INFO - [2022-08-30T12:31:39.592+0000] {dagbag.py:508} INFO - Filling up the DagBag from /home/airflow/.local/lib/python3.7/site-packages/airflow/example_dags/example_kubernetes_executor.py
[2022-08-30T12:31:39.607+0000] {processor.py:650} INFO - DAG(s) dict_keys(['example_kubernetes_executor']) retrieved from /home/airflow/.local/lib/python3.7/site-packages/airflow/example_dags/example_kubernetes_executor.py
[2022-08-30T12:31:39.622+0000] {logging_mixin.py:115} INFO - [2022-08-30T12:31:39.622+0000] {dag.py:2429} INFO - Sync 1 DAGs
[2022-08-30T12:31:39.635+0000] {logging_mixin.py:115} INFO - [2022-08-30T12:31:39.635+0000] {dag.py:2981} INFO - Setting next_dagrun for example_kubernetes_executor to None, run_after=None
[2022-08-30T12:31:39.645+0000] {processor.py:161} INFO - Processing /home/airflow/.local/lib/python3.7/site-packages/airflow/example_dags/example_kubernetes_executor.py took 0.058 seconds
[2022-08-30T12:32:10.265+0000] {processor.py:153} INFO - Started process (PID=1412) to work on /home/airflow/.local/lib/python3.7/site-packages/airflow/example_dags/example_kubernetes_executor.py
[2022-08-30T12:32:10.267+0000] {processor.py:640} INFO - Processing file /home/airflow/.local/lib/python3.7/site-packages/airflow/example_dags/example_kubernetes_executor.py for tasks to queue
[2022-08-30T12:32:10.268+0000] {logging_mixin.py:115} INFO - [2022-08-30T12:32:10.268+0000] {dagbag.py:508} INFO - Filling up the DagBag from /home/airflow/.local/lib/python3.7/site-packages/airflow/example_dags/example_kubernetes_executor.py
[2022-08-30T12:32:10.284+0000] {processor.py:650} INFO - DAG(s) dict_keys(['example_kubernetes_executor']) retrieved from /home/airflow/.local/lib/python3.7/site-packages/airflow/example_dags/example_kubernetes_executor.py
[2022-08-30T12:32:10.302+0000] {logging_mixin.py:115} INFO - [2022-08-30T12:32:10.302+0000] {dag.py:2429} INFO - Sync 1 DAGs
[2022-08-30T12:32:10.316+0000] {logging_mixin.py:115} INFO - [2022-08-30T12:32:10.316+0000] {dag.py:2981} INFO - Setting next_dagrun for example_kubernetes_executor to None, run_after=None
[2022-08-30T12:32:10.325+0000] {processor.py:161} INFO - Processing /home/airflow/.local/lib/python3.7/site-packages/airflow/example_dags/example_kubernetes_executor.py took 0.062 seconds
[2022-08-30T12:32:41.009+0000] {processor.py:153} INFO - Started process (PID=1613) to work on /home/airflow/.local/lib/python3.7/site-packages/airflow/example_dags/example_kubernetes_executor.py
[2022-08-30T12:32:41.011+0000] {processor.py:640} INFO - Processing file /home/airflow/.local/lib/python3.7/site-packages/airflow/example_dags/example_kubernetes_executor.py for tasks to queue
[2022-08-30T12:32:41.014+0000] {logging_mixin.py:115} INFO - [2022-08-30T12:32:41.014+0000] {dagbag.py:508} INFO - Filling up the DagBag from /home/airflow/.local/lib/python3.7/site-packages/airflow/example_dags/example_kubernetes_executor.py
[2022-08-30T12:32:41.045+0000] {processor.py:650} INFO - DAG(s) dict_keys(['example_kubernetes_executor']) retrieved from /home/airflow/.local/lib/python3.7/site-packages/airflow/example_dags/example_kubernetes_executor.py
[2022-08-30T12:32:41.068+0000] {logging_mixin.py:115} INFO - [2022-08-30T12:32:41.068+0000] {dag.py:2429} INFO - Sync 1 DAGs
[2022-08-30T12:32:41.085+0000] {logging_mixin.py:115} INFO - [2022-08-30T12:32:41.084+0000] {dag.py:2981} INFO - Setting next_dagrun for example_kubernetes_executor to None, run_after=None
[2022-08-30T12:32:41.096+0000] {processor.py:161} INFO - Processing /home/airflow/.local/lib/python3.7/site-packages/airflow/example_dags/example_kubernetes_executor.py took 0.090 seconds
[2022-08-30T12:33:11.968+0000] {processor.py:153} INFO - Started process (PID=1818) to work on /home/airflow/.local/lib/python3.7/site-packages/airflow/example_dags/example_kubernetes_executor.py
[2022-08-30T12:33:11.970+0000] {processor.py:640} INFO - Processing file /home/airflow/.local/lib/python3.7/site-packages/airflow/example_dags/example_kubernetes_executor.py for tasks to queue
[2022-08-30T12:33:11.971+0000] {logging_mixin.py:115} INFO - [2022-08-30T12:33:11.971+0000] {dagbag.py:508} INFO - Filling up the DagBag from /home/airflow/.local/lib/python3.7/site-packages/airflow/example_dags/example_kubernetes_executor.py
[2022-08-30T12:33:11.986+0000] {processor.py:650} INFO - DAG(s) dict_keys(['example_kubernetes_executor']) retrieved from /home/airflow/.local/lib/python3.7/site-packages/airflow/example_dags/example_kubernetes_executor.py
[2022-08-30T12:33:12.002+0000] {logging_mixin.py:115} INFO - [2022-08-30T12:33:12.002+0000] {dag.py:2429} INFO - Sync 1 DAGs
[2022-08-30T12:33:12.014+0000] {logging_mixin.py:115} INFO - [2022-08-30T12:33:12.014+0000] {dag.py:2981} INFO - Setting next_dagrun for example_kubernetes_executor to None, run_after=None
[2022-08-30T12:33:12.022+0000] {processor.py:161} INFO - Processing /home/airflow/.local/lib/python3.7/site-packages/airflow/example_dags/example_kubernetes_executor.py took 0.056 seconds
[2022-08-30T12:33:42.606+0000] {processor.py:153} INFO - Started process (PID=2016) to work on /home/airflow/.local/lib/python3.7/site-packages/airflow/example_dags/example_kubernetes_executor.py
[2022-08-30T12:33:42.608+0000] {processor.py:640} INFO - Processing file /home/airflow/.local/lib/python3.7/site-packages/airflow/example_dags/example_kubernetes_executor.py for tasks to queue
[2022-08-30T12:33:42.609+0000] {logging_mixin.py:115} INFO - [2022-08-30T12:33:42.609+0000] {dagbag.py:508} INFO - Filling up the DagBag from /home/airflow/.local/lib/python3.7/site-packages/airflow/example_dags/example_kubernetes_executor.py
[2022-08-30T12:33:42.625+0000] {processor.py:650} INFO - DAG(s) dict_keys(['example_kubernetes_executor']) retrieved from /home/airflow/.local/lib/python3.7/site-packages/airflow/example_dags/example_kubernetes_executor.py
[2022-08-30T12:33:42.643+0000] {logging_mixin.py:115} INFO - [2022-08-30T12:33:42.643+0000] {dag.py:2429} INFO - Sync 1 DAGs
[2022-08-30T12:33:42.658+0000] {logging_mixin.py:115} INFO - [2022-08-30T12:33:42.658+0000] {dag.py:2981} INFO - Setting next_dagrun for example_kubernetes_executor to None, run_after=None
[2022-08-30T12:33:42.670+0000] {processor.py:161} INFO - Processing /home/airflow/.local/lib/python3.7/site-packages/airflow/example_dags/example_kubernetes_executor.py took 0.066 seconds
[2022-08-30T12:34:13.326+0000] {processor.py:153} INFO - Started process (PID=2216) to work on /home/airflow/.local/lib/python3.7/site-packages/airflow/example_dags/example_kubernetes_executor.py
[2022-08-30T12:34:13.327+0000] {processor.py:640} INFO - Processing file /home/airflow/.local/lib/python3.7/site-packages/airflow/example_dags/example_kubernetes_executor.py for tasks to queue
[2022-08-30T12:34:13.329+0000] {logging_mixin.py:115} INFO - [2022-08-30T12:34:13.328+0000] {dagbag.py:508} INFO - Filling up the DagBag from /home/airflow/.local/lib/python3.7/site-packages/airflow/example_dags/example_kubernetes_executor.py
[2022-08-30T12:34:13.349+0000] {processor.py:650} INFO - DAG(s) dict_keys(['example_kubernetes_executor']) retrieved from /home/airflow/.local/lib/python3.7/site-packages/airflow/example_dags/example_kubernetes_executor.py
[2022-08-30T12:34:13.368+0000] {logging_mixin.py:115} INFO - [2022-08-30T12:34:13.368+0000] {dag.py:2429} INFO - Sync 1 DAGs
[2022-08-30T12:34:13.382+0000] {logging_mixin.py:115} INFO - [2022-08-30T12:34:13.382+0000] {dag.py:2981} INFO - Setting next_dagrun for example_kubernetes_executor to None, run_after=None
[2022-08-30T12:34:13.391+0000] {processor.py:161} INFO - Processing /home/airflow/.local/lib/python3.7/site-packages/airflow/example_dags/example_kubernetes_executor.py took 0.068 seconds
[2022-08-30T12:34:44.134+0000] {processor.py:153} INFO - Started process (PID=2406) to work on /home/airflow/.local/lib/python3.7/site-packages/airflow/example_dags/example_kubernetes_executor.py
[2022-08-30T12:34:44.135+0000] {processor.py:640} INFO - Processing file /home/airflow/.local/lib/python3.7/site-packages/airflow/example_dags/example_kubernetes_executor.py for tasks to queue
[2022-08-30T12:34:44.136+0000] {logging_mixin.py:115} INFO - [2022-08-30T12:34:44.136+0000] {dagbag.py:508} INFO - Filling up the DagBag from /home/airflow/.local/lib/python3.7/site-packages/airflow/example_dags/example_kubernetes_executor.py
[2022-08-30T12:34:44.152+0000] {processor.py:650} INFO - DAG(s) dict_keys(['example_kubernetes_executor']) retrieved from /home/airflow/.local/lib/python3.7/site-packages/airflow/example_dags/example_kubernetes_executor.py
[2022-08-30T12:34:44.167+0000] {logging_mixin.py:115} INFO - [2022-08-30T12:34:44.167+0000] {dag.py:2429} INFO - Sync 1 DAGs
[2022-08-30T12:34:44.180+0000] {logging_mixin.py:115} INFO - [2022-08-30T12:34:44.180+0000] {dag.py:2981} INFO - Setting next_dagrun for example_kubernetes_executor to None, run_after=None
[2022-08-30T12:34:44.191+0000] {processor.py:161} INFO - Processing /home/airflow/.local/lib/python3.7/site-packages/airflow/example_dags/example_kubernetes_executor.py took 0.059 seconds
[2022-08-30T12:35:14.903+0000] {processor.py:153} INFO - Started process (PID=2608) to work on /home/airflow/.local/lib/python3.7/site-packages/airflow/example_dags/example_kubernetes_executor.py
[2022-08-30T12:35:14.904+0000] {processor.py:640} INFO - Processing file /home/airflow/.local/lib/python3.7/site-packages/airflow/example_dags/example_kubernetes_executor.py for tasks to queue
[2022-08-30T12:35:14.905+0000] {logging_mixin.py:115} INFO - [2022-08-30T12:35:14.905+0000] {dagbag.py:508} INFO - Filling up the DagBag from /home/airflow/.local/lib/python3.7/site-packages/airflow/example_dags/example_kubernetes_executor.py
[2022-08-30T12:35:14.920+0000] {processor.py:650} INFO - DAG(s) dict_keys(['example_kubernetes_executor']) retrieved from /home/airflow/.local/lib/python3.7/site-packages/airflow/example_dags/example_kubernetes_executor.py
[2022-08-30T12:35:14.937+0000] {logging_mixin.py:115} INFO - [2022-08-30T12:35:14.937+0000] {dag.py:2429} INFO - Sync 1 DAGs
[2022-08-30T12:35:14.951+0000] {logging_mixin.py:115} INFO - [2022-08-30T12:35:14.951+0000] {dag.py:2981} INFO - Setting next_dagrun for example_kubernetes_executor to None, run_after=None
[2022-08-30T12:35:14.958+0000] {processor.py:161} INFO - Processing /home/airflow/.local/lib/python3.7/site-packages/airflow/example_dags/example_kubernetes_executor.py took 0.058 seconds
[2022-08-30T12:35:45.658+0000] {processor.py:153} INFO - Started process (PID=2810) to work on /home/airflow/.local/lib/python3.7/site-packages/airflow/example_dags/example_kubernetes_executor.py
[2022-08-30T12:35:45.659+0000] {processor.py:640} INFO - Processing file /home/airflow/.local/lib/python3.7/site-packages/airflow/example_dags/example_kubernetes_executor.py for tasks to queue
[2022-08-30T12:35:45.661+0000] {logging_mixin.py:115} INFO - [2022-08-30T12:35:45.661+0000] {dagbag.py:508} INFO - Filling up the DagBag from /home/airflow/.local/lib/python3.7/site-packages/airflow/example_dags/example_kubernetes_executor.py
[2022-08-30T12:35:45.678+0000] {processor.py:650} INFO - DAG(s) dict_keys(['example_kubernetes_executor']) retrieved from /home/airflow/.local/lib/python3.7/site-packages/airflow/example_dags/example_kubernetes_executor.py
[2022-08-30T12:35:45.695+0000] {logging_mixin.py:115} INFO - [2022-08-30T12:35:45.694+0000] {dag.py:2429} INFO - Sync 1 DAGs
[2022-08-30T12:35:45.708+0000] {logging_mixin.py:115} INFO - [2022-08-30T12:35:45.708+0000] {dag.py:2981} INFO - Setting next_dagrun for example_kubernetes_executor to None, run_after=None
[2022-08-30T12:35:45.718+0000] {processor.py:161} INFO - Processing /home/airflow/.local/lib/python3.7/site-packages/airflow/example_dags/example_kubernetes_executor.py took 0.062 seconds
[2022-08-30T12:36:16.570+0000] {processor.py:153} INFO - Started process (PID=3012) to work on /home/airflow/.local/lib/python3.7/site-packages/airflow/example_dags/example_kubernetes_executor.py
[2022-08-30T12:36:16.572+0000] {processor.py:640} INFO - Processing file /home/airflow/.local/lib/python3.7/site-packages/airflow/example_dags/example_kubernetes_executor.py for tasks to queue
[2022-08-30T12:36:16.573+0000] {logging_mixin.py:115} INFO - [2022-08-30T12:36:16.572+0000] {dagbag.py:508} INFO - Filling up the DagBag from /home/airflow/.local/lib/python3.7/site-packages/airflow/example_dags/example_kubernetes_executor.py
[2022-08-30T12:36:16.588+0000] {processor.py:650} INFO - DAG(s) dict_keys(['example_kubernetes_executor']) retrieved from /home/airflow/.local/lib/python3.7/site-packages/airflow/example_dags/example_kubernetes_executor.py
[2022-08-30T12:36:16.606+0000] {logging_mixin.py:115} INFO - [2022-08-30T12:36:16.606+0000] {dag.py:2429} INFO - Sync 1 DAGs
[2022-08-30T12:36:16.623+0000] {logging_mixin.py:115} INFO - [2022-08-30T12:36:16.623+0000] {dag.py:2981} INFO - Setting next_dagrun for example_kubernetes_executor to None, run_after=None
[2022-08-30T12:36:16.630+0000] {processor.py:161} INFO - Processing /home/airflow/.local/lib/python3.7/site-packages/airflow/example_dags/example_kubernetes_executor.py took 0.062 seconds
[2022-08-30T12:36:47.503+0000] {processor.py:153} INFO - Started process (PID=3211) to work on /home/airflow/.local/lib/python3.7/site-packages/airflow/example_dags/example_kubernetes_executor.py
[2022-08-30T12:36:47.505+0000] {processor.py:640} INFO - Processing file /home/airflow/.local/lib/python3.7/site-packages/airflow/example_dags/example_kubernetes_executor.py for tasks to queue
[2022-08-30T12:36:47.506+0000] {logging_mixin.py:115} INFO - [2022-08-30T12:36:47.506+0000] {dagbag.py:508} INFO - Filling up the DagBag from /home/airflow/.local/lib/python3.7/site-packages/airflow/example_dags/example_kubernetes_executor.py
[2022-08-30T12:36:47.520+0000] {processor.py:650} INFO - DAG(s) dict_keys(['example_kubernetes_executor']) retrieved from /home/airflow/.local/lib/python3.7/site-packages/airflow/example_dags/example_kubernetes_executor.py
[2022-08-30T12:36:47.537+0000] {logging_mixin.py:115} INFO - [2022-08-30T12:36:47.537+0000] {dag.py:2429} INFO - Sync 1 DAGs
[2022-08-30T12:36:47.551+0000] {logging_mixin.py:115} INFO - [2022-08-30T12:36:47.551+0000] {dag.py:2981} INFO - Setting next_dagrun for example_kubernetes_executor to None, run_after=None
[2022-08-30T12:36:47.559+0000] {processor.py:161} INFO - Processing /home/airflow/.local/lib/python3.7/site-packages/airflow/example_dags/example_kubernetes_executor.py took 0.057 seconds
[2022-08-30T12:37:18.102+0000] {processor.py:153} INFO - Started process (PID=3409) to work on /home/airflow/.local/lib/python3.7/site-packages/airflow/example_dags/example_kubernetes_executor.py
[2022-08-30T12:37:18.103+0000] {processor.py:640} INFO - Processing file /home/airflow/.local/lib/python3.7/site-packages/airflow/example_dags/example_kubernetes_executor.py for tasks to queue
[2022-08-30T12:37:18.104+0000] {logging_mixin.py:115} INFO - [2022-08-30T12:37:18.104+0000] {dagbag.py:508} INFO - Filling up the DagBag from /home/airflow/.local/lib/python3.7/site-packages/airflow/example_dags/example_kubernetes_executor.py
[2022-08-30T12:37:18.119+0000] {processor.py:650} INFO - DAG(s) dict_keys(['example_kubernetes_executor']) retrieved from /home/airflow/.local/lib/python3.7/site-packages/airflow/example_dags/example_kubernetes_executor.py
[2022-08-30T12:37:18.136+0000] {logging_mixin.py:115} INFO - [2022-08-30T12:37:18.135+0000] {dag.py:2429} INFO - Sync 1 DAGs
[2022-08-30T12:37:18.150+0000] {logging_mixin.py:115} INFO - [2022-08-30T12:37:18.150+0000] {dag.py:2981} INFO - Setting next_dagrun for example_kubernetes_executor to None, run_after=None
[2022-08-30T12:37:18.158+0000] {processor.py:161} INFO - Processing /home/airflow/.local/lib/python3.7/site-packages/airflow/example_dags/example_kubernetes_executor.py took 0.058 seconds
[2022-08-30T12:37:48.964+0000] {processor.py:153} INFO - Started process (PID=3610) to work on /home/airflow/.local/lib/python3.7/site-packages/airflow/example_dags/example_kubernetes_executor.py
[2022-08-30T12:37:48.965+0000] {processor.py:640} INFO - Processing file /home/airflow/.local/lib/python3.7/site-packages/airflow/example_dags/example_kubernetes_executor.py for tasks to queue
[2022-08-30T12:37:48.967+0000] {logging_mixin.py:115} INFO - [2022-08-30T12:37:48.967+0000] {dagbag.py:508} INFO - Filling up the DagBag from /home/airflow/.local/lib/python3.7/site-packages/airflow/example_dags/example_kubernetes_executor.py
[2022-08-30T12:37:48.983+0000] {processor.py:650} INFO - DAG(s) dict_keys(['example_kubernetes_executor']) retrieved from /home/airflow/.local/lib/python3.7/site-packages/airflow/example_dags/example_kubernetes_executor.py
[2022-08-30T12:37:48.998+0000] {logging_mixin.py:115} INFO - [2022-08-30T12:37:48.998+0000] {dag.py:2429} INFO - Sync 1 DAGs
[2022-08-30T12:37:49.011+0000] {logging_mixin.py:115} INFO - [2022-08-30T12:37:49.011+0000] {dag.py:2981} INFO - Setting next_dagrun for example_kubernetes_executor to None, run_after=None
[2022-08-30T12:37:49.020+0000] {processor.py:161} INFO - Processing /home/airflow/.local/lib/python3.7/site-packages/airflow/example_dags/example_kubernetes_executor.py took 0.058 seconds
