[2022-08-30T12:27:45.495+0000] {processor.py:153} INFO - Started process (PID=166) to work on /home/airflow/.local/lib/python3.7/site-packages/airflow/example_dags/example_nested_branch_dag.py
[2022-08-30T12:27:45.497+0000] {processor.py:640} INFO - Processing file /home/airflow/.local/lib/python3.7/site-packages/airflow/example_dags/example_nested_branch_dag.py for tasks to queue
[2022-08-30T12:27:45.498+0000] {logging_mixin.py:115} INFO - [2022-08-30T12:27:45.498+0000] {dagbag.py:508} INFO - Filling up the DagBag from /home/airflow/.local/lib/python3.7/site-packages/airflow/example_dags/example_nested_branch_dag.py
[2022-08-30T12:27:45.525+0000] {processor.py:650} INFO - DAG(s) dict_keys(['example_nested_branch_dag']) retrieved from /home/airflow/.local/lib/python3.7/site-packages/airflow/example_dags/example_nested_branch_dag.py
[2022-08-30T12:27:45.604+0000] {logging_mixin.py:115} INFO - [2022-08-30T12:27:45.604+0000] {manager.py:508} INFO - Created Permission View: can read on DAG:example_nested_branch_dag
[2022-08-30T12:27:45.613+0000] {logging_mixin.py:115} INFO - [2022-08-30T12:27:45.613+0000] {manager.py:508} INFO - Created Permission View: can edit on DAG:example_nested_branch_dag
[2022-08-30T12:27:45.623+0000] {logging_mixin.py:115} INFO - [2022-08-30T12:27:45.623+0000] {manager.py:508} INFO - Created Permission View: can delete on DAG:example_nested_branch_dag
[2022-08-30T12:27:45.624+0000] {logging_mixin.py:115} INFO - [2022-08-30T12:27:45.624+0000] {dag.py:2429} INFO - Sync 1 DAGs
[2022-08-30T12:27:45.629+0000] {logging_mixin.py:115} INFO - [2022-08-30T12:27:45.629+0000] {dag.py:2448} INFO - Creating ORM DAG for example_nested_branch_dag
[2022-08-30T12:27:45.637+0000] {logging_mixin.py:115} INFO - [2022-08-30T12:27:45.637+0000] {dag.py:2981} INFO - Setting next_dagrun for example_nested_branch_dag to 2022-08-29T00:00:00+00:00, run_after=2022-08-30T00:00:00+00:00
[2022-08-30T12:27:45.646+0000] {processor.py:161} INFO - Processing /home/airflow/.local/lib/python3.7/site-packages/airflow/example_dags/example_nested_branch_dag.py took 0.154 seconds
[2022-08-30T12:28:16.574+0000] {processor.py:153} INFO - Started process (PID=367) to work on /home/airflow/.local/lib/python3.7/site-packages/airflow/example_dags/example_nested_branch_dag.py
[2022-08-30T12:28:16.576+0000] {processor.py:640} INFO - Processing file /home/airflow/.local/lib/python3.7/site-packages/airflow/example_dags/example_nested_branch_dag.py for tasks to queue
[2022-08-30T12:28:16.579+0000] {logging_mixin.py:115} INFO - [2022-08-30T12:28:16.579+0000] {dagbag.py:508} INFO - Filling up the DagBag from /home/airflow/.local/lib/python3.7/site-packages/airflow/example_dags/example_nested_branch_dag.py
[2022-08-30T12:28:16.622+0000] {processor.py:650} INFO - DAG(s) dict_keys(['example_nested_branch_dag']) retrieved from /home/airflow/.local/lib/python3.7/site-packages/airflow/example_dags/example_nested_branch_dag.py
[2022-08-30T12:28:16.693+0000] {logging_mixin.py:115} INFO - [2022-08-30T12:28:16.693+0000] {dag.py:2429} INFO - Sync 1 DAGs
[2022-08-30T12:28:16.759+0000] {logging_mixin.py:115} INFO - [2022-08-30T12:28:16.758+0000] {dag.py:2981} INFO - Setting next_dagrun for example_nested_branch_dag to 2022-08-29T00:00:00+00:00, run_after=2022-08-30T00:00:00+00:00
[2022-08-30T12:28:16.777+0000] {processor.py:161} INFO - Processing /home/airflow/.local/lib/python3.7/site-packages/airflow/example_dags/example_nested_branch_dag.py took 0.210 seconds
[2022-08-30T12:29:05.106+0000] {processor.py:153} INFO - Started process (PID=165) to work on /home/airflow/.local/lib/python3.7/site-packages/airflow/example_dags/example_nested_branch_dag.py
[2022-08-30T12:29:05.107+0000] {processor.py:640} INFO - Processing file /home/airflow/.local/lib/python3.7/site-packages/airflow/example_dags/example_nested_branch_dag.py for tasks to queue
[2022-08-30T12:29:05.108+0000] {logging_mixin.py:115} INFO - [2022-08-30T12:29:05.108+0000] {dagbag.py:508} INFO - Filling up the DagBag from /home/airflow/.local/lib/python3.7/site-packages/airflow/example_dags/example_nested_branch_dag.py
[2022-08-30T12:29:05.120+0000] {processor.py:650} INFO - DAG(s) dict_keys(['example_nested_branch_dag']) retrieved from /home/airflow/.local/lib/python3.7/site-packages/airflow/example_dags/example_nested_branch_dag.py
[2022-08-30T12:29:05.145+0000] {logging_mixin.py:115} INFO - [2022-08-30T12:29:05.145+0000] {dag.py:2429} INFO - Sync 1 DAGs
[2022-08-30T12:29:05.183+0000] {logging_mixin.py:115} INFO - [2022-08-30T12:29:05.183+0000] {dag.py:2981} INFO - Setting next_dagrun for example_nested_branch_dag to 2022-08-29T00:00:00+00:00, run_after=2022-08-30T00:00:00+00:00
[2022-08-30T12:29:05.201+0000] {processor.py:161} INFO - Processing /home/airflow/.local/lib/python3.7/site-packages/airflow/example_dags/example_nested_branch_dag.py took 0.101 seconds
[2022-08-30T12:29:35.291+0000] {processor.py:153} INFO - Started process (PID=372) to work on /home/airflow/.local/lib/python3.7/site-packages/airflow/example_dags/example_nested_branch_dag.py
[2022-08-30T12:29:35.293+0000] {processor.py:640} INFO - Processing file /home/airflow/.local/lib/python3.7/site-packages/airflow/example_dags/example_nested_branch_dag.py for tasks to queue
[2022-08-30T12:29:35.295+0000] {logging_mixin.py:115} INFO - [2022-08-30T12:29:35.295+0000] {dagbag.py:508} INFO - Filling up the DagBag from /home/airflow/.local/lib/python3.7/site-packages/airflow/example_dags/example_nested_branch_dag.py
[2022-08-30T12:29:35.305+0000] {processor.py:650} INFO - DAG(s) dict_keys(['example_nested_branch_dag']) retrieved from /home/airflow/.local/lib/python3.7/site-packages/airflow/example_dags/example_nested_branch_dag.py
[2022-08-30T12:29:35.325+0000] {logging_mixin.py:115} INFO - [2022-08-30T12:29:35.325+0000] {dag.py:2429} INFO - Sync 1 DAGs
[2022-08-30T12:29:35.339+0000] {logging_mixin.py:115} INFO - [2022-08-30T12:29:35.339+0000] {dag.py:2981} INFO - Setting next_dagrun for example_nested_branch_dag to 2022-08-29T00:00:00+00:00, run_after=2022-08-30T00:00:00+00:00
[2022-08-30T12:29:35.346+0000] {processor.py:161} INFO - Processing /home/airflow/.local/lib/python3.7/site-packages/airflow/example_dags/example_nested_branch_dag.py took 0.058 seconds
[2022-08-30T12:30:05.948+0000] {processor.py:153} INFO - Started process (PID=573) to work on /home/airflow/.local/lib/python3.7/site-packages/airflow/example_dags/example_nested_branch_dag.py
[2022-08-30T12:30:05.950+0000] {processor.py:640} INFO - Processing file /home/airflow/.local/lib/python3.7/site-packages/airflow/example_dags/example_nested_branch_dag.py for tasks to queue
[2022-08-30T12:30:05.951+0000] {logging_mixin.py:115} INFO - [2022-08-30T12:30:05.951+0000] {dagbag.py:508} INFO - Filling up the DagBag from /home/airflow/.local/lib/python3.7/site-packages/airflow/example_dags/example_nested_branch_dag.py
[2022-08-30T12:30:05.958+0000] {processor.py:650} INFO - DAG(s) dict_keys(['example_nested_branch_dag']) retrieved from /home/airflow/.local/lib/python3.7/site-packages/airflow/example_dags/example_nested_branch_dag.py
[2022-08-30T12:30:05.980+0000] {logging_mixin.py:115} INFO - [2022-08-30T12:30:05.980+0000] {dag.py:2429} INFO - Sync 1 DAGs
[2022-08-30T12:30:05.994+0000] {logging_mixin.py:115} INFO - [2022-08-30T12:30:05.994+0000] {dag.py:2981} INFO - Setting next_dagrun for example_nested_branch_dag to 2022-08-29T00:00:00+00:00, run_after=2022-08-30T00:00:00+00:00
[2022-08-30T12:30:06.003+0000] {processor.py:161} INFO - Processing /home/airflow/.local/lib/python3.7/site-packages/airflow/example_dags/example_nested_branch_dag.py took 0.057 seconds
[2022-08-30T12:30:36.815+0000] {processor.py:153} INFO - Started process (PID=763) to work on /home/airflow/.local/lib/python3.7/site-packages/airflow/example_dags/example_nested_branch_dag.py
[2022-08-30T12:30:36.818+0000] {processor.py:640} INFO - Processing file /home/airflow/.local/lib/python3.7/site-packages/airflow/example_dags/example_nested_branch_dag.py for tasks to queue
[2022-08-30T12:30:36.821+0000] {logging_mixin.py:115} INFO - [2022-08-30T12:30:36.820+0000] {dagbag.py:508} INFO - Filling up the DagBag from /home/airflow/.local/lib/python3.7/site-packages/airflow/example_dags/example_nested_branch_dag.py
[2022-08-30T12:30:36.834+0000] {processor.py:650} INFO - DAG(s) dict_keys(['example_nested_branch_dag']) retrieved from /home/airflow/.local/lib/python3.7/site-packages/airflow/example_dags/example_nested_branch_dag.py
[2022-08-30T12:30:36.858+0000] {logging_mixin.py:115} INFO - [2022-08-30T12:30:36.858+0000] {dag.py:2429} INFO - Sync 1 DAGs
[2022-08-30T12:30:36.872+0000] {logging_mixin.py:115} INFO - [2022-08-30T12:30:36.872+0000] {dag.py:2981} INFO - Setting next_dagrun for example_nested_branch_dag to 2022-08-29T00:00:00+00:00, run_after=2022-08-30T00:00:00+00:00
[2022-08-30T12:30:36.880+0000] {processor.py:161} INFO - Processing /home/airflow/.local/lib/python3.7/site-packages/airflow/example_dags/example_nested_branch_dag.py took 0.070 seconds
[2022-08-30T12:31:07.622+0000] {processor.py:153} INFO - Started process (PID=966) to work on /home/airflow/.local/lib/python3.7/site-packages/airflow/example_dags/example_nested_branch_dag.py
[2022-08-30T12:31:07.624+0000] {processor.py:640} INFO - Processing file /home/airflow/.local/lib/python3.7/site-packages/airflow/example_dags/example_nested_branch_dag.py for tasks to queue
[2022-08-30T12:31:07.627+0000] {logging_mixin.py:115} INFO - [2022-08-30T12:31:07.626+0000] {dagbag.py:508} INFO - Filling up the DagBag from /home/airflow/.local/lib/python3.7/site-packages/airflow/example_dags/example_nested_branch_dag.py
[2022-08-30T12:31:07.638+0000] {processor.py:650} INFO - DAG(s) dict_keys(['example_nested_branch_dag']) retrieved from /home/airflow/.local/lib/python3.7/site-packages/airflow/example_dags/example_nested_branch_dag.py
[2022-08-30T12:31:07.662+0000] {logging_mixin.py:115} INFO - [2022-08-30T12:31:07.662+0000] {dag.py:2429} INFO - Sync 1 DAGs
[2022-08-30T12:31:07.676+0000] {logging_mixin.py:115} INFO - [2022-08-30T12:31:07.675+0000] {dag.py:2981} INFO - Setting next_dagrun for example_nested_branch_dag to 2022-08-29T00:00:00+00:00, run_after=2022-08-30T00:00:00+00:00
[2022-08-30T12:31:07.683+0000] {processor.py:161} INFO - Processing /home/airflow/.local/lib/python3.7/site-packages/airflow/example_dags/example_nested_branch_dag.py took 0.067 seconds
[2022-08-30T12:31:38.331+0000] {processor.py:153} INFO - Started process (PID=1167) to work on /home/airflow/.local/lib/python3.7/site-packages/airflow/example_dags/example_nested_branch_dag.py
[2022-08-30T12:31:38.333+0000] {processor.py:640} INFO - Processing file /home/airflow/.local/lib/python3.7/site-packages/airflow/example_dags/example_nested_branch_dag.py for tasks to queue
[2022-08-30T12:31:38.336+0000] {logging_mixin.py:115} INFO - [2022-08-30T12:31:38.336+0000] {dagbag.py:508} INFO - Filling up the DagBag from /home/airflow/.local/lib/python3.7/site-packages/airflow/example_dags/example_nested_branch_dag.py
[2022-08-30T12:31:38.348+0000] {processor.py:650} INFO - DAG(s) dict_keys(['example_nested_branch_dag']) retrieved from /home/airflow/.local/lib/python3.7/site-packages/airflow/example_dags/example_nested_branch_dag.py
[2022-08-30T12:31:38.372+0000] {logging_mixin.py:115} INFO - [2022-08-30T12:31:38.371+0000] {dag.py:2429} INFO - Sync 1 DAGs
[2022-08-30T12:31:38.385+0000] {logging_mixin.py:115} INFO - [2022-08-30T12:31:38.385+0000] {dag.py:2981} INFO - Setting next_dagrun for example_nested_branch_dag to 2022-08-29T00:00:00+00:00, run_after=2022-08-30T00:00:00+00:00
[2022-08-30T12:31:38.393+0000] {processor.py:161} INFO - Processing /home/airflow/.local/lib/python3.7/site-packages/airflow/example_dags/example_nested_branch_dag.py took 0.067 seconds
[2022-08-30T12:32:08.896+0000] {processor.py:153} INFO - Started process (PID=1367) to work on /home/airflow/.local/lib/python3.7/site-packages/airflow/example_dags/example_nested_branch_dag.py
[2022-08-30T12:32:08.900+0000] {processor.py:640} INFO - Processing file /home/airflow/.local/lib/python3.7/site-packages/airflow/example_dags/example_nested_branch_dag.py for tasks to queue
[2022-08-30T12:32:08.902+0000] {logging_mixin.py:115} INFO - [2022-08-30T12:32:08.902+0000] {dagbag.py:508} INFO - Filling up the DagBag from /home/airflow/.local/lib/python3.7/site-packages/airflow/example_dags/example_nested_branch_dag.py
[2022-08-30T12:32:08.914+0000] {processor.py:650} INFO - DAG(s) dict_keys(['example_nested_branch_dag']) retrieved from /home/airflow/.local/lib/python3.7/site-packages/airflow/example_dags/example_nested_branch_dag.py
[2022-08-30T12:32:08.937+0000] {logging_mixin.py:115} INFO - [2022-08-30T12:32:08.937+0000] {dag.py:2429} INFO - Sync 1 DAGs
[2022-08-30T12:32:08.952+0000] {logging_mixin.py:115} INFO - [2022-08-30T12:32:08.952+0000] {dag.py:2981} INFO - Setting next_dagrun for example_nested_branch_dag to 2022-08-29T00:00:00+00:00, run_after=2022-08-30T00:00:00+00:00
[2022-08-30T12:32:08.960+0000] {processor.py:161} INFO - Processing /home/airflow/.local/lib/python3.7/site-packages/airflow/example_dags/example_nested_branch_dag.py took 0.069 seconds
[2022-08-30T12:32:39.667+0000] {processor.py:153} INFO - Started process (PID=1570) to work on /home/airflow/.local/lib/python3.7/site-packages/airflow/example_dags/example_nested_branch_dag.py
[2022-08-30T12:32:39.671+0000] {processor.py:640} INFO - Processing file /home/airflow/.local/lib/python3.7/site-packages/airflow/example_dags/example_nested_branch_dag.py for tasks to queue
[2022-08-30T12:32:39.674+0000] {logging_mixin.py:115} INFO - [2022-08-30T12:32:39.674+0000] {dagbag.py:508} INFO - Filling up the DagBag from /home/airflow/.local/lib/python3.7/site-packages/airflow/example_dags/example_nested_branch_dag.py
[2022-08-30T12:32:39.688+0000] {processor.py:650} INFO - DAG(s) dict_keys(['example_nested_branch_dag']) retrieved from /home/airflow/.local/lib/python3.7/site-packages/airflow/example_dags/example_nested_branch_dag.py
[2022-08-30T12:32:39.714+0000] {logging_mixin.py:115} INFO - [2022-08-30T12:32:39.713+0000] {dag.py:2429} INFO - Sync 1 DAGs
[2022-08-30T12:32:39.730+0000] {logging_mixin.py:115} INFO - [2022-08-30T12:32:39.730+0000] {dag.py:2981} INFO - Setting next_dagrun for example_nested_branch_dag to 2022-08-29T00:00:00+00:00, run_after=2022-08-30T00:00:00+00:00
[2022-08-30T12:32:39.739+0000] {processor.py:161} INFO - Processing /home/airflow/.local/lib/python3.7/site-packages/airflow/example_dags/example_nested_branch_dag.py took 0.076 seconds
[2022-08-30T12:33:10.642+0000] {processor.py:153} INFO - Started process (PID=1773) to work on /home/airflow/.local/lib/python3.7/site-packages/airflow/example_dags/example_nested_branch_dag.py
[2022-08-30T12:33:10.644+0000] {processor.py:640} INFO - Processing file /home/airflow/.local/lib/python3.7/site-packages/airflow/example_dags/example_nested_branch_dag.py for tasks to queue
[2022-08-30T12:33:10.647+0000] {logging_mixin.py:115} INFO - [2022-08-30T12:33:10.646+0000] {dagbag.py:508} INFO - Filling up the DagBag from /home/airflow/.local/lib/python3.7/site-packages/airflow/example_dags/example_nested_branch_dag.py
[2022-08-30T12:33:10.658+0000] {processor.py:650} INFO - DAG(s) dict_keys(['example_nested_branch_dag']) retrieved from /home/airflow/.local/lib/python3.7/site-packages/airflow/example_dags/example_nested_branch_dag.py
[2022-08-30T12:33:10.679+0000] {logging_mixin.py:115} INFO - [2022-08-30T12:33:10.679+0000] {dag.py:2429} INFO - Sync 1 DAGs
[2022-08-30T12:33:10.692+0000] {logging_mixin.py:115} INFO - [2022-08-30T12:33:10.692+0000] {dag.py:2981} INFO - Setting next_dagrun for example_nested_branch_dag to 2022-08-29T00:00:00+00:00, run_after=2022-08-30T00:00:00+00:00
[2022-08-30T12:33:10.699+0000] {processor.py:161} INFO - Processing /home/airflow/.local/lib/python3.7/site-packages/airflow/example_dags/example_nested_branch_dag.py took 0.068 seconds
[2022-08-30T12:33:41.186+0000] {processor.py:153} INFO - Started process (PID=1973) to work on /home/airflow/.local/lib/python3.7/site-packages/airflow/example_dags/example_nested_branch_dag.py
[2022-08-30T12:33:41.192+0000] {processor.py:640} INFO - Processing file /home/airflow/.local/lib/python3.7/site-packages/airflow/example_dags/example_nested_branch_dag.py for tasks to queue
[2022-08-30T12:33:41.194+0000] {logging_mixin.py:115} INFO - [2022-08-30T12:33:41.194+0000] {dagbag.py:508} INFO - Filling up the DagBag from /home/airflow/.local/lib/python3.7/site-packages/airflow/example_dags/example_nested_branch_dag.py
[2022-08-30T12:33:41.202+0000] {processor.py:650} INFO - DAG(s) dict_keys(['example_nested_branch_dag']) retrieved from /home/airflow/.local/lib/python3.7/site-packages/airflow/example_dags/example_nested_branch_dag.py
[2022-08-30T12:33:41.222+0000] {logging_mixin.py:115} INFO - [2022-08-30T12:33:41.222+0000] {dag.py:2429} INFO - Sync 1 DAGs
[2022-08-30T12:33:41.236+0000] {logging_mixin.py:115} INFO - [2022-08-30T12:33:41.236+0000] {dag.py:2981} INFO - Setting next_dagrun for example_nested_branch_dag to 2022-08-29T00:00:00+00:00, run_after=2022-08-30T00:00:00+00:00
[2022-08-30T12:33:41.245+0000] {processor.py:161} INFO - Processing /home/airflow/.local/lib/python3.7/site-packages/airflow/example_dags/example_nested_branch_dag.py took 0.061 seconds
[2022-08-30T12:34:11.991+0000] {processor.py:153} INFO - Started process (PID=2163) to work on /home/airflow/.local/lib/python3.7/site-packages/airflow/example_dags/example_nested_branch_dag.py
[2022-08-30T12:34:12.001+0000] {processor.py:640} INFO - Processing file /home/airflow/.local/lib/python3.7/site-packages/airflow/example_dags/example_nested_branch_dag.py for tasks to queue
[2022-08-30T12:34:12.003+0000] {logging_mixin.py:115} INFO - [2022-08-30T12:34:12.003+0000] {dagbag.py:508} INFO - Filling up the DagBag from /home/airflow/.local/lib/python3.7/site-packages/airflow/example_dags/example_nested_branch_dag.py
[2022-08-30T12:34:12.017+0000] {processor.py:650} INFO - DAG(s) dict_keys(['example_nested_branch_dag']) retrieved from /home/airflow/.local/lib/python3.7/site-packages/airflow/example_dags/example_nested_branch_dag.py
[2022-08-30T12:34:12.034+0000] {logging_mixin.py:115} INFO - [2022-08-30T12:34:12.034+0000] {dag.py:2429} INFO - Sync 1 DAGs
[2022-08-30T12:34:12.047+0000] {logging_mixin.py:115} INFO - [2022-08-30T12:34:12.047+0000] {dag.py:2981} INFO - Setting next_dagrun for example_nested_branch_dag to 2022-08-29T00:00:00+00:00, run_after=2022-08-30T00:00:00+00:00
[2022-08-30T12:34:12.054+0000] {processor.py:161} INFO - Processing /home/airflow/.local/lib/python3.7/site-packages/airflow/example_dags/example_nested_branch_dag.py took 0.067 seconds
[2022-08-30T12:34:42.847+0000] {processor.py:153} INFO - Started process (PID=2363) to work on /home/airflow/.local/lib/python3.7/site-packages/airflow/example_dags/example_nested_branch_dag.py
[2022-08-30T12:34:42.849+0000] {processor.py:640} INFO - Processing file /home/airflow/.local/lib/python3.7/site-packages/airflow/example_dags/example_nested_branch_dag.py for tasks to queue
[2022-08-30T12:34:42.851+0000] {logging_mixin.py:115} INFO - [2022-08-30T12:34:42.851+0000] {dagbag.py:508} INFO - Filling up the DagBag from /home/airflow/.local/lib/python3.7/site-packages/airflow/example_dags/example_nested_branch_dag.py
[2022-08-30T12:34:42.865+0000] {processor.py:650} INFO - DAG(s) dict_keys(['example_nested_branch_dag']) retrieved from /home/airflow/.local/lib/python3.7/site-packages/airflow/example_dags/example_nested_branch_dag.py
[2022-08-30T12:34:42.884+0000] {logging_mixin.py:115} INFO - [2022-08-30T12:34:42.884+0000] {dag.py:2429} INFO - Sync 1 DAGs
[2022-08-30T12:34:42.898+0000] {logging_mixin.py:115} INFO - [2022-08-30T12:34:42.898+0000] {dag.py:2981} INFO - Setting next_dagrun for example_nested_branch_dag to 2022-08-29T00:00:00+00:00, run_after=2022-08-30T00:00:00+00:00
[2022-08-30T12:34:42.905+0000] {processor.py:161} INFO - Processing /home/airflow/.local/lib/python3.7/site-packages/airflow/example_dags/example_nested_branch_dag.py took 0.062 seconds
[2022-08-30T12:35:13.593+0000] {processor.py:153} INFO - Started process (PID=2565) to work on /home/airflow/.local/lib/python3.7/site-packages/airflow/example_dags/example_nested_branch_dag.py
[2022-08-30T12:35:13.594+0000] {processor.py:640} INFO - Processing file /home/airflow/.local/lib/python3.7/site-packages/airflow/example_dags/example_nested_branch_dag.py for tasks to queue
[2022-08-30T12:35:13.595+0000] {logging_mixin.py:115} INFO - [2022-08-30T12:35:13.595+0000] {dagbag.py:508} INFO - Filling up the DagBag from /home/airflow/.local/lib/python3.7/site-packages/airflow/example_dags/example_nested_branch_dag.py
[2022-08-30T12:35:13.606+0000] {processor.py:650} INFO - DAG(s) dict_keys(['example_nested_branch_dag']) retrieved from /home/airflow/.local/lib/python3.7/site-packages/airflow/example_dags/example_nested_branch_dag.py
[2022-08-30T12:35:13.623+0000] {logging_mixin.py:115} INFO - [2022-08-30T12:35:13.623+0000] {dag.py:2429} INFO - Sync 1 DAGs
[2022-08-30T12:35:13.637+0000] {logging_mixin.py:115} INFO - [2022-08-30T12:35:13.637+0000] {dag.py:2981} INFO - Setting next_dagrun for example_nested_branch_dag to 2022-08-29T00:00:00+00:00, run_after=2022-08-30T00:00:00+00:00
[2022-08-30T12:35:13.645+0000] {processor.py:161} INFO - Processing /home/airflow/.local/lib/python3.7/site-packages/airflow/example_dags/example_nested_branch_dag.py took 0.054 seconds
[2022-08-30T12:35:44.333+0000] {processor.py:153} INFO - Started process (PID=2767) to work on /home/airflow/.local/lib/python3.7/site-packages/airflow/example_dags/example_nested_branch_dag.py
[2022-08-30T12:35:44.335+0000] {processor.py:640} INFO - Processing file /home/airflow/.local/lib/python3.7/site-packages/airflow/example_dags/example_nested_branch_dag.py for tasks to queue
[2022-08-30T12:35:44.338+0000] {logging_mixin.py:115} INFO - [2022-08-30T12:35:44.338+0000] {dagbag.py:508} INFO - Filling up the DagBag from /home/airflow/.local/lib/python3.7/site-packages/airflow/example_dags/example_nested_branch_dag.py
[2022-08-30T12:35:44.355+0000] {processor.py:650} INFO - DAG(s) dict_keys(['example_nested_branch_dag']) retrieved from /home/airflow/.local/lib/python3.7/site-packages/airflow/example_dags/example_nested_branch_dag.py
[2022-08-30T12:35:44.376+0000] {logging_mixin.py:115} INFO - [2022-08-30T12:35:44.376+0000] {dag.py:2429} INFO - Sync 1 DAGs
[2022-08-30T12:35:44.393+0000] {logging_mixin.py:115} INFO - [2022-08-30T12:35:44.392+0000] {dag.py:2981} INFO - Setting next_dagrun for example_nested_branch_dag to 2022-08-29T00:00:00+00:00, run_after=2022-08-30T00:00:00+00:00
[2022-08-30T12:35:44.400+0000] {processor.py:161} INFO - Processing /home/airflow/.local/lib/python3.7/site-packages/airflow/example_dags/example_nested_branch_dag.py took 0.072 seconds
[2022-08-30T12:36:15.179+0000] {processor.py:153} INFO - Started process (PID=2969) to work on /home/airflow/.local/lib/python3.7/site-packages/airflow/example_dags/example_nested_branch_dag.py
[2022-08-30T12:36:15.182+0000] {processor.py:640} INFO - Processing file /home/airflow/.local/lib/python3.7/site-packages/airflow/example_dags/example_nested_branch_dag.py for tasks to queue
[2022-08-30T12:36:15.184+0000] {logging_mixin.py:115} INFO - [2022-08-30T12:36:15.184+0000] {dagbag.py:508} INFO - Filling up the DagBag from /home/airflow/.local/lib/python3.7/site-packages/airflow/example_dags/example_nested_branch_dag.py
[2022-08-30T12:36:15.201+0000] {processor.py:650} INFO - DAG(s) dict_keys(['example_nested_branch_dag']) retrieved from /home/airflow/.local/lib/python3.7/site-packages/airflow/example_dags/example_nested_branch_dag.py
[2022-08-30T12:36:15.221+0000] {logging_mixin.py:115} INFO - [2022-08-30T12:36:15.221+0000] {dag.py:2429} INFO - Sync 1 DAGs
[2022-08-30T12:36:15.234+0000] {logging_mixin.py:115} INFO - [2022-08-30T12:36:15.234+0000] {dag.py:2981} INFO - Setting next_dagrun for example_nested_branch_dag to 2022-08-29T00:00:00+00:00, run_after=2022-08-30T00:00:00+00:00
[2022-08-30T12:36:15.242+0000] {processor.py:161} INFO - Processing /home/airflow/.local/lib/python3.7/site-packages/airflow/example_dags/example_nested_branch_dag.py took 0.065 seconds
[2022-08-30T12:36:46.102+0000] {processor.py:153} INFO - Started process (PID=3166) to work on /home/airflow/.local/lib/python3.7/site-packages/airflow/example_dags/example_nested_branch_dag.py
[2022-08-30T12:36:46.104+0000] {processor.py:640} INFO - Processing file /home/airflow/.local/lib/python3.7/site-packages/airflow/example_dags/example_nested_branch_dag.py for tasks to queue
[2022-08-30T12:36:46.107+0000] {logging_mixin.py:115} INFO - [2022-08-30T12:36:46.107+0000] {dagbag.py:508} INFO - Filling up the DagBag from /home/airflow/.local/lib/python3.7/site-packages/airflow/example_dags/example_nested_branch_dag.py
[2022-08-30T12:36:46.119+0000] {processor.py:650} INFO - DAG(s) dict_keys(['example_nested_branch_dag']) retrieved from /home/airflow/.local/lib/python3.7/site-packages/airflow/example_dags/example_nested_branch_dag.py
[2022-08-30T12:36:46.137+0000] {logging_mixin.py:115} INFO - [2022-08-30T12:36:46.136+0000] {dag.py:2429} INFO - Sync 1 DAGs
[2022-08-30T12:36:46.150+0000] {logging_mixin.py:115} INFO - [2022-08-30T12:36:46.150+0000] {dag.py:2981} INFO - Setting next_dagrun for example_nested_branch_dag to 2022-08-29T00:00:00+00:00, run_after=2022-08-30T00:00:00+00:00
[2022-08-30T12:36:46.157+0000] {processor.py:161} INFO - Processing /home/airflow/.local/lib/python3.7/site-packages/airflow/example_dags/example_nested_branch_dag.py took 0.059 seconds
[2022-08-30T12:37:16.796+0000] {processor.py:153} INFO - Started process (PID=3366) to work on /home/airflow/.local/lib/python3.7/site-packages/airflow/example_dags/example_nested_branch_dag.py
[2022-08-30T12:37:16.799+0000] {processor.py:640} INFO - Processing file /home/airflow/.local/lib/python3.7/site-packages/airflow/example_dags/example_nested_branch_dag.py for tasks to queue
[2022-08-30T12:37:16.801+0000] {logging_mixin.py:115} INFO - [2022-08-30T12:37:16.801+0000] {dagbag.py:508} INFO - Filling up the DagBag from /home/airflow/.local/lib/python3.7/site-packages/airflow/example_dags/example_nested_branch_dag.py
[2022-08-30T12:37:16.817+0000] {processor.py:650} INFO - DAG(s) dict_keys(['example_nested_branch_dag']) retrieved from /home/airflow/.local/lib/python3.7/site-packages/airflow/example_dags/example_nested_branch_dag.py
[2022-08-30T12:37:16.836+0000] {logging_mixin.py:115} INFO - [2022-08-30T12:37:16.836+0000] {dag.py:2429} INFO - Sync 1 DAGs
[2022-08-30T12:37:16.849+0000] {logging_mixin.py:115} INFO - [2022-08-30T12:37:16.849+0000] {dag.py:2981} INFO - Setting next_dagrun for example_nested_branch_dag to 2022-08-29T00:00:00+00:00, run_after=2022-08-30T00:00:00+00:00
[2022-08-30T12:37:16.857+0000] {processor.py:161} INFO - Processing /home/airflow/.local/lib/python3.7/site-packages/airflow/example_dags/example_nested_branch_dag.py took 0.067 seconds
[2022-08-30T12:37:47.596+0000] {processor.py:153} INFO - Started process (PID=3567) to work on /home/airflow/.local/lib/python3.7/site-packages/airflow/example_dags/example_nested_branch_dag.py
[2022-08-30T12:37:47.597+0000] {processor.py:640} INFO - Processing file /home/airflow/.local/lib/python3.7/site-packages/airflow/example_dags/example_nested_branch_dag.py for tasks to queue
[2022-08-30T12:37:47.598+0000] {logging_mixin.py:115} INFO - [2022-08-30T12:37:47.598+0000] {dagbag.py:508} INFO - Filling up the DagBag from /home/airflow/.local/lib/python3.7/site-packages/airflow/example_dags/example_nested_branch_dag.py
[2022-08-30T12:37:47.625+0000] {processor.py:650} INFO - DAG(s) dict_keys(['example_nested_branch_dag']) retrieved from /home/airflow/.local/lib/python3.7/site-packages/airflow/example_dags/example_nested_branch_dag.py
[2022-08-30T12:37:47.651+0000] {logging_mixin.py:115} INFO - [2022-08-30T12:37:47.651+0000] {dag.py:2429} INFO - Sync 1 DAGs
[2022-08-30T12:37:47.666+0000] {logging_mixin.py:115} INFO - [2022-08-30T12:37:47.666+0000] {dag.py:2981} INFO - Setting next_dagrun for example_nested_branch_dag to 2022-08-29T00:00:00+00:00, run_after=2022-08-30T00:00:00+00:00
[2022-08-30T12:37:47.674+0000] {processor.py:161} INFO - Processing /home/airflow/.local/lib/python3.7/site-packages/airflow/example_dags/example_nested_branch_dag.py took 0.081 seconds
