[2022-08-30T12:27:47.436+0000] {processor.py:153} INFO - Started process (PID=285) to work on /home/airflow/.local/lib/python3.7/site-packages/airflow/example_dags/example_subdag_operator.py
[2022-08-30T12:27:47.438+0000] {processor.py:640} INFO - Processing file /home/airflow/.local/lib/python3.7/site-packages/airflow/example_dags/example_subdag_operator.py for tasks to queue
[2022-08-30T12:27:47.439+0000] {logging_mixin.py:115} INFO - [2022-08-30T12:27:47.439+0000] {dagbag.py:508} INFO - Filling up the DagBag from /home/airflow/.local/lib/python3.7/site-packages/airflow/example_dags/example_subdag_operator.py
[2022-08-30T12:27:47.464+0000] {processor.py:650} INFO - DAG(s) dict_keys(['example_subdag_operator.section-1', 'example_subdag_operator.section-2', 'example_subdag_operator']) retrieved from /home/airflow/.local/lib/python3.7/site-packages/airflow/example_dags/example_subdag_operator.py
[2022-08-30T12:27:47.620+0000] {logging_mixin.py:115} INFO - [2022-08-30T12:27:47.619+0000] {manager.py:508} INFO - Created Permission View: can read on DAG:example_subdag_operator
[2022-08-30T12:27:47.633+0000] {logging_mixin.py:115} INFO - [2022-08-30T12:27:47.633+0000] {manager.py:508} INFO - Created Permission View: can edit on DAG:example_subdag_operator
[2022-08-30T12:27:47.660+0000] {logging_mixin.py:115} INFO - [2022-08-30T12:27:47.659+0000] {manager.py:508} INFO - Created Permission View: can delete on DAG:example_subdag_operator
[2022-08-30T12:27:47.662+0000] {logging_mixin.py:115} INFO - [2022-08-30T12:27:47.662+0000] {dag.py:2429} INFO - Sync 3 DAGs
[2022-08-30T12:27:47.674+0000] {logging_mixin.py:115} INFO - [2022-08-30T12:27:47.674+0000] {dag.py:2448} INFO - Creating ORM DAG for example_subdag_operator.section-2
[2022-08-30T12:27:47.677+0000] {logging_mixin.py:115} INFO - [2022-08-30T12:27:47.677+0000] {dag.py:2448} INFO - Creating ORM DAG for example_subdag_operator
[2022-08-30T12:27:47.679+0000] {logging_mixin.py:115} INFO - [2022-08-30T12:27:47.679+0000] {dag.py:2448} INFO - Creating ORM DAG for example_subdag_operator.section-1
[2022-08-30T12:27:47.692+0000] {logging_mixin.py:115} INFO - [2022-08-30T12:27:47.691+0000] {dag.py:2981} INFO - Setting next_dagrun for example_subdag_operator to 2022-01-01T00:00:00+00:00, run_after=2022-01-01T00:00:00+00:00
[2022-08-30T12:27:47.694+0000] {logging_mixin.py:115} INFO - [2022-08-30T12:27:47.694+0000] {dag.py:2981} INFO - Setting next_dagrun for example_subdag_operator.section-1 to None, run_after=None
[2022-08-30T12:27:47.696+0000] {logging_mixin.py:115} INFO - [2022-08-30T12:27:47.695+0000] {dag.py:2981} INFO - Setting next_dagrun for example_subdag_operator.section-2 to None, run_after=None
[2022-08-30T12:27:47.708+0000] {logging_mixin.py:115} INFO - [2022-08-30T12:27:47.708+0000] {dag.py:2429} INFO - Sync 2 DAGs
[2022-08-30T12:27:47.716+0000] {logging_mixin.py:115} INFO - [2022-08-30T12:27:47.716+0000] {dag.py:2981} INFO - Setting next_dagrun for example_subdag_operator.section-1 to None, run_after=None
[2022-08-30T12:27:47.720+0000] {logging_mixin.py:115} INFO - [2022-08-30T12:27:47.720+0000] {dag.py:2981} INFO - Setting next_dagrun for example_subdag_operator.section-2 to None, run_after=None
[2022-08-30T12:27:47.746+0000] {processor.py:161} INFO - Processing /home/airflow/.local/lib/python3.7/site-packages/airflow/example_dags/example_subdag_operator.py took 0.312 seconds
[2022-08-30T12:28:17.789+0000] {processor.py:153} INFO - Started process (PID=485) to work on /home/airflow/.local/lib/python3.7/site-packages/airflow/example_dags/example_subdag_operator.py
[2022-08-30T12:28:17.791+0000] {processor.py:640} INFO - Processing file /home/airflow/.local/lib/python3.7/site-packages/airflow/example_dags/example_subdag_operator.py for tasks to queue
[2022-08-30T12:28:17.792+0000] {logging_mixin.py:115} INFO - [2022-08-30T12:28:17.792+0000] {dagbag.py:508} INFO - Filling up the DagBag from /home/airflow/.local/lib/python3.7/site-packages/airflow/example_dags/example_subdag_operator.py
[2022-08-30T12:28:17.815+0000] {processor.py:650} INFO - DAG(s) dict_keys(['example_subdag_operator.section-1', 'example_subdag_operator.section-2', 'example_subdag_operator']) retrieved from /home/airflow/.local/lib/python3.7/site-packages/airflow/example_dags/example_subdag_operator.py
[2022-08-30T12:28:17.908+0000] {logging_mixin.py:115} INFO - [2022-08-30T12:28:17.908+0000] {dag.py:2429} INFO - Sync 3 DAGs
[2022-08-30T12:28:17.921+0000] {logging_mixin.py:115} INFO - [2022-08-30T12:28:17.921+0000] {dag.py:2981} INFO - Setting next_dagrun for example_subdag_operator to 2022-01-01T00:00:00+00:00, run_after=2022-01-01T00:00:00+00:00
[2022-08-30T12:28:17.922+0000] {logging_mixin.py:115} INFO - [2022-08-30T12:28:17.922+0000] {dag.py:2981} INFO - Setting next_dagrun for example_subdag_operator.section-1 to None, run_after=None
[2022-08-30T12:28:17.923+0000] {logging_mixin.py:115} INFO - [2022-08-30T12:28:17.923+0000] {dag.py:2981} INFO - Setting next_dagrun for example_subdag_operator.section-2 to None, run_after=None
[2022-08-30T12:28:17.927+0000] {logging_mixin.py:115} INFO - [2022-08-30T12:28:17.927+0000] {dag.py:2429} INFO - Sync 2 DAGs
[2022-08-30T12:28:17.931+0000] {logging_mixin.py:115} INFO - [2022-08-30T12:28:17.931+0000] {dag.py:2981} INFO - Setting next_dagrun for example_subdag_operator.section-1 to None, run_after=None
[2022-08-30T12:28:17.932+0000] {logging_mixin.py:115} INFO - [2022-08-30T12:28:17.932+0000] {dag.py:2981} INFO - Setting next_dagrun for example_subdag_operator.section-2 to None, run_after=None
[2022-08-30T12:28:17.938+0000] {processor.py:161} INFO - Processing /home/airflow/.local/lib/python3.7/site-packages/airflow/example_dags/example_subdag_operator.py took 0.151 seconds
[2022-08-30T12:29:06.624+0000] {processor.py:153} INFO - Started process (PID=290) to work on /home/airflow/.local/lib/python3.7/site-packages/airflow/example_dags/example_subdag_operator.py
[2022-08-30T12:29:06.625+0000] {processor.py:640} INFO - Processing file /home/airflow/.local/lib/python3.7/site-packages/airflow/example_dags/example_subdag_operator.py for tasks to queue
[2022-08-30T12:29:06.626+0000] {logging_mixin.py:115} INFO - [2022-08-30T12:29:06.626+0000] {dagbag.py:508} INFO - Filling up the DagBag from /home/airflow/.local/lib/python3.7/site-packages/airflow/example_dags/example_subdag_operator.py
[2022-08-30T12:29:06.645+0000] {processor.py:650} INFO - DAG(s) dict_keys(['example_subdag_operator.section-1', 'example_subdag_operator.section-2', 'example_subdag_operator']) retrieved from /home/airflow/.local/lib/python3.7/site-packages/airflow/example_dags/example_subdag_operator.py
[2022-08-30T12:29:06.735+0000] {logging_mixin.py:115} INFO - [2022-08-30T12:29:06.734+0000] {dag.py:2429} INFO - Sync 3 DAGs
[2022-08-30T12:29:06.746+0000] {logging_mixin.py:115} INFO - [2022-08-30T12:29:06.746+0000] {dag.py:2981} INFO - Setting next_dagrun for example_subdag_operator to 2022-01-01T00:00:00+00:00, run_after=2022-01-01T00:00:00+00:00
[2022-08-30T12:29:06.748+0000] {logging_mixin.py:115} INFO - [2022-08-30T12:29:06.748+0000] {dag.py:2981} INFO - Setting next_dagrun for example_subdag_operator.section-1 to None, run_after=None
[2022-08-30T12:29:06.749+0000] {logging_mixin.py:115} INFO - [2022-08-30T12:29:06.748+0000] {dag.py:2981} INFO - Setting next_dagrun for example_subdag_operator.section-2 to None, run_after=None
[2022-08-30T12:29:06.753+0000] {logging_mixin.py:115} INFO - [2022-08-30T12:29:06.753+0000] {dag.py:2429} INFO - Sync 2 DAGs
[2022-08-30T12:29:06.757+0000] {logging_mixin.py:115} INFO - [2022-08-30T12:29:06.757+0000] {dag.py:2981} INFO - Setting next_dagrun for example_subdag_operator.section-1 to None, run_after=None
[2022-08-30T12:29:06.758+0000] {logging_mixin.py:115} INFO - [2022-08-30T12:29:06.758+0000] {dag.py:2981} INFO - Setting next_dagrun for example_subdag_operator.section-2 to None, run_after=None
[2022-08-30T12:29:06.762+0000] {processor.py:161} INFO - Processing /home/airflow/.local/lib/python3.7/site-packages/airflow/example_dags/example_subdag_operator.py took 0.141 seconds
[2022-08-30T12:29:37.291+0000] {processor.py:153} INFO - Started process (PID=490) to work on /home/airflow/.local/lib/python3.7/site-packages/airflow/example_dags/example_subdag_operator.py
[2022-08-30T12:29:37.293+0000] {processor.py:640} INFO - Processing file /home/airflow/.local/lib/python3.7/site-packages/airflow/example_dags/example_subdag_operator.py for tasks to queue
[2022-08-30T12:29:37.294+0000] {logging_mixin.py:115} INFO - [2022-08-30T12:29:37.294+0000] {dagbag.py:508} INFO - Filling up the DagBag from /home/airflow/.local/lib/python3.7/site-packages/airflow/example_dags/example_subdag_operator.py
[2022-08-30T12:29:37.312+0000] {processor.py:650} INFO - DAG(s) dict_keys(['example_subdag_operator.section-1', 'example_subdag_operator.section-2', 'example_subdag_operator']) retrieved from /home/airflow/.local/lib/python3.7/site-packages/airflow/example_dags/example_subdag_operator.py
[2022-08-30T12:29:37.393+0000] {logging_mixin.py:115} INFO - [2022-08-30T12:29:37.392+0000] {dag.py:2429} INFO - Sync 3 DAGs
[2022-08-30T12:29:37.405+0000] {logging_mixin.py:115} INFO - [2022-08-30T12:29:37.405+0000] {dag.py:2981} INFO - Setting next_dagrun for example_subdag_operator to 2022-01-01T00:00:00+00:00, run_after=2022-01-01T00:00:00+00:00
[2022-08-30T12:29:37.406+0000] {logging_mixin.py:115} INFO - [2022-08-30T12:29:37.406+0000] {dag.py:2981} INFO - Setting next_dagrun for example_subdag_operator.section-1 to None, run_after=None
[2022-08-30T12:29:37.407+0000] {logging_mixin.py:115} INFO - [2022-08-30T12:29:37.406+0000] {dag.py:2981} INFO - Setting next_dagrun for example_subdag_operator.section-2 to None, run_after=None
[2022-08-30T12:29:37.411+0000] {logging_mixin.py:115} INFO - [2022-08-30T12:29:37.411+0000] {dag.py:2429} INFO - Sync 2 DAGs
[2022-08-30T12:29:37.415+0000] {logging_mixin.py:115} INFO - [2022-08-30T12:29:37.414+0000] {dag.py:2981} INFO - Setting next_dagrun for example_subdag_operator.section-1 to None, run_after=None
[2022-08-30T12:29:37.415+0000] {logging_mixin.py:115} INFO - [2022-08-30T12:29:37.415+0000] {dag.py:2981} INFO - Setting next_dagrun for example_subdag_operator.section-2 to None, run_after=None
[2022-08-30T12:29:37.420+0000] {processor.py:161} INFO - Processing /home/airflow/.local/lib/python3.7/site-packages/airflow/example_dags/example_subdag_operator.py took 0.131 seconds
[2022-08-30T12:30:08.155+0000] {processor.py:153} INFO - Started process (PID=691) to work on /home/airflow/.local/lib/python3.7/site-packages/airflow/example_dags/example_subdag_operator.py
[2022-08-30T12:30:08.156+0000] {processor.py:640} INFO - Processing file /home/airflow/.local/lib/python3.7/site-packages/airflow/example_dags/example_subdag_operator.py for tasks to queue
[2022-08-30T12:30:08.157+0000] {logging_mixin.py:115} INFO - [2022-08-30T12:30:08.157+0000] {dagbag.py:508} INFO - Filling up the DagBag from /home/airflow/.local/lib/python3.7/site-packages/airflow/example_dags/example_subdag_operator.py
[2022-08-30T12:30:08.173+0000] {processor.py:650} INFO - DAG(s) dict_keys(['example_subdag_operator.section-1', 'example_subdag_operator.section-2', 'example_subdag_operator']) retrieved from /home/airflow/.local/lib/python3.7/site-packages/airflow/example_dags/example_subdag_operator.py
[2022-08-30T12:30:08.258+0000] {logging_mixin.py:115} INFO - [2022-08-30T12:30:08.258+0000] {dag.py:2429} INFO - Sync 3 DAGs
[2022-08-30T12:30:08.269+0000] {logging_mixin.py:115} INFO - [2022-08-30T12:30:08.269+0000] {dag.py:2981} INFO - Setting next_dagrun for example_subdag_operator to 2022-01-01T00:00:00+00:00, run_after=2022-01-01T00:00:00+00:00
[2022-08-30T12:30:08.271+0000] {logging_mixin.py:115} INFO - [2022-08-30T12:30:08.270+0000] {dag.py:2981} INFO - Setting next_dagrun for example_subdag_operator.section-1 to None, run_after=None
[2022-08-30T12:30:08.271+0000] {logging_mixin.py:115} INFO - [2022-08-30T12:30:08.271+0000] {dag.py:2981} INFO - Setting next_dagrun for example_subdag_operator.section-2 to None, run_after=None
[2022-08-30T12:30:08.276+0000] {logging_mixin.py:115} INFO - [2022-08-30T12:30:08.276+0000] {dag.py:2429} INFO - Sync 2 DAGs
[2022-08-30T12:30:08.279+0000] {logging_mixin.py:115} INFO - [2022-08-30T12:30:08.279+0000] {dag.py:2981} INFO - Setting next_dagrun for example_subdag_operator.section-1 to None, run_after=None
[2022-08-30T12:30:08.280+0000] {logging_mixin.py:115} INFO - [2022-08-30T12:30:08.280+0000] {dag.py:2981} INFO - Setting next_dagrun for example_subdag_operator.section-2 to None, run_after=None
[2022-08-30T12:30:08.285+0000] {processor.py:161} INFO - Processing /home/airflow/.local/lib/python3.7/site-packages/airflow/example_dags/example_subdag_operator.py took 0.133 seconds
[2022-08-30T12:30:38.843+0000] {processor.py:153} INFO - Started process (PID=892) to work on /home/airflow/.local/lib/python3.7/site-packages/airflow/example_dags/example_subdag_operator.py
[2022-08-30T12:30:38.845+0000] {processor.py:640} INFO - Processing file /home/airflow/.local/lib/python3.7/site-packages/airflow/example_dags/example_subdag_operator.py for tasks to queue
[2022-08-30T12:30:38.845+0000] {logging_mixin.py:115} INFO - [2022-08-30T12:30:38.845+0000] {dagbag.py:508} INFO - Filling up the DagBag from /home/airflow/.local/lib/python3.7/site-packages/airflow/example_dags/example_subdag_operator.py
[2022-08-30T12:30:38.862+0000] {processor.py:650} INFO - DAG(s) dict_keys(['example_subdag_operator.section-1', 'example_subdag_operator.section-2', 'example_subdag_operator']) retrieved from /home/airflow/.local/lib/python3.7/site-packages/airflow/example_dags/example_subdag_operator.py
[2022-08-30T12:30:38.943+0000] {logging_mixin.py:115} INFO - [2022-08-30T12:30:38.943+0000] {dag.py:2429} INFO - Sync 3 DAGs
[2022-08-30T12:30:38.968+0000] {logging_mixin.py:115} INFO - [2022-08-30T12:30:38.968+0000] {dag.py:2981} INFO - Setting next_dagrun for example_subdag_operator to 2022-01-01T00:00:00+00:00, run_after=2022-01-01T00:00:00+00:00
[2022-08-30T12:30:38.969+0000] {logging_mixin.py:115} INFO - [2022-08-30T12:30:38.969+0000] {dag.py:2981} INFO - Setting next_dagrun for example_subdag_operator.section-1 to None, run_after=None
[2022-08-30T12:30:38.970+0000] {logging_mixin.py:115} INFO - [2022-08-30T12:30:38.970+0000] {dag.py:2981} INFO - Setting next_dagrun for example_subdag_operator.section-2 to None, run_after=None
[2022-08-30T12:30:38.975+0000] {logging_mixin.py:115} INFO - [2022-08-30T12:30:38.975+0000] {dag.py:2429} INFO - Sync 2 DAGs
[2022-08-30T12:30:38.982+0000] {logging_mixin.py:115} INFO - [2022-08-30T12:30:38.982+0000] {dag.py:2981} INFO - Setting next_dagrun for example_subdag_operator.section-1 to None, run_after=None
[2022-08-30T12:30:38.983+0000] {logging_mixin.py:115} INFO - [2022-08-30T12:30:38.983+0000] {dag.py:2981} INFO - Setting next_dagrun for example_subdag_operator.section-2 to None, run_after=None
[2022-08-30T12:30:38.988+0000] {processor.py:161} INFO - Processing /home/airflow/.local/lib/python3.7/site-packages/airflow/example_dags/example_subdag_operator.py took 0.148 seconds
[2022-08-30T12:31:09.658+0000] {processor.py:153} INFO - Started process (PID=1084) to work on /home/airflow/.local/lib/python3.7/site-packages/airflow/example_dags/example_subdag_operator.py
[2022-08-30T12:31:09.660+0000] {processor.py:640} INFO - Processing file /home/airflow/.local/lib/python3.7/site-packages/airflow/example_dags/example_subdag_operator.py for tasks to queue
[2022-08-30T12:31:09.661+0000] {logging_mixin.py:115} INFO - [2022-08-30T12:31:09.661+0000] {dagbag.py:508} INFO - Filling up the DagBag from /home/airflow/.local/lib/python3.7/site-packages/airflow/example_dags/example_subdag_operator.py
[2022-08-30T12:31:09.680+0000] {processor.py:650} INFO - DAG(s) dict_keys(['example_subdag_operator.section-1', 'example_subdag_operator.section-2', 'example_subdag_operator']) retrieved from /home/airflow/.local/lib/python3.7/site-packages/airflow/example_dags/example_subdag_operator.py
[2022-08-30T12:31:09.759+0000] {logging_mixin.py:115} INFO - [2022-08-30T12:31:09.759+0000] {dag.py:2429} INFO - Sync 3 DAGs
[2022-08-30T12:31:09.771+0000] {logging_mixin.py:115} INFO - [2022-08-30T12:31:09.771+0000] {dag.py:2981} INFO - Setting next_dagrun for example_subdag_operator to 2022-01-01T00:00:00+00:00, run_after=2022-01-01T00:00:00+00:00
[2022-08-30T12:31:09.773+0000] {logging_mixin.py:115} INFO - [2022-08-30T12:31:09.773+0000] {dag.py:2981} INFO - Setting next_dagrun for example_subdag_operator.section-1 to None, run_after=None
[2022-08-30T12:31:09.774+0000] {logging_mixin.py:115} INFO - [2022-08-30T12:31:09.774+0000] {dag.py:2981} INFO - Setting next_dagrun for example_subdag_operator.section-2 to None, run_after=None
[2022-08-30T12:31:09.779+0000] {logging_mixin.py:115} INFO - [2022-08-30T12:31:09.779+0000] {dag.py:2429} INFO - Sync 2 DAGs
[2022-08-30T12:31:09.782+0000] {logging_mixin.py:115} INFO - [2022-08-30T12:31:09.782+0000] {dag.py:2981} INFO - Setting next_dagrun for example_subdag_operator.section-1 to None, run_after=None
[2022-08-30T12:31:09.783+0000] {logging_mixin.py:115} INFO - [2022-08-30T12:31:09.783+0000] {dag.py:2981} INFO - Setting next_dagrun for example_subdag_operator.section-2 to None, run_after=None
[2022-08-30T12:31:09.788+0000] {processor.py:161} INFO - Processing /home/airflow/.local/lib/python3.7/site-packages/airflow/example_dags/example_subdag_operator.py took 0.132 seconds
[2022-08-30T12:31:40.279+0000] {processor.py:153} INFO - Started process (PID=1285) to work on /home/airflow/.local/lib/python3.7/site-packages/airflow/example_dags/example_subdag_operator.py
[2022-08-30T12:31:40.281+0000] {processor.py:640} INFO - Processing file /home/airflow/.local/lib/python3.7/site-packages/airflow/example_dags/example_subdag_operator.py for tasks to queue
[2022-08-30T12:31:40.281+0000] {logging_mixin.py:115} INFO - [2022-08-30T12:31:40.281+0000] {dagbag.py:508} INFO - Filling up the DagBag from /home/airflow/.local/lib/python3.7/site-packages/airflow/example_dags/example_subdag_operator.py
[2022-08-30T12:31:40.298+0000] {processor.py:650} INFO - DAG(s) dict_keys(['example_subdag_operator.section-1', 'example_subdag_operator.section-2', 'example_subdag_operator']) retrieved from /home/airflow/.local/lib/python3.7/site-packages/airflow/example_dags/example_subdag_operator.py
[2022-08-30T12:31:40.386+0000] {logging_mixin.py:115} INFO - [2022-08-30T12:31:40.386+0000] {dag.py:2429} INFO - Sync 3 DAGs
[2022-08-30T12:31:40.399+0000] {logging_mixin.py:115} INFO - [2022-08-30T12:31:40.399+0000] {dag.py:2981} INFO - Setting next_dagrun for example_subdag_operator to 2022-01-01T00:00:00+00:00, run_after=2022-01-01T00:00:00+00:00
[2022-08-30T12:31:40.400+0000] {logging_mixin.py:115} INFO - [2022-08-30T12:31:40.400+0000] {dag.py:2981} INFO - Setting next_dagrun for example_subdag_operator.section-1 to None, run_after=None
[2022-08-30T12:31:40.401+0000] {logging_mixin.py:115} INFO - [2022-08-30T12:31:40.401+0000] {dag.py:2981} INFO - Setting next_dagrun for example_subdag_operator.section-2 to None, run_after=None
[2022-08-30T12:31:40.406+0000] {logging_mixin.py:115} INFO - [2022-08-30T12:31:40.406+0000] {dag.py:2429} INFO - Sync 2 DAGs
[2022-08-30T12:31:40.409+0000] {logging_mixin.py:115} INFO - [2022-08-30T12:31:40.409+0000] {dag.py:2981} INFO - Setting next_dagrun for example_subdag_operator.section-1 to None, run_after=None
[2022-08-30T12:31:40.411+0000] {logging_mixin.py:115} INFO - [2022-08-30T12:31:40.410+0000] {dag.py:2981} INFO - Setting next_dagrun for example_subdag_operator.section-2 to None, run_after=None
[2022-08-30T12:31:40.415+0000] {processor.py:161} INFO - Processing /home/airflow/.local/lib/python3.7/site-packages/airflow/example_dags/example_subdag_operator.py took 0.138 seconds
[2022-08-30T12:32:10.958+0000] {processor.py:153} INFO - Started process (PID=1485) to work on /home/airflow/.local/lib/python3.7/site-packages/airflow/example_dags/example_subdag_operator.py
[2022-08-30T12:32:10.959+0000] {processor.py:640} INFO - Processing file /home/airflow/.local/lib/python3.7/site-packages/airflow/example_dags/example_subdag_operator.py for tasks to queue
[2022-08-30T12:32:10.960+0000] {logging_mixin.py:115} INFO - [2022-08-30T12:32:10.960+0000] {dagbag.py:508} INFO - Filling up the DagBag from /home/airflow/.local/lib/python3.7/site-packages/airflow/example_dags/example_subdag_operator.py
[2022-08-30T12:32:10.978+0000] {processor.py:650} INFO - DAG(s) dict_keys(['example_subdag_operator.section-1', 'example_subdag_operator.section-2', 'example_subdag_operator']) retrieved from /home/airflow/.local/lib/python3.7/site-packages/airflow/example_dags/example_subdag_operator.py
[2022-08-30T12:32:11.066+0000] {logging_mixin.py:115} INFO - [2022-08-30T12:32:11.066+0000] {dag.py:2429} INFO - Sync 3 DAGs
[2022-08-30T12:32:11.079+0000] {logging_mixin.py:115} INFO - [2022-08-30T12:32:11.079+0000] {dag.py:2981} INFO - Setting next_dagrun for example_subdag_operator to 2022-01-01T00:00:00+00:00, run_after=2022-01-01T00:00:00+00:00
[2022-08-30T12:32:11.080+0000] {logging_mixin.py:115} INFO - [2022-08-30T12:32:11.080+0000] {dag.py:2981} INFO - Setting next_dagrun for example_subdag_operator.section-1 to None, run_after=None
[2022-08-30T12:32:11.081+0000] {logging_mixin.py:115} INFO - [2022-08-30T12:32:11.081+0000] {dag.py:2981} INFO - Setting next_dagrun for example_subdag_operator.section-2 to None, run_after=None
[2022-08-30T12:32:11.086+0000] {logging_mixin.py:115} INFO - [2022-08-30T12:32:11.086+0000] {dag.py:2429} INFO - Sync 2 DAGs
[2022-08-30T12:32:11.090+0000] {logging_mixin.py:115} INFO - [2022-08-30T12:32:11.090+0000] {dag.py:2981} INFO - Setting next_dagrun for example_subdag_operator.section-1 to None, run_after=None
[2022-08-30T12:32:11.091+0000] {logging_mixin.py:115} INFO - [2022-08-30T12:32:11.091+0000] {dag.py:2981} INFO - Setting next_dagrun for example_subdag_operator.section-2 to None, run_after=None
[2022-08-30T12:32:11.096+0000] {processor.py:161} INFO - Processing /home/airflow/.local/lib/python3.7/site-packages/airflow/example_dags/example_subdag_operator.py took 0.141 seconds
[2022-08-30T12:32:41.968+0000] {processor.py:153} INFO - Started process (PID=1688) to work on /home/airflow/.local/lib/python3.7/site-packages/airflow/example_dags/example_subdag_operator.py
[2022-08-30T12:32:41.970+0000] {processor.py:640} INFO - Processing file /home/airflow/.local/lib/python3.7/site-packages/airflow/example_dags/example_subdag_operator.py for tasks to queue
[2022-08-30T12:32:41.972+0000] {logging_mixin.py:115} INFO - [2022-08-30T12:32:41.972+0000] {dagbag.py:508} INFO - Filling up the DagBag from /home/airflow/.local/lib/python3.7/site-packages/airflow/example_dags/example_subdag_operator.py
[2022-08-30T12:32:41.992+0000] {processor.py:650} INFO - DAG(s) dict_keys(['example_subdag_operator.section-1', 'example_subdag_operator.section-2', 'example_subdag_operator']) retrieved from /home/airflow/.local/lib/python3.7/site-packages/airflow/example_dags/example_subdag_operator.py
[2022-08-30T12:32:42.079+0000] {logging_mixin.py:115} INFO - [2022-08-30T12:32:42.079+0000] {dag.py:2429} INFO - Sync 3 DAGs
[2022-08-30T12:32:42.092+0000] {logging_mixin.py:115} INFO - [2022-08-30T12:32:42.092+0000] {dag.py:2981} INFO - Setting next_dagrun for example_subdag_operator to 2022-01-01T00:00:00+00:00, run_after=2022-01-01T00:00:00+00:00
[2022-08-30T12:32:42.093+0000] {logging_mixin.py:115} INFO - [2022-08-30T12:32:42.093+0000] {dag.py:2981} INFO - Setting next_dagrun for example_subdag_operator.section-1 to None, run_after=None
[2022-08-30T12:32:42.094+0000] {logging_mixin.py:115} INFO - [2022-08-30T12:32:42.094+0000] {dag.py:2981} INFO - Setting next_dagrun for example_subdag_operator.section-2 to None, run_after=None
[2022-08-30T12:32:42.098+0000] {logging_mixin.py:115} INFO - [2022-08-30T12:32:42.098+0000] {dag.py:2429} INFO - Sync 2 DAGs
[2022-08-30T12:32:42.101+0000] {logging_mixin.py:115} INFO - [2022-08-30T12:32:42.101+0000] {dag.py:2981} INFO - Setting next_dagrun for example_subdag_operator.section-1 to None, run_after=None
[2022-08-30T12:32:42.103+0000] {logging_mixin.py:115} INFO - [2022-08-30T12:32:42.103+0000] {dag.py:2981} INFO - Setting next_dagrun for example_subdag_operator.section-2 to None, run_after=None
[2022-08-30T12:32:42.109+0000] {processor.py:161} INFO - Processing /home/airflow/.local/lib/python3.7/site-packages/airflow/example_dags/example_subdag_operator.py took 0.144 seconds
[2022-08-30T12:33:12.591+0000] {processor.py:153} INFO - Started process (PID=1891) to work on /home/airflow/.local/lib/python3.7/site-packages/airflow/example_dags/example_subdag_operator.py
[2022-08-30T12:33:12.593+0000] {processor.py:640} INFO - Processing file /home/airflow/.local/lib/python3.7/site-packages/airflow/example_dags/example_subdag_operator.py for tasks to queue
[2022-08-30T12:33:12.594+0000] {logging_mixin.py:115} INFO - [2022-08-30T12:33:12.594+0000] {dagbag.py:508} INFO - Filling up the DagBag from /home/airflow/.local/lib/python3.7/site-packages/airflow/example_dags/example_subdag_operator.py
[2022-08-30T12:33:12.610+0000] {processor.py:650} INFO - DAG(s) dict_keys(['example_subdag_operator.section-1', 'example_subdag_operator.section-2', 'example_subdag_operator']) retrieved from /home/airflow/.local/lib/python3.7/site-packages/airflow/example_dags/example_subdag_operator.py
[2022-08-30T12:33:12.695+0000] {logging_mixin.py:115} INFO - [2022-08-30T12:33:12.695+0000] {dag.py:2429} INFO - Sync 3 DAGs
[2022-08-30T12:33:12.706+0000] {logging_mixin.py:115} INFO - [2022-08-30T12:33:12.706+0000] {dag.py:2981} INFO - Setting next_dagrun for example_subdag_operator to 2022-01-01T00:00:00+00:00, run_after=2022-01-01T00:00:00+00:00
[2022-08-30T12:33:12.708+0000] {logging_mixin.py:115} INFO - [2022-08-30T12:33:12.707+0000] {dag.py:2981} INFO - Setting next_dagrun for example_subdag_operator.section-1 to None, run_after=None
[2022-08-30T12:33:12.708+0000] {logging_mixin.py:115} INFO - [2022-08-30T12:33:12.708+0000] {dag.py:2981} INFO - Setting next_dagrun for example_subdag_operator.section-2 to None, run_after=None
[2022-08-30T12:33:12.713+0000] {logging_mixin.py:115} INFO - [2022-08-30T12:33:12.712+0000] {dag.py:2429} INFO - Sync 2 DAGs
[2022-08-30T12:33:12.716+0000] {logging_mixin.py:115} INFO - [2022-08-30T12:33:12.716+0000] {dag.py:2981} INFO - Setting next_dagrun for example_subdag_operator.section-1 to None, run_after=None
[2022-08-30T12:33:12.717+0000] {logging_mixin.py:115} INFO - [2022-08-30T12:33:12.716+0000] {dag.py:2981} INFO - Setting next_dagrun for example_subdag_operator.section-2 to None, run_after=None
[2022-08-30T12:33:12.721+0000] {processor.py:161} INFO - Processing /home/airflow/.local/lib/python3.7/site-packages/airflow/example_dags/example_subdag_operator.py took 0.132 seconds
[2022-08-30T12:33:43.284+0000] {processor.py:153} INFO - Started process (PID=2091) to work on /home/airflow/.local/lib/python3.7/site-packages/airflow/example_dags/example_subdag_operator.py
[2022-08-30T12:33:43.286+0000] {processor.py:640} INFO - Processing file /home/airflow/.local/lib/python3.7/site-packages/airflow/example_dags/example_subdag_operator.py for tasks to queue
[2022-08-30T12:33:43.288+0000] {logging_mixin.py:115} INFO - [2022-08-30T12:33:43.288+0000] {dagbag.py:508} INFO - Filling up the DagBag from /home/airflow/.local/lib/python3.7/site-packages/airflow/example_dags/example_subdag_operator.py
[2022-08-30T12:33:43.304+0000] {processor.py:650} INFO - DAG(s) dict_keys(['example_subdag_operator.section-1', 'example_subdag_operator.section-2', 'example_subdag_operator']) retrieved from /home/airflow/.local/lib/python3.7/site-packages/airflow/example_dags/example_subdag_operator.py
[2022-08-30T12:33:43.396+0000] {logging_mixin.py:115} INFO - [2022-08-30T12:33:43.396+0000] {dag.py:2429} INFO - Sync 3 DAGs
[2022-08-30T12:33:43.409+0000] {logging_mixin.py:115} INFO - [2022-08-30T12:33:43.408+0000] {dag.py:2981} INFO - Setting next_dagrun for example_subdag_operator to 2022-01-01T00:00:00+00:00, run_after=2022-01-01T00:00:00+00:00
[2022-08-30T12:33:43.410+0000] {logging_mixin.py:115} INFO - [2022-08-30T12:33:43.409+0000] {dag.py:2981} INFO - Setting next_dagrun for example_subdag_operator.section-1 to None, run_after=None
[2022-08-30T12:33:43.411+0000] {logging_mixin.py:115} INFO - [2022-08-30T12:33:43.411+0000] {dag.py:2981} INFO - Setting next_dagrun for example_subdag_operator.section-2 to None, run_after=None
[2022-08-30T12:33:43.415+0000] {logging_mixin.py:115} INFO - [2022-08-30T12:33:43.415+0000] {dag.py:2429} INFO - Sync 2 DAGs
[2022-08-30T12:33:43.419+0000] {logging_mixin.py:115} INFO - [2022-08-30T12:33:43.419+0000] {dag.py:2981} INFO - Setting next_dagrun for example_subdag_operator.section-1 to None, run_after=None
[2022-08-30T12:33:43.421+0000] {logging_mixin.py:115} INFO - [2022-08-30T12:33:43.420+0000] {dag.py:2981} INFO - Setting next_dagrun for example_subdag_operator.section-2 to None, run_after=None
[2022-08-30T12:33:43.425+0000] {processor.py:161} INFO - Processing /home/airflow/.local/lib/python3.7/site-packages/airflow/example_dags/example_subdag_operator.py took 0.144 seconds
[2022-08-30T12:34:14.155+0000] {processor.py:153} INFO - Started process (PID=2291) to work on /home/airflow/.local/lib/python3.7/site-packages/airflow/example_dags/example_subdag_operator.py
[2022-08-30T12:34:14.156+0000] {processor.py:640} INFO - Processing file /home/airflow/.local/lib/python3.7/site-packages/airflow/example_dags/example_subdag_operator.py for tasks to queue
[2022-08-30T12:34:14.157+0000] {logging_mixin.py:115} INFO - [2022-08-30T12:34:14.157+0000] {dagbag.py:508} INFO - Filling up the DagBag from /home/airflow/.local/lib/python3.7/site-packages/airflow/example_dags/example_subdag_operator.py
[2022-08-30T12:34:14.177+0000] {processor.py:650} INFO - DAG(s) dict_keys(['example_subdag_operator.section-1', 'example_subdag_operator.section-2', 'example_subdag_operator']) retrieved from /home/airflow/.local/lib/python3.7/site-packages/airflow/example_dags/example_subdag_operator.py
[2022-08-30T12:34:14.252+0000] {logging_mixin.py:115} INFO - [2022-08-30T12:34:14.252+0000] {dag.py:2429} INFO - Sync 3 DAGs
[2022-08-30T12:34:14.264+0000] {logging_mixin.py:115} INFO - [2022-08-30T12:34:14.264+0000] {dag.py:2981} INFO - Setting next_dagrun for example_subdag_operator to 2022-01-01T00:00:00+00:00, run_after=2022-01-01T00:00:00+00:00
[2022-08-30T12:34:14.266+0000] {logging_mixin.py:115} INFO - [2022-08-30T12:34:14.266+0000] {dag.py:2981} INFO - Setting next_dagrun for example_subdag_operator.section-1 to None, run_after=None
[2022-08-30T12:34:14.267+0000] {logging_mixin.py:115} INFO - [2022-08-30T12:34:14.267+0000] {dag.py:2981} INFO - Setting next_dagrun for example_subdag_operator.section-2 to None, run_after=None
[2022-08-30T12:34:14.271+0000] {logging_mixin.py:115} INFO - [2022-08-30T12:34:14.271+0000] {dag.py:2429} INFO - Sync 2 DAGs
[2022-08-30T12:34:14.275+0000] {logging_mixin.py:115} INFO - [2022-08-30T12:34:14.275+0000] {dag.py:2981} INFO - Setting next_dagrun for example_subdag_operator.section-1 to None, run_after=None
[2022-08-30T12:34:14.276+0000] {logging_mixin.py:115} INFO - [2022-08-30T12:34:14.276+0000] {dag.py:2981} INFO - Setting next_dagrun for example_subdag_operator.section-2 to None, run_after=None
[2022-08-30T12:34:14.281+0000] {processor.py:161} INFO - Processing /home/airflow/.local/lib/python3.7/site-packages/airflow/example_dags/example_subdag_operator.py took 0.129 seconds
[2022-08-30T12:34:44.856+0000] {processor.py:153} INFO - Started process (PID=2481) to work on /home/airflow/.local/lib/python3.7/site-packages/airflow/example_dags/example_subdag_operator.py
[2022-08-30T12:34:44.857+0000] {processor.py:640} INFO - Processing file /home/airflow/.local/lib/python3.7/site-packages/airflow/example_dags/example_subdag_operator.py for tasks to queue
[2022-08-30T12:34:44.858+0000] {logging_mixin.py:115} INFO - [2022-08-30T12:34:44.858+0000] {dagbag.py:508} INFO - Filling up the DagBag from /home/airflow/.local/lib/python3.7/site-packages/airflow/example_dags/example_subdag_operator.py
[2022-08-30T12:34:44.879+0000] {processor.py:650} INFO - DAG(s) dict_keys(['example_subdag_operator.section-1', 'example_subdag_operator.section-2', 'example_subdag_operator']) retrieved from /home/airflow/.local/lib/python3.7/site-packages/airflow/example_dags/example_subdag_operator.py
[2022-08-30T12:34:44.960+0000] {logging_mixin.py:115} INFO - [2022-08-30T12:34:44.960+0000] {dag.py:2429} INFO - Sync 3 DAGs
[2022-08-30T12:34:44.972+0000] {logging_mixin.py:115} INFO - [2022-08-30T12:34:44.972+0000] {dag.py:2981} INFO - Setting next_dagrun for example_subdag_operator to 2022-01-01T00:00:00+00:00, run_after=2022-01-01T00:00:00+00:00
[2022-08-30T12:34:44.975+0000] {logging_mixin.py:115} INFO - [2022-08-30T12:34:44.974+0000] {dag.py:2981} INFO - Setting next_dagrun for example_subdag_operator.section-1 to None, run_after=None
[2022-08-30T12:34:44.975+0000] {logging_mixin.py:115} INFO - [2022-08-30T12:34:44.975+0000] {dag.py:2981} INFO - Setting next_dagrun for example_subdag_operator.section-2 to None, run_after=None
[2022-08-30T12:34:44.981+0000] {logging_mixin.py:115} INFO - [2022-08-30T12:34:44.981+0000] {dag.py:2429} INFO - Sync 2 DAGs
[2022-08-30T12:34:44.985+0000] {logging_mixin.py:115} INFO - [2022-08-30T12:34:44.985+0000] {dag.py:2981} INFO - Setting next_dagrun for example_subdag_operator.section-1 to None, run_after=None
[2022-08-30T12:34:44.986+0000] {logging_mixin.py:115} INFO - [2022-08-30T12:34:44.986+0000] {dag.py:2981} INFO - Setting next_dagrun for example_subdag_operator.section-2 to None, run_after=None
[2022-08-30T12:34:44.993+0000] {processor.py:161} INFO - Processing /home/airflow/.local/lib/python3.7/site-packages/airflow/example_dags/example_subdag_operator.py took 0.139 seconds
[2022-08-30T12:35:15.596+0000] {processor.py:153} INFO - Started process (PID=2683) to work on /home/airflow/.local/lib/python3.7/site-packages/airflow/example_dags/example_subdag_operator.py
[2022-08-30T12:35:15.604+0000] {processor.py:640} INFO - Processing file /home/airflow/.local/lib/python3.7/site-packages/airflow/example_dags/example_subdag_operator.py for tasks to queue
[2022-08-30T12:35:15.605+0000] {logging_mixin.py:115} INFO - [2022-08-30T12:35:15.605+0000] {dagbag.py:508} INFO - Filling up the DagBag from /home/airflow/.local/lib/python3.7/site-packages/airflow/example_dags/example_subdag_operator.py
[2022-08-30T12:35:15.623+0000] {processor.py:650} INFO - DAG(s) dict_keys(['example_subdag_operator.section-1', 'example_subdag_operator.section-2', 'example_subdag_operator']) retrieved from /home/airflow/.local/lib/python3.7/site-packages/airflow/example_dags/example_subdag_operator.py
[2022-08-30T12:35:15.703+0000] {logging_mixin.py:115} INFO - [2022-08-30T12:35:15.703+0000] {dag.py:2429} INFO - Sync 3 DAGs
[2022-08-30T12:35:15.715+0000] {logging_mixin.py:115} INFO - [2022-08-30T12:35:15.715+0000] {dag.py:2981} INFO - Setting next_dagrun for example_subdag_operator to 2022-01-01T00:00:00+00:00, run_after=2022-01-01T00:00:00+00:00
[2022-08-30T12:35:15.716+0000] {logging_mixin.py:115} INFO - [2022-08-30T12:35:15.716+0000] {dag.py:2981} INFO - Setting next_dagrun for example_subdag_operator.section-1 to None, run_after=None
[2022-08-30T12:35:15.717+0000] {logging_mixin.py:115} INFO - [2022-08-30T12:35:15.717+0000] {dag.py:2981} INFO - Setting next_dagrun for example_subdag_operator.section-2 to None, run_after=None
[2022-08-30T12:35:15.721+0000] {logging_mixin.py:115} INFO - [2022-08-30T12:35:15.721+0000] {dag.py:2429} INFO - Sync 2 DAGs
[2022-08-30T12:35:15.725+0000] {logging_mixin.py:115} INFO - [2022-08-30T12:35:15.725+0000] {dag.py:2981} INFO - Setting next_dagrun for example_subdag_operator.section-1 to None, run_after=None
[2022-08-30T12:35:15.726+0000] {logging_mixin.py:115} INFO - [2022-08-30T12:35:15.726+0000] {dag.py:2981} INFO - Setting next_dagrun for example_subdag_operator.section-2 to None, run_after=None
[2022-08-30T12:35:15.730+0000] {processor.py:161} INFO - Processing /home/airflow/.local/lib/python3.7/site-packages/airflow/example_dags/example_subdag_operator.py took 0.136 seconds
[2022-08-30T12:35:46.480+0000] {processor.py:153} INFO - Started process (PID=2885) to work on /home/airflow/.local/lib/python3.7/site-packages/airflow/example_dags/example_subdag_operator.py
[2022-08-30T12:35:46.482+0000] {processor.py:640} INFO - Processing file /home/airflow/.local/lib/python3.7/site-packages/airflow/example_dags/example_subdag_operator.py for tasks to queue
[2022-08-30T12:35:46.483+0000] {logging_mixin.py:115} INFO - [2022-08-30T12:35:46.483+0000] {dagbag.py:508} INFO - Filling up the DagBag from /home/airflow/.local/lib/python3.7/site-packages/airflow/example_dags/example_subdag_operator.py
[2022-08-30T12:35:46.505+0000] {processor.py:650} INFO - DAG(s) dict_keys(['example_subdag_operator.section-1', 'example_subdag_operator.section-2', 'example_subdag_operator']) retrieved from /home/airflow/.local/lib/python3.7/site-packages/airflow/example_dags/example_subdag_operator.py
[2022-08-30T12:35:46.585+0000] {logging_mixin.py:115} INFO - [2022-08-30T12:35:46.585+0000] {dag.py:2429} INFO - Sync 3 DAGs
[2022-08-30T12:35:46.597+0000] {logging_mixin.py:115} INFO - [2022-08-30T12:35:46.597+0000] {dag.py:2981} INFO - Setting next_dagrun for example_subdag_operator to 2022-01-01T00:00:00+00:00, run_after=2022-01-01T00:00:00+00:00
[2022-08-30T12:35:46.598+0000] {logging_mixin.py:115} INFO - [2022-08-30T12:35:46.598+0000] {dag.py:2981} INFO - Setting next_dagrun for example_subdag_operator.section-1 to None, run_after=None
[2022-08-30T12:35:46.599+0000] {logging_mixin.py:115} INFO - [2022-08-30T12:35:46.599+0000] {dag.py:2981} INFO - Setting next_dagrun for example_subdag_operator.section-2 to None, run_after=None
[2022-08-30T12:35:46.604+0000] {logging_mixin.py:115} INFO - [2022-08-30T12:35:46.604+0000] {dag.py:2429} INFO - Sync 2 DAGs
[2022-08-30T12:35:46.608+0000] {logging_mixin.py:115} INFO - [2022-08-30T12:35:46.608+0000] {dag.py:2981} INFO - Setting next_dagrun for example_subdag_operator.section-1 to None, run_after=None
[2022-08-30T12:35:46.609+0000] {logging_mixin.py:115} INFO - [2022-08-30T12:35:46.609+0000] {dag.py:2981} INFO - Setting next_dagrun for example_subdag_operator.section-2 to None, run_after=None
[2022-08-30T12:35:46.614+0000] {processor.py:161} INFO - Processing /home/airflow/.local/lib/python3.7/site-packages/airflow/example_dags/example_subdag_operator.py took 0.136 seconds
[2022-08-30T12:36:17.312+0000] {processor.py:153} INFO - Started process (PID=3089) to work on /home/airflow/.local/lib/python3.7/site-packages/airflow/example_dags/example_subdag_operator.py
[2022-08-30T12:36:17.314+0000] {processor.py:640} INFO - Processing file /home/airflow/.local/lib/python3.7/site-packages/airflow/example_dags/example_subdag_operator.py for tasks to queue
[2022-08-30T12:36:17.315+0000] {logging_mixin.py:115} INFO - [2022-08-30T12:36:17.315+0000] {dagbag.py:508} INFO - Filling up the DagBag from /home/airflow/.local/lib/python3.7/site-packages/airflow/example_dags/example_subdag_operator.py
[2022-08-30T12:36:17.343+0000] {processor.py:650} INFO - DAG(s) dict_keys(['example_subdag_operator.section-1', 'example_subdag_operator.section-2', 'example_subdag_operator']) retrieved from /home/airflow/.local/lib/python3.7/site-packages/airflow/example_dags/example_subdag_operator.py
[2022-08-30T12:36:17.421+0000] {logging_mixin.py:115} INFO - [2022-08-30T12:36:17.421+0000] {dag.py:2429} INFO - Sync 3 DAGs
[2022-08-30T12:36:17.436+0000] {logging_mixin.py:115} INFO - [2022-08-30T12:36:17.435+0000] {dag.py:2981} INFO - Setting next_dagrun for example_subdag_operator to 2022-01-01T00:00:00+00:00, run_after=2022-01-01T00:00:00+00:00
[2022-08-30T12:36:17.437+0000] {logging_mixin.py:115} INFO - [2022-08-30T12:36:17.437+0000] {dag.py:2981} INFO - Setting next_dagrun for example_subdag_operator.section-1 to None, run_after=None
[2022-08-30T12:36:17.438+0000] {logging_mixin.py:115} INFO - [2022-08-30T12:36:17.438+0000] {dag.py:2981} INFO - Setting next_dagrun for example_subdag_operator.section-2 to None, run_after=None
[2022-08-30T12:36:17.443+0000] {logging_mixin.py:115} INFO - [2022-08-30T12:36:17.443+0000] {dag.py:2429} INFO - Sync 2 DAGs
[2022-08-30T12:36:17.446+0000] {logging_mixin.py:115} INFO - [2022-08-30T12:36:17.446+0000] {dag.py:2981} INFO - Setting next_dagrun for example_subdag_operator.section-1 to None, run_after=None
[2022-08-30T12:36:17.447+0000] {logging_mixin.py:115} INFO - [2022-08-30T12:36:17.447+0000] {dag.py:2981} INFO - Setting next_dagrun for example_subdag_operator.section-2 to None, run_after=None
[2022-08-30T12:36:17.452+0000] {processor.py:161} INFO - Processing /home/airflow/.local/lib/python3.7/site-packages/airflow/example_dags/example_subdag_operator.py took 0.142 seconds
[2022-08-30T12:36:48.144+0000] {processor.py:153} INFO - Started process (PID=3284) to work on /home/airflow/.local/lib/python3.7/site-packages/airflow/example_dags/example_subdag_operator.py
[2022-08-30T12:36:48.145+0000] {processor.py:640} INFO - Processing file /home/airflow/.local/lib/python3.7/site-packages/airflow/example_dags/example_subdag_operator.py for tasks to queue
[2022-08-30T12:36:48.146+0000] {logging_mixin.py:115} INFO - [2022-08-30T12:36:48.146+0000] {dagbag.py:508} INFO - Filling up the DagBag from /home/airflow/.local/lib/python3.7/site-packages/airflow/example_dags/example_subdag_operator.py
[2022-08-30T12:36:48.166+0000] {processor.py:650} INFO - DAG(s) dict_keys(['example_subdag_operator.section-1', 'example_subdag_operator.section-2', 'example_subdag_operator']) retrieved from /home/airflow/.local/lib/python3.7/site-packages/airflow/example_dags/example_subdag_operator.py
[2022-08-30T12:36:48.245+0000] {logging_mixin.py:115} INFO - [2022-08-30T12:36:48.245+0000] {dag.py:2429} INFO - Sync 3 DAGs
[2022-08-30T12:36:48.257+0000] {logging_mixin.py:115} INFO - [2022-08-30T12:36:48.257+0000] {dag.py:2981} INFO - Setting next_dagrun for example_subdag_operator to 2022-01-01T00:00:00+00:00, run_after=2022-01-01T00:00:00+00:00
[2022-08-30T12:36:48.258+0000] {logging_mixin.py:115} INFO - [2022-08-30T12:36:48.258+0000] {dag.py:2981} INFO - Setting next_dagrun for example_subdag_operator.section-1 to None, run_after=None
[2022-08-30T12:36:48.259+0000] {logging_mixin.py:115} INFO - [2022-08-30T12:36:48.259+0000] {dag.py:2981} INFO - Setting next_dagrun for example_subdag_operator.section-2 to None, run_after=None
[2022-08-30T12:36:48.264+0000] {logging_mixin.py:115} INFO - [2022-08-30T12:36:48.264+0000] {dag.py:2429} INFO - Sync 2 DAGs
[2022-08-30T12:36:48.267+0000] {logging_mixin.py:115} INFO - [2022-08-30T12:36:48.267+0000] {dag.py:2981} INFO - Setting next_dagrun for example_subdag_operator.section-1 to None, run_after=None
[2022-08-30T12:36:48.268+0000] {logging_mixin.py:115} INFO - [2022-08-30T12:36:48.268+0000] {dag.py:2981} INFO - Setting next_dagrun for example_subdag_operator.section-2 to None, run_after=None
[2022-08-30T12:36:48.273+0000] {processor.py:161} INFO - Processing /home/airflow/.local/lib/python3.7/site-packages/airflow/example_dags/example_subdag_operator.py took 0.131 seconds
[2022-08-30T12:37:18.874+0000] {processor.py:153} INFO - Started process (PID=3486) to work on /home/airflow/.local/lib/python3.7/site-packages/airflow/example_dags/example_subdag_operator.py
[2022-08-30T12:37:18.875+0000] {processor.py:640} INFO - Processing file /home/airflow/.local/lib/python3.7/site-packages/airflow/example_dags/example_subdag_operator.py for tasks to queue
[2022-08-30T12:37:18.876+0000] {logging_mixin.py:115} INFO - [2022-08-30T12:37:18.876+0000] {dagbag.py:508} INFO - Filling up the DagBag from /home/airflow/.local/lib/python3.7/site-packages/airflow/example_dags/example_subdag_operator.py
[2022-08-30T12:37:18.895+0000] {processor.py:650} INFO - DAG(s) dict_keys(['example_subdag_operator.section-1', 'example_subdag_operator.section-2', 'example_subdag_operator']) retrieved from /home/airflow/.local/lib/python3.7/site-packages/airflow/example_dags/example_subdag_operator.py
[2022-08-30T12:37:18.972+0000] {logging_mixin.py:115} INFO - [2022-08-30T12:37:18.972+0000] {dag.py:2429} INFO - Sync 3 DAGs
[2022-08-30T12:37:18.984+0000] {logging_mixin.py:115} INFO - [2022-08-30T12:37:18.984+0000] {dag.py:2981} INFO - Setting next_dagrun for example_subdag_operator to 2022-01-01T00:00:00+00:00, run_after=2022-01-01T00:00:00+00:00
[2022-08-30T12:37:18.985+0000] {logging_mixin.py:115} INFO - [2022-08-30T12:37:18.985+0000] {dag.py:2981} INFO - Setting next_dagrun for example_subdag_operator.section-1 to None, run_after=None
[2022-08-30T12:37:18.986+0000] {logging_mixin.py:115} INFO - [2022-08-30T12:37:18.986+0000] {dag.py:2981} INFO - Setting next_dagrun for example_subdag_operator.section-2 to None, run_after=None
[2022-08-30T12:37:18.990+0000] {logging_mixin.py:115} INFO - [2022-08-30T12:37:18.990+0000] {dag.py:2429} INFO - Sync 2 DAGs
[2022-08-30T12:37:18.994+0000] {logging_mixin.py:115} INFO - [2022-08-30T12:37:18.994+0000] {dag.py:2981} INFO - Setting next_dagrun for example_subdag_operator.section-1 to None, run_after=None
[2022-08-30T12:37:18.995+0000] {logging_mixin.py:115} INFO - [2022-08-30T12:37:18.995+0000] {dag.py:2981} INFO - Setting next_dagrun for example_subdag_operator.section-2 to None, run_after=None
[2022-08-30T12:37:19.000+0000] {processor.py:161} INFO - Processing /home/airflow/.local/lib/python3.7/site-packages/airflow/example_dags/example_subdag_operator.py took 0.128 seconds
[2022-08-30T12:37:49.677+0000] {processor.py:153} INFO - Started process (PID=3685) to work on /home/airflow/.local/lib/python3.7/site-packages/airflow/example_dags/example_subdag_operator.py
[2022-08-30T12:37:49.678+0000] {processor.py:640} INFO - Processing file /home/airflow/.local/lib/python3.7/site-packages/airflow/example_dags/example_subdag_operator.py for tasks to queue
[2022-08-30T12:37:49.679+0000] {logging_mixin.py:115} INFO - [2022-08-30T12:37:49.679+0000] {dagbag.py:508} INFO - Filling up the DagBag from /home/airflow/.local/lib/python3.7/site-packages/airflow/example_dags/example_subdag_operator.py
[2022-08-30T12:37:49.699+0000] {processor.py:650} INFO - DAG(s) dict_keys(['example_subdag_operator.section-1', 'example_subdag_operator.section-2', 'example_subdag_operator']) retrieved from /home/airflow/.local/lib/python3.7/site-packages/airflow/example_dags/example_subdag_operator.py
[2022-08-30T12:37:49.777+0000] {logging_mixin.py:115} INFO - [2022-08-30T12:37:49.776+0000] {dag.py:2429} INFO - Sync 3 DAGs
[2022-08-30T12:37:49.789+0000] {logging_mixin.py:115} INFO - [2022-08-30T12:37:49.788+0000] {dag.py:2981} INFO - Setting next_dagrun for example_subdag_operator to 2022-01-01T00:00:00+00:00, run_after=2022-01-01T00:00:00+00:00
[2022-08-30T12:37:49.790+0000] {logging_mixin.py:115} INFO - [2022-08-30T12:37:49.789+0000] {dag.py:2981} INFO - Setting next_dagrun for example_subdag_operator.section-1 to None, run_after=None
[2022-08-30T12:37:49.791+0000] {logging_mixin.py:115} INFO - [2022-08-30T12:37:49.790+0000] {dag.py:2981} INFO - Setting next_dagrun for example_subdag_operator.section-2 to None, run_after=None
[2022-08-30T12:37:49.795+0000] {logging_mixin.py:115} INFO - [2022-08-30T12:37:49.795+0000] {dag.py:2429} INFO - Sync 2 DAGs
[2022-08-30T12:37:49.799+0000] {logging_mixin.py:115} INFO - [2022-08-30T12:37:49.799+0000] {dag.py:2981} INFO - Setting next_dagrun for example_subdag_operator.section-1 to None, run_after=None
[2022-08-30T12:37:49.800+0000] {logging_mixin.py:115} INFO - [2022-08-30T12:37:49.800+0000] {dag.py:2981} INFO - Setting next_dagrun for example_subdag_operator.section-2 to None, run_after=None
[2022-08-30T12:37:49.805+0000] {processor.py:161} INFO - Processing /home/airflow/.local/lib/python3.7/site-packages/airflow/example_dags/example_subdag_operator.py took 0.131 seconds
