[2022-08-30T12:27:46.783+0000] {processor.py:153} INFO - Started process (PID=255) to work on /home/airflow/.local/lib/python3.7/site-packages/airflow/example_dags/example_dag_decorator.py
[2022-08-30T12:27:46.784+0000] {processor.py:640} INFO - Processing file /home/airflow/.local/lib/python3.7/site-packages/airflow/example_dags/example_dag_decorator.py for tasks to queue
[2022-08-30T12:27:46.786+0000] {logging_mixin.py:115} INFO - [2022-08-30T12:27:46.785+0000] {dagbag.py:508} INFO - Filling up the DagBag from /home/airflow/.local/lib/python3.7/site-packages/airflow/example_dags/example_dag_decorator.py
[2022-08-30T12:27:46.808+0000] {processor.py:650} INFO - DAG(s) dict_keys(['example_dag_decorator']) retrieved from /home/airflow/.local/lib/python3.7/site-packages/airflow/example_dags/example_dag_decorator.py
[2022-08-30T12:27:46.865+0000] {logging_mixin.py:115} INFO - [2022-08-30T12:27:46.865+0000] {manager.py:508} INFO - Created Permission View: can read on DAG:example_dag_decorator
[2022-08-30T12:27:46.872+0000] {logging_mixin.py:115} INFO - [2022-08-30T12:27:46.872+0000] {manager.py:508} INFO - Created Permission View: can edit on DAG:example_dag_decorator
[2022-08-30T12:27:46.877+0000] {logging_mixin.py:115} INFO - [2022-08-30T12:27:46.877+0000] {manager.py:508} INFO - Created Permission View: can delete on DAG:example_dag_decorator
[2022-08-30T12:27:46.878+0000] {logging_mixin.py:115} INFO - [2022-08-30T12:27:46.878+0000] {dag.py:2429} INFO - Sync 1 DAGs
[2022-08-30T12:27:46.883+0000] {logging_mixin.py:115} INFO - [2022-08-30T12:27:46.883+0000] {dag.py:2448} INFO - Creating ORM DAG for example_dag_decorator
[2022-08-30T12:27:46.891+0000] {logging_mixin.py:115} INFO - [2022-08-30T12:27:46.891+0000] {dag.py:2981} INFO - Setting next_dagrun for example_dag_decorator to None, run_after=None
[2022-08-30T12:27:46.900+0000] {processor.py:161} INFO - Processing /home/airflow/.local/lib/python3.7/site-packages/airflow/example_dags/example_dag_decorator.py took 0.119 seconds
[2022-08-30T12:28:17.491+0000] {processor.py:153} INFO - Started process (PID=455) to work on /home/airflow/.local/lib/python3.7/site-packages/airflow/example_dags/example_dag_decorator.py
[2022-08-30T12:28:17.493+0000] {processor.py:640} INFO - Processing file /home/airflow/.local/lib/python3.7/site-packages/airflow/example_dags/example_dag_decorator.py for tasks to queue
[2022-08-30T12:28:17.494+0000] {logging_mixin.py:115} INFO - [2022-08-30T12:28:17.494+0000] {dagbag.py:508} INFO - Filling up the DagBag from /home/airflow/.local/lib/python3.7/site-packages/airflow/example_dags/example_dag_decorator.py
[2022-08-30T12:28:17.522+0000] {processor.py:650} INFO - DAG(s) dict_keys(['example_dag_decorator']) retrieved from /home/airflow/.local/lib/python3.7/site-packages/airflow/example_dags/example_dag_decorator.py
[2022-08-30T12:28:17.569+0000] {logging_mixin.py:115} INFO - [2022-08-30T12:28:17.569+0000] {dag.py:2429} INFO - Sync 1 DAGs
[2022-08-30T12:28:17.580+0000] {logging_mixin.py:115} INFO - [2022-08-30T12:28:17.580+0000] {dag.py:2981} INFO - Setting next_dagrun for example_dag_decorator to None, run_after=None
[2022-08-30T12:28:17.588+0000] {processor.py:161} INFO - Processing /home/airflow/.local/lib/python3.7/site-packages/airflow/example_dags/example_dag_decorator.py took 0.099 seconds
[2022-08-30T12:29:06.355+0000] {processor.py:153} INFO - Started process (PID=262) to work on /home/airflow/.local/lib/python3.7/site-packages/airflow/example_dags/example_dag_decorator.py
[2022-08-30T12:29:06.357+0000] {processor.py:640} INFO - Processing file /home/airflow/.local/lib/python3.7/site-packages/airflow/example_dags/example_dag_decorator.py for tasks to queue
[2022-08-30T12:29:06.358+0000] {logging_mixin.py:115} INFO - [2022-08-30T12:29:06.358+0000] {dagbag.py:508} INFO - Filling up the DagBag from /home/airflow/.local/lib/python3.7/site-packages/airflow/example_dags/example_dag_decorator.py
[2022-08-30T12:29:06.376+0000] {processor.py:650} INFO - DAG(s) dict_keys(['example_dag_decorator']) retrieved from /home/airflow/.local/lib/python3.7/site-packages/airflow/example_dags/example_dag_decorator.py
[2022-08-30T12:29:06.411+0000] {logging_mixin.py:115} INFO - [2022-08-30T12:29:06.411+0000] {dag.py:2429} INFO - Sync 1 DAGs
[2022-08-30T12:29:06.422+0000] {logging_mixin.py:115} INFO - [2022-08-30T12:29:06.422+0000] {dag.py:2981} INFO - Setting next_dagrun for example_dag_decorator to None, run_after=None
[2022-08-30T12:29:06.432+0000] {processor.py:161} INFO - Processing /home/airflow/.local/lib/python3.7/site-packages/airflow/example_dags/example_dag_decorator.py took 0.078 seconds
[2022-08-30T12:29:37.005+0000] {processor.py:153} INFO - Started process (PID=460) to work on /home/airflow/.local/lib/python3.7/site-packages/airflow/example_dags/example_dag_decorator.py
[2022-08-30T12:29:37.007+0000] {processor.py:640} INFO - Processing file /home/airflow/.local/lib/python3.7/site-packages/airflow/example_dags/example_dag_decorator.py for tasks to queue
[2022-08-30T12:29:37.008+0000] {logging_mixin.py:115} INFO - [2022-08-30T12:29:37.008+0000] {dagbag.py:508} INFO - Filling up the DagBag from /home/airflow/.local/lib/python3.7/site-packages/airflow/example_dags/example_dag_decorator.py
[2022-08-30T12:29:37.024+0000] {processor.py:650} INFO - DAG(s) dict_keys(['example_dag_decorator']) retrieved from /home/airflow/.local/lib/python3.7/site-packages/airflow/example_dags/example_dag_decorator.py
[2022-08-30T12:29:37.064+0000] {logging_mixin.py:115} INFO - [2022-08-30T12:29:37.064+0000] {dag.py:2429} INFO - Sync 1 DAGs
[2022-08-30T12:29:37.075+0000] {logging_mixin.py:115} INFO - [2022-08-30T12:29:37.075+0000] {dag.py:2981} INFO - Setting next_dagrun for example_dag_decorator to None, run_after=None
[2022-08-30T12:29:37.085+0000] {processor.py:161} INFO - Processing /home/airflow/.local/lib/python3.7/site-packages/airflow/example_dags/example_dag_decorator.py took 0.082 seconds
[2022-08-30T12:30:07.843+0000] {processor.py:153} INFO - Started process (PID=661) to work on /home/airflow/.local/lib/python3.7/site-packages/airflow/example_dags/example_dag_decorator.py
[2022-08-30T12:30:07.844+0000] {processor.py:640} INFO - Processing file /home/airflow/.local/lib/python3.7/site-packages/airflow/example_dags/example_dag_decorator.py for tasks to queue
[2022-08-30T12:30:07.845+0000] {logging_mixin.py:115} INFO - [2022-08-30T12:30:07.845+0000] {dagbag.py:508} INFO - Filling up the DagBag from /home/airflow/.local/lib/python3.7/site-packages/airflow/example_dags/example_dag_decorator.py
[2022-08-30T12:30:07.859+0000] {processor.py:650} INFO - DAG(s) dict_keys(['example_dag_decorator']) retrieved from /home/airflow/.local/lib/python3.7/site-packages/airflow/example_dags/example_dag_decorator.py
[2022-08-30T12:30:07.899+0000] {logging_mixin.py:115} INFO - [2022-08-30T12:30:07.899+0000] {dag.py:2429} INFO - Sync 1 DAGs
[2022-08-30T12:30:07.921+0000] {logging_mixin.py:115} INFO - [2022-08-30T12:30:07.921+0000] {dag.py:2981} INFO - Setting next_dagrun for example_dag_decorator to None, run_after=None
[2022-08-30T12:30:07.966+0000] {processor.py:161} INFO - Processing /home/airflow/.local/lib/python3.7/site-packages/airflow/example_dags/example_dag_decorator.py took 0.125 seconds
[2022-08-30T12:30:38.575+0000] {processor.py:153} INFO - Started process (PID=862) to work on /home/airflow/.local/lib/python3.7/site-packages/airflow/example_dags/example_dag_decorator.py
[2022-08-30T12:30:38.576+0000] {processor.py:640} INFO - Processing file /home/airflow/.local/lib/python3.7/site-packages/airflow/example_dags/example_dag_decorator.py for tasks to queue
[2022-08-30T12:30:38.577+0000] {logging_mixin.py:115} INFO - [2022-08-30T12:30:38.577+0000] {dagbag.py:508} INFO - Filling up the DagBag from /home/airflow/.local/lib/python3.7/site-packages/airflow/example_dags/example_dag_decorator.py
[2022-08-30T12:30:38.595+0000] {processor.py:650} INFO - DAG(s) dict_keys(['example_dag_decorator']) retrieved from /home/airflow/.local/lib/python3.7/site-packages/airflow/example_dags/example_dag_decorator.py
[2022-08-30T12:30:38.618+0000] {logging_mixin.py:115} INFO - [2022-08-30T12:30:38.618+0000] {dag.py:2429} INFO - Sync 1 DAGs
[2022-08-30T12:30:38.638+0000] {logging_mixin.py:115} INFO - [2022-08-30T12:30:38.638+0000] {dag.py:2981} INFO - Setting next_dagrun for example_dag_decorator to None, run_after=None
[2022-08-30T12:30:38.647+0000] {processor.py:161} INFO - Processing /home/airflow/.local/lib/python3.7/site-packages/airflow/example_dags/example_dag_decorator.py took 0.075 seconds
[2022-08-30T12:31:09.407+0000] {processor.py:153} INFO - Started process (PID=1054) to work on /home/airflow/.local/lib/python3.7/site-packages/airflow/example_dags/example_dag_decorator.py
[2022-08-30T12:31:09.408+0000] {processor.py:640} INFO - Processing file /home/airflow/.local/lib/python3.7/site-packages/airflow/example_dags/example_dag_decorator.py for tasks to queue
[2022-08-30T12:31:09.409+0000] {logging_mixin.py:115} INFO - [2022-08-30T12:31:09.409+0000] {dagbag.py:508} INFO - Filling up the DagBag from /home/airflow/.local/lib/python3.7/site-packages/airflow/example_dags/example_dag_decorator.py
[2022-08-30T12:31:09.426+0000] {processor.py:650} INFO - DAG(s) dict_keys(['example_dag_decorator']) retrieved from /home/airflow/.local/lib/python3.7/site-packages/airflow/example_dags/example_dag_decorator.py
[2022-08-30T12:31:09.462+0000] {logging_mixin.py:115} INFO - [2022-08-30T12:31:09.462+0000] {dag.py:2429} INFO - Sync 1 DAGs
[2022-08-30T12:31:09.472+0000] {logging_mixin.py:115} INFO - [2022-08-30T12:31:09.472+0000] {dag.py:2981} INFO - Setting next_dagrun for example_dag_decorator to None, run_after=None
[2022-08-30T12:31:09.482+0000] {processor.py:161} INFO - Processing /home/airflow/.local/lib/python3.7/site-packages/airflow/example_dags/example_dag_decorator.py took 0.078 seconds
[2022-08-30T12:31:40.033+0000] {processor.py:153} INFO - Started process (PID=1257) to work on /home/airflow/.local/lib/python3.7/site-packages/airflow/example_dags/example_dag_decorator.py
[2022-08-30T12:31:40.034+0000] {processor.py:640} INFO - Processing file /home/airflow/.local/lib/python3.7/site-packages/airflow/example_dags/example_dag_decorator.py for tasks to queue
[2022-08-30T12:31:40.035+0000] {logging_mixin.py:115} INFO - [2022-08-30T12:31:40.035+0000] {dagbag.py:508} INFO - Filling up the DagBag from /home/airflow/.local/lib/python3.7/site-packages/airflow/example_dags/example_dag_decorator.py
[2022-08-30T12:31:40.050+0000] {processor.py:650} INFO - DAG(s) dict_keys(['example_dag_decorator']) retrieved from /home/airflow/.local/lib/python3.7/site-packages/airflow/example_dags/example_dag_decorator.py
[2022-08-30T12:31:40.086+0000] {logging_mixin.py:115} INFO - [2022-08-30T12:31:40.086+0000] {dag.py:2429} INFO - Sync 1 DAGs
[2022-08-30T12:31:40.096+0000] {logging_mixin.py:115} INFO - [2022-08-30T12:31:40.096+0000] {dag.py:2981} INFO - Setting next_dagrun for example_dag_decorator to None, run_after=None
[2022-08-30T12:31:40.105+0000] {processor.py:161} INFO - Processing /home/airflow/.local/lib/python3.7/site-packages/airflow/example_dags/example_dag_decorator.py took 0.074 seconds
[2022-08-30T12:32:10.672+0000] {processor.py:153} INFO - Started process (PID=1455) to work on /home/airflow/.local/lib/python3.7/site-packages/airflow/example_dags/example_dag_decorator.py
[2022-08-30T12:32:10.674+0000] {processor.py:640} INFO - Processing file /home/airflow/.local/lib/python3.7/site-packages/airflow/example_dags/example_dag_decorator.py for tasks to queue
[2022-08-30T12:32:10.675+0000] {logging_mixin.py:115} INFO - [2022-08-30T12:32:10.675+0000] {dagbag.py:508} INFO - Filling up the DagBag from /home/airflow/.local/lib/python3.7/site-packages/airflow/example_dags/example_dag_decorator.py
[2022-08-30T12:32:10.690+0000] {processor.py:650} INFO - DAG(s) dict_keys(['example_dag_decorator']) retrieved from /home/airflow/.local/lib/python3.7/site-packages/airflow/example_dags/example_dag_decorator.py
[2022-08-30T12:32:10.733+0000] {logging_mixin.py:115} INFO - [2022-08-30T12:32:10.733+0000] {dag.py:2429} INFO - Sync 1 DAGs
[2022-08-30T12:32:10.745+0000] {logging_mixin.py:115} INFO - [2022-08-30T12:32:10.745+0000] {dag.py:2981} INFO - Setting next_dagrun for example_dag_decorator to None, run_after=None
[2022-08-30T12:32:10.756+0000] {processor.py:161} INFO - Processing /home/airflow/.local/lib/python3.7/site-packages/airflow/example_dags/example_dag_decorator.py took 0.086 seconds
[2022-08-30T12:32:41.596+0000] {processor.py:153} INFO - Started process (PID=1658) to work on /home/airflow/.local/lib/python3.7/site-packages/airflow/example_dags/example_dag_decorator.py
[2022-08-30T12:32:41.598+0000] {processor.py:640} INFO - Processing file /home/airflow/.local/lib/python3.7/site-packages/airflow/example_dags/example_dag_decorator.py for tasks to queue
[2022-08-30T12:32:41.600+0000] {logging_mixin.py:115} INFO - [2022-08-30T12:32:41.600+0000] {dagbag.py:508} INFO - Filling up the DagBag from /home/airflow/.local/lib/python3.7/site-packages/airflow/example_dags/example_dag_decorator.py
[2022-08-30T12:32:41.623+0000] {processor.py:650} INFO - DAG(s) dict_keys(['example_dag_decorator']) retrieved from /home/airflow/.local/lib/python3.7/site-packages/airflow/example_dags/example_dag_decorator.py
[2022-08-30T12:32:41.679+0000] {logging_mixin.py:115} INFO - [2022-08-30T12:32:41.679+0000] {dag.py:2429} INFO - Sync 1 DAGs
[2022-08-30T12:32:41.695+0000] {logging_mixin.py:115} INFO - [2022-08-30T12:32:41.695+0000] {dag.py:2981} INFO - Setting next_dagrun for example_dag_decorator to None, run_after=None
[2022-08-30T12:32:41.708+0000] {processor.py:161} INFO - Processing /home/airflow/.local/lib/python3.7/site-packages/airflow/example_dags/example_dag_decorator.py took 0.114 seconds
[2022-08-30T12:33:12.351+0000] {processor.py:153} INFO - Started process (PID=1861) to work on /home/airflow/.local/lib/python3.7/site-packages/airflow/example_dags/example_dag_decorator.py
[2022-08-30T12:33:12.353+0000] {processor.py:640} INFO - Processing file /home/airflow/.local/lib/python3.7/site-packages/airflow/example_dags/example_dag_decorator.py for tasks to queue
[2022-08-30T12:33:12.353+0000] {logging_mixin.py:115} INFO - [2022-08-30T12:33:12.353+0000] {dagbag.py:508} INFO - Filling up the DagBag from /home/airflow/.local/lib/python3.7/site-packages/airflow/example_dags/example_dag_decorator.py
[2022-08-30T12:33:12.369+0000] {processor.py:650} INFO - DAG(s) dict_keys(['example_dag_decorator']) retrieved from /home/airflow/.local/lib/python3.7/site-packages/airflow/example_dags/example_dag_decorator.py
[2022-08-30T12:33:12.386+0000] {logging_mixin.py:115} INFO - [2022-08-30T12:33:12.386+0000] {dag.py:2429} INFO - Sync 1 DAGs
[2022-08-30T12:33:12.399+0000] {logging_mixin.py:115} INFO - [2022-08-30T12:33:12.399+0000] {dag.py:2981} INFO - Setting next_dagrun for example_dag_decorator to None, run_after=None
[2022-08-30T12:33:12.407+0000] {processor.py:161} INFO - Processing /home/airflow/.local/lib/python3.7/site-packages/airflow/example_dags/example_dag_decorator.py took 0.058 seconds
[2022-08-30T12:33:43.016+0000] {processor.py:153} INFO - Started process (PID=2061) to work on /home/airflow/.local/lib/python3.7/site-packages/airflow/example_dags/example_dag_decorator.py
[2022-08-30T12:33:43.018+0000] {processor.py:640} INFO - Processing file /home/airflow/.local/lib/python3.7/site-packages/airflow/example_dags/example_dag_decorator.py for tasks to queue
[2022-08-30T12:33:43.021+0000] {logging_mixin.py:115} INFO - [2022-08-30T12:33:43.020+0000] {dagbag.py:508} INFO - Filling up the DagBag from /home/airflow/.local/lib/python3.7/site-packages/airflow/example_dags/example_dag_decorator.py
[2022-08-30T12:33:43.035+0000] {processor.py:650} INFO - DAG(s) dict_keys(['example_dag_decorator']) retrieved from /home/airflow/.local/lib/python3.7/site-packages/airflow/example_dags/example_dag_decorator.py
[2022-08-30T12:33:43.052+0000] {logging_mixin.py:115} INFO - [2022-08-30T12:33:43.052+0000] {dag.py:2429} INFO - Sync 1 DAGs
[2022-08-30T12:33:43.064+0000] {logging_mixin.py:115} INFO - [2022-08-30T12:33:43.064+0000] {dag.py:2981} INFO - Setting next_dagrun for example_dag_decorator to None, run_after=None
[2022-08-30T12:33:43.073+0000] {processor.py:161} INFO - Processing /home/airflow/.local/lib/python3.7/site-packages/airflow/example_dags/example_dag_decorator.py took 0.059 seconds
[2022-08-30T12:34:13.709+0000] {processor.py:153} INFO - Started process (PID=2261) to work on /home/airflow/.local/lib/python3.7/site-packages/airflow/example_dags/example_dag_decorator.py
[2022-08-30T12:34:13.711+0000] {processor.py:640} INFO - Processing file /home/airflow/.local/lib/python3.7/site-packages/airflow/example_dags/example_dag_decorator.py for tasks to queue
[2022-08-30T12:34:13.712+0000] {logging_mixin.py:115} INFO - [2022-08-30T12:34:13.712+0000] {dagbag.py:508} INFO - Filling up the DagBag from /home/airflow/.local/lib/python3.7/site-packages/airflow/example_dags/example_dag_decorator.py
[2022-08-30T12:34:13.728+0000] {processor.py:650} INFO - DAG(s) dict_keys(['example_dag_decorator']) retrieved from /home/airflow/.local/lib/python3.7/site-packages/airflow/example_dags/example_dag_decorator.py
[2022-08-30T12:34:13.763+0000] {logging_mixin.py:115} INFO - [2022-08-30T12:34:13.763+0000] {dag.py:2429} INFO - Sync 1 DAGs
[2022-08-30T12:34:13.775+0000] {logging_mixin.py:115} INFO - [2022-08-30T12:34:13.775+0000] {dag.py:2981} INFO - Setting next_dagrun for example_dag_decorator to None, run_after=None
[2022-08-30T12:34:13.946+0000] {processor.py:161} INFO - Processing /home/airflow/.local/lib/python3.7/site-packages/airflow/example_dags/example_dag_decorator.py took 0.238 seconds
[2022-08-30T12:34:44.526+0000] {processor.py:153} INFO - Started process (PID=2451) to work on /home/airflow/.local/lib/python3.7/site-packages/airflow/example_dags/example_dag_decorator.py
[2022-08-30T12:34:44.528+0000] {processor.py:640} INFO - Processing file /home/airflow/.local/lib/python3.7/site-packages/airflow/example_dags/example_dag_decorator.py for tasks to queue
[2022-08-30T12:34:44.528+0000] {logging_mixin.py:115} INFO - [2022-08-30T12:34:44.528+0000] {dagbag.py:508} INFO - Filling up the DagBag from /home/airflow/.local/lib/python3.7/site-packages/airflow/example_dags/example_dag_decorator.py
[2022-08-30T12:34:44.543+0000] {processor.py:650} INFO - DAG(s) dict_keys(['example_dag_decorator']) retrieved from /home/airflow/.local/lib/python3.7/site-packages/airflow/example_dags/example_dag_decorator.py
[2022-08-30T12:34:44.580+0000] {logging_mixin.py:115} INFO - [2022-08-30T12:34:44.580+0000] {dag.py:2429} INFO - Sync 1 DAGs
[2022-08-30T12:34:44.593+0000] {logging_mixin.py:115} INFO - [2022-08-30T12:34:44.593+0000] {dag.py:2981} INFO - Setting next_dagrun for example_dag_decorator to None, run_after=None
[2022-08-30T12:34:44.687+0000] {processor.py:161} INFO - Processing /home/airflow/.local/lib/python3.7/site-packages/airflow/example_dags/example_dag_decorator.py took 0.163 seconds
[2022-08-30T12:35:15.298+0000] {processor.py:153} INFO - Started process (PID=2653) to work on /home/airflow/.local/lib/python3.7/site-packages/airflow/example_dags/example_dag_decorator.py
[2022-08-30T12:35:15.301+0000] {processor.py:640} INFO - Processing file /home/airflow/.local/lib/python3.7/site-packages/airflow/example_dags/example_dag_decorator.py for tasks to queue
[2022-08-30T12:35:15.302+0000] {logging_mixin.py:115} INFO - [2022-08-30T12:35:15.302+0000] {dagbag.py:508} INFO - Filling up the DagBag from /home/airflow/.local/lib/python3.7/site-packages/airflow/example_dags/example_dag_decorator.py
[2022-08-30T12:35:15.318+0000] {processor.py:650} INFO - DAG(s) dict_keys(['example_dag_decorator']) retrieved from /home/airflow/.local/lib/python3.7/site-packages/airflow/example_dags/example_dag_decorator.py
[2022-08-30T12:35:15.361+0000] {logging_mixin.py:115} INFO - [2022-08-30T12:35:15.361+0000] {dag.py:2429} INFO - Sync 1 DAGs
[2022-08-30T12:35:15.373+0000] {logging_mixin.py:115} INFO - [2022-08-30T12:35:15.373+0000] {dag.py:2981} INFO - Setting next_dagrun for example_dag_decorator to None, run_after=None
[2022-08-30T12:35:15.470+0000] {processor.py:161} INFO - Processing /home/airflow/.local/lib/python3.7/site-packages/airflow/example_dags/example_dag_decorator.py took 0.174 seconds
[2022-08-30T12:35:46.138+0000] {processor.py:153} INFO - Started process (PID=2860) to work on /home/airflow/.local/lib/python3.7/site-packages/airflow/example_dags/example_dag_decorator.py
[2022-08-30T12:35:46.140+0000] {processor.py:640} INFO - Processing file /home/airflow/.local/lib/python3.7/site-packages/airflow/example_dags/example_dag_decorator.py for tasks to queue
[2022-08-30T12:35:46.141+0000] {logging_mixin.py:115} INFO - [2022-08-30T12:35:46.141+0000] {dagbag.py:508} INFO - Filling up the DagBag from /home/airflow/.local/lib/python3.7/site-packages/airflow/example_dags/example_dag_decorator.py
[2022-08-30T12:35:46.157+0000] {processor.py:650} INFO - DAG(s) dict_keys(['example_dag_decorator']) retrieved from /home/airflow/.local/lib/python3.7/site-packages/airflow/example_dags/example_dag_decorator.py
[2022-08-30T12:35:46.197+0000] {logging_mixin.py:115} INFO - [2022-08-30T12:35:46.197+0000] {dag.py:2429} INFO - Sync 1 DAGs
[2022-08-30T12:35:46.208+0000] {logging_mixin.py:115} INFO - [2022-08-30T12:35:46.208+0000] {dag.py:2981} INFO - Setting next_dagrun for example_dag_decorator to None, run_after=None
[2022-08-30T12:35:46.349+0000] {processor.py:161} INFO - Processing /home/airflow/.local/lib/python3.7/site-packages/airflow/example_dags/example_dag_decorator.py took 0.214 seconds
[2022-08-30T12:36:17.034+0000] {processor.py:153} INFO - Started process (PID=3067) to work on /home/airflow/.local/lib/python3.7/site-packages/airflow/example_dags/example_dag_decorator.py
[2022-08-30T12:36:17.035+0000] {processor.py:640} INFO - Processing file /home/airflow/.local/lib/python3.7/site-packages/airflow/example_dags/example_dag_decorator.py for tasks to queue
[2022-08-30T12:36:17.037+0000] {logging_mixin.py:115} INFO - [2022-08-30T12:36:17.036+0000] {dagbag.py:508} INFO - Filling up the DagBag from /home/airflow/.local/lib/python3.7/site-packages/airflow/example_dags/example_dag_decorator.py
[2022-08-30T12:36:17.055+0000] {processor.py:650} INFO - DAG(s) dict_keys(['example_dag_decorator']) retrieved from /home/airflow/.local/lib/python3.7/site-packages/airflow/example_dags/example_dag_decorator.py
[2022-08-30T12:36:17.092+0000] {logging_mixin.py:115} INFO - [2022-08-30T12:36:17.092+0000] {dag.py:2429} INFO - Sync 1 DAGs
[2022-08-30T12:36:17.104+0000] {logging_mixin.py:115} INFO - [2022-08-30T12:36:17.104+0000] {dag.py:2981} INFO - Setting next_dagrun for example_dag_decorator to None, run_after=None
[2022-08-30T12:36:17.296+0000] {processor.py:161} INFO - Processing /home/airflow/.local/lib/python3.7/site-packages/airflow/example_dags/example_dag_decorator.py took 0.264 seconds
[2022-08-30T12:36:48.059+0000] {processor.py:153} INFO - Started process (PID=3274) to work on /home/airflow/.local/lib/python3.7/site-packages/airflow/example_dags/example_dag_decorator.py
[2022-08-30T12:36:48.061+0000] {processor.py:640} INFO - Processing file /home/airflow/.local/lib/python3.7/site-packages/airflow/example_dags/example_dag_decorator.py for tasks to queue
[2022-08-30T12:36:48.062+0000] {logging_mixin.py:115} INFO - [2022-08-30T12:36:48.062+0000] {dagbag.py:508} INFO - Filling up the DagBag from /home/airflow/.local/lib/python3.7/site-packages/airflow/example_dags/example_dag_decorator.py
[2022-08-30T12:36:48.077+0000] {processor.py:650} INFO - DAG(s) dict_keys(['example_dag_decorator']) retrieved from /home/airflow/.local/lib/python3.7/site-packages/airflow/example_dags/example_dag_decorator.py
[2022-08-30T12:36:48.096+0000] {logging_mixin.py:115} INFO - [2022-08-30T12:36:48.096+0000] {dag.py:2429} INFO - Sync 1 DAGs
[2022-08-30T12:36:48.112+0000] {logging_mixin.py:115} INFO - [2022-08-30T12:36:48.112+0000] {dag.py:2981} INFO - Setting next_dagrun for example_dag_decorator to None, run_after=None
[2022-08-30T12:36:48.120+0000] {processor.py:161} INFO - Processing /home/airflow/.local/lib/python3.7/site-packages/airflow/example_dags/example_dag_decorator.py took 0.062 seconds
[2022-08-30T12:37:18.493+0000] {processor.py:153} INFO - Started process (PID=3454) to work on /home/airflow/.local/lib/python3.7/site-packages/airflow/example_dags/example_dag_decorator.py
[2022-08-30T12:37:18.495+0000] {processor.py:640} INFO - Processing file /home/airflow/.local/lib/python3.7/site-packages/airflow/example_dags/example_dag_decorator.py for tasks to queue
[2022-08-30T12:37:18.497+0000] {logging_mixin.py:115} INFO - [2022-08-30T12:37:18.497+0000] {dagbag.py:508} INFO - Filling up the DagBag from /home/airflow/.local/lib/python3.7/site-packages/airflow/example_dags/example_dag_decorator.py
[2022-08-30T12:37:18.511+0000] {processor.py:650} INFO - DAG(s) dict_keys(['example_dag_decorator']) retrieved from /home/airflow/.local/lib/python3.7/site-packages/airflow/example_dags/example_dag_decorator.py
[2022-08-30T12:37:18.554+0000] {logging_mixin.py:115} INFO - [2022-08-30T12:37:18.554+0000] {dag.py:2429} INFO - Sync 1 DAGs
[2022-08-30T12:37:18.567+0000] {logging_mixin.py:115} INFO - [2022-08-30T12:37:18.567+0000] {dag.py:2981} INFO - Setting next_dagrun for example_dag_decorator to None, run_after=None
[2022-08-30T12:37:18.659+0000] {processor.py:161} INFO - Processing /home/airflow/.local/lib/python3.7/site-packages/airflow/example_dags/example_dag_decorator.py took 0.168 seconds
[2022-08-30T12:37:49.339+0000] {processor.py:153} INFO - Started process (PID=3655) to work on /home/airflow/.local/lib/python3.7/site-packages/airflow/example_dags/example_dag_decorator.py
[2022-08-30T12:37:49.340+0000] {processor.py:640} INFO - Processing file /home/airflow/.local/lib/python3.7/site-packages/airflow/example_dags/example_dag_decorator.py for tasks to queue
[2022-08-30T12:37:49.341+0000] {logging_mixin.py:115} INFO - [2022-08-30T12:37:49.341+0000] {dagbag.py:508} INFO - Filling up the DagBag from /home/airflow/.local/lib/python3.7/site-packages/airflow/example_dags/example_dag_decorator.py
[2022-08-30T12:37:49.357+0000] {processor.py:650} INFO - DAG(s) dict_keys(['example_dag_decorator']) retrieved from /home/airflow/.local/lib/python3.7/site-packages/airflow/example_dags/example_dag_decorator.py
[2022-08-30T12:37:49.395+0000] {logging_mixin.py:115} INFO - [2022-08-30T12:37:49.394+0000] {dag.py:2429} INFO - Sync 1 DAGs
[2022-08-30T12:37:49.407+0000] {logging_mixin.py:115} INFO - [2022-08-30T12:37:49.407+0000] {dag.py:2981} INFO - Setting next_dagrun for example_dag_decorator to None, run_after=None
[2022-08-30T12:37:49.506+0000] {processor.py:161} INFO - Processing /home/airflow/.local/lib/python3.7/site-packages/airflow/example_dags/example_dag_decorator.py took 0.169 seconds
