[2022-08-30T12:27:47.795+0000] {processor.py:153} INFO - Started process (PID=295) to work on /home/airflow/.local/lib/python3.7/site-packages/airflow/example_dags/example_task_group_decorator.py
[2022-08-30T12:27:47.797+0000] {processor.py:640} INFO - Processing file /home/airflow/.local/lib/python3.7/site-packages/airflow/example_dags/example_task_group_decorator.py for tasks to queue
[2022-08-30T12:27:47.799+0000] {logging_mixin.py:115} INFO - [2022-08-30T12:27:47.799+0000] {dagbag.py:508} INFO - Filling up the DagBag from /home/airflow/.local/lib/python3.7/site-packages/airflow/example_dags/example_task_group_decorator.py
[2022-08-30T12:27:47.823+0000] {processor.py:650} INFO - DAG(s) dict_keys(['example_task_group_decorator']) retrieved from /home/airflow/.local/lib/python3.7/site-packages/airflow/example_dags/example_task_group_decorator.py
[2022-08-30T12:27:47.903+0000] {logging_mixin.py:115} INFO - [2022-08-30T12:27:47.903+0000] {manager.py:508} INFO - Created Permission View: can read on DAG:example_task_group_decorator
[2022-08-30T12:27:47.911+0000] {logging_mixin.py:115} INFO - [2022-08-30T12:27:47.911+0000] {manager.py:508} INFO - Created Permission View: can edit on DAG:example_task_group_decorator
[2022-08-30T12:27:47.922+0000] {logging_mixin.py:115} INFO - [2022-08-30T12:27:47.922+0000] {manager.py:508} INFO - Created Permission View: can delete on DAG:example_task_group_decorator
[2022-08-30T12:27:47.925+0000] {logging_mixin.py:115} INFO - [2022-08-30T12:27:47.925+0000] {dag.py:2429} INFO - Sync 1 DAGs
[2022-08-30T12:27:47.933+0000] {logging_mixin.py:115} INFO - [2022-08-30T12:27:47.933+0000] {dag.py:2448} INFO - Creating ORM DAG for example_task_group_decorator
[2022-08-30T12:27:47.943+0000] {logging_mixin.py:115} INFO - [2022-08-30T12:27:47.943+0000] {dag.py:2981} INFO - Setting next_dagrun for example_task_group_decorator to 2022-08-29T12:27:47.942675+00:00, run_after=2022-08-30T12:27:47.942675+00:00
[2022-08-30T12:27:47.960+0000] {processor.py:161} INFO - Processing /home/airflow/.local/lib/python3.7/site-packages/airflow/example_dags/example_task_group_decorator.py took 0.167 seconds
[2022-08-30T12:28:18.087+0000] {processor.py:153} INFO - Started process (PID=497) to work on /home/airflow/.local/lib/python3.7/site-packages/airflow/example_dags/example_task_group_decorator.py
[2022-08-30T12:28:18.088+0000] {processor.py:640} INFO - Processing file /home/airflow/.local/lib/python3.7/site-packages/airflow/example_dags/example_task_group_decorator.py for tasks to queue
[2022-08-30T12:28:18.089+0000] {logging_mixin.py:115} INFO - [2022-08-30T12:28:18.089+0000] {dagbag.py:508} INFO - Filling up the DagBag from /home/airflow/.local/lib/python3.7/site-packages/airflow/example_dags/example_task_group_decorator.py
[2022-08-30T12:28:18.104+0000] {processor.py:650} INFO - DAG(s) dict_keys(['example_task_group_decorator']) retrieved from /home/airflow/.local/lib/python3.7/site-packages/airflow/example_dags/example_task_group_decorator.py
[2022-08-30T12:28:18.146+0000] {logging_mixin.py:115} INFO - [2022-08-30T12:28:18.146+0000] {dag.py:2429} INFO - Sync 1 DAGs
[2022-08-30T12:28:18.160+0000] {logging_mixin.py:115} INFO - [2022-08-30T12:28:18.160+0000] {dag.py:2981} INFO - Setting next_dagrun for example_task_group_decorator to 2022-08-29T12:28:18.160113+00:00, run_after=2022-08-30T12:28:18.160113+00:00
[2022-08-30T12:28:18.169+0000] {processor.py:161} INFO - Processing /home/airflow/.local/lib/python3.7/site-packages/airflow/example_dags/example_task_group_decorator.py took 0.084 seconds
[2022-08-30T12:29:06.784+0000] {processor.py:153} INFO - Started process (PID=300) to work on /home/airflow/.local/lib/python3.7/site-packages/airflow/example_dags/example_task_group_decorator.py
[2022-08-30T12:29:06.786+0000] {processor.py:640} INFO - Processing file /home/airflow/.local/lib/python3.7/site-packages/airflow/example_dags/example_task_group_decorator.py for tasks to queue
[2022-08-30T12:29:06.787+0000] {logging_mixin.py:115} INFO - [2022-08-30T12:29:06.787+0000] {dagbag.py:508} INFO - Filling up the DagBag from /home/airflow/.local/lib/python3.7/site-packages/airflow/example_dags/example_task_group_decorator.py
[2022-08-30T12:29:06.803+0000] {processor.py:650} INFO - DAG(s) dict_keys(['example_task_group_decorator']) retrieved from /home/airflow/.local/lib/python3.7/site-packages/airflow/example_dags/example_task_group_decorator.py
[2022-08-30T12:29:06.843+0000] {logging_mixin.py:115} INFO - [2022-08-30T12:29:06.843+0000] {dag.py:2429} INFO - Sync 1 DAGs
[2022-08-30T12:29:06.854+0000] {logging_mixin.py:115} INFO - [2022-08-30T12:29:06.854+0000] {dag.py:2981} INFO - Setting next_dagrun for example_task_group_decorator to 2022-08-29T12:29:06.854409+00:00, run_after=2022-08-30T12:29:06.854409+00:00
[2022-08-30T12:29:06.864+0000] {processor.py:161} INFO - Processing /home/airflow/.local/lib/python3.7/site-packages/airflow/example_dags/example_task_group_decorator.py took 0.082 seconds
[2022-08-30T12:29:37.443+0000] {processor.py:153} INFO - Started process (PID=502) to work on /home/airflow/.local/lib/python3.7/site-packages/airflow/example_dags/example_task_group_decorator.py
[2022-08-30T12:29:37.444+0000] {processor.py:640} INFO - Processing file /home/airflow/.local/lib/python3.7/site-packages/airflow/example_dags/example_task_group_decorator.py for tasks to queue
[2022-08-30T12:29:37.445+0000] {logging_mixin.py:115} INFO - [2022-08-30T12:29:37.445+0000] {dagbag.py:508} INFO - Filling up the DagBag from /home/airflow/.local/lib/python3.7/site-packages/airflow/example_dags/example_task_group_decorator.py
[2022-08-30T12:29:37.460+0000] {processor.py:650} INFO - DAG(s) dict_keys(['example_task_group_decorator']) retrieved from /home/airflow/.local/lib/python3.7/site-packages/airflow/example_dags/example_task_group_decorator.py
[2022-08-30T12:29:37.494+0000] {logging_mixin.py:115} INFO - [2022-08-30T12:29:37.494+0000] {dag.py:2429} INFO - Sync 1 DAGs
[2022-08-30T12:29:37.504+0000] {logging_mixin.py:115} INFO - [2022-08-30T12:29:37.504+0000] {dag.py:2981} INFO - Setting next_dagrun for example_task_group_decorator to 2022-08-29T12:29:37.504281+00:00, run_after=2022-08-30T12:29:37.504281+00:00
[2022-08-30T12:29:37.513+0000] {processor.py:161} INFO - Processing /home/airflow/.local/lib/python3.7/site-packages/airflow/example_dags/example_task_group_decorator.py took 0.072 seconds
[2022-08-30T12:30:08.306+0000] {processor.py:153} INFO - Started process (PID=701) to work on /home/airflow/.local/lib/python3.7/site-packages/airflow/example_dags/example_task_group_decorator.py
[2022-08-30T12:30:08.307+0000] {processor.py:640} INFO - Processing file /home/airflow/.local/lib/python3.7/site-packages/airflow/example_dags/example_task_group_decorator.py for tasks to queue
[2022-08-30T12:30:08.308+0000] {logging_mixin.py:115} INFO - [2022-08-30T12:30:08.308+0000] {dagbag.py:508} INFO - Filling up the DagBag from /home/airflow/.local/lib/python3.7/site-packages/airflow/example_dags/example_task_group_decorator.py
[2022-08-30T12:30:08.323+0000] {processor.py:650} INFO - DAG(s) dict_keys(['example_task_group_decorator']) retrieved from /home/airflow/.local/lib/python3.7/site-packages/airflow/example_dags/example_task_group_decorator.py
[2022-08-30T12:30:08.340+0000] {logging_mixin.py:115} INFO - [2022-08-30T12:30:08.340+0000] {dag.py:2429} INFO - Sync 1 DAGs
[2022-08-30T12:30:08.356+0000] {logging_mixin.py:115} INFO - [2022-08-30T12:30:08.356+0000] {dag.py:2981} INFO - Setting next_dagrun for example_task_group_decorator to 2022-08-29T12:30:08.356224+00:00, run_after=2022-08-30T12:30:08.356224+00:00
[2022-08-30T12:30:08.366+0000] {processor.py:161} INFO - Processing /home/airflow/.local/lib/python3.7/site-packages/airflow/example_dags/example_task_group_decorator.py took 0.062 seconds
[2022-08-30T12:30:39.009+0000] {processor.py:153} INFO - Started process (PID=902) to work on /home/airflow/.local/lib/python3.7/site-packages/airflow/example_dags/example_task_group_decorator.py
[2022-08-30T12:30:39.011+0000] {processor.py:640} INFO - Processing file /home/airflow/.local/lib/python3.7/site-packages/airflow/example_dags/example_task_group_decorator.py for tasks to queue
[2022-08-30T12:30:39.012+0000] {logging_mixin.py:115} INFO - [2022-08-30T12:30:39.012+0000] {dagbag.py:508} INFO - Filling up the DagBag from /home/airflow/.local/lib/python3.7/site-packages/airflow/example_dags/example_task_group_decorator.py
[2022-08-30T12:30:39.027+0000] {processor.py:650} INFO - DAG(s) dict_keys(['example_task_group_decorator']) retrieved from /home/airflow/.local/lib/python3.7/site-packages/airflow/example_dags/example_task_group_decorator.py
[2022-08-30T12:30:39.043+0000] {logging_mixin.py:115} INFO - [2022-08-30T12:30:39.043+0000] {dag.py:2429} INFO - Sync 1 DAGs
[2022-08-30T12:30:39.056+0000] {logging_mixin.py:115} INFO - [2022-08-30T12:30:39.056+0000] {dag.py:2981} INFO - Setting next_dagrun for example_task_group_decorator to 2022-08-29T12:30:39.056102+00:00, run_after=2022-08-30T12:30:39.056102+00:00
[2022-08-30T12:30:39.063+0000] {processor.py:161} INFO - Processing /home/airflow/.local/lib/python3.7/site-packages/airflow/example_dags/example_task_group_decorator.py took 0.056 seconds
[2022-08-30T12:31:09.810+0000] {processor.py:153} INFO - Started process (PID=1096) to work on /home/airflow/.local/lib/python3.7/site-packages/airflow/example_dags/example_task_group_decorator.py
[2022-08-30T12:31:09.811+0000] {processor.py:640} INFO - Processing file /home/airflow/.local/lib/python3.7/site-packages/airflow/example_dags/example_task_group_decorator.py for tasks to queue
[2022-08-30T12:31:09.812+0000] {logging_mixin.py:115} INFO - [2022-08-30T12:31:09.812+0000] {dagbag.py:508} INFO - Filling up the DagBag from /home/airflow/.local/lib/python3.7/site-packages/airflow/example_dags/example_task_group_decorator.py
[2022-08-30T12:31:09.828+0000] {processor.py:650} INFO - DAG(s) dict_keys(['example_task_group_decorator']) retrieved from /home/airflow/.local/lib/python3.7/site-packages/airflow/example_dags/example_task_group_decorator.py
[2022-08-30T12:31:09.845+0000] {logging_mixin.py:115} INFO - [2022-08-30T12:31:09.845+0000] {dag.py:2429} INFO - Sync 1 DAGs
[2022-08-30T12:31:09.857+0000] {logging_mixin.py:115} INFO - [2022-08-30T12:31:09.857+0000] {dag.py:2981} INFO - Setting next_dagrun for example_task_group_decorator to 2022-08-29T12:31:09.857708+00:00, run_after=2022-08-30T12:31:09.857708+00:00
[2022-08-30T12:31:09.865+0000] {processor.py:161} INFO - Processing /home/airflow/.local/lib/python3.7/site-packages/airflow/example_dags/example_task_group_decorator.py took 0.057 seconds
[2022-08-30T12:31:40.436+0000] {processor.py:153} INFO - Started process (PID=1295) to work on /home/airflow/.local/lib/python3.7/site-packages/airflow/example_dags/example_task_group_decorator.py
[2022-08-30T12:31:40.437+0000] {processor.py:640} INFO - Processing file /home/airflow/.local/lib/python3.7/site-packages/airflow/example_dags/example_task_group_decorator.py for tasks to queue
[2022-08-30T12:31:40.438+0000] {logging_mixin.py:115} INFO - [2022-08-30T12:31:40.438+0000] {dagbag.py:508} INFO - Filling up the DagBag from /home/airflow/.local/lib/python3.7/site-packages/airflow/example_dags/example_task_group_decorator.py
[2022-08-30T12:31:40.453+0000] {processor.py:650} INFO - DAG(s) dict_keys(['example_task_group_decorator']) retrieved from /home/airflow/.local/lib/python3.7/site-packages/airflow/example_dags/example_task_group_decorator.py
[2022-08-30T12:31:40.472+0000] {logging_mixin.py:115} INFO - [2022-08-30T12:31:40.471+0000] {dag.py:2429} INFO - Sync 1 DAGs
[2022-08-30T12:31:40.489+0000] {logging_mixin.py:115} INFO - [2022-08-30T12:31:40.489+0000] {dag.py:2981} INFO - Setting next_dagrun for example_task_group_decorator to 2022-08-29T12:31:40.489141+00:00, run_after=2022-08-30T12:31:40.489141+00:00
[2022-08-30T12:31:40.496+0000] {processor.py:161} INFO - Processing /home/airflow/.local/lib/python3.7/site-packages/airflow/example_dags/example_task_group_decorator.py took 0.063 seconds
[2022-08-30T12:32:11.120+0000] {processor.py:153} INFO - Started process (PID=1495) to work on /home/airflow/.local/lib/python3.7/site-packages/airflow/example_dags/example_task_group_decorator.py
[2022-08-30T12:32:11.122+0000] {processor.py:640} INFO - Processing file /home/airflow/.local/lib/python3.7/site-packages/airflow/example_dags/example_task_group_decorator.py for tasks to queue
[2022-08-30T12:32:11.123+0000] {logging_mixin.py:115} INFO - [2022-08-30T12:32:11.123+0000] {dagbag.py:508} INFO - Filling up the DagBag from /home/airflow/.local/lib/python3.7/site-packages/airflow/example_dags/example_task_group_decorator.py
[2022-08-30T12:32:11.158+0000] {processor.py:650} INFO - DAG(s) dict_keys(['example_task_group_decorator']) retrieved from /home/airflow/.local/lib/python3.7/site-packages/airflow/example_dags/example_task_group_decorator.py
[2022-08-30T12:32:11.203+0000] {logging_mixin.py:115} INFO - [2022-08-30T12:32:11.203+0000] {dag.py:2429} INFO - Sync 1 DAGs
[2022-08-30T12:32:11.221+0000] {logging_mixin.py:115} INFO - [2022-08-30T12:32:11.221+0000] {dag.py:2981} INFO - Setting next_dagrun for example_task_group_decorator to 2022-08-29T12:32:11.221621+00:00, run_after=2022-08-30T12:32:11.221621+00:00
[2022-08-30T12:32:11.233+0000] {processor.py:161} INFO - Processing /home/airflow/.local/lib/python3.7/site-packages/airflow/example_dags/example_task_group_decorator.py took 0.115 seconds
[2022-08-30T12:32:42.131+0000] {processor.py:153} INFO - Started process (PID=1698) to work on /home/airflow/.local/lib/python3.7/site-packages/airflow/example_dags/example_task_group_decorator.py
[2022-08-30T12:32:42.132+0000] {processor.py:640} INFO - Processing file /home/airflow/.local/lib/python3.7/site-packages/airflow/example_dags/example_task_group_decorator.py for tasks to queue
[2022-08-30T12:32:42.133+0000] {logging_mixin.py:115} INFO - [2022-08-30T12:32:42.133+0000] {dagbag.py:508} INFO - Filling up the DagBag from /home/airflow/.local/lib/python3.7/site-packages/airflow/example_dags/example_task_group_decorator.py
[2022-08-30T12:32:42.150+0000] {processor.py:650} INFO - DAG(s) dict_keys(['example_task_group_decorator']) retrieved from /home/airflow/.local/lib/python3.7/site-packages/airflow/example_dags/example_task_group_decorator.py
[2022-08-30T12:32:42.174+0000] {logging_mixin.py:115} INFO - [2022-08-30T12:32:42.174+0000] {dag.py:2429} INFO - Sync 1 DAGs
[2022-08-30T12:32:42.189+0000] {logging_mixin.py:115} INFO - [2022-08-30T12:32:42.189+0000] {dag.py:2981} INFO - Setting next_dagrun for example_task_group_decorator to 2022-08-29T12:32:42.189560+00:00, run_after=2022-08-30T12:32:42.189560+00:00
[2022-08-30T12:32:42.198+0000] {processor.py:161} INFO - Processing /home/airflow/.local/lib/python3.7/site-packages/airflow/example_dags/example_task_group_decorator.py took 0.069 seconds
[2022-08-30T12:33:12.741+0000] {processor.py:153} INFO - Started process (PID=1901) to work on /home/airflow/.local/lib/python3.7/site-packages/airflow/example_dags/example_task_group_decorator.py
[2022-08-30T12:33:12.742+0000] {processor.py:640} INFO - Processing file /home/airflow/.local/lib/python3.7/site-packages/airflow/example_dags/example_task_group_decorator.py for tasks to queue
[2022-08-30T12:33:12.743+0000] {logging_mixin.py:115} INFO - [2022-08-30T12:33:12.743+0000] {dagbag.py:508} INFO - Filling up the DagBag from /home/airflow/.local/lib/python3.7/site-packages/airflow/example_dags/example_task_group_decorator.py
[2022-08-30T12:33:12.759+0000] {processor.py:650} INFO - DAG(s) dict_keys(['example_task_group_decorator']) retrieved from /home/airflow/.local/lib/python3.7/site-packages/airflow/example_dags/example_task_group_decorator.py
[2022-08-30T12:33:12.776+0000] {logging_mixin.py:115} INFO - [2022-08-30T12:33:12.776+0000] {dag.py:2429} INFO - Sync 1 DAGs
[2022-08-30T12:33:12.790+0000] {logging_mixin.py:115} INFO - [2022-08-30T12:33:12.790+0000] {dag.py:2981} INFO - Setting next_dagrun for example_task_group_decorator to 2022-08-29T12:33:12.790164+00:00, run_after=2022-08-30T12:33:12.790164+00:00
[2022-08-30T12:33:12.797+0000] {processor.py:161} INFO - Processing /home/airflow/.local/lib/python3.7/site-packages/airflow/example_dags/example_task_group_decorator.py took 0.058 seconds
[2022-08-30T12:33:43.446+0000] {processor.py:153} INFO - Started process (PID=2101) to work on /home/airflow/.local/lib/python3.7/site-packages/airflow/example_dags/example_task_group_decorator.py
[2022-08-30T12:33:43.448+0000] {processor.py:640} INFO - Processing file /home/airflow/.local/lib/python3.7/site-packages/airflow/example_dags/example_task_group_decorator.py for tasks to queue
[2022-08-30T12:33:43.449+0000] {logging_mixin.py:115} INFO - [2022-08-30T12:33:43.449+0000] {dagbag.py:508} INFO - Filling up the DagBag from /home/airflow/.local/lib/python3.7/site-packages/airflow/example_dags/example_task_group_decorator.py
[2022-08-30T12:33:43.465+0000] {processor.py:650} INFO - DAG(s) dict_keys(['example_task_group_decorator']) retrieved from /home/airflow/.local/lib/python3.7/site-packages/airflow/example_dags/example_task_group_decorator.py
[2022-08-30T12:33:43.482+0000] {logging_mixin.py:115} INFO - [2022-08-30T12:33:43.482+0000] {dag.py:2429} INFO - Sync 1 DAGs
[2022-08-30T12:33:43.496+0000] {logging_mixin.py:115} INFO - [2022-08-30T12:33:43.496+0000] {dag.py:2981} INFO - Setting next_dagrun for example_task_group_decorator to 2022-08-29T12:33:43.496409+00:00, run_after=2022-08-30T12:33:43.496409+00:00
[2022-08-30T12:33:43.504+0000] {processor.py:161} INFO - Processing /home/airflow/.local/lib/python3.7/site-packages/airflow/example_dags/example_task_group_decorator.py took 0.060 seconds
[2022-08-30T12:34:14.304+0000] {processor.py:153} INFO - Started process (PID=2303) to work on /home/airflow/.local/lib/python3.7/site-packages/airflow/example_dags/example_task_group_decorator.py
[2022-08-30T12:34:14.306+0000] {processor.py:640} INFO - Processing file /home/airflow/.local/lib/python3.7/site-packages/airflow/example_dags/example_task_group_decorator.py for tasks to queue
[2022-08-30T12:34:14.308+0000] {logging_mixin.py:115} INFO - [2022-08-30T12:34:14.308+0000] {dagbag.py:508} INFO - Filling up the DagBag from /home/airflow/.local/lib/python3.7/site-packages/airflow/example_dags/example_task_group_decorator.py
[2022-08-30T12:34:14.339+0000] {processor.py:650} INFO - DAG(s) dict_keys(['example_task_group_decorator']) retrieved from /home/airflow/.local/lib/python3.7/site-packages/airflow/example_dags/example_task_group_decorator.py
[2022-08-30T12:34:14.378+0000] {logging_mixin.py:115} INFO - [2022-08-30T12:34:14.377+0000] {dag.py:2429} INFO - Sync 1 DAGs
[2022-08-30T12:34:14.391+0000] {logging_mixin.py:115} INFO - [2022-08-30T12:34:14.391+0000] {dag.py:2981} INFO - Setting next_dagrun for example_task_group_decorator to 2022-08-29T12:34:14.391442+00:00, run_after=2022-08-30T12:34:14.391442+00:00
[2022-08-30T12:34:14.508+0000] {processor.py:161} INFO - Processing /home/airflow/.local/lib/python3.7/site-packages/airflow/example_dags/example_task_group_decorator.py took 0.207 seconds
[2022-08-30T12:34:45.107+0000] {processor.py:153} INFO - Started process (PID=2513) to work on /home/airflow/.local/lib/python3.7/site-packages/airflow/example_dags/example_task_group_decorator.py
[2022-08-30T12:34:45.108+0000] {processor.py:640} INFO - Processing file /home/airflow/.local/lib/python3.7/site-packages/airflow/example_dags/example_task_group_decorator.py for tasks to queue
[2022-08-30T12:34:45.109+0000] {logging_mixin.py:115} INFO - [2022-08-30T12:34:45.109+0000] {dagbag.py:508} INFO - Filling up the DagBag from /home/airflow/.local/lib/python3.7/site-packages/airflow/example_dags/example_task_group_decorator.py
[2022-08-30T12:34:45.127+0000] {processor.py:650} INFO - DAG(s) dict_keys(['example_task_group_decorator']) retrieved from /home/airflow/.local/lib/python3.7/site-packages/airflow/example_dags/example_task_group_decorator.py
[2022-08-30T12:34:45.167+0000] {logging_mixin.py:115} INFO - [2022-08-30T12:34:45.167+0000] {dag.py:2429} INFO - Sync 1 DAGs
[2022-08-30T12:34:45.182+0000] {logging_mixin.py:115} INFO - [2022-08-30T12:34:45.182+0000] {dag.py:2981} INFO - Setting next_dagrun for example_task_group_decorator to 2022-08-29T12:34:45.182465+00:00, run_after=2022-08-30T12:34:45.182465+00:00
[2022-08-30T12:34:45.301+0000] {processor.py:161} INFO - Processing /home/airflow/.local/lib/python3.7/site-packages/airflow/example_dags/example_task_group_decorator.py took 0.197 seconds
[2022-08-30T12:35:15.929+0000] {processor.py:153} INFO - Started process (PID=2713) to work on /home/airflow/.local/lib/python3.7/site-packages/airflow/example_dags/example_task_group_decorator.py
[2022-08-30T12:35:15.930+0000] {processor.py:640} INFO - Processing file /home/airflow/.local/lib/python3.7/site-packages/airflow/example_dags/example_task_group_decorator.py for tasks to queue
[2022-08-30T12:35:15.934+0000] {logging_mixin.py:115} INFO - [2022-08-30T12:35:15.933+0000] {dagbag.py:508} INFO - Filling up the DagBag from /home/airflow/.local/lib/python3.7/site-packages/airflow/example_dags/example_task_group_decorator.py
[2022-08-30T12:35:15.957+0000] {processor.py:650} INFO - DAG(s) dict_keys(['example_task_group_decorator']) retrieved from /home/airflow/.local/lib/python3.7/site-packages/airflow/example_dags/example_task_group_decorator.py
[2022-08-30T12:35:15.997+0000] {logging_mixin.py:115} INFO - [2022-08-30T12:35:15.997+0000] {dag.py:2429} INFO - Sync 1 DAGs
[2022-08-30T12:35:16.010+0000] {logging_mixin.py:115} INFO - [2022-08-30T12:35:16.010+0000] {dag.py:2981} INFO - Setting next_dagrun for example_task_group_decorator to 2022-08-29T12:35:16.010680+00:00, run_after=2022-08-30T12:35:16.010680+00:00
[2022-08-30T12:35:16.111+0000] {processor.py:161} INFO - Processing /home/airflow/.local/lib/python3.7/site-packages/airflow/example_dags/example_task_group_decorator.py took 0.186 seconds
[2022-08-30T12:35:46.833+0000] {processor.py:153} INFO - Started process (PID=2925) to work on /home/airflow/.local/lib/python3.7/site-packages/airflow/example_dags/example_task_group_decorator.py
[2022-08-30T12:35:46.834+0000] {processor.py:640} INFO - Processing file /home/airflow/.local/lib/python3.7/site-packages/airflow/example_dags/example_task_group_decorator.py for tasks to queue
[2022-08-30T12:35:46.835+0000] {logging_mixin.py:115} INFO - [2022-08-30T12:35:46.835+0000] {dagbag.py:508} INFO - Filling up the DagBag from /home/airflow/.local/lib/python3.7/site-packages/airflow/example_dags/example_task_group_decorator.py
[2022-08-30T12:35:46.852+0000] {processor.py:650} INFO - DAG(s) dict_keys(['example_task_group_decorator']) retrieved from /home/airflow/.local/lib/python3.7/site-packages/airflow/example_dags/example_task_group_decorator.py
[2022-08-30T12:35:46.871+0000] {logging_mixin.py:115} INFO - [2022-08-30T12:35:46.871+0000] {dag.py:2429} INFO - Sync 1 DAGs
[2022-08-30T12:35:46.886+0000] {logging_mixin.py:115} INFO - [2022-08-30T12:35:46.886+0000] {dag.py:2981} INFO - Setting next_dagrun for example_task_group_decorator to 2022-08-29T12:35:46.885422+00:00, run_after=2022-08-30T12:35:46.885422+00:00
[2022-08-30T12:35:46.895+0000] {processor.py:161} INFO - Processing /home/airflow/.local/lib/python3.7/site-packages/airflow/example_dags/example_task_group_decorator.py took 0.064 seconds
[2022-08-30T12:36:17.471+0000] {processor.py:153} INFO - Started process (PID=3099) to work on /home/airflow/.local/lib/python3.7/site-packages/airflow/example_dags/example_task_group_decorator.py
[2022-08-30T12:36:17.472+0000] {processor.py:640} INFO - Processing file /home/airflow/.local/lib/python3.7/site-packages/airflow/example_dags/example_task_group_decorator.py for tasks to queue
[2022-08-30T12:36:17.473+0000] {logging_mixin.py:115} INFO - [2022-08-30T12:36:17.473+0000] {dagbag.py:508} INFO - Filling up the DagBag from /home/airflow/.local/lib/python3.7/site-packages/airflow/example_dags/example_task_group_decorator.py
[2022-08-30T12:36:17.487+0000] {processor.py:650} INFO - DAG(s) dict_keys(['example_task_group_decorator']) retrieved from /home/airflow/.local/lib/python3.7/site-packages/airflow/example_dags/example_task_group_decorator.py
[2022-08-30T12:36:17.521+0000] {logging_mixin.py:115} INFO - [2022-08-30T12:36:17.521+0000] {dag.py:2429} INFO - Sync 1 DAGs
[2022-08-30T12:36:17.532+0000] {logging_mixin.py:115} INFO - [2022-08-30T12:36:17.532+0000] {dag.py:2981} INFO - Setting next_dagrun for example_task_group_decorator to 2022-08-29T12:36:17.531942+00:00, run_after=2022-08-30T12:36:17.531942+00:00
[2022-08-30T12:36:17.619+0000] {processor.py:161} INFO - Processing /home/airflow/.local/lib/python3.7/site-packages/airflow/example_dags/example_task_group_decorator.py took 0.150 seconds
[2022-08-30T12:36:48.294+0000] {processor.py:153} INFO - Started process (PID=3294) to work on /home/airflow/.local/lib/python3.7/site-packages/airflow/example_dags/example_task_group_decorator.py
[2022-08-30T12:36:48.295+0000] {processor.py:640} INFO - Processing file /home/airflow/.local/lib/python3.7/site-packages/airflow/example_dags/example_task_group_decorator.py for tasks to queue
[2022-08-30T12:36:48.296+0000] {logging_mixin.py:115} INFO - [2022-08-30T12:36:48.296+0000] {dagbag.py:508} INFO - Filling up the DagBag from /home/airflow/.local/lib/python3.7/site-packages/airflow/example_dags/example_task_group_decorator.py
[2022-08-30T12:36:48.313+0000] {processor.py:650} INFO - DAG(s) dict_keys(['example_task_group_decorator']) retrieved from /home/airflow/.local/lib/python3.7/site-packages/airflow/example_dags/example_task_group_decorator.py
[2022-08-30T12:36:48.352+0000] {logging_mixin.py:115} INFO - [2022-08-30T12:36:48.352+0000] {dag.py:2429} INFO - Sync 1 DAGs
[2022-08-30T12:36:48.364+0000] {logging_mixin.py:115} INFO - [2022-08-30T12:36:48.364+0000] {dag.py:2981} INFO - Setting next_dagrun for example_task_group_decorator to 2022-08-29T12:36:48.363968+00:00, run_after=2022-08-30T12:36:48.363968+00:00
[2022-08-30T12:36:48.465+0000] {processor.py:161} INFO - Processing /home/airflow/.local/lib/python3.7/site-packages/airflow/example_dags/example_task_group_decorator.py took 0.173 seconds
[2022-08-30T12:37:19.154+0000] {processor.py:153} INFO - Started process (PID=3506) to work on /home/airflow/.local/lib/python3.7/site-packages/airflow/example_dags/example_task_group_decorator.py
[2022-08-30T12:37:19.155+0000] {processor.py:640} INFO - Processing file /home/airflow/.local/lib/python3.7/site-packages/airflow/example_dags/example_task_group_decorator.py for tasks to queue
[2022-08-30T12:37:19.156+0000] {logging_mixin.py:115} INFO - [2022-08-30T12:37:19.156+0000] {dagbag.py:508} INFO - Filling up the DagBag from /home/airflow/.local/lib/python3.7/site-packages/airflow/example_dags/example_task_group_decorator.py
[2022-08-30T12:37:19.173+0000] {processor.py:650} INFO - DAG(s) dict_keys(['example_task_group_decorator']) retrieved from /home/airflow/.local/lib/python3.7/site-packages/airflow/example_dags/example_task_group_decorator.py
[2022-08-30T12:37:19.209+0000] {logging_mixin.py:115} INFO - [2022-08-30T12:37:19.209+0000] {dag.py:2429} INFO - Sync 1 DAGs
[2022-08-30T12:37:19.224+0000] {logging_mixin.py:115} INFO - [2022-08-30T12:37:19.224+0000] {dag.py:2981} INFO - Setting next_dagrun for example_task_group_decorator to 2022-08-29T12:37:19.224760+00:00, run_after=2022-08-30T12:37:19.224760+00:00
[2022-08-30T12:37:19.341+0000] {processor.py:161} INFO - Processing /home/airflow/.local/lib/python3.7/site-packages/airflow/example_dags/example_task_group_decorator.py took 0.190 seconds
[2022-08-30T12:37:49.828+0000] {processor.py:153} INFO - Started process (PID=3697) to work on /home/airflow/.local/lib/python3.7/site-packages/airflow/example_dags/example_task_group_decorator.py
[2022-08-30T12:37:49.829+0000] {processor.py:640} INFO - Processing file /home/airflow/.local/lib/python3.7/site-packages/airflow/example_dags/example_task_group_decorator.py for tasks to queue
[2022-08-30T12:37:49.830+0000] {logging_mixin.py:115} INFO - [2022-08-30T12:37:49.830+0000] {dagbag.py:508} INFO - Filling up the DagBag from /home/airflow/.local/lib/python3.7/site-packages/airflow/example_dags/example_task_group_decorator.py
[2022-08-30T12:37:49.846+0000] {processor.py:650} INFO - DAG(s) dict_keys(['example_task_group_decorator']) retrieved from /home/airflow/.local/lib/python3.7/site-packages/airflow/example_dags/example_task_group_decorator.py
[2022-08-30T12:37:49.883+0000] {logging_mixin.py:115} INFO - [2022-08-30T12:37:49.883+0000] {dag.py:2429} INFO - Sync 1 DAGs
[2022-08-30T12:37:49.898+0000] {logging_mixin.py:115} INFO - [2022-08-30T12:37:49.897+0000] {dag.py:2981} INFO - Setting next_dagrun for example_task_group_decorator to 2022-08-29T12:37:49.897836+00:00, run_after=2022-08-30T12:37:49.897836+00:00
[2022-08-30T12:37:50.006+0000] {processor.py:161} INFO - Processing /home/airflow/.local/lib/python3.7/site-packages/airflow/example_dags/example_task_group_decorator.py took 0.181 seconds
