[2022-08-30T12:27:46.645+0000] {processor.py:153} INFO - Started process (PID=245) to work on /home/airflow/.local/lib/python3.7/site-packages/airflow/example_dags/example_short_circuit_operator.py
[2022-08-30T12:27:46.647+0000] {processor.py:640} INFO - Processing file /home/airflow/.local/lib/python3.7/site-packages/airflow/example_dags/example_short_circuit_operator.py for tasks to queue
[2022-08-30T12:27:46.648+0000] {logging_mixin.py:115} INFO - [2022-08-30T12:27:46.648+0000] {dagbag.py:508} INFO - Filling up the DagBag from /home/airflow/.local/lib/python3.7/site-packages/airflow/example_dags/example_short_circuit_operator.py
[2022-08-30T12:27:46.656+0000] {processor.py:650} INFO - DAG(s) dict_keys(['example_short_circuit_operator']) retrieved from /home/airflow/.local/lib/python3.7/site-packages/airflow/example_dags/example_short_circuit_operator.py
[2022-08-30T12:27:46.709+0000] {logging_mixin.py:115} INFO - [2022-08-30T12:27:46.709+0000] {manager.py:508} INFO - Created Permission View: can read on DAG:example_short_circuit_operator
[2022-08-30T12:27:46.716+0000] {logging_mixin.py:115} INFO - [2022-08-30T12:27:46.716+0000] {manager.py:508} INFO - Created Permission View: can edit on DAG:example_short_circuit_operator
[2022-08-30T12:27:46.722+0000] {logging_mixin.py:115} INFO - [2022-08-30T12:27:46.722+0000] {manager.py:508} INFO - Created Permission View: can delete on DAG:example_short_circuit_operator
[2022-08-30T12:27:46.723+0000] {logging_mixin.py:115} INFO - [2022-08-30T12:27:46.723+0000] {dag.py:2429} INFO - Sync 1 DAGs
[2022-08-30T12:27:46.730+0000] {logging_mixin.py:115} INFO - [2022-08-30T12:27:46.730+0000] {dag.py:2448} INFO - Creating ORM DAG for example_short_circuit_operator
[2022-08-30T12:27:46.740+0000] {logging_mixin.py:115} INFO - [2022-08-30T12:27:46.739+0000] {dag.py:2981} INFO - Setting next_dagrun for example_short_circuit_operator to 2022-08-29T12:27:46.739769+00:00, run_after=2022-08-30T12:27:46.739769+00:00
[2022-08-30T12:27:46.749+0000] {processor.py:161} INFO - Processing /home/airflow/.local/lib/python3.7/site-packages/airflow/example_dags/example_short_circuit_operator.py took 0.107 seconds
[2022-08-30T12:28:17.381+0000] {processor.py:153} INFO - Started process (PID=445) to work on /home/airflow/.local/lib/python3.7/site-packages/airflow/example_dags/example_short_circuit_operator.py
[2022-08-30T12:28:17.383+0000] {processor.py:640} INFO - Processing file /home/airflow/.local/lib/python3.7/site-packages/airflow/example_dags/example_short_circuit_operator.py for tasks to queue
[2022-08-30T12:28:17.384+0000] {logging_mixin.py:115} INFO - [2022-08-30T12:28:17.384+0000] {dagbag.py:508} INFO - Filling up the DagBag from /home/airflow/.local/lib/python3.7/site-packages/airflow/example_dags/example_short_circuit_operator.py
[2022-08-30T12:28:17.390+0000] {processor.py:650} INFO - DAG(s) dict_keys(['example_short_circuit_operator']) retrieved from /home/airflow/.local/lib/python3.7/site-packages/airflow/example_dags/example_short_circuit_operator.py
[2022-08-30T12:28:17.406+0000] {logging_mixin.py:115} INFO - [2022-08-30T12:28:17.406+0000] {dag.py:2429} INFO - Sync 1 DAGs
[2022-08-30T12:28:17.421+0000] {logging_mixin.py:115} INFO - [2022-08-30T12:28:17.421+0000] {dag.py:2981} INFO - Setting next_dagrun for example_short_circuit_operator to 2022-08-29T12:28:17.421695+00:00, run_after=2022-08-30T12:28:17.421695+00:00
[2022-08-30T12:28:17.428+0000] {processor.py:161} INFO - Processing /home/airflow/.local/lib/python3.7/site-packages/airflow/example_dags/example_short_circuit_operator.py took 0.049 seconds
[2022-08-30T12:29:06.223+0000] {processor.py:153} INFO - Started process (PID=250) to work on /home/airflow/.local/lib/python3.7/site-packages/airflow/example_dags/example_short_circuit_operator.py
[2022-08-30T12:29:06.225+0000] {processor.py:640} INFO - Processing file /home/airflow/.local/lib/python3.7/site-packages/airflow/example_dags/example_short_circuit_operator.py for tasks to queue
[2022-08-30T12:29:06.226+0000] {logging_mixin.py:115} INFO - [2022-08-30T12:29:06.226+0000] {dagbag.py:508} INFO - Filling up the DagBag from /home/airflow/.local/lib/python3.7/site-packages/airflow/example_dags/example_short_circuit_operator.py
[2022-08-30T12:29:06.232+0000] {processor.py:650} INFO - DAG(s) dict_keys(['example_short_circuit_operator']) retrieved from /home/airflow/.local/lib/python3.7/site-packages/airflow/example_dags/example_short_circuit_operator.py
[2022-08-30T12:29:06.251+0000] {logging_mixin.py:115} INFO - [2022-08-30T12:29:06.251+0000] {dag.py:2429} INFO - Sync 1 DAGs
[2022-08-30T12:29:06.263+0000] {logging_mixin.py:115} INFO - [2022-08-30T12:29:06.263+0000] {dag.py:2981} INFO - Setting next_dagrun for example_short_circuit_operator to 2022-08-29T12:29:06.263253+00:00, run_after=2022-08-30T12:29:06.263253+00:00
[2022-08-30T12:29:06.270+0000] {processor.py:161} INFO - Processing /home/airflow/.local/lib/python3.7/site-packages/airflow/example_dags/example_short_circuit_operator.py took 0.049 seconds
[2022-08-30T12:29:36.925+0000] {processor.py:153} INFO - Started process (PID=450) to work on /home/airflow/.local/lib/python3.7/site-packages/airflow/example_dags/example_short_circuit_operator.py
[2022-08-30T12:29:36.927+0000] {processor.py:640} INFO - Processing file /home/airflow/.local/lib/python3.7/site-packages/airflow/example_dags/example_short_circuit_operator.py for tasks to queue
[2022-08-30T12:29:36.928+0000] {logging_mixin.py:115} INFO - [2022-08-30T12:29:36.927+0000] {dagbag.py:508} INFO - Filling up the DagBag from /home/airflow/.local/lib/python3.7/site-packages/airflow/example_dags/example_short_circuit_operator.py
[2022-08-30T12:29:36.933+0000] {processor.py:650} INFO - DAG(s) dict_keys(['example_short_circuit_operator']) retrieved from /home/airflow/.local/lib/python3.7/site-packages/airflow/example_dags/example_short_circuit_operator.py
[2022-08-30T12:29:36.951+0000] {logging_mixin.py:115} INFO - [2022-08-30T12:29:36.951+0000] {dag.py:2429} INFO - Sync 1 DAGs
[2022-08-30T12:29:36.964+0000] {logging_mixin.py:115} INFO - [2022-08-30T12:29:36.964+0000] {dag.py:2981} INFO - Setting next_dagrun for example_short_circuit_operator to 2022-08-29T12:29:36.964460+00:00, run_after=2022-08-30T12:29:36.964460+00:00
[2022-08-30T12:29:36.971+0000] {processor.py:161} INFO - Processing /home/airflow/.local/lib/python3.7/site-packages/airflow/example_dags/example_short_circuit_operator.py took 0.048 seconds
[2022-08-30T12:30:07.738+0000] {processor.py:153} INFO - Started process (PID=651) to work on /home/airflow/.local/lib/python3.7/site-packages/airflow/example_dags/example_short_circuit_operator.py
[2022-08-30T12:30:07.742+0000] {processor.py:640} INFO - Processing file /home/airflow/.local/lib/python3.7/site-packages/airflow/example_dags/example_short_circuit_operator.py for tasks to queue
[2022-08-30T12:30:07.744+0000] {logging_mixin.py:115} INFO - [2022-08-30T12:30:07.744+0000] {dagbag.py:508} INFO - Filling up the DagBag from /home/airflow/.local/lib/python3.7/site-packages/airflow/example_dags/example_short_circuit_operator.py
[2022-08-30T12:30:07.750+0000] {processor.py:650} INFO - DAG(s) dict_keys(['example_short_circuit_operator']) retrieved from /home/airflow/.local/lib/python3.7/site-packages/airflow/example_dags/example_short_circuit_operator.py
[2022-08-30T12:30:07.769+0000] {logging_mixin.py:115} INFO - [2022-08-30T12:30:07.769+0000] {dag.py:2429} INFO - Sync 1 DAGs
[2022-08-30T12:30:07.782+0000] {logging_mixin.py:115} INFO - [2022-08-30T12:30:07.781+0000] {dag.py:2981} INFO - Setting next_dagrun for example_short_circuit_operator to 2022-08-29T12:30:07.781833+00:00, run_after=2022-08-30T12:30:07.781833+00:00
[2022-08-30T12:30:07.789+0000] {processor.py:161} INFO - Processing /home/airflow/.local/lib/python3.7/site-packages/airflow/example_dags/example_short_circuit_operator.py took 0.054 seconds
[2022-08-30T12:30:38.472+0000] {processor.py:153} INFO - Started process (PID=852) to work on /home/airflow/.local/lib/python3.7/site-packages/airflow/example_dags/example_short_circuit_operator.py
[2022-08-30T12:30:38.473+0000] {processor.py:640} INFO - Processing file /home/airflow/.local/lib/python3.7/site-packages/airflow/example_dags/example_short_circuit_operator.py for tasks to queue
[2022-08-30T12:30:38.475+0000] {logging_mixin.py:115} INFO - [2022-08-30T12:30:38.475+0000] {dagbag.py:508} INFO - Filling up the DagBag from /home/airflow/.local/lib/python3.7/site-packages/airflow/example_dags/example_short_circuit_operator.py
[2022-08-30T12:30:38.480+0000] {processor.py:650} INFO - DAG(s) dict_keys(['example_short_circuit_operator']) retrieved from /home/airflow/.local/lib/python3.7/site-packages/airflow/example_dags/example_short_circuit_operator.py
[2022-08-30T12:30:38.500+0000] {logging_mixin.py:115} INFO - [2022-08-30T12:30:38.499+0000] {dag.py:2429} INFO - Sync 1 DAGs
[2022-08-30T12:30:38.515+0000] {logging_mixin.py:115} INFO - [2022-08-30T12:30:38.515+0000] {dag.py:2981} INFO - Setting next_dagrun for example_short_circuit_operator to 2022-08-29T12:30:38.514870+00:00, run_after=2022-08-30T12:30:38.514870+00:00
[2022-08-30T12:30:38.523+0000] {processor.py:161} INFO - Processing /home/airflow/.local/lib/python3.7/site-packages/airflow/example_dags/example_short_circuit_operator.py took 0.053 seconds
[2022-08-30T12:31:09.292+0000] {processor.py:153} INFO - Started process (PID=1044) to work on /home/airflow/.local/lib/python3.7/site-packages/airflow/example_dags/example_short_circuit_operator.py
[2022-08-30T12:31:09.293+0000] {processor.py:640} INFO - Processing file /home/airflow/.local/lib/python3.7/site-packages/airflow/example_dags/example_short_circuit_operator.py for tasks to queue
[2022-08-30T12:31:09.294+0000] {logging_mixin.py:115} INFO - [2022-08-30T12:31:09.294+0000] {dagbag.py:508} INFO - Filling up the DagBag from /home/airflow/.local/lib/python3.7/site-packages/airflow/example_dags/example_short_circuit_operator.py
[2022-08-30T12:31:09.299+0000] {processor.py:650} INFO - DAG(s) dict_keys(['example_short_circuit_operator']) retrieved from /home/airflow/.local/lib/python3.7/site-packages/airflow/example_dags/example_short_circuit_operator.py
[2022-08-30T12:31:09.316+0000] {logging_mixin.py:115} INFO - [2022-08-30T12:31:09.316+0000] {dag.py:2429} INFO - Sync 1 DAGs
[2022-08-30T12:31:09.329+0000] {logging_mixin.py:115} INFO - [2022-08-30T12:31:09.329+0000] {dag.py:2981} INFO - Setting next_dagrun for example_short_circuit_operator to 2022-08-29T12:31:09.328974+00:00, run_after=2022-08-30T12:31:09.328974+00:00
[2022-08-30T12:31:09.336+0000] {processor.py:161} INFO - Processing /home/airflow/.local/lib/python3.7/site-packages/airflow/example_dags/example_short_circuit_operator.py took 0.046 seconds
[2022-08-30T12:31:39.889+0000] {processor.py:153} INFO - Started process (PID=1245) to work on /home/airflow/.local/lib/python3.7/site-packages/airflow/example_dags/example_short_circuit_operator.py
[2022-08-30T12:31:39.901+0000] {processor.py:640} INFO - Processing file /home/airflow/.local/lib/python3.7/site-packages/airflow/example_dags/example_short_circuit_operator.py for tasks to queue
[2022-08-30T12:31:39.902+0000] {logging_mixin.py:115} INFO - [2022-08-30T12:31:39.902+0000] {dagbag.py:508} INFO - Filling up the DagBag from /home/airflow/.local/lib/python3.7/site-packages/airflow/example_dags/example_short_circuit_operator.py
[2022-08-30T12:31:39.908+0000] {processor.py:650} INFO - DAG(s) dict_keys(['example_short_circuit_operator']) retrieved from /home/airflow/.local/lib/python3.7/site-packages/airflow/example_dags/example_short_circuit_operator.py
[2022-08-30T12:31:39.927+0000] {logging_mixin.py:115} INFO - [2022-08-30T12:31:39.927+0000] {dag.py:2429} INFO - Sync 1 DAGs
[2022-08-30T12:31:39.940+0000] {logging_mixin.py:115} INFO - [2022-08-30T12:31:39.940+0000] {dag.py:2981} INFO - Setting next_dagrun for example_short_circuit_operator to 2022-08-29T12:31:39.940514+00:00, run_after=2022-08-30T12:31:39.940514+00:00
[2022-08-30T12:31:39.949+0000] {processor.py:161} INFO - Processing /home/airflow/.local/lib/python3.7/site-packages/airflow/example_dags/example_short_circuit_operator.py took 0.062 seconds
[2022-08-30T12:32:10.572+0000] {processor.py:153} INFO - Started process (PID=1445) to work on /home/airflow/.local/lib/python3.7/site-packages/airflow/example_dags/example_short_circuit_operator.py
[2022-08-30T12:32:10.574+0000] {processor.py:640} INFO - Processing file /home/airflow/.local/lib/python3.7/site-packages/airflow/example_dags/example_short_circuit_operator.py for tasks to queue
[2022-08-30T12:32:10.574+0000] {logging_mixin.py:115} INFO - [2022-08-30T12:32:10.574+0000] {dagbag.py:508} INFO - Filling up the DagBag from /home/airflow/.local/lib/python3.7/site-packages/airflow/example_dags/example_short_circuit_operator.py
[2022-08-30T12:32:10.579+0000] {processor.py:650} INFO - DAG(s) dict_keys(['example_short_circuit_operator']) retrieved from /home/airflow/.local/lib/python3.7/site-packages/airflow/example_dags/example_short_circuit_operator.py
[2022-08-30T12:32:10.598+0000] {logging_mixin.py:115} INFO - [2022-08-30T12:32:10.598+0000] {dag.py:2429} INFO - Sync 1 DAGs
[2022-08-30T12:32:10.610+0000] {logging_mixin.py:115} INFO - [2022-08-30T12:32:10.610+0000] {dag.py:2981} INFO - Setting next_dagrun for example_short_circuit_operator to 2022-08-29T12:32:10.610389+00:00, run_after=2022-08-30T12:32:10.610389+00:00
[2022-08-30T12:32:10.618+0000] {processor.py:161} INFO - Processing /home/airflow/.local/lib/python3.7/site-packages/airflow/example_dags/example_short_circuit_operator.py took 0.049 seconds
[2022-08-30T12:32:41.481+0000] {processor.py:153} INFO - Started process (PID=1648) to work on /home/airflow/.local/lib/python3.7/site-packages/airflow/example_dags/example_short_circuit_operator.py
[2022-08-30T12:32:41.483+0000] {processor.py:640} INFO - Processing file /home/airflow/.local/lib/python3.7/site-packages/airflow/example_dags/example_short_circuit_operator.py for tasks to queue
[2022-08-30T12:32:41.485+0000] {logging_mixin.py:115} INFO - [2022-08-30T12:32:41.485+0000] {dagbag.py:508} INFO - Filling up the DagBag from /home/airflow/.local/lib/python3.7/site-packages/airflow/example_dags/example_short_circuit_operator.py
[2022-08-30T12:32:41.493+0000] {processor.py:650} INFO - DAG(s) dict_keys(['example_short_circuit_operator']) retrieved from /home/airflow/.local/lib/python3.7/site-packages/airflow/example_dags/example_short_circuit_operator.py
[2022-08-30T12:32:41.522+0000] {logging_mixin.py:115} INFO - [2022-08-30T12:32:41.522+0000] {dag.py:2429} INFO - Sync 1 DAGs
[2022-08-30T12:32:41.543+0000] {logging_mixin.py:115} INFO - [2022-08-30T12:32:41.543+0000] {dag.py:2981} INFO - Setting next_dagrun for example_short_circuit_operator to 2022-08-29T12:32:41.543445+00:00, run_after=2022-08-30T12:32:41.543445+00:00
[2022-08-30T12:32:41.555+0000] {processor.py:161} INFO - Processing /home/airflow/.local/lib/python3.7/site-packages/airflow/example_dags/example_short_circuit_operator.py took 0.077 seconds
[2022-08-30T12:33:12.257+0000] {processor.py:153} INFO - Started process (PID=1851) to work on /home/airflow/.local/lib/python3.7/site-packages/airflow/example_dags/example_short_circuit_operator.py
[2022-08-30T12:33:12.258+0000] {processor.py:640} INFO - Processing file /home/airflow/.local/lib/python3.7/site-packages/airflow/example_dags/example_short_circuit_operator.py for tasks to queue
[2022-08-30T12:33:12.259+0000] {logging_mixin.py:115} INFO - [2022-08-30T12:33:12.259+0000] {dagbag.py:508} INFO - Filling up the DagBag from /home/airflow/.local/lib/python3.7/site-packages/airflow/example_dags/example_short_circuit_operator.py
[2022-08-30T12:33:12.264+0000] {processor.py:650} INFO - DAG(s) dict_keys(['example_short_circuit_operator']) retrieved from /home/airflow/.local/lib/python3.7/site-packages/airflow/example_dags/example_short_circuit_operator.py
[2022-08-30T12:33:12.282+0000] {logging_mixin.py:115} INFO - [2022-08-30T12:33:12.282+0000] {dag.py:2429} INFO - Sync 1 DAGs
[2022-08-30T12:33:12.294+0000] {logging_mixin.py:115} INFO - [2022-08-30T12:33:12.294+0000] {dag.py:2981} INFO - Setting next_dagrun for example_short_circuit_operator to 2022-08-29T12:33:12.294466+00:00, run_after=2022-08-30T12:33:12.294466+00:00
[2022-08-30T12:33:12.312+0000] {processor.py:161} INFO - Processing /home/airflow/.local/lib/python3.7/site-packages/airflow/example_dags/example_short_circuit_operator.py took 0.057 seconds
[2022-08-30T12:33:42.861+0000] {processor.py:153} INFO - Started process (PID=2046) to work on /home/airflow/.local/lib/python3.7/site-packages/airflow/example_dags/example_short_circuit_operator.py
[2022-08-30T12:33:42.862+0000] {processor.py:640} INFO - Processing file /home/airflow/.local/lib/python3.7/site-packages/airflow/example_dags/example_short_circuit_operator.py for tasks to queue
[2022-08-30T12:33:42.863+0000] {logging_mixin.py:115} INFO - [2022-08-30T12:33:42.863+0000] {dagbag.py:508} INFO - Filling up the DagBag from /home/airflow/.local/lib/python3.7/site-packages/airflow/example_dags/example_short_circuit_operator.py
[2022-08-30T12:33:42.869+0000] {processor.py:650} INFO - DAG(s) dict_keys(['example_short_circuit_operator']) retrieved from /home/airflow/.local/lib/python3.7/site-packages/airflow/example_dags/example_short_circuit_operator.py
[2022-08-30T12:33:42.890+0000] {logging_mixin.py:115} INFO - [2022-08-30T12:33:42.890+0000] {dag.py:2429} INFO - Sync 1 DAGs
[2022-08-30T12:33:42.903+0000] {logging_mixin.py:115} INFO - [2022-08-30T12:33:42.903+0000] {dag.py:2981} INFO - Setting next_dagrun for example_short_circuit_operator to 2022-08-29T12:33:42.903517+00:00, run_after=2022-08-30T12:33:42.903517+00:00
[2022-08-30T12:33:42.911+0000] {processor.py:161} INFO - Processing /home/airflow/.local/lib/python3.7/site-packages/airflow/example_dags/example_short_circuit_operator.py took 0.052 seconds
[2022-08-30T12:34:13.597+0000] {processor.py:153} INFO - Started process (PID=2246) to work on /home/airflow/.local/lib/python3.7/site-packages/airflow/example_dags/example_short_circuit_operator.py
[2022-08-30T12:34:13.599+0000] {processor.py:640} INFO - Processing file /home/airflow/.local/lib/python3.7/site-packages/airflow/example_dags/example_short_circuit_operator.py for tasks to queue
[2022-08-30T12:34:13.600+0000] {logging_mixin.py:115} INFO - [2022-08-30T12:34:13.600+0000] {dagbag.py:508} INFO - Filling up the DagBag from /home/airflow/.local/lib/python3.7/site-packages/airflow/example_dags/example_short_circuit_operator.py
[2022-08-30T12:34:13.608+0000] {processor.py:650} INFO - DAG(s) dict_keys(['example_short_circuit_operator']) retrieved from /home/airflow/.local/lib/python3.7/site-packages/airflow/example_dags/example_short_circuit_operator.py
[2022-08-30T12:34:13.626+0000] {logging_mixin.py:115} INFO - [2022-08-30T12:34:13.626+0000] {dag.py:2429} INFO - Sync 1 DAGs
[2022-08-30T12:34:13.645+0000] {logging_mixin.py:115} INFO - [2022-08-30T12:34:13.644+0000] {dag.py:2981} INFO - Setting next_dagrun for example_short_circuit_operator to 2022-08-29T12:34:13.644815+00:00, run_after=2022-08-30T12:34:13.644815+00:00
[2022-08-30T12:34:13.653+0000] {processor.py:161} INFO - Processing /home/airflow/.local/lib/python3.7/site-packages/airflow/example_dags/example_short_circuit_operator.py took 0.058 seconds
[2022-08-30T12:34:44.451+0000] {processor.py:153} INFO - Started process (PID=2441) to work on /home/airflow/.local/lib/python3.7/site-packages/airflow/example_dags/example_short_circuit_operator.py
[2022-08-30T12:34:44.453+0000] {processor.py:640} INFO - Processing file /home/airflow/.local/lib/python3.7/site-packages/airflow/example_dags/example_short_circuit_operator.py for tasks to queue
[2022-08-30T12:34:44.453+0000] {logging_mixin.py:115} INFO - [2022-08-30T12:34:44.453+0000] {dagbag.py:508} INFO - Filling up the DagBag from /home/airflow/.local/lib/python3.7/site-packages/airflow/example_dags/example_short_circuit_operator.py
[2022-08-30T12:34:44.461+0000] {processor.py:650} INFO - DAG(s) dict_keys(['example_short_circuit_operator']) retrieved from /home/airflow/.local/lib/python3.7/site-packages/airflow/example_dags/example_short_circuit_operator.py
[2022-08-30T12:34:44.477+0000] {logging_mixin.py:115} INFO - [2022-08-30T12:34:44.476+0000] {dag.py:2429} INFO - Sync 1 DAGs
[2022-08-30T12:34:44.489+0000] {logging_mixin.py:115} INFO - [2022-08-30T12:34:44.489+0000] {dag.py:2981} INFO - Setting next_dagrun for example_short_circuit_operator to 2022-08-29T12:34:44.489589+00:00, run_after=2022-08-30T12:34:44.489589+00:00
[2022-08-30T12:34:44.497+0000] {processor.py:161} INFO - Processing /home/airflow/.local/lib/python3.7/site-packages/airflow/example_dags/example_short_circuit_operator.py took 0.049 seconds
[2022-08-30T12:35:15.197+0000] {processor.py:153} INFO - Started process (PID=2643) to work on /home/airflow/.local/lib/python3.7/site-packages/airflow/example_dags/example_short_circuit_operator.py
[2022-08-30T12:35:15.198+0000] {processor.py:640} INFO - Processing file /home/airflow/.local/lib/python3.7/site-packages/airflow/example_dags/example_short_circuit_operator.py for tasks to queue
[2022-08-30T12:35:15.199+0000] {logging_mixin.py:115} INFO - [2022-08-30T12:35:15.199+0000] {dagbag.py:508} INFO - Filling up the DagBag from /home/airflow/.local/lib/python3.7/site-packages/airflow/example_dags/example_short_circuit_operator.py
[2022-08-30T12:35:15.207+0000] {processor.py:650} INFO - DAG(s) dict_keys(['example_short_circuit_operator']) retrieved from /home/airflow/.local/lib/python3.7/site-packages/airflow/example_dags/example_short_circuit_operator.py
[2022-08-30T12:35:15.224+0000] {logging_mixin.py:115} INFO - [2022-08-30T12:35:15.224+0000] {dag.py:2429} INFO - Sync 1 DAGs
[2022-08-30T12:35:15.236+0000] {logging_mixin.py:115} INFO - [2022-08-30T12:35:15.236+0000] {dag.py:2981} INFO - Setting next_dagrun for example_short_circuit_operator to 2022-08-29T12:35:15.236474+00:00, run_after=2022-08-30T12:35:15.236474+00:00
[2022-08-30T12:35:15.243+0000] {processor.py:161} INFO - Processing /home/airflow/.local/lib/python3.7/site-packages/airflow/example_dags/example_short_circuit_operator.py took 0.049 seconds
[2022-08-30T12:35:45.986+0000] {processor.py:153} INFO - Started process (PID=2845) to work on /home/airflow/.local/lib/python3.7/site-packages/airflow/example_dags/example_short_circuit_operator.py
[2022-08-30T12:35:45.988+0000] {processor.py:640} INFO - Processing file /home/airflow/.local/lib/python3.7/site-packages/airflow/example_dags/example_short_circuit_operator.py for tasks to queue
[2022-08-30T12:35:45.989+0000] {logging_mixin.py:115} INFO - [2022-08-30T12:35:45.989+0000] {dagbag.py:508} INFO - Filling up the DagBag from /home/airflow/.local/lib/python3.7/site-packages/airflow/example_dags/example_short_circuit_operator.py
[2022-08-30T12:35:45.997+0000] {processor.py:650} INFO - DAG(s) dict_keys(['example_short_circuit_operator']) retrieved from /home/airflow/.local/lib/python3.7/site-packages/airflow/example_dags/example_short_circuit_operator.py
[2022-08-30T12:35:46.013+0000] {logging_mixin.py:115} INFO - [2022-08-30T12:35:46.013+0000] {dag.py:2429} INFO - Sync 1 DAGs
[2022-08-30T12:35:46.027+0000] {logging_mixin.py:115} INFO - [2022-08-30T12:35:46.027+0000] {dag.py:2981} INFO - Setting next_dagrun for example_short_circuit_operator to 2022-08-29T12:35:46.027129+00:00, run_after=2022-08-30T12:35:46.027129+00:00
[2022-08-30T12:35:46.034+0000] {processor.py:161} INFO - Processing /home/airflow/.local/lib/python3.7/site-packages/airflow/example_dags/example_short_circuit_operator.py took 0.050 seconds
[2022-08-30T12:36:16.853+0000] {processor.py:153} INFO - Started process (PID=3047) to work on /home/airflow/.local/lib/python3.7/site-packages/airflow/example_dags/example_short_circuit_operator.py
[2022-08-30T12:36:16.854+0000] {processor.py:640} INFO - Processing file /home/airflow/.local/lib/python3.7/site-packages/airflow/example_dags/example_short_circuit_operator.py for tasks to queue
[2022-08-30T12:36:16.855+0000] {logging_mixin.py:115} INFO - [2022-08-30T12:36:16.855+0000] {dagbag.py:508} INFO - Filling up the DagBag from /home/airflow/.local/lib/python3.7/site-packages/airflow/example_dags/example_short_circuit_operator.py
[2022-08-30T12:36:16.863+0000] {processor.py:650} INFO - DAG(s) dict_keys(['example_short_circuit_operator']) retrieved from /home/airflow/.local/lib/python3.7/site-packages/airflow/example_dags/example_short_circuit_operator.py
[2022-08-30T12:36:16.879+0000] {logging_mixin.py:115} INFO - [2022-08-30T12:36:16.879+0000] {dag.py:2429} INFO - Sync 1 DAGs
[2022-08-30T12:36:16.892+0000] {logging_mixin.py:115} INFO - [2022-08-30T12:36:16.892+0000] {dag.py:2981} INFO - Setting next_dagrun for example_short_circuit_operator to 2022-08-29T12:36:16.892555+00:00, run_after=2022-08-30T12:36:16.892555+00:00
[2022-08-30T12:36:16.900+0000] {processor.py:161} INFO - Processing /home/airflow/.local/lib/python3.7/site-packages/airflow/example_dags/example_short_circuit_operator.py took 0.050 seconds
[2022-08-30T12:36:47.813+0000] {processor.py:153} INFO - Started process (PID=3244) to work on /home/airflow/.local/lib/python3.7/site-packages/airflow/example_dags/example_short_circuit_operator.py
[2022-08-30T12:36:47.814+0000] {processor.py:640} INFO - Processing file /home/airflow/.local/lib/python3.7/site-packages/airflow/example_dags/example_short_circuit_operator.py for tasks to queue
[2022-08-30T12:36:47.815+0000] {logging_mixin.py:115} INFO - [2022-08-30T12:36:47.815+0000] {dagbag.py:508} INFO - Filling up the DagBag from /home/airflow/.local/lib/python3.7/site-packages/airflow/example_dags/example_short_circuit_operator.py
[2022-08-30T12:36:47.823+0000] {processor.py:650} INFO - DAG(s) dict_keys(['example_short_circuit_operator']) retrieved from /home/airflow/.local/lib/python3.7/site-packages/airflow/example_dags/example_short_circuit_operator.py
[2022-08-30T12:36:47.839+0000] {logging_mixin.py:115} INFO - [2022-08-30T12:36:47.839+0000] {dag.py:2429} INFO - Sync 1 DAGs
[2022-08-30T12:36:47.851+0000] {logging_mixin.py:115} INFO - [2022-08-30T12:36:47.851+0000] {dag.py:2981} INFO - Setting next_dagrun for example_short_circuit_operator to 2022-08-29T12:36:47.851598+00:00, run_after=2022-08-30T12:36:47.851598+00:00
[2022-08-30T12:36:47.858+0000] {processor.py:161} INFO - Processing /home/airflow/.local/lib/python3.7/site-packages/airflow/example_dags/example_short_circuit_operator.py took 0.048 seconds
[2022-08-30T12:37:18.398+0000] {processor.py:153} INFO - Started process (PID=3444) to work on /home/airflow/.local/lib/python3.7/site-packages/airflow/example_dags/example_short_circuit_operator.py
[2022-08-30T12:37:18.399+0000] {processor.py:640} INFO - Processing file /home/airflow/.local/lib/python3.7/site-packages/airflow/example_dags/example_short_circuit_operator.py for tasks to queue
[2022-08-30T12:37:18.401+0000] {logging_mixin.py:115} INFO - [2022-08-30T12:37:18.400+0000] {dagbag.py:508} INFO - Filling up the DagBag from /home/airflow/.local/lib/python3.7/site-packages/airflow/example_dags/example_short_circuit_operator.py
[2022-08-30T12:37:18.408+0000] {processor.py:650} INFO - DAG(s) dict_keys(['example_short_circuit_operator']) retrieved from /home/airflow/.local/lib/python3.7/site-packages/airflow/example_dags/example_short_circuit_operator.py
[2022-08-30T12:37:18.424+0000] {logging_mixin.py:115} INFO - [2022-08-30T12:37:18.424+0000] {dag.py:2429} INFO - Sync 1 DAGs
[2022-08-30T12:37:18.436+0000] {logging_mixin.py:115} INFO - [2022-08-30T12:37:18.436+0000] {dag.py:2981} INFO - Setting next_dagrun for example_short_circuit_operator to 2022-08-29T12:37:18.436579+00:00, run_after=2022-08-30T12:37:18.436579+00:00
[2022-08-30T12:37:18.445+0000] {processor.py:161} INFO - Processing /home/airflow/.local/lib/python3.7/site-packages/airflow/example_dags/example_short_circuit_operator.py took 0.049 seconds
[2022-08-30T12:37:49.260+0000] {processor.py:153} INFO - Started process (PID=3645) to work on /home/airflow/.local/lib/python3.7/site-packages/airflow/example_dags/example_short_circuit_operator.py
[2022-08-30T12:37:49.261+0000] {processor.py:640} INFO - Processing file /home/airflow/.local/lib/python3.7/site-packages/airflow/example_dags/example_short_circuit_operator.py for tasks to queue
[2022-08-30T12:37:49.262+0000] {logging_mixin.py:115} INFO - [2022-08-30T12:37:49.262+0000] {dagbag.py:508} INFO - Filling up the DagBag from /home/airflow/.local/lib/python3.7/site-packages/airflow/example_dags/example_short_circuit_operator.py
[2022-08-30T12:37:49.270+0000] {processor.py:650} INFO - DAG(s) dict_keys(['example_short_circuit_operator']) retrieved from /home/airflow/.local/lib/python3.7/site-packages/airflow/example_dags/example_short_circuit_operator.py
[2022-08-30T12:37:49.286+0000] {logging_mixin.py:115} INFO - [2022-08-30T12:37:49.286+0000] {dag.py:2429} INFO - Sync 1 DAGs
[2022-08-30T12:37:49.299+0000] {logging_mixin.py:115} INFO - [2022-08-30T12:37:49.299+0000] {dag.py:2981} INFO - Setting next_dagrun for example_short_circuit_operator to 2022-08-29T12:37:49.298862+00:00, run_after=2022-08-30T12:37:49.298862+00:00
[2022-08-30T12:37:49.306+0000] {processor.py:161} INFO - Processing /home/airflow/.local/lib/python3.7/site-packages/airflow/example_dags/example_short_circuit_operator.py took 0.048 seconds
