[2022-08-30T12:27:45.799+0000] {processor.py:153} INFO - Started process (PID=187) to work on /home/airflow/.local/lib/python3.7/site-packages/airflow/example_dags/example_local_kubernetes_executor.py
[2022-08-30T12:27:45.801+0000] {processor.py:640} INFO - Processing file /home/airflow/.local/lib/python3.7/site-packages/airflow/example_dags/example_local_kubernetes_executor.py for tasks to queue
[2022-08-30T12:27:45.802+0000] {logging_mixin.py:115} INFO - [2022-08-30T12:27:45.802+0000] {dagbag.py:508} INFO - Filling up the DagBag from /home/airflow/.local/lib/python3.7/site-packages/airflow/example_dags/example_local_kubernetes_executor.py
[2022-08-30T12:27:45.820+0000] {processor.py:650} INFO - DAG(s) dict_keys(['example_local_kubernetes_executor']) retrieved from /home/airflow/.local/lib/python3.7/site-packages/airflow/example_dags/example_local_kubernetes_executor.py
[2022-08-30T12:27:45.865+0000] {logging_mixin.py:115} INFO - [2022-08-30T12:27:45.865+0000] {manager.py:508} INFO - Created Permission View: can read on DAG:example_local_kubernetes_executor
[2022-08-30T12:27:45.872+0000] {logging_mixin.py:115} INFO - [2022-08-30T12:27:45.872+0000] {manager.py:508} INFO - Created Permission View: can edit on DAG:example_local_kubernetes_executor
[2022-08-30T12:27:45.877+0000] {logging_mixin.py:115} INFO - [2022-08-30T12:27:45.877+0000] {manager.py:508} INFO - Created Permission View: can delete on DAG:example_local_kubernetes_executor
[2022-08-30T12:27:45.878+0000] {logging_mixin.py:115} INFO - [2022-08-30T12:27:45.878+0000] {dag.py:2429} INFO - Sync 1 DAGs
[2022-08-30T12:27:45.885+0000] {logging_mixin.py:115} INFO - [2022-08-30T12:27:45.885+0000] {dag.py:2448} INFO - Creating ORM DAG for example_local_kubernetes_executor
[2022-08-30T12:27:45.892+0000] {logging_mixin.py:115} INFO - [2022-08-30T12:27:45.892+0000] {dag.py:2981} INFO - Setting next_dagrun for example_local_kubernetes_executor to None, run_after=None
[2022-08-30T12:27:45.901+0000] {processor.py:161} INFO - Processing /home/airflow/.local/lib/python3.7/site-packages/airflow/example_dags/example_local_kubernetes_executor.py took 0.104 seconds
[2022-08-30T12:28:16.874+0000] {processor.py:153} INFO - Started process (PID=387) to work on /home/airflow/.local/lib/python3.7/site-packages/airflow/example_dags/example_local_kubernetes_executor.py
[2022-08-30T12:28:16.876+0000] {processor.py:640} INFO - Processing file /home/airflow/.local/lib/python3.7/site-packages/airflow/example_dags/example_local_kubernetes_executor.py for tasks to queue
[2022-08-30T12:28:16.877+0000] {logging_mixin.py:115} INFO - [2022-08-30T12:28:16.877+0000] {dagbag.py:508} INFO - Filling up the DagBag from /home/airflow/.local/lib/python3.7/site-packages/airflow/example_dags/example_local_kubernetes_executor.py
[2022-08-30T12:28:16.907+0000] {processor.py:650} INFO - DAG(s) dict_keys(['example_local_kubernetes_executor']) retrieved from /home/airflow/.local/lib/python3.7/site-packages/airflow/example_dags/example_local_kubernetes_executor.py
[2022-08-30T12:28:16.943+0000] {logging_mixin.py:115} INFO - [2022-08-30T12:28:16.943+0000] {dag.py:2429} INFO - Sync 1 DAGs
[2022-08-30T12:28:16.960+0000] {logging_mixin.py:115} INFO - [2022-08-30T12:28:16.959+0000] {dag.py:2981} INFO - Setting next_dagrun for example_local_kubernetes_executor to None, run_after=None
[2022-08-30T12:28:16.967+0000] {processor.py:161} INFO - Processing /home/airflow/.local/lib/python3.7/site-packages/airflow/example_dags/example_local_kubernetes_executor.py took 0.096 seconds
[2022-08-30T12:29:05.373+0000] {processor.py:153} INFO - Started process (PID=188) to work on /home/airflow/.local/lib/python3.7/site-packages/airflow/example_dags/example_local_kubernetes_executor.py
[2022-08-30T12:29:05.374+0000] {processor.py:640} INFO - Processing file /home/airflow/.local/lib/python3.7/site-packages/airflow/example_dags/example_local_kubernetes_executor.py for tasks to queue
[2022-08-30T12:29:05.376+0000] {logging_mixin.py:115} INFO - [2022-08-30T12:29:05.376+0000] {dagbag.py:508} INFO - Filling up the DagBag from /home/airflow/.local/lib/python3.7/site-packages/airflow/example_dags/example_local_kubernetes_executor.py
[2022-08-30T12:29:05.392+0000] {processor.py:650} INFO - DAG(s) dict_keys(['example_local_kubernetes_executor']) retrieved from /home/airflow/.local/lib/python3.7/site-packages/airflow/example_dags/example_local_kubernetes_executor.py
[2022-08-30T12:29:05.408+0000] {logging_mixin.py:115} INFO - [2022-08-30T12:29:05.408+0000] {dag.py:2429} INFO - Sync 1 DAGs
[2022-08-30T12:29:05.531+0000] {logging_mixin.py:115} INFO - [2022-08-30T12:29:05.531+0000] {dag.py:2981} INFO - Setting next_dagrun for example_local_kubernetes_executor to None, run_after=None
[2022-08-30T12:29:05.551+0000] {processor.py:161} INFO - Processing /home/airflow/.local/lib/python3.7/site-packages/airflow/example_dags/example_local_kubernetes_executor.py took 0.180 seconds
[2022-08-30T12:29:36.452+0000] {processor.py:153} INFO - Started process (PID=392) to work on /home/airflow/.local/lib/python3.7/site-packages/airflow/example_dags/example_local_kubernetes_executor.py
[2022-08-30T12:29:36.454+0000] {processor.py:640} INFO - Processing file /home/airflow/.local/lib/python3.7/site-packages/airflow/example_dags/example_local_kubernetes_executor.py for tasks to queue
[2022-08-30T12:29:36.455+0000] {logging_mixin.py:115} INFO - [2022-08-30T12:29:36.455+0000] {dagbag.py:508} INFO - Filling up the DagBag from /home/airflow/.local/lib/python3.7/site-packages/airflow/example_dags/example_local_kubernetes_executor.py
[2022-08-30T12:29:36.471+0000] {processor.py:650} INFO - DAG(s) dict_keys(['example_local_kubernetes_executor']) retrieved from /home/airflow/.local/lib/python3.7/site-packages/airflow/example_dags/example_local_kubernetes_executor.py
[2022-08-30T12:29:36.487+0000] {logging_mixin.py:115} INFO - [2022-08-30T12:29:36.486+0000] {dag.py:2429} INFO - Sync 1 DAGs
[2022-08-30T12:29:36.500+0000] {logging_mixin.py:115} INFO - [2022-08-30T12:29:36.500+0000] {dag.py:2981} INFO - Setting next_dagrun for example_local_kubernetes_executor to None, run_after=None
[2022-08-30T12:29:36.508+0000] {processor.py:161} INFO - Processing /home/airflow/.local/lib/python3.7/site-packages/airflow/example_dags/example_local_kubernetes_executor.py took 0.058 seconds
[2022-08-30T12:30:07.133+0000] {processor.py:153} INFO - Started process (PID=593) to work on /home/airflow/.local/lib/python3.7/site-packages/airflow/example_dags/example_local_kubernetes_executor.py
[2022-08-30T12:30:07.134+0000] {processor.py:640} INFO - Processing file /home/airflow/.local/lib/python3.7/site-packages/airflow/example_dags/example_local_kubernetes_executor.py for tasks to queue
[2022-08-30T12:30:07.135+0000] {logging_mixin.py:115} INFO - [2022-08-30T12:30:07.135+0000] {dagbag.py:508} INFO - Filling up the DagBag from /home/airflow/.local/lib/python3.7/site-packages/airflow/example_dags/example_local_kubernetes_executor.py
[2022-08-30T12:30:07.157+0000] {processor.py:650} INFO - DAG(s) dict_keys(['example_local_kubernetes_executor']) retrieved from /home/airflow/.local/lib/python3.7/site-packages/airflow/example_dags/example_local_kubernetes_executor.py
[2022-08-30T12:30:07.178+0000] {logging_mixin.py:115} INFO - [2022-08-30T12:30:07.178+0000] {dag.py:2429} INFO - Sync 1 DAGs
[2022-08-30T12:30:07.195+0000] {logging_mixin.py:115} INFO - [2022-08-30T12:30:07.194+0000] {dag.py:2981} INFO - Setting next_dagrun for example_local_kubernetes_executor to None, run_after=None
[2022-08-30T12:30:07.203+0000] {processor.py:161} INFO - Processing /home/airflow/.local/lib/python3.7/site-packages/airflow/example_dags/example_local_kubernetes_executor.py took 0.073 seconds
[2022-08-30T12:30:37.972+0000] {processor.py:153} INFO - Started process (PID=794) to work on /home/airflow/.local/lib/python3.7/site-packages/airflow/example_dags/example_local_kubernetes_executor.py
[2022-08-30T12:30:37.974+0000] {processor.py:640} INFO - Processing file /home/airflow/.local/lib/python3.7/site-packages/airflow/example_dags/example_local_kubernetes_executor.py for tasks to queue
[2022-08-30T12:30:37.975+0000] {logging_mixin.py:115} INFO - [2022-08-30T12:30:37.975+0000] {dagbag.py:508} INFO - Filling up the DagBag from /home/airflow/.local/lib/python3.7/site-packages/airflow/example_dags/example_local_kubernetes_executor.py
[2022-08-30T12:30:37.990+0000] {processor.py:650} INFO - DAG(s) dict_keys(['example_local_kubernetes_executor']) retrieved from /home/airflow/.local/lib/python3.7/site-packages/airflow/example_dags/example_local_kubernetes_executor.py
[2022-08-30T12:30:38.004+0000] {logging_mixin.py:115} INFO - [2022-08-30T12:30:38.004+0000] {dag.py:2429} INFO - Sync 1 DAGs
[2022-08-30T12:30:38.018+0000] {logging_mixin.py:115} INFO - [2022-08-30T12:30:38.017+0000] {dag.py:2981} INFO - Setting next_dagrun for example_local_kubernetes_executor to None, run_after=None
[2022-08-30T12:30:38.026+0000] {processor.py:161} INFO - Processing /home/airflow/.local/lib/python3.7/site-packages/airflow/example_dags/example_local_kubernetes_executor.py took 0.056 seconds
[2022-08-30T12:31:08.820+0000] {processor.py:153} INFO - Started process (PID=986) to work on /home/airflow/.local/lib/python3.7/site-packages/airflow/example_dags/example_local_kubernetes_executor.py
[2022-08-30T12:31:08.822+0000] {processor.py:640} INFO - Processing file /home/airflow/.local/lib/python3.7/site-packages/airflow/example_dags/example_local_kubernetes_executor.py for tasks to queue
[2022-08-30T12:31:08.824+0000] {logging_mixin.py:115} INFO - [2022-08-30T12:31:08.824+0000] {dagbag.py:508} INFO - Filling up the DagBag from /home/airflow/.local/lib/python3.7/site-packages/airflow/example_dags/example_local_kubernetes_executor.py
[2022-08-30T12:31:08.845+0000] {processor.py:650} INFO - DAG(s) dict_keys(['example_local_kubernetes_executor']) retrieved from /home/airflow/.local/lib/python3.7/site-packages/airflow/example_dags/example_local_kubernetes_executor.py
[2022-08-30T12:31:08.863+0000] {logging_mixin.py:115} INFO - [2022-08-30T12:31:08.863+0000] {dag.py:2429} INFO - Sync 1 DAGs
[2022-08-30T12:31:08.876+0000] {logging_mixin.py:115} INFO - [2022-08-30T12:31:08.876+0000] {dag.py:2981} INFO - Setting next_dagrun for example_local_kubernetes_executor to None, run_after=None
[2022-08-30T12:31:08.884+0000] {processor.py:161} INFO - Processing /home/airflow/.local/lib/python3.7/site-packages/airflow/example_dags/example_local_kubernetes_executor.py took 0.069 seconds
[2022-08-30T12:31:39.432+0000] {processor.py:153} INFO - Started process (PID=1187) to work on /home/airflow/.local/lib/python3.7/site-packages/airflow/example_dags/example_local_kubernetes_executor.py
[2022-08-30T12:31:39.434+0000] {processor.py:640} INFO - Processing file /home/airflow/.local/lib/python3.7/site-packages/airflow/example_dags/example_local_kubernetes_executor.py for tasks to queue
[2022-08-30T12:31:39.435+0000] {logging_mixin.py:115} INFO - [2022-08-30T12:31:39.435+0000] {dagbag.py:508} INFO - Filling up the DagBag from /home/airflow/.local/lib/python3.7/site-packages/airflow/example_dags/example_local_kubernetes_executor.py
[2022-08-30T12:31:39.448+0000] {processor.py:650} INFO - DAG(s) dict_keys(['example_local_kubernetes_executor']) retrieved from /home/airflow/.local/lib/python3.7/site-packages/airflow/example_dags/example_local_kubernetes_executor.py
[2022-08-30T12:31:39.462+0000] {logging_mixin.py:115} INFO - [2022-08-30T12:31:39.462+0000] {dag.py:2429} INFO - Sync 1 DAGs
[2022-08-30T12:31:39.475+0000] {logging_mixin.py:115} INFO - [2022-08-30T12:31:39.475+0000] {dag.py:2981} INFO - Setting next_dagrun for example_local_kubernetes_executor to None, run_after=None
[2022-08-30T12:31:39.483+0000] {processor.py:161} INFO - Processing /home/airflow/.local/lib/python3.7/site-packages/airflow/example_dags/example_local_kubernetes_executor.py took 0.054 seconds
[2022-08-30T12:32:10.019+0000] {processor.py:153} INFO - Started process (PID=1387) to work on /home/airflow/.local/lib/python3.7/site-packages/airflow/example_dags/example_local_kubernetes_executor.py
[2022-08-30T12:32:10.022+0000] {processor.py:640} INFO - Processing file /home/airflow/.local/lib/python3.7/site-packages/airflow/example_dags/example_local_kubernetes_executor.py for tasks to queue
[2022-08-30T12:32:10.026+0000] {logging_mixin.py:115} INFO - [2022-08-30T12:32:10.026+0000] {dagbag.py:508} INFO - Filling up the DagBag from /home/airflow/.local/lib/python3.7/site-packages/airflow/example_dags/example_local_kubernetes_executor.py
[2022-08-30T12:32:10.048+0000] {processor.py:650} INFO - DAG(s) dict_keys(['example_local_kubernetes_executor']) retrieved from /home/airflow/.local/lib/python3.7/site-packages/airflow/example_dags/example_local_kubernetes_executor.py
[2022-08-30T12:32:10.068+0000] {logging_mixin.py:115} INFO - [2022-08-30T12:32:10.068+0000] {dag.py:2429} INFO - Sync 1 DAGs
[2022-08-30T12:32:10.081+0000] {logging_mixin.py:115} INFO - [2022-08-30T12:32:10.081+0000] {dag.py:2981} INFO - Setting next_dagrun for example_local_kubernetes_executor to None, run_after=None
[2022-08-30T12:32:10.088+0000] {processor.py:161} INFO - Processing /home/airflow/.local/lib/python3.7/site-packages/airflow/example_dags/example_local_kubernetes_executor.py took 0.074 seconds
[2022-08-30T12:32:40.811+0000] {processor.py:153} INFO - Started process (PID=1590) to work on /home/airflow/.local/lib/python3.7/site-packages/airflow/example_dags/example_local_kubernetes_executor.py
[2022-08-30T12:32:40.813+0000] {processor.py:640} INFO - Processing file /home/airflow/.local/lib/python3.7/site-packages/airflow/example_dags/example_local_kubernetes_executor.py for tasks to queue
[2022-08-30T12:32:40.815+0000] {logging_mixin.py:115} INFO - [2022-08-30T12:32:40.815+0000] {dagbag.py:508} INFO - Filling up the DagBag from /home/airflow/.local/lib/python3.7/site-packages/airflow/example_dags/example_local_kubernetes_executor.py
[2022-08-30T12:32:40.837+0000] {processor.py:650} INFO - DAG(s) dict_keys(['example_local_kubernetes_executor']) retrieved from /home/airflow/.local/lib/python3.7/site-packages/airflow/example_dags/example_local_kubernetes_executor.py
[2022-08-30T12:32:40.858+0000] {logging_mixin.py:115} INFO - [2022-08-30T12:32:40.858+0000] {dag.py:2429} INFO - Sync 1 DAGs
[2022-08-30T12:32:40.873+0000] {logging_mixin.py:115} INFO - [2022-08-30T12:32:40.873+0000] {dag.py:2981} INFO - Setting next_dagrun for example_local_kubernetes_executor to None, run_after=None
[2022-08-30T12:32:40.881+0000] {processor.py:161} INFO - Processing /home/airflow/.local/lib/python3.7/site-packages/airflow/example_dags/example_local_kubernetes_executor.py took 0.075 seconds
[2022-08-30T12:33:11.742+0000] {processor.py:153} INFO - Started process (PID=1793) to work on /home/airflow/.local/lib/python3.7/site-packages/airflow/example_dags/example_local_kubernetes_executor.py
[2022-08-30T12:33:11.757+0000] {processor.py:640} INFO - Processing file /home/airflow/.local/lib/python3.7/site-packages/airflow/example_dags/example_local_kubernetes_executor.py for tasks to queue
[2022-08-30T12:33:11.758+0000] {logging_mixin.py:115} INFO - [2022-08-30T12:33:11.758+0000] {dagbag.py:508} INFO - Filling up the DagBag from /home/airflow/.local/lib/python3.7/site-packages/airflow/example_dags/example_local_kubernetes_executor.py
[2022-08-30T12:33:11.774+0000] {processor.py:650} INFO - DAG(s) dict_keys(['example_local_kubernetes_executor']) retrieved from /home/airflow/.local/lib/python3.7/site-packages/airflow/example_dags/example_local_kubernetes_executor.py
[2022-08-30T12:33:11.794+0000] {logging_mixin.py:115} INFO - [2022-08-30T12:33:11.794+0000] {dag.py:2429} INFO - Sync 1 DAGs
[2022-08-30T12:33:11.807+0000] {logging_mixin.py:115} INFO - [2022-08-30T12:33:11.807+0000] {dag.py:2981} INFO - Setting next_dagrun for example_local_kubernetes_executor to None, run_after=None
[2022-08-30T12:33:11.814+0000] {processor.py:161} INFO - Processing /home/airflow/.local/lib/python3.7/site-packages/airflow/example_dags/example_local_kubernetes_executor.py took 0.075 seconds
[2022-08-30T12:33:42.371+0000] {processor.py:153} INFO - Started process (PID=1993) to work on /home/airflow/.local/lib/python3.7/site-packages/airflow/example_dags/example_local_kubernetes_executor.py
[2022-08-30T12:33:42.374+0000] {processor.py:640} INFO - Processing file /home/airflow/.local/lib/python3.7/site-packages/airflow/example_dags/example_local_kubernetes_executor.py for tasks to queue
[2022-08-30T12:33:42.379+0000] {logging_mixin.py:115} INFO - [2022-08-30T12:33:42.378+0000] {dagbag.py:508} INFO - Filling up the DagBag from /home/airflow/.local/lib/python3.7/site-packages/airflow/example_dags/example_local_kubernetes_executor.py
[2022-08-30T12:33:42.402+0000] {processor.py:650} INFO - DAG(s) dict_keys(['example_local_kubernetes_executor']) retrieved from /home/airflow/.local/lib/python3.7/site-packages/airflow/example_dags/example_local_kubernetes_executor.py
[2022-08-30T12:33:42.420+0000] {logging_mixin.py:115} INFO - [2022-08-30T12:33:42.420+0000] {dag.py:2429} INFO - Sync 1 DAGs
[2022-08-30T12:33:42.438+0000] {logging_mixin.py:115} INFO - [2022-08-30T12:33:42.438+0000] {dag.py:2981} INFO - Setting next_dagrun for example_local_kubernetes_executor to None, run_after=None
[2022-08-30T12:33:42.451+0000] {processor.py:161} INFO - Processing /home/airflow/.local/lib/python3.7/site-packages/airflow/example_dags/example_local_kubernetes_executor.py took 0.087 seconds
[2022-08-30T12:34:13.089+0000] {processor.py:153} INFO - Started process (PID=2193) to work on /home/airflow/.local/lib/python3.7/site-packages/airflow/example_dags/example_local_kubernetes_executor.py
[2022-08-30T12:34:13.091+0000] {processor.py:640} INFO - Processing file /home/airflow/.local/lib/python3.7/site-packages/airflow/example_dags/example_local_kubernetes_executor.py for tasks to queue
[2022-08-30T12:34:13.091+0000] {logging_mixin.py:115} INFO - [2022-08-30T12:34:13.091+0000] {dagbag.py:508} INFO - Filling up the DagBag from /home/airflow/.local/lib/python3.7/site-packages/airflow/example_dags/example_local_kubernetes_executor.py
[2022-08-30T12:34:13.105+0000] {processor.py:650} INFO - DAG(s) dict_keys(['example_local_kubernetes_executor']) retrieved from /home/airflow/.local/lib/python3.7/site-packages/airflow/example_dags/example_local_kubernetes_executor.py
[2022-08-30T12:34:13.119+0000] {logging_mixin.py:115} INFO - [2022-08-30T12:34:13.119+0000] {dag.py:2429} INFO - Sync 1 DAGs
[2022-08-30T12:34:13.133+0000] {logging_mixin.py:115} INFO - [2022-08-30T12:34:13.133+0000] {dag.py:2981} INFO - Setting next_dagrun for example_local_kubernetes_executor to None, run_after=None
[2022-08-30T12:34:13.140+0000] {processor.py:161} INFO - Processing /home/airflow/.local/lib/python3.7/site-packages/airflow/example_dags/example_local_kubernetes_executor.py took 0.054 seconds
[2022-08-30T12:34:43.978+0000] {processor.py:153} INFO - Started process (PID=2383) to work on /home/airflow/.local/lib/python3.7/site-packages/airflow/example_dags/example_local_kubernetes_executor.py
[2022-08-30T12:34:43.980+0000] {processor.py:640} INFO - Processing file /home/airflow/.local/lib/python3.7/site-packages/airflow/example_dags/example_local_kubernetes_executor.py for tasks to queue
[2022-08-30T12:34:43.982+0000] {logging_mixin.py:115} INFO - [2022-08-30T12:34:43.982+0000] {dagbag.py:508} INFO - Filling up the DagBag from /home/airflow/.local/lib/python3.7/site-packages/airflow/example_dags/example_local_kubernetes_executor.py
[2022-08-30T12:34:44.001+0000] {processor.py:650} INFO - DAG(s) dict_keys(['example_local_kubernetes_executor']) retrieved from /home/airflow/.local/lib/python3.7/site-packages/airflow/example_dags/example_local_kubernetes_executor.py
[2022-08-30T12:34:44.019+0000] {logging_mixin.py:115} INFO - [2022-08-30T12:34:44.018+0000] {dag.py:2429} INFO - Sync 1 DAGs
[2022-08-30T12:34:44.030+0000] {logging_mixin.py:115} INFO - [2022-08-30T12:34:44.030+0000] {dag.py:2981} INFO - Setting next_dagrun for example_local_kubernetes_executor to None, run_after=None
[2022-08-30T12:34:44.039+0000] {processor.py:161} INFO - Processing /home/airflow/.local/lib/python3.7/site-packages/airflow/example_dags/example_local_kubernetes_executor.py took 0.071 seconds
[2022-08-30T12:35:14.718+0000] {processor.py:153} INFO - Started process (PID=2585) to work on /home/airflow/.local/lib/python3.7/site-packages/airflow/example_dags/example_local_kubernetes_executor.py
[2022-08-30T12:35:14.722+0000] {processor.py:640} INFO - Processing file /home/airflow/.local/lib/python3.7/site-packages/airflow/example_dags/example_local_kubernetes_executor.py for tasks to queue
[2022-08-30T12:35:14.724+0000] {logging_mixin.py:115} INFO - [2022-08-30T12:35:14.724+0000] {dagbag.py:508} INFO - Filling up the DagBag from /home/airflow/.local/lib/python3.7/site-packages/airflow/example_dags/example_local_kubernetes_executor.py
[2022-08-30T12:35:14.743+0000] {processor.py:650} INFO - DAG(s) dict_keys(['example_local_kubernetes_executor']) retrieved from /home/airflow/.local/lib/python3.7/site-packages/airflow/example_dags/example_local_kubernetes_executor.py
[2022-08-30T12:35:14.760+0000] {logging_mixin.py:115} INFO - [2022-08-30T12:35:14.760+0000] {dag.py:2429} INFO - Sync 1 DAGs
[2022-08-30T12:35:14.773+0000] {logging_mixin.py:115} INFO - [2022-08-30T12:35:14.773+0000] {dag.py:2981} INFO - Setting next_dagrun for example_local_kubernetes_executor to None, run_after=None
[2022-08-30T12:35:14.780+0000] {processor.py:161} INFO - Processing /home/airflow/.local/lib/python3.7/site-packages/airflow/example_dags/example_local_kubernetes_executor.py took 0.067 seconds
[2022-08-30T12:35:45.495+0000] {processor.py:153} INFO - Started process (PID=2787) to work on /home/airflow/.local/lib/python3.7/site-packages/airflow/example_dags/example_local_kubernetes_executor.py
[2022-08-30T12:35:45.496+0000] {processor.py:640} INFO - Processing file /home/airflow/.local/lib/python3.7/site-packages/airflow/example_dags/example_local_kubernetes_executor.py for tasks to queue
[2022-08-30T12:35:45.498+0000] {logging_mixin.py:115} INFO - [2022-08-30T12:35:45.498+0000] {dagbag.py:508} INFO - Filling up the DagBag from /home/airflow/.local/lib/python3.7/site-packages/airflow/example_dags/example_local_kubernetes_executor.py
[2022-08-30T12:35:45.511+0000] {processor.py:650} INFO - DAG(s) dict_keys(['example_local_kubernetes_executor']) retrieved from /home/airflow/.local/lib/python3.7/site-packages/airflow/example_dags/example_local_kubernetes_executor.py
[2022-08-30T12:35:45.527+0000] {logging_mixin.py:115} INFO - [2022-08-30T12:35:45.527+0000] {dag.py:2429} INFO - Sync 1 DAGs
[2022-08-30T12:35:45.540+0000] {logging_mixin.py:115} INFO - [2022-08-30T12:35:45.540+0000] {dag.py:2981} INFO - Setting next_dagrun for example_local_kubernetes_executor to None, run_after=None
[2022-08-30T12:35:45.548+0000] {processor.py:161} INFO - Processing /home/airflow/.local/lib/python3.7/site-packages/airflow/example_dags/example_local_kubernetes_executor.py took 0.057 seconds
[2022-08-30T12:36:16.389+0000] {processor.py:153} INFO - Started process (PID=2989) to work on /home/airflow/.local/lib/python3.7/site-packages/airflow/example_dags/example_local_kubernetes_executor.py
[2022-08-30T12:36:16.393+0000] {processor.py:640} INFO - Processing file /home/airflow/.local/lib/python3.7/site-packages/airflow/example_dags/example_local_kubernetes_executor.py for tasks to queue
[2022-08-30T12:36:16.395+0000] {logging_mixin.py:115} INFO - [2022-08-30T12:36:16.395+0000] {dagbag.py:508} INFO - Filling up the DagBag from /home/airflow/.local/lib/python3.7/site-packages/airflow/example_dags/example_local_kubernetes_executor.py
[2022-08-30T12:36:16.417+0000] {processor.py:650} INFO - DAG(s) dict_keys(['example_local_kubernetes_executor']) retrieved from /home/airflow/.local/lib/python3.7/site-packages/airflow/example_dags/example_local_kubernetes_executor.py
[2022-08-30T12:36:16.435+0000] {logging_mixin.py:115} INFO - [2022-08-30T12:36:16.435+0000] {dag.py:2429} INFO - Sync 1 DAGs
[2022-08-30T12:36:16.449+0000] {logging_mixin.py:115} INFO - [2022-08-30T12:36:16.449+0000] {dag.py:2981} INFO - Setting next_dagrun for example_local_kubernetes_executor to None, run_after=None
[2022-08-30T12:36:16.456+0000] {processor.py:161} INFO - Processing /home/airflow/.local/lib/python3.7/site-packages/airflow/example_dags/example_local_kubernetes_executor.py took 0.072 seconds
[2022-08-30T12:36:47.283+0000] {processor.py:153} INFO - Started process (PID=3186) to work on /home/airflow/.local/lib/python3.7/site-packages/airflow/example_dags/example_local_kubernetes_executor.py
[2022-08-30T12:36:47.288+0000] {processor.py:640} INFO - Processing file /home/airflow/.local/lib/python3.7/site-packages/airflow/example_dags/example_local_kubernetes_executor.py for tasks to queue
[2022-08-30T12:36:47.290+0000] {logging_mixin.py:115} INFO - [2022-08-30T12:36:47.290+0000] {dagbag.py:508} INFO - Filling up the DagBag from /home/airflow/.local/lib/python3.7/site-packages/airflow/example_dags/example_local_kubernetes_executor.py
[2022-08-30T12:36:47.309+0000] {processor.py:650} INFO - DAG(s) dict_keys(['example_local_kubernetes_executor']) retrieved from /home/airflow/.local/lib/python3.7/site-packages/airflow/example_dags/example_local_kubernetes_executor.py
[2022-08-30T12:36:47.327+0000] {logging_mixin.py:115} INFO - [2022-08-30T12:36:47.327+0000] {dag.py:2429} INFO - Sync 1 DAGs
[2022-08-30T12:36:47.339+0000] {logging_mixin.py:115} INFO - [2022-08-30T12:36:47.339+0000] {dag.py:2981} INFO - Setting next_dagrun for example_local_kubernetes_executor to None, run_after=None
[2022-08-30T12:36:47.347+0000] {processor.py:161} INFO - Processing /home/airflow/.local/lib/python3.7/site-packages/airflow/example_dags/example_local_kubernetes_executor.py took 0.068 seconds
[2022-08-30T12:37:17.954+0000] {processor.py:153} INFO - Started process (PID=3386) to work on /home/airflow/.local/lib/python3.7/site-packages/airflow/example_dags/example_local_kubernetes_executor.py
[2022-08-30T12:37:17.956+0000] {processor.py:640} INFO - Processing file /home/airflow/.local/lib/python3.7/site-packages/airflow/example_dags/example_local_kubernetes_executor.py for tasks to queue
[2022-08-30T12:37:17.957+0000] {logging_mixin.py:115} INFO - [2022-08-30T12:37:17.957+0000] {dagbag.py:508} INFO - Filling up the DagBag from /home/airflow/.local/lib/python3.7/site-packages/airflow/example_dags/example_local_kubernetes_executor.py
[2022-08-30T12:37:17.971+0000] {processor.py:650} INFO - DAG(s) dict_keys(['example_local_kubernetes_executor']) retrieved from /home/airflow/.local/lib/python3.7/site-packages/airflow/example_dags/example_local_kubernetes_executor.py
[2022-08-30T12:37:17.985+0000] {logging_mixin.py:115} INFO - [2022-08-30T12:37:17.985+0000] {dag.py:2429} INFO - Sync 1 DAGs
[2022-08-30T12:37:17.997+0000] {logging_mixin.py:115} INFO - [2022-08-30T12:37:17.996+0000] {dag.py:2981} INFO - Setting next_dagrun for example_local_kubernetes_executor to None, run_after=None
[2022-08-30T12:37:18.003+0000] {processor.py:161} INFO - Processing /home/airflow/.local/lib/python3.7/site-packages/airflow/example_dags/example_local_kubernetes_executor.py took 0.053 seconds
[2022-08-30T12:37:48.802+0000] {processor.py:153} INFO - Started process (PID=3587) to work on /home/airflow/.local/lib/python3.7/site-packages/airflow/example_dags/example_local_kubernetes_executor.py
[2022-08-30T12:37:48.804+0000] {processor.py:640} INFO - Processing file /home/airflow/.local/lib/python3.7/site-packages/airflow/example_dags/example_local_kubernetes_executor.py for tasks to queue
[2022-08-30T12:37:48.805+0000] {logging_mixin.py:115} INFO - [2022-08-30T12:37:48.805+0000] {dagbag.py:508} INFO - Filling up the DagBag from /home/airflow/.local/lib/python3.7/site-packages/airflow/example_dags/example_local_kubernetes_executor.py
[2022-08-30T12:37:48.824+0000] {processor.py:650} INFO - DAG(s) dict_keys(['example_local_kubernetes_executor']) retrieved from /home/airflow/.local/lib/python3.7/site-packages/airflow/example_dags/example_local_kubernetes_executor.py
[2022-08-30T12:37:48.841+0000] {logging_mixin.py:115} INFO - [2022-08-30T12:37:48.841+0000] {dag.py:2429} INFO - Sync 1 DAGs
[2022-08-30T12:37:48.852+0000] {logging_mixin.py:115} INFO - [2022-08-30T12:37:48.852+0000] {dag.py:2981} INFO - Setting next_dagrun for example_local_kubernetes_executor to None, run_after=None
[2022-08-30T12:37:48.860+0000] {processor.py:161} INFO - Processing /home/airflow/.local/lib/python3.7/site-packages/airflow/example_dags/example_local_kubernetes_executor.py took 0.062 seconds
