[2022-08-30T12:27:47.525+0000] {processor.py:153} INFO - Started process (PID=290) to work on /home/airflow/.local/lib/python3.7/site-packages/airflow/example_dags/example_time_delta_sensor_async.py
[2022-08-30T12:27:47.527+0000] {processor.py:640} INFO - Processing file /home/airflow/.local/lib/python3.7/site-packages/airflow/example_dags/example_time_delta_sensor_async.py for tasks to queue
[2022-08-30T12:27:47.529+0000] {logging_mixin.py:115} INFO - [2022-08-30T12:27:47.529+0000] {dagbag.py:508} INFO - Filling up the DagBag from /home/airflow/.local/lib/python3.7/site-packages/airflow/example_dags/example_time_delta_sensor_async.py
[2022-08-30T12:27:47.539+0000] {processor.py:650} INFO - DAG(s) dict_keys(['example_time_delta_sensor_async']) retrieved from /home/airflow/.local/lib/python3.7/site-packages/airflow/example_dags/example_time_delta_sensor_async.py
[2022-08-30T12:27:47.774+0000] {logging_mixin.py:115} INFO - [2022-08-30T12:27:47.773+0000] {manager.py:508} INFO - Created Permission View: can read on DAG:example_time_delta_sensor_async
[2022-08-30T12:27:47.784+0000] {logging_mixin.py:115} INFO - [2022-08-30T12:27:47.784+0000] {manager.py:508} INFO - Created Permission View: can edit on DAG:example_time_delta_sensor_async
[2022-08-30T12:27:47.792+0000] {logging_mixin.py:115} INFO - [2022-08-30T12:27:47.792+0000] {manager.py:508} INFO - Created Permission View: can delete on DAG:example_time_delta_sensor_async
[2022-08-30T12:27:47.793+0000] {logging_mixin.py:115} INFO - [2022-08-30T12:27:47.793+0000] {dag.py:2429} INFO - Sync 1 DAGs
[2022-08-30T12:27:47.802+0000] {logging_mixin.py:115} INFO - [2022-08-30T12:27:47.802+0000] {dag.py:2448} INFO - Creating ORM DAG for example_time_delta_sensor_async
[2022-08-30T12:27:47.815+0000] {logging_mixin.py:115} INFO - [2022-08-30T12:27:47.815+0000] {dag.py:2981} INFO - Setting next_dagrun for example_time_delta_sensor_async to None, run_after=None
[2022-08-30T12:27:47.826+0000] {processor.py:161} INFO - Processing /home/airflow/.local/lib/python3.7/site-packages/airflow/example_dags/example_time_delta_sensor_async.py took 0.303 seconds
[2022-08-30T12:28:17.959+0000] {processor.py:153} INFO - Started process (PID=492) to work on /home/airflow/.local/lib/python3.7/site-packages/airflow/example_dags/example_time_delta_sensor_async.py
[2022-08-30T12:28:17.961+0000] {processor.py:640} INFO - Processing file /home/airflow/.local/lib/python3.7/site-packages/airflow/example_dags/example_time_delta_sensor_async.py for tasks to queue
[2022-08-30T12:28:17.962+0000] {logging_mixin.py:115} INFO - [2022-08-30T12:28:17.962+0000] {dagbag.py:508} INFO - Filling up the DagBag from /home/airflow/.local/lib/python3.7/site-packages/airflow/example_dags/example_time_delta_sensor_async.py
[2022-08-30T12:28:17.967+0000] {processor.py:650} INFO - DAG(s) dict_keys(['example_time_delta_sensor_async']) retrieved from /home/airflow/.local/lib/python3.7/site-packages/airflow/example_dags/example_time_delta_sensor_async.py
[2022-08-30T12:28:18.048+0000] {logging_mixin.py:115} INFO - [2022-08-30T12:28:18.048+0000] {dag.py:2429} INFO - Sync 1 DAGs
[2022-08-30T12:28:18.059+0000] {logging_mixin.py:115} INFO - [2022-08-30T12:28:18.059+0000] {dag.py:2981} INFO - Setting next_dagrun for example_time_delta_sensor_async to None, run_after=None
[2022-08-30T12:28:18.066+0000] {processor.py:161} INFO - Processing /home/airflow/.local/lib/python3.7/site-packages/airflow/example_dags/example_time_delta_sensor_async.py took 0.108 seconds
[2022-08-30T12:29:06.697+0000] {processor.py:153} INFO - Started process (PID=295) to work on /home/airflow/.local/lib/python3.7/site-packages/airflow/example_dags/example_time_delta_sensor_async.py
[2022-08-30T12:29:06.698+0000] {processor.py:640} INFO - Processing file /home/airflow/.local/lib/python3.7/site-packages/airflow/example_dags/example_time_delta_sensor_async.py for tasks to queue
[2022-08-30T12:29:06.699+0000] {logging_mixin.py:115} INFO - [2022-08-30T12:29:06.699+0000] {dagbag.py:508} INFO - Filling up the DagBag from /home/airflow/.local/lib/python3.7/site-packages/airflow/example_dags/example_time_delta_sensor_async.py
[2022-08-30T12:29:06.704+0000] {processor.py:650} INFO - DAG(s) dict_keys(['example_time_delta_sensor_async']) retrieved from /home/airflow/.local/lib/python3.7/site-packages/airflow/example_dags/example_time_delta_sensor_async.py
[2022-08-30T12:29:06.791+0000] {logging_mixin.py:115} INFO - [2022-08-30T12:29:06.791+0000] {dag.py:2429} INFO - Sync 1 DAGs
[2022-08-30T12:29:06.803+0000] {logging_mixin.py:115} INFO - [2022-08-30T12:29:06.803+0000] {dag.py:2981} INFO - Setting next_dagrun for example_time_delta_sensor_async to None, run_after=None
[2022-08-30T12:29:06.811+0000] {processor.py:161} INFO - Processing /home/airflow/.local/lib/python3.7/site-packages/airflow/example_dags/example_time_delta_sensor_async.py took 0.116 seconds
[2022-08-30T12:29:37.311+0000] {processor.py:153} INFO - Started process (PID=495) to work on /home/airflow/.local/lib/python3.7/site-packages/airflow/example_dags/example_time_delta_sensor_async.py
[2022-08-30T12:29:37.313+0000] {processor.py:640} INFO - Processing file /home/airflow/.local/lib/python3.7/site-packages/airflow/example_dags/example_time_delta_sensor_async.py for tasks to queue
[2022-08-30T12:29:37.314+0000] {logging_mixin.py:115} INFO - [2022-08-30T12:29:37.314+0000] {dagbag.py:508} INFO - Filling up the DagBag from /home/airflow/.local/lib/python3.7/site-packages/airflow/example_dags/example_time_delta_sensor_async.py
[2022-08-30T12:29:37.317+0000] {processor.py:650} INFO - DAG(s) dict_keys(['example_time_delta_sensor_async']) retrieved from /home/airflow/.local/lib/python3.7/site-packages/airflow/example_dags/example_time_delta_sensor_async.py
[2022-08-30T12:29:37.401+0000] {logging_mixin.py:115} INFO - [2022-08-30T12:29:37.401+0000] {dag.py:2429} INFO - Sync 1 DAGs
[2022-08-30T12:29:37.414+0000] {logging_mixin.py:115} INFO - [2022-08-30T12:29:37.414+0000] {dag.py:2981} INFO - Setting next_dagrun for example_time_delta_sensor_async to None, run_after=None
[2022-08-30T12:29:37.421+0000] {processor.py:161} INFO - Processing /home/airflow/.local/lib/python3.7/site-packages/airflow/example_dags/example_time_delta_sensor_async.py took 0.111 seconds
[2022-08-30T12:30:08.224+0000] {processor.py:153} INFO - Started process (PID=696) to work on /home/airflow/.local/lib/python3.7/site-packages/airflow/example_dags/example_time_delta_sensor_async.py
[2022-08-30T12:30:08.225+0000] {processor.py:640} INFO - Processing file /home/airflow/.local/lib/python3.7/site-packages/airflow/example_dags/example_time_delta_sensor_async.py for tasks to queue
[2022-08-30T12:30:08.226+0000] {logging_mixin.py:115} INFO - [2022-08-30T12:30:08.226+0000] {dagbag.py:508} INFO - Filling up the DagBag from /home/airflow/.local/lib/python3.7/site-packages/airflow/example_dags/example_time_delta_sensor_async.py
[2022-08-30T12:30:08.230+0000] {processor.py:650} INFO - DAG(s) dict_keys(['example_time_delta_sensor_async']) retrieved from /home/airflow/.local/lib/python3.7/site-packages/airflow/example_dags/example_time_delta_sensor_async.py
[2022-08-30T12:30:08.326+0000] {logging_mixin.py:115} INFO - [2022-08-30T12:30:08.326+0000] {dag.py:2429} INFO - Sync 1 DAGs
[2022-08-30T12:30:08.338+0000] {logging_mixin.py:115} INFO - [2022-08-30T12:30:08.338+0000] {dag.py:2981} INFO - Setting next_dagrun for example_time_delta_sensor_async to None, run_after=None
[2022-08-30T12:30:08.346+0000] {processor.py:161} INFO - Processing /home/airflow/.local/lib/python3.7/site-packages/airflow/example_dags/example_time_delta_sensor_async.py took 0.124 seconds
[2022-08-30T12:30:38.980+0000] {processor.py:153} INFO - Started process (PID=897) to work on /home/airflow/.local/lib/python3.7/site-packages/airflow/example_dags/example_time_delta_sensor_async.py
[2022-08-30T12:30:38.981+0000] {processor.py:640} INFO - Processing file /home/airflow/.local/lib/python3.7/site-packages/airflow/example_dags/example_time_delta_sensor_async.py for tasks to queue
[2022-08-30T12:30:38.982+0000] {logging_mixin.py:115} INFO - [2022-08-30T12:30:38.982+0000] {dagbag.py:508} INFO - Filling up the DagBag from /home/airflow/.local/lib/python3.7/site-packages/airflow/example_dags/example_time_delta_sensor_async.py
[2022-08-30T12:30:38.986+0000] {processor.py:650} INFO - DAG(s) dict_keys(['example_time_delta_sensor_async']) retrieved from /home/airflow/.local/lib/python3.7/site-packages/airflow/example_dags/example_time_delta_sensor_async.py
[2022-08-30T12:30:39.074+0000] {logging_mixin.py:115} INFO - [2022-08-30T12:30:39.074+0000] {dag.py:2429} INFO - Sync 1 DAGs
[2022-08-30T12:30:39.087+0000] {logging_mixin.py:115} INFO - [2022-08-30T12:30:39.087+0000] {dag.py:2981} INFO - Setting next_dagrun for example_time_delta_sensor_async to None, run_after=None
[2022-08-30T12:30:39.094+0000] {processor.py:161} INFO - Processing /home/airflow/.local/lib/python3.7/site-packages/airflow/example_dags/example_time_delta_sensor_async.py took 0.116 seconds
[2022-08-30T12:31:09.673+0000] {processor.py:153} INFO - Started process (PID=1089) to work on /home/airflow/.local/lib/python3.7/site-packages/airflow/example_dags/example_time_delta_sensor_async.py
[2022-08-30T12:31:09.675+0000] {processor.py:640} INFO - Processing file /home/airflow/.local/lib/python3.7/site-packages/airflow/example_dags/example_time_delta_sensor_async.py for tasks to queue
[2022-08-30T12:31:09.676+0000] {logging_mixin.py:115} INFO - [2022-08-30T12:31:09.676+0000] {dagbag.py:508} INFO - Filling up the DagBag from /home/airflow/.local/lib/python3.7/site-packages/airflow/example_dags/example_time_delta_sensor_async.py
[2022-08-30T12:31:09.679+0000] {processor.py:650} INFO - DAG(s) dict_keys(['example_time_delta_sensor_async']) retrieved from /home/airflow/.local/lib/python3.7/site-packages/airflow/example_dags/example_time_delta_sensor_async.py
[2022-08-30T12:31:09.764+0000] {logging_mixin.py:115} INFO - [2022-08-30T12:31:09.764+0000] {dag.py:2429} INFO - Sync 1 DAGs
[2022-08-30T12:31:09.777+0000] {logging_mixin.py:115} INFO - [2022-08-30T12:31:09.777+0000] {dag.py:2981} INFO - Setting next_dagrun for example_time_delta_sensor_async to None, run_after=None
[2022-08-30T12:31:09.784+0000] {processor.py:161} INFO - Processing /home/airflow/.local/lib/python3.7/site-packages/airflow/example_dags/example_time_delta_sensor_async.py took 0.113 seconds
[2022-08-30T12:31:40.348+0000] {processor.py:153} INFO - Started process (PID=1290) to work on /home/airflow/.local/lib/python3.7/site-packages/airflow/example_dags/example_time_delta_sensor_async.py
[2022-08-30T12:31:40.349+0000] {processor.py:640} INFO - Processing file /home/airflow/.local/lib/python3.7/site-packages/airflow/example_dags/example_time_delta_sensor_async.py for tasks to queue
[2022-08-30T12:31:40.350+0000] {logging_mixin.py:115} INFO - [2022-08-30T12:31:40.350+0000] {dagbag.py:508} INFO - Filling up the DagBag from /home/airflow/.local/lib/python3.7/site-packages/airflow/example_dags/example_time_delta_sensor_async.py
[2022-08-30T12:31:40.353+0000] {processor.py:650} INFO - DAG(s) dict_keys(['example_time_delta_sensor_async']) retrieved from /home/airflow/.local/lib/python3.7/site-packages/airflow/example_dags/example_time_delta_sensor_async.py
[2022-08-30T12:31:40.441+0000] {logging_mixin.py:115} INFO - [2022-08-30T12:31:40.441+0000] {dag.py:2429} INFO - Sync 1 DAGs
[2022-08-30T12:31:40.453+0000] {logging_mixin.py:115} INFO - [2022-08-30T12:31:40.453+0000] {dag.py:2981} INFO - Setting next_dagrun for example_time_delta_sensor_async to None, run_after=None
[2022-08-30T12:31:40.461+0000] {processor.py:161} INFO - Processing /home/airflow/.local/lib/python3.7/site-packages/airflow/example_dags/example_time_delta_sensor_async.py took 0.115 seconds
[2022-08-30T12:32:10.991+0000] {processor.py:153} INFO - Started process (PID=1490) to work on /home/airflow/.local/lib/python3.7/site-packages/airflow/example_dags/example_time_delta_sensor_async.py
[2022-08-30T12:32:10.993+0000] {processor.py:640} INFO - Processing file /home/airflow/.local/lib/python3.7/site-packages/airflow/example_dags/example_time_delta_sensor_async.py for tasks to queue
[2022-08-30T12:32:10.994+0000] {logging_mixin.py:115} INFO - [2022-08-30T12:32:10.994+0000] {dagbag.py:508} INFO - Filling up the DagBag from /home/airflow/.local/lib/python3.7/site-packages/airflow/example_dags/example_time_delta_sensor_async.py
[2022-08-30T12:32:10.998+0000] {processor.py:650} INFO - DAG(s) dict_keys(['example_time_delta_sensor_async']) retrieved from /home/airflow/.local/lib/python3.7/site-packages/airflow/example_dags/example_time_delta_sensor_async.py
[2022-08-30T12:32:11.090+0000] {logging_mixin.py:115} INFO - [2022-08-30T12:32:11.090+0000] {dag.py:2429} INFO - Sync 1 DAGs
[2022-08-30T12:32:11.105+0000] {logging_mixin.py:115} INFO - [2022-08-30T12:32:11.105+0000] {dag.py:2981} INFO - Setting next_dagrun for example_time_delta_sensor_async to None, run_after=None
[2022-08-30T12:32:11.123+0000] {processor.py:161} INFO - Processing /home/airflow/.local/lib/python3.7/site-packages/airflow/example_dags/example_time_delta_sensor_async.py took 0.135 seconds
[2022-08-30T12:32:42.022+0000] {processor.py:153} INFO - Started process (PID=1693) to work on /home/airflow/.local/lib/python3.7/site-packages/airflow/example_dags/example_time_delta_sensor_async.py
[2022-08-30T12:32:42.023+0000] {processor.py:640} INFO - Processing file /home/airflow/.local/lib/python3.7/site-packages/airflow/example_dags/example_time_delta_sensor_async.py for tasks to queue
[2022-08-30T12:32:42.024+0000] {logging_mixin.py:115} INFO - [2022-08-30T12:32:42.024+0000] {dagbag.py:508} INFO - Filling up the DagBag from /home/airflow/.local/lib/python3.7/site-packages/airflow/example_dags/example_time_delta_sensor_async.py
[2022-08-30T12:32:42.028+0000] {processor.py:650} INFO - DAG(s) dict_keys(['example_time_delta_sensor_async']) retrieved from /home/airflow/.local/lib/python3.7/site-packages/airflow/example_dags/example_time_delta_sensor_async.py
[2022-08-30T12:32:42.124+0000] {logging_mixin.py:115} INFO - [2022-08-30T12:32:42.124+0000] {dag.py:2429} INFO - Sync 1 DAGs
[2022-08-30T12:32:42.139+0000] {logging_mixin.py:115} INFO - [2022-08-30T12:32:42.139+0000] {dag.py:2981} INFO - Setting next_dagrun for example_time_delta_sensor_async to None, run_after=None
[2022-08-30T12:32:42.147+0000] {processor.py:161} INFO - Processing /home/airflow/.local/lib/python3.7/site-packages/airflow/example_dags/example_time_delta_sensor_async.py took 0.127 seconds
[2022-08-30T12:33:12.640+0000] {processor.py:153} INFO - Started process (PID=1896) to work on /home/airflow/.local/lib/python3.7/site-packages/airflow/example_dags/example_time_delta_sensor_async.py
[2022-08-30T12:33:12.641+0000] {processor.py:640} INFO - Processing file /home/airflow/.local/lib/python3.7/site-packages/airflow/example_dags/example_time_delta_sensor_async.py for tasks to queue
[2022-08-30T12:33:12.643+0000] {logging_mixin.py:115} INFO - [2022-08-30T12:33:12.643+0000] {dagbag.py:508} INFO - Filling up the DagBag from /home/airflow/.local/lib/python3.7/site-packages/airflow/example_dags/example_time_delta_sensor_async.py
[2022-08-30T12:33:12.646+0000] {processor.py:650} INFO - DAG(s) dict_keys(['example_time_delta_sensor_async']) retrieved from /home/airflow/.local/lib/python3.7/site-packages/airflow/example_dags/example_time_delta_sensor_async.py
[2022-08-30T12:33:12.745+0000] {logging_mixin.py:115} INFO - [2022-08-30T12:33:12.745+0000] {dag.py:2429} INFO - Sync 1 DAGs
[2022-08-30T12:33:12.757+0000] {logging_mixin.py:115} INFO - [2022-08-30T12:33:12.757+0000] {dag.py:2981} INFO - Setting next_dagrun for example_time_delta_sensor_async to None, run_after=None
[2022-08-30T12:33:12.765+0000] {processor.py:161} INFO - Processing /home/airflow/.local/lib/python3.7/site-packages/airflow/example_dags/example_time_delta_sensor_async.py took 0.128 seconds
[2022-08-30T12:33:43.351+0000] {processor.py:153} INFO - Started process (PID=2096) to work on /home/airflow/.local/lib/python3.7/site-packages/airflow/example_dags/example_time_delta_sensor_async.py
[2022-08-30T12:33:43.352+0000] {processor.py:640} INFO - Processing file /home/airflow/.local/lib/python3.7/site-packages/airflow/example_dags/example_time_delta_sensor_async.py for tasks to queue
[2022-08-30T12:33:43.353+0000] {logging_mixin.py:115} INFO - [2022-08-30T12:33:43.353+0000] {dagbag.py:508} INFO - Filling up the DagBag from /home/airflow/.local/lib/python3.7/site-packages/airflow/example_dags/example_time_delta_sensor_async.py
[2022-08-30T12:33:43.357+0000] {processor.py:650} INFO - DAG(s) dict_keys(['example_time_delta_sensor_async']) retrieved from /home/airflow/.local/lib/python3.7/site-packages/airflow/example_dags/example_time_delta_sensor_async.py
[2022-08-30T12:33:43.444+0000] {logging_mixin.py:115} INFO - [2022-08-30T12:33:43.444+0000] {dag.py:2429} INFO - Sync 1 DAGs
[2022-08-30T12:33:43.457+0000] {logging_mixin.py:115} INFO - [2022-08-30T12:33:43.457+0000] {dag.py:2981} INFO - Setting next_dagrun for example_time_delta_sensor_async to None, run_after=None
[2022-08-30T12:33:43.464+0000] {processor.py:161} INFO - Processing /home/airflow/.local/lib/python3.7/site-packages/airflow/example_dags/example_time_delta_sensor_async.py took 0.115 seconds
[2022-08-30T12:34:14.175+0000] {processor.py:153} INFO - Started process (PID=2296) to work on /home/airflow/.local/lib/python3.7/site-packages/airflow/example_dags/example_time_delta_sensor_async.py
[2022-08-30T12:34:14.177+0000] {processor.py:640} INFO - Processing file /home/airflow/.local/lib/python3.7/site-packages/airflow/example_dags/example_time_delta_sensor_async.py for tasks to queue
[2022-08-30T12:34:14.178+0000] {logging_mixin.py:115} INFO - [2022-08-30T12:34:14.178+0000] {dagbag.py:508} INFO - Filling up the DagBag from /home/airflow/.local/lib/python3.7/site-packages/airflow/example_dags/example_time_delta_sensor_async.py
[2022-08-30T12:34:14.181+0000] {processor.py:650} INFO - DAG(s) dict_keys(['example_time_delta_sensor_async']) retrieved from /home/airflow/.local/lib/python3.7/site-packages/airflow/example_dags/example_time_delta_sensor_async.py
[2022-08-30T12:34:14.265+0000] {logging_mixin.py:115} INFO - [2022-08-30T12:34:14.265+0000] {dag.py:2429} INFO - Sync 1 DAGs
[2022-08-30T12:34:14.278+0000] {logging_mixin.py:115} INFO - [2022-08-30T12:34:14.278+0000] {dag.py:2981} INFO - Setting next_dagrun for example_time_delta_sensor_async to None, run_after=None
[2022-08-30T12:34:14.285+0000] {processor.py:161} INFO - Processing /home/airflow/.local/lib/python3.7/site-packages/airflow/example_dags/example_time_delta_sensor_async.py took 0.112 seconds
[2022-08-30T12:34:44.883+0000] {processor.py:153} INFO - Started process (PID=2486) to work on /home/airflow/.local/lib/python3.7/site-packages/airflow/example_dags/example_time_delta_sensor_async.py
[2022-08-30T12:34:44.885+0000] {processor.py:640} INFO - Processing file /home/airflow/.local/lib/python3.7/site-packages/airflow/example_dags/example_time_delta_sensor_async.py for tasks to queue
[2022-08-30T12:34:44.886+0000] {logging_mixin.py:115} INFO - [2022-08-30T12:34:44.886+0000] {dagbag.py:508} INFO - Filling up the DagBag from /home/airflow/.local/lib/python3.7/site-packages/airflow/example_dags/example_time_delta_sensor_async.py
[2022-08-30T12:34:44.889+0000] {processor.py:650} INFO - DAG(s) dict_keys(['example_time_delta_sensor_async']) retrieved from /home/airflow/.local/lib/python3.7/site-packages/airflow/example_dags/example_time_delta_sensor_async.py
[2022-08-30T12:34:44.980+0000] {logging_mixin.py:115} INFO - [2022-08-30T12:34:44.980+0000] {dag.py:2429} INFO - Sync 1 DAGs
[2022-08-30T12:34:44.995+0000] {logging_mixin.py:115} INFO - [2022-08-30T12:34:44.995+0000] {dag.py:2981} INFO - Setting next_dagrun for example_time_delta_sensor_async to None, run_after=None
[2022-08-30T12:34:45.003+0000] {processor.py:161} INFO - Processing /home/airflow/.local/lib/python3.7/site-packages/airflow/example_dags/example_time_delta_sensor_async.py took 0.122 seconds
[2022-08-30T12:35:15.663+0000] {processor.py:153} INFO - Started process (PID=2688) to work on /home/airflow/.local/lib/python3.7/site-packages/airflow/example_dags/example_time_delta_sensor_async.py
[2022-08-30T12:35:15.664+0000] {processor.py:640} INFO - Processing file /home/airflow/.local/lib/python3.7/site-packages/airflow/example_dags/example_time_delta_sensor_async.py for tasks to queue
[2022-08-30T12:35:15.666+0000] {logging_mixin.py:115} INFO - [2022-08-30T12:35:15.665+0000] {dagbag.py:508} INFO - Filling up the DagBag from /home/airflow/.local/lib/python3.7/site-packages/airflow/example_dags/example_time_delta_sensor_async.py
[2022-08-30T12:35:15.669+0000] {processor.py:650} INFO - DAG(s) dict_keys(['example_time_delta_sensor_async']) retrieved from /home/airflow/.local/lib/python3.7/site-packages/airflow/example_dags/example_time_delta_sensor_async.py
[2022-08-30T12:35:15.756+0000] {logging_mixin.py:115} INFO - [2022-08-30T12:35:15.756+0000] {dag.py:2429} INFO - Sync 1 DAGs
[2022-08-30T12:35:15.769+0000] {logging_mixin.py:115} INFO - [2022-08-30T12:35:15.769+0000] {dag.py:2981} INFO - Setting next_dagrun for example_time_delta_sensor_async to None, run_after=None
[2022-08-30T12:35:15.776+0000] {processor.py:161} INFO - Processing /home/airflow/.local/lib/python3.7/site-packages/airflow/example_dags/example_time_delta_sensor_async.py took 0.115 seconds
[2022-08-30T12:35:46.512+0000] {processor.py:153} INFO - Started process (PID=2890) to work on /home/airflow/.local/lib/python3.7/site-packages/airflow/example_dags/example_time_delta_sensor_async.py
[2022-08-30T12:35:46.513+0000] {processor.py:640} INFO - Processing file /home/airflow/.local/lib/python3.7/site-packages/airflow/example_dags/example_time_delta_sensor_async.py for tasks to queue
[2022-08-30T12:35:46.514+0000] {logging_mixin.py:115} INFO - [2022-08-30T12:35:46.514+0000] {dagbag.py:508} INFO - Filling up the DagBag from /home/airflow/.local/lib/python3.7/site-packages/airflow/example_dags/example_time_delta_sensor_async.py
[2022-08-30T12:35:46.519+0000] {processor.py:650} INFO - DAG(s) dict_keys(['example_time_delta_sensor_async']) retrieved from /home/airflow/.local/lib/python3.7/site-packages/airflow/example_dags/example_time_delta_sensor_async.py
[2022-08-30T12:35:46.606+0000] {logging_mixin.py:115} INFO - [2022-08-30T12:35:46.606+0000] {dag.py:2429} INFO - Sync 1 DAGs
[2022-08-30T12:35:46.619+0000] {logging_mixin.py:115} INFO - [2022-08-30T12:35:46.618+0000] {dag.py:2981} INFO - Setting next_dagrun for example_time_delta_sensor_async to None, run_after=None
[2022-08-30T12:35:46.627+0000] {processor.py:161} INFO - Processing /home/airflow/.local/lib/python3.7/site-packages/airflow/example_dags/example_time_delta_sensor_async.py took 0.118 seconds
[2022-08-30T12:36:17.335+0000] {processor.py:153} INFO - Started process (PID=3092) to work on /home/airflow/.local/lib/python3.7/site-packages/airflow/example_dags/example_time_delta_sensor_async.py
[2022-08-30T12:36:17.337+0000] {processor.py:640} INFO - Processing file /home/airflow/.local/lib/python3.7/site-packages/airflow/example_dags/example_time_delta_sensor_async.py for tasks to queue
[2022-08-30T12:36:17.338+0000] {logging_mixin.py:115} INFO - [2022-08-30T12:36:17.338+0000] {dagbag.py:508} INFO - Filling up the DagBag from /home/airflow/.local/lib/python3.7/site-packages/airflow/example_dags/example_time_delta_sensor_async.py
[2022-08-30T12:36:17.343+0000] {processor.py:650} INFO - DAG(s) dict_keys(['example_time_delta_sensor_async']) retrieved from /home/airflow/.local/lib/python3.7/site-packages/airflow/example_dags/example_time_delta_sensor_async.py
[2022-08-30T12:36:17.428+0000] {logging_mixin.py:115} INFO - [2022-08-30T12:36:17.428+0000] {dag.py:2429} INFO - Sync 1 DAGs
[2022-08-30T12:36:17.441+0000] {logging_mixin.py:115} INFO - [2022-08-30T12:36:17.441+0000] {dag.py:2981} INFO - Setting next_dagrun for example_time_delta_sensor_async to None, run_after=None
[2022-08-30T12:36:17.449+0000] {processor.py:161} INFO - Processing /home/airflow/.local/lib/python3.7/site-packages/airflow/example_dags/example_time_delta_sensor_async.py took 0.116 seconds
[2022-08-30T12:36:48.181+0000] {processor.py:153} INFO - Started process (PID=3289) to work on /home/airflow/.local/lib/python3.7/site-packages/airflow/example_dags/example_time_delta_sensor_async.py
[2022-08-30T12:36:48.182+0000] {processor.py:640} INFO - Processing file /home/airflow/.local/lib/python3.7/site-packages/airflow/example_dags/example_time_delta_sensor_async.py for tasks to queue
[2022-08-30T12:36:48.184+0000] {logging_mixin.py:115} INFO - [2022-08-30T12:36:48.184+0000] {dagbag.py:508} INFO - Filling up the DagBag from /home/airflow/.local/lib/python3.7/site-packages/airflow/example_dags/example_time_delta_sensor_async.py
[2022-08-30T12:36:48.188+0000] {processor.py:650} INFO - DAG(s) dict_keys(['example_time_delta_sensor_async']) retrieved from /home/airflow/.local/lib/python3.7/site-packages/airflow/example_dags/example_time_delta_sensor_async.py
[2022-08-30T12:36:48.273+0000] {logging_mixin.py:115} INFO - [2022-08-30T12:36:48.273+0000] {dag.py:2429} INFO - Sync 1 DAGs
[2022-08-30T12:36:48.287+0000] {logging_mixin.py:115} INFO - [2022-08-30T12:36:48.286+0000] {dag.py:2981} INFO - Setting next_dagrun for example_time_delta_sensor_async to None, run_after=None
[2022-08-30T12:36:48.296+0000] {processor.py:161} INFO - Processing /home/airflow/.local/lib/python3.7/site-packages/airflow/example_dags/example_time_delta_sensor_async.py took 0.118 seconds
[2022-08-30T12:37:18.887+0000] {processor.py:153} INFO - Started process (PID=3489) to work on /home/airflow/.local/lib/python3.7/site-packages/airflow/example_dags/example_time_delta_sensor_async.py
[2022-08-30T12:37:18.888+0000] {processor.py:640} INFO - Processing file /home/airflow/.local/lib/python3.7/site-packages/airflow/example_dags/example_time_delta_sensor_async.py for tasks to queue
[2022-08-30T12:37:18.889+0000] {logging_mixin.py:115} INFO - [2022-08-30T12:37:18.889+0000] {dagbag.py:508} INFO - Filling up the DagBag from /home/airflow/.local/lib/python3.7/site-packages/airflow/example_dags/example_time_delta_sensor_async.py
[2022-08-30T12:37:18.893+0000] {processor.py:650} INFO - DAG(s) dict_keys(['example_time_delta_sensor_async']) retrieved from /home/airflow/.local/lib/python3.7/site-packages/airflow/example_dags/example_time_delta_sensor_async.py
[2022-08-30T12:37:18.978+0000] {logging_mixin.py:115} INFO - [2022-08-30T12:37:18.977+0000] {dag.py:2429} INFO - Sync 1 DAGs
[2022-08-30T12:37:18.991+0000] {logging_mixin.py:115} INFO - [2022-08-30T12:37:18.991+0000] {dag.py:2981} INFO - Setting next_dagrun for example_time_delta_sensor_async to None, run_after=None
[2022-08-30T12:37:18.999+0000] {processor.py:161} INFO - Processing /home/airflow/.local/lib/python3.7/site-packages/airflow/example_dags/example_time_delta_sensor_async.py took 0.114 seconds
[2022-08-30T12:37:49.699+0000] {processor.py:153} INFO - Started process (PID=3690) to work on /home/airflow/.local/lib/python3.7/site-packages/airflow/example_dags/example_time_delta_sensor_async.py
[2022-08-30T12:37:49.701+0000] {processor.py:640} INFO - Processing file /home/airflow/.local/lib/python3.7/site-packages/airflow/example_dags/example_time_delta_sensor_async.py for tasks to queue
[2022-08-30T12:37:49.702+0000] {logging_mixin.py:115} INFO - [2022-08-30T12:37:49.701+0000] {dagbag.py:508} INFO - Filling up the DagBag from /home/airflow/.local/lib/python3.7/site-packages/airflow/example_dags/example_time_delta_sensor_async.py
[2022-08-30T12:37:49.705+0000] {processor.py:650} INFO - DAG(s) dict_keys(['example_time_delta_sensor_async']) retrieved from /home/airflow/.local/lib/python3.7/site-packages/airflow/example_dags/example_time_delta_sensor_async.py
[2022-08-30T12:37:49.792+0000] {logging_mixin.py:115} INFO - [2022-08-30T12:37:49.792+0000] {dag.py:2429} INFO - Sync 1 DAGs
[2022-08-30T12:37:49.804+0000] {logging_mixin.py:115} INFO - [2022-08-30T12:37:49.804+0000] {dag.py:2981} INFO - Setting next_dagrun for example_time_delta_sensor_async to None, run_after=None
[2022-08-30T12:37:49.814+0000] {processor.py:161} INFO - Processing /home/airflow/.local/lib/python3.7/site-packages/airflow/example_dags/example_time_delta_sensor_async.py took 0.117 seconds
