[2022-08-30T12:27:45.920+0000] {processor.py:153} INFO - Started process (PID=197) to work on /home/airflow/.local/lib/python3.7/site-packages/airflow/example_dags/example_latest_only.py
[2022-08-30T12:27:45.921+0000] {processor.py:640} INFO - Processing file /home/airflow/.local/lib/python3.7/site-packages/airflow/example_dags/example_latest_only.py for tasks to queue
[2022-08-30T12:27:45.922+0000] {logging_mixin.py:115} INFO - [2022-08-30T12:27:45.922+0000] {dagbag.py:508} INFO - Filling up the DagBag from /home/airflow/.local/lib/python3.7/site-packages/airflow/example_dags/example_latest_only.py
[2022-08-30T12:27:45.928+0000] {processor.py:650} INFO - DAG(s) dict_keys(['latest_only']) retrieved from /home/airflow/.local/lib/python3.7/site-packages/airflow/example_dags/example_latest_only.py
[2022-08-30T12:27:45.978+0000] {logging_mixin.py:115} INFO - [2022-08-30T12:27:45.978+0000] {manager.py:508} INFO - Created Permission View: can read on DAG:latest_only
[2022-08-30T12:27:45.985+0000] {logging_mixin.py:115} INFO - [2022-08-30T12:27:45.984+0000] {manager.py:508} INFO - Created Permission View: can edit on DAG:latest_only
[2022-08-30T12:27:45.990+0000] {logging_mixin.py:115} INFO - [2022-08-30T12:27:45.990+0000] {manager.py:508} INFO - Created Permission View: can delete on DAG:latest_only
[2022-08-30T12:27:45.992+0000] {logging_mixin.py:115} INFO - [2022-08-30T12:27:45.992+0000] {dag.py:2429} INFO - Sync 1 DAGs
[2022-08-30T12:27:45.997+0000] {logging_mixin.py:115} INFO - [2022-08-30T12:27:45.997+0000] {dag.py:2448} INFO - Creating ORM DAG for latest_only
[2022-08-30T12:27:46.006+0000] {logging_mixin.py:115} INFO - [2022-08-30T12:27:46.006+0000] {dag.py:2981} INFO - Setting next_dagrun for latest_only to 2022-08-30T08:27:46.006069+00:00, run_after=2022-08-30T12:27:46.006069+00:00
[2022-08-30T12:27:46.018+0000] {processor.py:161} INFO - Processing /home/airflow/.local/lib/python3.7/site-packages/airflow/example_dags/example_latest_only.py took 0.100 seconds
[2022-08-30T12:28:16.954+0000] {processor.py:153} INFO - Started process (PID=395) to work on /home/airflow/.local/lib/python3.7/site-packages/airflow/example_dags/example_latest_only.py
[2022-08-30T12:28:16.955+0000] {processor.py:640} INFO - Processing file /home/airflow/.local/lib/python3.7/site-packages/airflow/example_dags/example_latest_only.py for tasks to queue
[2022-08-30T12:28:16.956+0000] {logging_mixin.py:115} INFO - [2022-08-30T12:28:16.956+0000] {dagbag.py:508} INFO - Filling up the DagBag from /home/airflow/.local/lib/python3.7/site-packages/airflow/example_dags/example_latest_only.py
[2022-08-30T12:28:16.961+0000] {processor.py:650} INFO - DAG(s) dict_keys(['latest_only']) retrieved from /home/airflow/.local/lib/python3.7/site-packages/airflow/example_dags/example_latest_only.py
[2022-08-30T12:28:16.979+0000] {logging_mixin.py:115} INFO - [2022-08-30T12:28:16.978+0000] {dag.py:2429} INFO - Sync 1 DAGs
[2022-08-30T12:28:16.996+0000] {logging_mixin.py:115} INFO - [2022-08-30T12:28:16.996+0000] {dag.py:2981} INFO - Setting next_dagrun for latest_only to 2022-08-30T08:28:16.996304+00:00, run_after=2022-08-30T12:28:16.996304+00:00
[2022-08-30T12:28:17.003+0000] {processor.py:161} INFO - Processing /home/airflow/.local/lib/python3.7/site-packages/airflow/example_dags/example_latest_only.py took 0.052 seconds
[2022-08-30T12:29:05.589+0000] {processor.py:153} INFO - Started process (PID=198) to work on /home/airflow/.local/lib/python3.7/site-packages/airflow/example_dags/example_latest_only.py
[2022-08-30T12:29:05.591+0000] {processor.py:640} INFO - Processing file /home/airflow/.local/lib/python3.7/site-packages/airflow/example_dags/example_latest_only.py for tasks to queue
[2022-08-30T12:29:05.593+0000] {logging_mixin.py:115} INFO - [2022-08-30T12:29:05.593+0000] {dagbag.py:508} INFO - Filling up the DagBag from /home/airflow/.local/lib/python3.7/site-packages/airflow/example_dags/example_latest_only.py
[2022-08-30T12:29:05.609+0000] {processor.py:650} INFO - DAG(s) dict_keys(['latest_only']) retrieved from /home/airflow/.local/lib/python3.7/site-packages/airflow/example_dags/example_latest_only.py
[2022-08-30T12:29:05.650+0000] {logging_mixin.py:115} INFO - [2022-08-30T12:29:05.650+0000] {dag.py:2429} INFO - Sync 1 DAGs
[2022-08-30T12:29:05.681+0000] {logging_mixin.py:115} INFO - [2022-08-30T12:29:05.680+0000] {dag.py:2981} INFO - Setting next_dagrun for latest_only to 2022-08-30T08:29:05.680676+00:00, run_after=2022-08-30T12:29:05.680676+00:00
[2022-08-30T12:29:05.696+0000] {processor.py:161} INFO - Processing /home/airflow/.local/lib/python3.7/site-packages/airflow/example_dags/example_latest_only.py took 0.110 seconds
[2022-08-30T12:29:36.531+0000] {processor.py:153} INFO - Started process (PID=402) to work on /home/airflow/.local/lib/python3.7/site-packages/airflow/example_dags/example_latest_only.py
[2022-08-30T12:29:36.532+0000] {processor.py:640} INFO - Processing file /home/airflow/.local/lib/python3.7/site-packages/airflow/example_dags/example_latest_only.py for tasks to queue
[2022-08-30T12:29:36.534+0000] {logging_mixin.py:115} INFO - [2022-08-30T12:29:36.534+0000] {dagbag.py:508} INFO - Filling up the DagBag from /home/airflow/.local/lib/python3.7/site-packages/airflow/example_dags/example_latest_only.py
[2022-08-30T12:29:36.538+0000] {processor.py:650} INFO - DAG(s) dict_keys(['latest_only']) retrieved from /home/airflow/.local/lib/python3.7/site-packages/airflow/example_dags/example_latest_only.py
[2022-08-30T12:29:36.558+0000] {logging_mixin.py:115} INFO - [2022-08-30T12:29:36.558+0000] {dag.py:2429} INFO - Sync 1 DAGs
[2022-08-30T12:29:36.571+0000] {logging_mixin.py:115} INFO - [2022-08-30T12:29:36.571+0000] {dag.py:2981} INFO - Setting next_dagrun for latest_only to 2022-08-30T08:29:36.571757+00:00, run_after=2022-08-30T12:29:36.571757+00:00
[2022-08-30T12:29:36.582+0000] {processor.py:161} INFO - Processing /home/airflow/.local/lib/python3.7/site-packages/airflow/example_dags/example_latest_only.py took 0.053 seconds
[2022-08-30T12:30:07.228+0000] {processor.py:153} INFO - Started process (PID=603) to work on /home/airflow/.local/lib/python3.7/site-packages/airflow/example_dags/example_latest_only.py
[2022-08-30T12:30:07.229+0000] {processor.py:640} INFO - Processing file /home/airflow/.local/lib/python3.7/site-packages/airflow/example_dags/example_latest_only.py for tasks to queue
[2022-08-30T12:30:07.230+0000] {logging_mixin.py:115} INFO - [2022-08-30T12:30:07.230+0000] {dagbag.py:508} INFO - Filling up the DagBag from /home/airflow/.local/lib/python3.7/site-packages/airflow/example_dags/example_latest_only.py
[2022-08-30T12:30:07.233+0000] {processor.py:650} INFO - DAG(s) dict_keys(['latest_only']) retrieved from /home/airflow/.local/lib/python3.7/site-packages/airflow/example_dags/example_latest_only.py
[2022-08-30T12:30:07.251+0000] {logging_mixin.py:115} INFO - [2022-08-30T12:30:07.251+0000] {dag.py:2429} INFO - Sync 1 DAGs
[2022-08-30T12:30:07.264+0000] {logging_mixin.py:115} INFO - [2022-08-30T12:30:07.264+0000] {dag.py:2981} INFO - Setting next_dagrun for latest_only to 2022-08-30T08:30:07.264146+00:00, run_after=2022-08-30T12:30:07.264146+00:00
[2022-08-30T12:30:07.272+0000] {processor.py:161} INFO - Processing /home/airflow/.local/lib/python3.7/site-packages/airflow/example_dags/example_latest_only.py took 0.046 seconds
[2022-08-30T12:30:38.053+0000] {processor.py:153} INFO - Started process (PID=804) to work on /home/airflow/.local/lib/python3.7/site-packages/airflow/example_dags/example_latest_only.py
[2022-08-30T12:30:38.054+0000] {processor.py:640} INFO - Processing file /home/airflow/.local/lib/python3.7/site-packages/airflow/example_dags/example_latest_only.py for tasks to queue
[2022-08-30T12:30:38.055+0000] {logging_mixin.py:115} INFO - [2022-08-30T12:30:38.055+0000] {dagbag.py:508} INFO - Filling up the DagBag from /home/airflow/.local/lib/python3.7/site-packages/airflow/example_dags/example_latest_only.py
[2022-08-30T12:30:38.058+0000] {processor.py:650} INFO - DAG(s) dict_keys(['latest_only']) retrieved from /home/airflow/.local/lib/python3.7/site-packages/airflow/example_dags/example_latest_only.py
[2022-08-30T12:30:38.078+0000] {logging_mixin.py:115} INFO - [2022-08-30T12:30:38.078+0000] {dag.py:2429} INFO - Sync 1 DAGs
[2022-08-30T12:30:38.092+0000] {logging_mixin.py:115} INFO - [2022-08-30T12:30:38.092+0000] {dag.py:2981} INFO - Setting next_dagrun for latest_only to 2022-08-30T08:30:38.092522+00:00, run_after=2022-08-30T12:30:38.092522+00:00
[2022-08-30T12:30:38.111+0000] {processor.py:161} INFO - Processing /home/airflow/.local/lib/python3.7/site-packages/airflow/example_dags/example_latest_only.py took 0.060 seconds
[2022-08-30T12:31:08.906+0000] {processor.py:153} INFO - Started process (PID=996) to work on /home/airflow/.local/lib/python3.7/site-packages/airflow/example_dags/example_latest_only.py
[2022-08-30T12:31:08.907+0000] {processor.py:640} INFO - Processing file /home/airflow/.local/lib/python3.7/site-packages/airflow/example_dags/example_latest_only.py for tasks to queue
[2022-08-30T12:31:08.908+0000] {logging_mixin.py:115} INFO - [2022-08-30T12:31:08.908+0000] {dagbag.py:508} INFO - Filling up the DagBag from /home/airflow/.local/lib/python3.7/site-packages/airflow/example_dags/example_latest_only.py
[2022-08-30T12:31:08.911+0000] {processor.py:650} INFO - DAG(s) dict_keys(['latest_only']) retrieved from /home/airflow/.local/lib/python3.7/site-packages/airflow/example_dags/example_latest_only.py
[2022-08-30T12:31:08.929+0000] {logging_mixin.py:115} INFO - [2022-08-30T12:31:08.929+0000] {dag.py:2429} INFO - Sync 1 DAGs
[2022-08-30T12:31:08.941+0000] {logging_mixin.py:115} INFO - [2022-08-30T12:31:08.941+0000] {dag.py:2981} INFO - Setting next_dagrun for latest_only to 2022-08-30T08:31:08.941083+00:00, run_after=2022-08-30T12:31:08.941083+00:00
[2022-08-30T12:31:08.947+0000] {processor.py:161} INFO - Processing /home/airflow/.local/lib/python3.7/site-packages/airflow/example_dags/example_latest_only.py took 0.043 seconds
[2022-08-30T12:31:39.506+0000] {processor.py:153} INFO - Started process (PID=1197) to work on /home/airflow/.local/lib/python3.7/site-packages/airflow/example_dags/example_latest_only.py
[2022-08-30T12:31:39.507+0000] {processor.py:640} INFO - Processing file /home/airflow/.local/lib/python3.7/site-packages/airflow/example_dags/example_latest_only.py for tasks to queue
[2022-08-30T12:31:39.508+0000] {logging_mixin.py:115} INFO - [2022-08-30T12:31:39.508+0000] {dagbag.py:508} INFO - Filling up the DagBag from /home/airflow/.local/lib/python3.7/site-packages/airflow/example_dags/example_latest_only.py
[2022-08-30T12:31:39.512+0000] {processor.py:650} INFO - DAG(s) dict_keys(['latest_only']) retrieved from /home/airflow/.local/lib/python3.7/site-packages/airflow/example_dags/example_latest_only.py
[2022-08-30T12:31:39.530+0000] {logging_mixin.py:115} INFO - [2022-08-30T12:31:39.530+0000] {dag.py:2429} INFO - Sync 1 DAGs
[2022-08-30T12:31:39.543+0000] {logging_mixin.py:115} INFO - [2022-08-30T12:31:39.543+0000] {dag.py:2981} INFO - Setting next_dagrun for latest_only to 2022-08-30T08:31:39.543675+00:00, run_after=2022-08-30T12:31:39.543675+00:00
[2022-08-30T12:31:39.550+0000] {processor.py:161} INFO - Processing /home/airflow/.local/lib/python3.7/site-packages/airflow/example_dags/example_latest_only.py took 0.047 seconds
[2022-08-30T12:32:10.113+0000] {processor.py:153} INFO - Started process (PID=1397) to work on /home/airflow/.local/lib/python3.7/site-packages/airflow/example_dags/example_latest_only.py
[2022-08-30T12:32:10.114+0000] {processor.py:640} INFO - Processing file /home/airflow/.local/lib/python3.7/site-packages/airflow/example_dags/example_latest_only.py for tasks to queue
[2022-08-30T12:32:10.115+0000] {logging_mixin.py:115} INFO - [2022-08-30T12:32:10.115+0000] {dagbag.py:508} INFO - Filling up the DagBag from /home/airflow/.local/lib/python3.7/site-packages/airflow/example_dags/example_latest_only.py
[2022-08-30T12:32:10.119+0000] {processor.py:650} INFO - DAG(s) dict_keys(['latest_only']) retrieved from /home/airflow/.local/lib/python3.7/site-packages/airflow/example_dags/example_latest_only.py
[2022-08-30T12:32:10.138+0000] {logging_mixin.py:115} INFO - [2022-08-30T12:32:10.138+0000] {dag.py:2429} INFO - Sync 1 DAGs
[2022-08-30T12:32:10.152+0000] {logging_mixin.py:115} INFO - [2022-08-30T12:32:10.152+0000] {dag.py:2981} INFO - Setting next_dagrun for latest_only to 2022-08-30T08:32:10.151969+00:00, run_after=2022-08-30T12:32:10.151969+00:00
[2022-08-30T12:32:10.160+0000] {processor.py:161} INFO - Processing /home/airflow/.local/lib/python3.7/site-packages/airflow/example_dags/example_latest_only.py took 0.049 seconds
[2022-08-30T12:32:40.905+0000] {processor.py:153} INFO - Started process (PID=1600) to work on /home/airflow/.local/lib/python3.7/site-packages/airflow/example_dags/example_latest_only.py
[2022-08-30T12:32:40.906+0000] {processor.py:640} INFO - Processing file /home/airflow/.local/lib/python3.7/site-packages/airflow/example_dags/example_latest_only.py for tasks to queue
[2022-08-30T12:32:40.908+0000] {logging_mixin.py:115} INFO - [2022-08-30T12:32:40.907+0000] {dagbag.py:508} INFO - Filling up the DagBag from /home/airflow/.local/lib/python3.7/site-packages/airflow/example_dags/example_latest_only.py
[2022-08-30T12:32:40.911+0000] {processor.py:650} INFO - DAG(s) dict_keys(['latest_only']) retrieved from /home/airflow/.local/lib/python3.7/site-packages/airflow/example_dags/example_latest_only.py
[2022-08-30T12:32:40.932+0000] {logging_mixin.py:115} INFO - [2022-08-30T12:32:40.932+0000] {dag.py:2429} INFO - Sync 1 DAGs
[2022-08-30T12:32:40.946+0000] {logging_mixin.py:115} INFO - [2022-08-30T12:32:40.946+0000] {dag.py:2981} INFO - Setting next_dagrun for latest_only to 2022-08-30T08:32:40.946308+00:00, run_after=2022-08-30T12:32:40.946308+00:00
[2022-08-30T12:32:40.959+0000] {processor.py:161} INFO - Processing /home/airflow/.local/lib/python3.7/site-packages/airflow/example_dags/example_latest_only.py took 0.058 seconds
[2022-08-30T12:33:11.836+0000] {processor.py:153} INFO - Started process (PID=1803) to work on /home/airflow/.local/lib/python3.7/site-packages/airflow/example_dags/example_latest_only.py
[2022-08-30T12:33:11.837+0000] {processor.py:640} INFO - Processing file /home/airflow/.local/lib/python3.7/site-packages/airflow/example_dags/example_latest_only.py for tasks to queue
[2022-08-30T12:33:11.838+0000] {logging_mixin.py:115} INFO - [2022-08-30T12:33:11.838+0000] {dagbag.py:508} INFO - Filling up the DagBag from /home/airflow/.local/lib/python3.7/site-packages/airflow/example_dags/example_latest_only.py
[2022-08-30T12:33:11.841+0000] {processor.py:650} INFO - DAG(s) dict_keys(['latest_only']) retrieved from /home/airflow/.local/lib/python3.7/site-packages/airflow/example_dags/example_latest_only.py
[2022-08-30T12:33:11.859+0000] {logging_mixin.py:115} INFO - [2022-08-30T12:33:11.859+0000] {dag.py:2429} INFO - Sync 1 DAGs
[2022-08-30T12:33:11.870+0000] {logging_mixin.py:115} INFO - [2022-08-30T12:33:11.870+0000] {dag.py:2981} INFO - Setting next_dagrun for latest_only to 2022-08-30T08:33:11.869941+00:00, run_after=2022-08-30T12:33:11.869941+00:00
[2022-08-30T12:33:11.876+0000] {processor.py:161} INFO - Processing /home/airflow/.local/lib/python3.7/site-packages/airflow/example_dags/example_latest_only.py took 0.042 seconds
[2022-08-30T12:33:42.482+0000] {processor.py:153} INFO - Started process (PID=2003) to work on /home/airflow/.local/lib/python3.7/site-packages/airflow/example_dags/example_latest_only.py
[2022-08-30T12:33:42.484+0000] {processor.py:640} INFO - Processing file /home/airflow/.local/lib/python3.7/site-packages/airflow/example_dags/example_latest_only.py for tasks to queue
[2022-08-30T12:33:42.486+0000] {logging_mixin.py:115} INFO - [2022-08-30T12:33:42.486+0000] {dagbag.py:508} INFO - Filling up the DagBag from /home/airflow/.local/lib/python3.7/site-packages/airflow/example_dags/example_latest_only.py
[2022-08-30T12:33:42.490+0000] {processor.py:650} INFO - DAG(s) dict_keys(['latest_only']) retrieved from /home/airflow/.local/lib/python3.7/site-packages/airflow/example_dags/example_latest_only.py
[2022-08-30T12:33:42.518+0000] {logging_mixin.py:115} INFO - [2022-08-30T12:33:42.517+0000] {dag.py:2429} INFO - Sync 1 DAGs
[2022-08-30T12:33:42.537+0000] {logging_mixin.py:115} INFO - [2022-08-30T12:33:42.537+0000] {dag.py:2981} INFO - Setting next_dagrun for latest_only to 2022-08-30T08:33:42.537629+00:00, run_after=2022-08-30T12:33:42.537629+00:00
[2022-08-30T12:33:42.547+0000] {processor.py:161} INFO - Processing /home/airflow/.local/lib/python3.7/site-packages/airflow/example_dags/example_latest_only.py took 0.068 seconds
[2022-08-30T12:34:13.162+0000] {processor.py:153} INFO - Started process (PID=2203) to work on /home/airflow/.local/lib/python3.7/site-packages/airflow/example_dags/example_latest_only.py
[2022-08-30T12:34:13.163+0000] {processor.py:640} INFO - Processing file /home/airflow/.local/lib/python3.7/site-packages/airflow/example_dags/example_latest_only.py for tasks to queue
[2022-08-30T12:34:13.164+0000] {logging_mixin.py:115} INFO - [2022-08-30T12:34:13.164+0000] {dagbag.py:508} INFO - Filling up the DagBag from /home/airflow/.local/lib/python3.7/site-packages/airflow/example_dags/example_latest_only.py
[2022-08-30T12:34:13.168+0000] {processor.py:650} INFO - DAG(s) dict_keys(['latest_only']) retrieved from /home/airflow/.local/lib/python3.7/site-packages/airflow/example_dags/example_latest_only.py
[2022-08-30T12:34:13.186+0000] {logging_mixin.py:115} INFO - [2022-08-30T12:34:13.186+0000] {dag.py:2429} INFO - Sync 1 DAGs
[2022-08-30T12:34:13.198+0000] {logging_mixin.py:115} INFO - [2022-08-30T12:34:13.198+0000] {dag.py:2981} INFO - Setting next_dagrun for latest_only to 2022-08-30T08:34:13.198596+00:00, run_after=2022-08-30T12:34:13.198596+00:00
[2022-08-30T12:34:13.206+0000] {processor.py:161} INFO - Processing /home/airflow/.local/lib/python3.7/site-packages/airflow/example_dags/example_latest_only.py took 0.046 seconds
[2022-08-30T12:34:44.055+0000] {processor.py:153} INFO - Started process (PID=2393) to work on /home/airflow/.local/lib/python3.7/site-packages/airflow/example_dags/example_latest_only.py
[2022-08-30T12:34:44.056+0000] {processor.py:640} INFO - Processing file /home/airflow/.local/lib/python3.7/site-packages/airflow/example_dags/example_latest_only.py for tasks to queue
[2022-08-30T12:34:44.058+0000] {logging_mixin.py:115} INFO - [2022-08-30T12:34:44.057+0000] {dagbag.py:508} INFO - Filling up the DagBag from /home/airflow/.local/lib/python3.7/site-packages/airflow/example_dags/example_latest_only.py
[2022-08-30T12:34:44.062+0000] {processor.py:650} INFO - DAG(s) dict_keys(['latest_only']) retrieved from /home/airflow/.local/lib/python3.7/site-packages/airflow/example_dags/example_latest_only.py
[2022-08-30T12:34:44.080+0000] {logging_mixin.py:115} INFO - [2022-08-30T12:34:44.080+0000] {dag.py:2429} INFO - Sync 1 DAGs
[2022-08-30T12:34:44.093+0000] {logging_mixin.py:115} INFO - [2022-08-30T12:34:44.093+0000] {dag.py:2981} INFO - Setting next_dagrun for latest_only to 2022-08-30T08:34:44.093552+00:00, run_after=2022-08-30T12:34:44.093552+00:00
[2022-08-30T12:34:44.100+0000] {processor.py:161} INFO - Processing /home/airflow/.local/lib/python3.7/site-packages/airflow/example_dags/example_latest_only.py took 0.048 seconds
[2022-08-30T12:35:14.819+0000] {processor.py:153} INFO - Started process (PID=2595) to work on /home/airflow/.local/lib/python3.7/site-packages/airflow/example_dags/example_latest_only.py
[2022-08-30T12:35:14.820+0000] {processor.py:640} INFO - Processing file /home/airflow/.local/lib/python3.7/site-packages/airflow/example_dags/example_latest_only.py for tasks to queue
[2022-08-30T12:35:14.823+0000] {logging_mixin.py:115} INFO - [2022-08-30T12:35:14.823+0000] {dagbag.py:508} INFO - Filling up the DagBag from /home/airflow/.local/lib/python3.7/site-packages/airflow/example_dags/example_latest_only.py
[2022-08-30T12:35:14.827+0000] {processor.py:650} INFO - DAG(s) dict_keys(['latest_only']) retrieved from /home/airflow/.local/lib/python3.7/site-packages/airflow/example_dags/example_latest_only.py
[2022-08-30T12:35:14.848+0000] {logging_mixin.py:115} INFO - [2022-08-30T12:35:14.848+0000] {dag.py:2429} INFO - Sync 1 DAGs
[2022-08-30T12:35:14.861+0000] {logging_mixin.py:115} INFO - [2022-08-30T12:35:14.861+0000] {dag.py:2981} INFO - Setting next_dagrun for latest_only to 2022-08-30T08:35:14.861086+00:00, run_after=2022-08-30T12:35:14.861086+00:00
[2022-08-30T12:35:14.869+0000] {processor.py:161} INFO - Processing /home/airflow/.local/lib/python3.7/site-packages/airflow/example_dags/example_latest_only.py took 0.052 seconds
[2022-08-30T12:35:45.572+0000] {processor.py:153} INFO - Started process (PID=2797) to work on /home/airflow/.local/lib/python3.7/site-packages/airflow/example_dags/example_latest_only.py
[2022-08-30T12:35:45.575+0000] {processor.py:640} INFO - Processing file /home/airflow/.local/lib/python3.7/site-packages/airflow/example_dags/example_latest_only.py for tasks to queue
[2022-08-30T12:35:45.576+0000] {logging_mixin.py:115} INFO - [2022-08-30T12:35:45.576+0000] {dagbag.py:508} INFO - Filling up the DagBag from /home/airflow/.local/lib/python3.7/site-packages/airflow/example_dags/example_latest_only.py
[2022-08-30T12:35:45.581+0000] {processor.py:650} INFO - DAG(s) dict_keys(['latest_only']) retrieved from /home/airflow/.local/lib/python3.7/site-packages/airflow/example_dags/example_latest_only.py
[2022-08-30T12:35:45.602+0000] {logging_mixin.py:115} INFO - [2022-08-30T12:35:45.601+0000] {dag.py:2429} INFO - Sync 1 DAGs
[2022-08-30T12:35:45.615+0000] {logging_mixin.py:115} INFO - [2022-08-30T12:35:45.615+0000] {dag.py:2981} INFO - Setting next_dagrun for latest_only to 2022-08-30T08:35:45.615373+00:00, run_after=2022-08-30T12:35:45.615373+00:00
[2022-08-30T12:35:45.624+0000] {processor.py:161} INFO - Processing /home/airflow/.local/lib/python3.7/site-packages/airflow/example_dags/example_latest_only.py took 0.055 seconds
[2022-08-30T12:36:16.478+0000] {processor.py:153} INFO - Started process (PID=2999) to work on /home/airflow/.local/lib/python3.7/site-packages/airflow/example_dags/example_latest_only.py
[2022-08-30T12:36:16.479+0000] {processor.py:640} INFO - Processing file /home/airflow/.local/lib/python3.7/site-packages/airflow/example_dags/example_latest_only.py for tasks to queue
[2022-08-30T12:36:16.480+0000] {logging_mixin.py:115} INFO - [2022-08-30T12:36:16.480+0000] {dagbag.py:508} INFO - Filling up the DagBag from /home/airflow/.local/lib/python3.7/site-packages/airflow/example_dags/example_latest_only.py
[2022-08-30T12:36:16.484+0000] {processor.py:650} INFO - DAG(s) dict_keys(['latest_only']) retrieved from /home/airflow/.local/lib/python3.7/site-packages/airflow/example_dags/example_latest_only.py
[2022-08-30T12:36:16.507+0000] {logging_mixin.py:115} INFO - [2022-08-30T12:36:16.507+0000] {dag.py:2429} INFO - Sync 1 DAGs
[2022-08-30T12:36:16.520+0000] {logging_mixin.py:115} INFO - [2022-08-30T12:36:16.520+0000] {dag.py:2981} INFO - Setting next_dagrun for latest_only to 2022-08-30T08:36:16.520619+00:00, run_after=2022-08-30T12:36:16.520619+00:00
[2022-08-30T12:36:16.528+0000] {processor.py:161} INFO - Processing /home/airflow/.local/lib/python3.7/site-packages/airflow/example_dags/example_latest_only.py took 0.052 seconds
[2022-08-30T12:36:47.370+0000] {processor.py:153} INFO - Started process (PID=3196) to work on /home/airflow/.local/lib/python3.7/site-packages/airflow/example_dags/example_latest_only.py
[2022-08-30T12:36:47.371+0000] {processor.py:640} INFO - Processing file /home/airflow/.local/lib/python3.7/site-packages/airflow/example_dags/example_latest_only.py for tasks to queue
[2022-08-30T12:36:47.372+0000] {logging_mixin.py:115} INFO - [2022-08-30T12:36:47.372+0000] {dagbag.py:508} INFO - Filling up the DagBag from /home/airflow/.local/lib/python3.7/site-packages/airflow/example_dags/example_latest_only.py
[2022-08-30T12:36:47.375+0000] {processor.py:650} INFO - DAG(s) dict_keys(['latest_only']) retrieved from /home/airflow/.local/lib/python3.7/site-packages/airflow/example_dags/example_latest_only.py
[2022-08-30T12:36:47.393+0000] {logging_mixin.py:115} INFO - [2022-08-30T12:36:47.392+0000] {dag.py:2429} INFO - Sync 1 DAGs
[2022-08-30T12:36:47.404+0000] {logging_mixin.py:115} INFO - [2022-08-30T12:36:47.404+0000] {dag.py:2981} INFO - Setting next_dagrun for latest_only to 2022-08-30T08:36:47.404103+00:00, run_after=2022-08-30T12:36:47.404103+00:00
[2022-08-30T12:36:47.411+0000] {processor.py:161} INFO - Processing /home/airflow/.local/lib/python3.7/site-packages/airflow/example_dags/example_latest_only.py took 0.043 seconds
[2022-08-30T12:37:18.024+0000] {processor.py:153} INFO - Started process (PID=3396) to work on /home/airflow/.local/lib/python3.7/site-packages/airflow/example_dags/example_latest_only.py
[2022-08-30T12:37:18.025+0000] {processor.py:640} INFO - Processing file /home/airflow/.local/lib/python3.7/site-packages/airflow/example_dags/example_latest_only.py for tasks to queue
[2022-08-30T12:37:18.026+0000] {logging_mixin.py:115} INFO - [2022-08-30T12:37:18.026+0000] {dagbag.py:508} INFO - Filling up the DagBag from /home/airflow/.local/lib/python3.7/site-packages/airflow/example_dags/example_latest_only.py
[2022-08-30T12:37:18.031+0000] {processor.py:650} INFO - DAG(s) dict_keys(['latest_only']) retrieved from /home/airflow/.local/lib/python3.7/site-packages/airflow/example_dags/example_latest_only.py
[2022-08-30T12:37:18.049+0000] {logging_mixin.py:115} INFO - [2022-08-30T12:37:18.049+0000] {dag.py:2429} INFO - Sync 1 DAGs
[2022-08-30T12:37:18.063+0000] {logging_mixin.py:115} INFO - [2022-08-30T12:37:18.063+0000] {dag.py:2981} INFO - Setting next_dagrun for latest_only to 2022-08-30T08:37:18.062946+00:00, run_after=2022-08-30T12:37:18.062946+00:00
[2022-08-30T12:37:18.070+0000] {processor.py:161} INFO - Processing /home/airflow/.local/lib/python3.7/site-packages/airflow/example_dags/example_latest_only.py took 0.048 seconds
[2022-08-30T12:37:48.884+0000] {processor.py:153} INFO - Started process (PID=3597) to work on /home/airflow/.local/lib/python3.7/site-packages/airflow/example_dags/example_latest_only.py
[2022-08-30T12:37:48.885+0000] {processor.py:640} INFO - Processing file /home/airflow/.local/lib/python3.7/site-packages/airflow/example_dags/example_latest_only.py for tasks to queue
[2022-08-30T12:37:48.886+0000] {logging_mixin.py:115} INFO - [2022-08-30T12:37:48.886+0000] {dagbag.py:508} INFO - Filling up the DagBag from /home/airflow/.local/lib/python3.7/site-packages/airflow/example_dags/example_latest_only.py
[2022-08-30T12:37:48.890+0000] {processor.py:650} INFO - DAG(s) dict_keys(['latest_only']) retrieved from /home/airflow/.local/lib/python3.7/site-packages/airflow/example_dags/example_latest_only.py
[2022-08-30T12:37:48.909+0000] {logging_mixin.py:115} INFO - [2022-08-30T12:37:48.909+0000] {dag.py:2429} INFO - Sync 1 DAGs
[2022-08-30T12:37:48.922+0000] {logging_mixin.py:115} INFO - [2022-08-30T12:37:48.922+0000] {dag.py:2981} INFO - Setting next_dagrun for latest_only to 2022-08-30T08:37:48.922308+00:00, run_after=2022-08-30T12:37:48.922308+00:00
[2022-08-30T12:37:48.929+0000] {processor.py:161} INFO - Processing /home/airflow/.local/lib/python3.7/site-packages/airflow/example_dags/example_latest_only.py took 0.047 seconds
