[2022-08-30T12:27:46.066+0000] {processor.py:153} INFO - Started process (PID=205) to work on /home/airflow/.local/lib/python3.7/site-packages/airflow/example_dags/tutorial_etl_dag.py
[2022-08-30T12:27:46.067+0000] {processor.py:640} INFO - Processing file /home/airflow/.local/lib/python3.7/site-packages/airflow/example_dags/tutorial_etl_dag.py for tasks to queue
[2022-08-30T12:27:46.069+0000] {logging_mixin.py:115} INFO - [2022-08-30T12:27:46.069+0000] {dagbag.py:508} INFO - Filling up the DagBag from /home/airflow/.local/lib/python3.7/site-packages/airflow/example_dags/tutorial_etl_dag.py
[2022-08-30T12:27:46.075+0000] {processor.py:650} INFO - DAG(s) dict_keys(['tutorial_etl_dag']) retrieved from /home/airflow/.local/lib/python3.7/site-packages/airflow/example_dags/tutorial_etl_dag.py
[2022-08-30T12:27:46.135+0000] {logging_mixin.py:115} INFO - [2022-08-30T12:27:46.135+0000] {manager.py:508} INFO - Created Permission View: can read on DAG:tutorial_etl_dag
[2022-08-30T12:27:46.142+0000] {logging_mixin.py:115} INFO - [2022-08-30T12:27:46.142+0000] {manager.py:508} INFO - Created Permission View: can edit on DAG:tutorial_etl_dag
[2022-08-30T12:27:46.147+0000] {logging_mixin.py:115} INFO - [2022-08-30T12:27:46.147+0000] {manager.py:508} INFO - Created Permission View: can delete on DAG:tutorial_etl_dag
[2022-08-30T12:27:46.148+0000] {logging_mixin.py:115} INFO - [2022-08-30T12:27:46.148+0000] {dag.py:2429} INFO - Sync 1 DAGs
[2022-08-30T12:27:46.154+0000] {logging_mixin.py:115} INFO - [2022-08-30T12:27:46.154+0000] {dag.py:2448} INFO - Creating ORM DAG for tutorial_etl_dag
[2022-08-30T12:27:46.161+0000] {logging_mixin.py:115} INFO - [2022-08-30T12:27:46.161+0000] {dag.py:2981} INFO - Setting next_dagrun for tutorial_etl_dag to None, run_after=None
[2022-08-30T12:27:46.170+0000] {processor.py:161} INFO - Processing /home/airflow/.local/lib/python3.7/site-packages/airflow/example_dags/tutorial_etl_dag.py took 0.106 seconds
[2022-08-30T12:28:17.024+0000] {processor.py:153} INFO - Started process (PID=405) to work on /home/airflow/.local/lib/python3.7/site-packages/airflow/example_dags/tutorial_etl_dag.py
[2022-08-30T12:28:17.026+0000] {processor.py:640} INFO - Processing file /home/airflow/.local/lib/python3.7/site-packages/airflow/example_dags/tutorial_etl_dag.py for tasks to queue
[2022-08-30T12:28:17.027+0000] {logging_mixin.py:115} INFO - [2022-08-30T12:28:17.027+0000] {dagbag.py:508} INFO - Filling up the DagBag from /home/airflow/.local/lib/python3.7/site-packages/airflow/example_dags/tutorial_etl_dag.py
[2022-08-30T12:28:17.033+0000] {processor.py:650} INFO - DAG(s) dict_keys(['tutorial_etl_dag']) retrieved from /home/airflow/.local/lib/python3.7/site-packages/airflow/example_dags/tutorial_etl_dag.py
[2022-08-30T12:28:17.049+0000] {logging_mixin.py:115} INFO - [2022-08-30T12:28:17.049+0000] {dag.py:2429} INFO - Sync 1 DAGs
[2022-08-30T12:28:17.065+0000] {logging_mixin.py:115} INFO - [2022-08-30T12:28:17.065+0000] {dag.py:2981} INFO - Setting next_dagrun for tutorial_etl_dag to None, run_after=None
[2022-08-30T12:28:17.074+0000] {processor.py:161} INFO - Processing /home/airflow/.local/lib/python3.7/site-packages/airflow/example_dags/tutorial_etl_dag.py took 0.052 seconds
[2022-08-30T12:29:05.726+0000] {processor.py:153} INFO - Started process (PID=205) to work on /home/airflow/.local/lib/python3.7/site-packages/airflow/example_dags/tutorial_etl_dag.py
[2022-08-30T12:29:05.728+0000] {processor.py:640} INFO - Processing file /home/airflow/.local/lib/python3.7/site-packages/airflow/example_dags/tutorial_etl_dag.py for tasks to queue
[2022-08-30T12:29:05.729+0000] {logging_mixin.py:115} INFO - [2022-08-30T12:29:05.729+0000] {dagbag.py:508} INFO - Filling up the DagBag from /home/airflow/.local/lib/python3.7/site-packages/airflow/example_dags/tutorial_etl_dag.py
[2022-08-30T12:29:05.736+0000] {processor.py:650} INFO - DAG(s) dict_keys(['tutorial_etl_dag']) retrieved from /home/airflow/.local/lib/python3.7/site-packages/airflow/example_dags/tutorial_etl_dag.py
[2022-08-30T12:29:05.758+0000] {logging_mixin.py:115} INFO - [2022-08-30T12:29:05.758+0000] {dag.py:2429} INFO - Sync 1 DAGs
[2022-08-30T12:29:05.793+0000] {logging_mixin.py:115} INFO - [2022-08-30T12:29:05.793+0000] {dag.py:2981} INFO - Setting next_dagrun for tutorial_etl_dag to None, run_after=None
[2022-08-30T12:29:05.806+0000] {processor.py:161} INFO - Processing /home/airflow/.local/lib/python3.7/site-packages/airflow/example_dags/tutorial_etl_dag.py took 0.083 seconds
[2022-08-30T12:29:36.605+0000] {processor.py:153} INFO - Started process (PID=410) to work on /home/airflow/.local/lib/python3.7/site-packages/airflow/example_dags/tutorial_etl_dag.py
[2022-08-30T12:29:36.608+0000] {processor.py:640} INFO - Processing file /home/airflow/.local/lib/python3.7/site-packages/airflow/example_dags/tutorial_etl_dag.py for tasks to queue
[2022-08-30T12:29:36.610+0000] {logging_mixin.py:115} INFO - [2022-08-30T12:29:36.610+0000] {dagbag.py:508} INFO - Filling up the DagBag from /home/airflow/.local/lib/python3.7/site-packages/airflow/example_dags/tutorial_etl_dag.py
[2022-08-30T12:29:36.616+0000] {processor.py:650} INFO - DAG(s) dict_keys(['tutorial_etl_dag']) retrieved from /home/airflow/.local/lib/python3.7/site-packages/airflow/example_dags/tutorial_etl_dag.py
[2022-08-30T12:29:36.637+0000] {logging_mixin.py:115} INFO - [2022-08-30T12:29:36.637+0000] {dag.py:2429} INFO - Sync 1 DAGs
[2022-08-30T12:29:36.650+0000] {logging_mixin.py:115} INFO - [2022-08-30T12:29:36.650+0000] {dag.py:2981} INFO - Setting next_dagrun for tutorial_etl_dag to None, run_after=None
[2022-08-30T12:29:36.658+0000] {processor.py:161} INFO - Processing /home/airflow/.local/lib/python3.7/site-packages/airflow/example_dags/tutorial_etl_dag.py took 0.055 seconds
[2022-08-30T12:30:07.303+0000] {processor.py:153} INFO - Started process (PID=611) to work on /home/airflow/.local/lib/python3.7/site-packages/airflow/example_dags/tutorial_etl_dag.py
[2022-08-30T12:30:07.314+0000] {processor.py:640} INFO - Processing file /home/airflow/.local/lib/python3.7/site-packages/airflow/example_dags/tutorial_etl_dag.py for tasks to queue
[2022-08-30T12:30:07.319+0000] {logging_mixin.py:115} INFO - [2022-08-30T12:30:07.319+0000] {dagbag.py:508} INFO - Filling up the DagBag from /home/airflow/.local/lib/python3.7/site-packages/airflow/example_dags/tutorial_etl_dag.py
[2022-08-30T12:30:07.328+0000] {processor.py:650} INFO - DAG(s) dict_keys(['tutorial_etl_dag']) retrieved from /home/airflow/.local/lib/python3.7/site-packages/airflow/example_dags/tutorial_etl_dag.py
[2022-08-30T12:30:07.354+0000] {logging_mixin.py:115} INFO - [2022-08-30T12:30:07.354+0000] {dag.py:2429} INFO - Sync 1 DAGs
[2022-08-30T12:30:07.374+0000] {logging_mixin.py:115} INFO - [2022-08-30T12:30:07.374+0000] {dag.py:2981} INFO - Setting next_dagrun for tutorial_etl_dag to None, run_after=None
[2022-08-30T12:30:07.427+0000] {processor.py:161} INFO - Processing /home/airflow/.local/lib/python3.7/site-packages/airflow/example_dags/tutorial_etl_dag.py took 0.129 seconds
[2022-08-30T12:30:38.134+0000] {processor.py:153} INFO - Started process (PID=812) to work on /home/airflow/.local/lib/python3.7/site-packages/airflow/example_dags/tutorial_etl_dag.py
[2022-08-30T12:30:38.135+0000] {processor.py:640} INFO - Processing file /home/airflow/.local/lib/python3.7/site-packages/airflow/example_dags/tutorial_etl_dag.py for tasks to queue
[2022-08-30T12:30:38.136+0000] {logging_mixin.py:115} INFO - [2022-08-30T12:30:38.136+0000] {dagbag.py:508} INFO - Filling up the DagBag from /home/airflow/.local/lib/python3.7/site-packages/airflow/example_dags/tutorial_etl_dag.py
[2022-08-30T12:30:38.141+0000] {processor.py:650} INFO - DAG(s) dict_keys(['tutorial_etl_dag']) retrieved from /home/airflow/.local/lib/python3.7/site-packages/airflow/example_dags/tutorial_etl_dag.py
[2022-08-30T12:30:38.161+0000] {logging_mixin.py:115} INFO - [2022-08-30T12:30:38.161+0000] {dag.py:2429} INFO - Sync 1 DAGs
[2022-08-30T12:30:38.176+0000] {logging_mixin.py:115} INFO - [2022-08-30T12:30:38.175+0000] {dag.py:2981} INFO - Setting next_dagrun for tutorial_etl_dag to None, run_after=None
[2022-08-30T12:30:38.184+0000] {processor.py:161} INFO - Processing /home/airflow/.local/lib/python3.7/site-packages/airflow/example_dags/tutorial_etl_dag.py took 0.053 seconds
[2022-08-30T12:31:08.973+0000] {processor.py:153} INFO - Started process (PID=1004) to work on /home/airflow/.local/lib/python3.7/site-packages/airflow/example_dags/tutorial_etl_dag.py
[2022-08-30T12:31:08.974+0000] {processor.py:640} INFO - Processing file /home/airflow/.local/lib/python3.7/site-packages/airflow/example_dags/tutorial_etl_dag.py for tasks to queue
[2022-08-30T12:31:08.975+0000] {logging_mixin.py:115} INFO - [2022-08-30T12:31:08.975+0000] {dagbag.py:508} INFO - Filling up the DagBag from /home/airflow/.local/lib/python3.7/site-packages/airflow/example_dags/tutorial_etl_dag.py
[2022-08-30T12:31:08.979+0000] {processor.py:650} INFO - DAG(s) dict_keys(['tutorial_etl_dag']) retrieved from /home/airflow/.local/lib/python3.7/site-packages/airflow/example_dags/tutorial_etl_dag.py
[2022-08-30T12:31:08.996+0000] {logging_mixin.py:115} INFO - [2022-08-30T12:31:08.995+0000] {dag.py:2429} INFO - Sync 1 DAGs
[2022-08-30T12:31:09.008+0000] {logging_mixin.py:115} INFO - [2022-08-30T12:31:09.008+0000] {dag.py:2981} INFO - Setting next_dagrun for tutorial_etl_dag to None, run_after=None
[2022-08-30T12:31:09.015+0000] {processor.py:161} INFO - Processing /home/airflow/.local/lib/python3.7/site-packages/airflow/example_dags/tutorial_etl_dag.py took 0.045 seconds
[2022-08-30T12:31:39.574+0000] {processor.py:153} INFO - Started process (PID=1205) to work on /home/airflow/.local/lib/python3.7/site-packages/airflow/example_dags/tutorial_etl_dag.py
[2022-08-30T12:31:39.576+0000] {processor.py:640} INFO - Processing file /home/airflow/.local/lib/python3.7/site-packages/airflow/example_dags/tutorial_etl_dag.py for tasks to queue
[2022-08-30T12:31:39.577+0000] {logging_mixin.py:115} INFO - [2022-08-30T12:31:39.577+0000] {dagbag.py:508} INFO - Filling up the DagBag from /home/airflow/.local/lib/python3.7/site-packages/airflow/example_dags/tutorial_etl_dag.py
[2022-08-30T12:31:39.582+0000] {processor.py:650} INFO - DAG(s) dict_keys(['tutorial_etl_dag']) retrieved from /home/airflow/.local/lib/python3.7/site-packages/airflow/example_dags/tutorial_etl_dag.py
[2022-08-30T12:31:39.600+0000] {logging_mixin.py:115} INFO - [2022-08-30T12:31:39.600+0000] {dag.py:2429} INFO - Sync 1 DAGs
[2022-08-30T12:31:39.614+0000] {logging_mixin.py:115} INFO - [2022-08-30T12:31:39.614+0000] {dag.py:2981} INFO - Setting next_dagrun for tutorial_etl_dag to None, run_after=None
[2022-08-30T12:31:39.621+0000] {processor.py:161} INFO - Processing /home/airflow/.local/lib/python3.7/site-packages/airflow/example_dags/tutorial_etl_dag.py took 0.049 seconds
[2022-08-30T12:32:10.188+0000] {processor.py:153} INFO - Started process (PID=1405) to work on /home/airflow/.local/lib/python3.7/site-packages/airflow/example_dags/tutorial_etl_dag.py
[2022-08-30T12:32:10.190+0000] {processor.py:640} INFO - Processing file /home/airflow/.local/lib/python3.7/site-packages/airflow/example_dags/tutorial_etl_dag.py for tasks to queue
[2022-08-30T12:32:10.191+0000] {logging_mixin.py:115} INFO - [2022-08-30T12:32:10.191+0000] {dagbag.py:508} INFO - Filling up the DagBag from /home/airflow/.local/lib/python3.7/site-packages/airflow/example_dags/tutorial_etl_dag.py
[2022-08-30T12:32:10.198+0000] {processor.py:650} INFO - DAG(s) dict_keys(['tutorial_etl_dag']) retrieved from /home/airflow/.local/lib/python3.7/site-packages/airflow/example_dags/tutorial_etl_dag.py
[2022-08-30T12:32:10.217+0000] {logging_mixin.py:115} INFO - [2022-08-30T12:32:10.217+0000] {dag.py:2429} INFO - Sync 1 DAGs
[2022-08-30T12:32:10.230+0000] {logging_mixin.py:115} INFO - [2022-08-30T12:32:10.230+0000] {dag.py:2981} INFO - Setting next_dagrun for tutorial_etl_dag to None, run_after=None
[2022-08-30T12:32:10.238+0000] {processor.py:161} INFO - Processing /home/airflow/.local/lib/python3.7/site-packages/airflow/example_dags/tutorial_etl_dag.py took 0.052 seconds
[2022-08-30T12:32:40.986+0000] {processor.py:153} INFO - Started process (PID=1608) to work on /home/airflow/.local/lib/python3.7/site-packages/airflow/example_dags/tutorial_etl_dag.py
[2022-08-30T12:32:40.989+0000] {processor.py:640} INFO - Processing file /home/airflow/.local/lib/python3.7/site-packages/airflow/example_dags/tutorial_etl_dag.py for tasks to queue
[2022-08-30T12:32:40.990+0000] {logging_mixin.py:115} INFO - [2022-08-30T12:32:40.990+0000] {dagbag.py:508} INFO - Filling up the DagBag from /home/airflow/.local/lib/python3.7/site-packages/airflow/example_dags/tutorial_etl_dag.py
[2022-08-30T12:32:40.996+0000] {processor.py:650} INFO - DAG(s) dict_keys(['tutorial_etl_dag']) retrieved from /home/airflow/.local/lib/python3.7/site-packages/airflow/example_dags/tutorial_etl_dag.py
[2022-08-30T12:32:41.027+0000] {logging_mixin.py:115} INFO - [2022-08-30T12:32:41.027+0000] {dag.py:2429} INFO - Sync 1 DAGs
[2022-08-30T12:32:41.055+0000] {logging_mixin.py:115} INFO - [2022-08-30T12:32:41.055+0000] {dag.py:2981} INFO - Setting next_dagrun for tutorial_etl_dag to None, run_after=None
[2022-08-30T12:32:41.066+0000] {processor.py:161} INFO - Processing /home/airflow/.local/lib/python3.7/site-packages/airflow/example_dags/tutorial_etl_dag.py took 0.082 seconds
[2022-08-30T12:33:11.902+0000] {processor.py:153} INFO - Started process (PID=1811) to work on /home/airflow/.local/lib/python3.7/site-packages/airflow/example_dags/tutorial_etl_dag.py
[2022-08-30T12:33:11.904+0000] {processor.py:640} INFO - Processing file /home/airflow/.local/lib/python3.7/site-packages/airflow/example_dags/tutorial_etl_dag.py for tasks to queue
[2022-08-30T12:33:11.904+0000] {logging_mixin.py:115} INFO - [2022-08-30T12:33:11.904+0000] {dagbag.py:508} INFO - Filling up the DagBag from /home/airflow/.local/lib/python3.7/site-packages/airflow/example_dags/tutorial_etl_dag.py
[2022-08-30T12:33:11.909+0000] {processor.py:650} INFO - DAG(s) dict_keys(['tutorial_etl_dag']) retrieved from /home/airflow/.local/lib/python3.7/site-packages/airflow/example_dags/tutorial_etl_dag.py
[2022-08-30T12:33:11.927+0000] {logging_mixin.py:115} INFO - [2022-08-30T12:33:11.927+0000] {dag.py:2429} INFO - Sync 1 DAGs
[2022-08-30T12:33:11.939+0000] {logging_mixin.py:115} INFO - [2022-08-30T12:33:11.939+0000] {dag.py:2981} INFO - Setting next_dagrun for tutorial_etl_dag to None, run_after=None
[2022-08-30T12:33:11.947+0000] {processor.py:161} INFO - Processing /home/airflow/.local/lib/python3.7/site-packages/airflow/example_dags/tutorial_etl_dag.py took 0.047 seconds
[2022-08-30T12:33:42.582+0000] {processor.py:153} INFO - Started process (PID=2011) to work on /home/airflow/.local/lib/python3.7/site-packages/airflow/example_dags/tutorial_etl_dag.py
[2022-08-30T12:33:42.584+0000] {processor.py:640} INFO - Processing file /home/airflow/.local/lib/python3.7/site-packages/airflow/example_dags/tutorial_etl_dag.py for tasks to queue
[2022-08-30T12:33:42.591+0000] {logging_mixin.py:115} INFO - [2022-08-30T12:33:42.590+0000] {dagbag.py:508} INFO - Filling up the DagBag from /home/airflow/.local/lib/python3.7/site-packages/airflow/example_dags/tutorial_etl_dag.py
[2022-08-30T12:33:42.598+0000] {processor.py:650} INFO - DAG(s) dict_keys(['tutorial_etl_dag']) retrieved from /home/airflow/.local/lib/python3.7/site-packages/airflow/example_dags/tutorial_etl_dag.py
[2022-08-30T12:33:42.620+0000] {logging_mixin.py:115} INFO - [2022-08-30T12:33:42.620+0000] {dag.py:2429} INFO - Sync 1 DAGs
[2022-08-30T12:33:42.634+0000] {logging_mixin.py:115} INFO - [2022-08-30T12:33:42.634+0000] {dag.py:2981} INFO - Setting next_dagrun for tutorial_etl_dag to None, run_after=None
[2022-08-30T12:33:42.643+0000] {processor.py:161} INFO - Processing /home/airflow/.local/lib/python3.7/site-packages/airflow/example_dags/tutorial_etl_dag.py took 0.064 seconds
[2022-08-30T12:34:13.231+0000] {processor.py:153} INFO - Started process (PID=2211) to work on /home/airflow/.local/lib/python3.7/site-packages/airflow/example_dags/tutorial_etl_dag.py
[2022-08-30T12:34:13.232+0000] {processor.py:640} INFO - Processing file /home/airflow/.local/lib/python3.7/site-packages/airflow/example_dags/tutorial_etl_dag.py for tasks to queue
[2022-08-30T12:34:13.234+0000] {logging_mixin.py:115} INFO - [2022-08-30T12:34:13.234+0000] {dagbag.py:508} INFO - Filling up the DagBag from /home/airflow/.local/lib/python3.7/site-packages/airflow/example_dags/tutorial_etl_dag.py
[2022-08-30T12:34:13.238+0000] {processor.py:650} INFO - DAG(s) dict_keys(['tutorial_etl_dag']) retrieved from /home/airflow/.local/lib/python3.7/site-packages/airflow/example_dags/tutorial_etl_dag.py
[2022-08-30T12:34:13.256+0000] {logging_mixin.py:115} INFO - [2022-08-30T12:34:13.256+0000] {dag.py:2429} INFO - Sync 1 DAGs
[2022-08-30T12:34:13.270+0000] {logging_mixin.py:115} INFO - [2022-08-30T12:34:13.270+0000] {dag.py:2981} INFO - Setting next_dagrun for tutorial_etl_dag to None, run_after=None
[2022-08-30T12:34:13.281+0000] {processor.py:161} INFO - Processing /home/airflow/.local/lib/python3.7/site-packages/airflow/example_dags/tutorial_etl_dag.py took 0.052 seconds
[2022-08-30T12:34:44.123+0000] {processor.py:153} INFO - Started process (PID=2403) to work on /home/airflow/.local/lib/python3.7/site-packages/airflow/example_dags/tutorial_etl_dag.py
[2022-08-30T12:34:44.124+0000] {processor.py:640} INFO - Processing file /home/airflow/.local/lib/python3.7/site-packages/airflow/example_dags/tutorial_etl_dag.py for tasks to queue
[2022-08-30T12:34:44.125+0000] {logging_mixin.py:115} INFO - [2022-08-30T12:34:44.125+0000] {dagbag.py:508} INFO - Filling up the DagBag from /home/airflow/.local/lib/python3.7/site-packages/airflow/example_dags/tutorial_etl_dag.py
[2022-08-30T12:34:44.130+0000] {processor.py:650} INFO - DAG(s) dict_keys(['tutorial_etl_dag']) retrieved from /home/airflow/.local/lib/python3.7/site-packages/airflow/example_dags/tutorial_etl_dag.py
[2022-08-30T12:34:44.149+0000] {logging_mixin.py:115} INFO - [2022-08-30T12:34:44.149+0000] {dag.py:2429} INFO - Sync 1 DAGs
[2022-08-30T12:34:44.162+0000] {logging_mixin.py:115} INFO - [2022-08-30T12:34:44.162+0000] {dag.py:2981} INFO - Setting next_dagrun for tutorial_etl_dag to None, run_after=None
[2022-08-30T12:34:44.171+0000] {processor.py:161} INFO - Processing /home/airflow/.local/lib/python3.7/site-packages/airflow/example_dags/tutorial_etl_dag.py took 0.049 seconds
[2022-08-30T12:35:14.892+0000] {processor.py:153} INFO - Started process (PID=2604) to work on /home/airflow/.local/lib/python3.7/site-packages/airflow/example_dags/tutorial_etl_dag.py
[2022-08-30T12:35:14.893+0000] {processor.py:640} INFO - Processing file /home/airflow/.local/lib/python3.7/site-packages/airflow/example_dags/tutorial_etl_dag.py for tasks to queue
[2022-08-30T12:35:14.894+0000] {logging_mixin.py:115} INFO - [2022-08-30T12:35:14.894+0000] {dagbag.py:508} INFO - Filling up the DagBag from /home/airflow/.local/lib/python3.7/site-packages/airflow/example_dags/tutorial_etl_dag.py
[2022-08-30T12:35:14.901+0000] {processor.py:650} INFO - DAG(s) dict_keys(['tutorial_etl_dag']) retrieved from /home/airflow/.local/lib/python3.7/site-packages/airflow/example_dags/tutorial_etl_dag.py
[2022-08-30T12:35:14.919+0000] {logging_mixin.py:115} INFO - [2022-08-30T12:35:14.919+0000] {dag.py:2429} INFO - Sync 1 DAGs
[2022-08-30T12:35:14.932+0000] {logging_mixin.py:115} INFO - [2022-08-30T12:35:14.932+0000] {dag.py:2981} INFO - Setting next_dagrun for tutorial_etl_dag to None, run_after=None
[2022-08-30T12:35:14.940+0000] {processor.py:161} INFO - Processing /home/airflow/.local/lib/python3.7/site-packages/airflow/example_dags/tutorial_etl_dag.py took 0.051 seconds
[2022-08-30T12:35:45.650+0000] {processor.py:153} INFO - Started process (PID=2807) to work on /home/airflow/.local/lib/python3.7/site-packages/airflow/example_dags/tutorial_etl_dag.py
[2022-08-30T12:35:45.651+0000] {processor.py:640} INFO - Processing file /home/airflow/.local/lib/python3.7/site-packages/airflow/example_dags/tutorial_etl_dag.py for tasks to queue
[2022-08-30T12:35:45.652+0000] {logging_mixin.py:115} INFO - [2022-08-30T12:35:45.652+0000] {dagbag.py:508} INFO - Filling up the DagBag from /home/airflow/.local/lib/python3.7/site-packages/airflow/example_dags/tutorial_etl_dag.py
[2022-08-30T12:35:45.659+0000] {processor.py:650} INFO - DAG(s) dict_keys(['tutorial_etl_dag']) retrieved from /home/airflow/.local/lib/python3.7/site-packages/airflow/example_dags/tutorial_etl_dag.py
[2022-08-30T12:35:45.678+0000] {logging_mixin.py:115} INFO - [2022-08-30T12:35:45.678+0000] {dag.py:2429} INFO - Sync 1 DAGs
[2022-08-30T12:35:45.692+0000] {logging_mixin.py:115} INFO - [2022-08-30T12:35:45.692+0000] {dag.py:2981} INFO - Setting next_dagrun for tutorial_etl_dag to None, run_after=None
[2022-08-30T12:35:45.701+0000] {processor.py:161} INFO - Processing /home/airflow/.local/lib/python3.7/site-packages/airflow/example_dags/tutorial_etl_dag.py took 0.054 seconds
[2022-08-30T12:36:16.550+0000] {processor.py:153} INFO - Started process (PID=3007) to work on /home/airflow/.local/lib/python3.7/site-packages/airflow/example_dags/tutorial_etl_dag.py
[2022-08-30T12:36:16.551+0000] {processor.py:640} INFO - Processing file /home/airflow/.local/lib/python3.7/site-packages/airflow/example_dags/tutorial_etl_dag.py for tasks to queue
[2022-08-30T12:36:16.552+0000] {logging_mixin.py:115} INFO - [2022-08-30T12:36:16.552+0000] {dagbag.py:508} INFO - Filling up the DagBag from /home/airflow/.local/lib/python3.7/site-packages/airflow/example_dags/tutorial_etl_dag.py
[2022-08-30T12:36:16.557+0000] {processor.py:650} INFO - DAG(s) dict_keys(['tutorial_etl_dag']) retrieved from /home/airflow/.local/lib/python3.7/site-packages/airflow/example_dags/tutorial_etl_dag.py
[2022-08-30T12:36:16.578+0000] {logging_mixin.py:115} INFO - [2022-08-30T12:36:16.578+0000] {dag.py:2429} INFO - Sync 1 DAGs
[2022-08-30T12:36:16.591+0000] {logging_mixin.py:115} INFO - [2022-08-30T12:36:16.591+0000] {dag.py:2981} INFO - Setting next_dagrun for tutorial_etl_dag to None, run_after=None
[2022-08-30T12:36:16.598+0000] {processor.py:161} INFO - Processing /home/airflow/.local/lib/python3.7/site-packages/airflow/example_dags/tutorial_etl_dag.py took 0.050 seconds
[2022-08-30T12:36:47.435+0000] {processor.py:153} INFO - Started process (PID=3204) to work on /home/airflow/.local/lib/python3.7/site-packages/airflow/example_dags/tutorial_etl_dag.py
[2022-08-30T12:36:47.436+0000] {processor.py:640} INFO - Processing file /home/airflow/.local/lib/python3.7/site-packages/airflow/example_dags/tutorial_etl_dag.py for tasks to queue
[2022-08-30T12:36:47.437+0000] {logging_mixin.py:115} INFO - [2022-08-30T12:36:47.437+0000] {dagbag.py:508} INFO - Filling up the DagBag from /home/airflow/.local/lib/python3.7/site-packages/airflow/example_dags/tutorial_etl_dag.py
[2022-08-30T12:36:47.441+0000] {processor.py:650} INFO - DAG(s) dict_keys(['tutorial_etl_dag']) retrieved from /home/airflow/.local/lib/python3.7/site-packages/airflow/example_dags/tutorial_etl_dag.py
[2022-08-30T12:36:47.460+0000] {logging_mixin.py:115} INFO - [2022-08-30T12:36:47.460+0000] {dag.py:2429} INFO - Sync 1 DAGs
[2022-08-30T12:36:47.473+0000] {logging_mixin.py:115} INFO - [2022-08-30T12:36:47.473+0000] {dag.py:2981} INFO - Setting next_dagrun for tutorial_etl_dag to None, run_after=None
[2022-08-30T12:36:47.481+0000] {processor.py:161} INFO - Processing /home/airflow/.local/lib/python3.7/site-packages/airflow/example_dags/tutorial_etl_dag.py took 0.048 seconds
[2022-08-30T12:37:18.091+0000] {processor.py:153} INFO - Started process (PID=3406) to work on /home/airflow/.local/lib/python3.7/site-packages/airflow/example_dags/tutorial_etl_dag.py
[2022-08-30T12:37:18.093+0000] {processor.py:640} INFO - Processing file /home/airflow/.local/lib/python3.7/site-packages/airflow/example_dags/tutorial_etl_dag.py for tasks to queue
[2022-08-30T12:37:18.094+0000] {logging_mixin.py:115} INFO - [2022-08-30T12:37:18.094+0000] {dagbag.py:508} INFO - Filling up the DagBag from /home/airflow/.local/lib/python3.7/site-packages/airflow/example_dags/tutorial_etl_dag.py
[2022-08-30T12:37:18.099+0000] {processor.py:650} INFO - DAG(s) dict_keys(['tutorial_etl_dag']) retrieved from /home/airflow/.local/lib/python3.7/site-packages/airflow/example_dags/tutorial_etl_dag.py
[2022-08-30T12:37:18.117+0000] {logging_mixin.py:115} INFO - [2022-08-30T12:37:18.117+0000] {dag.py:2429} INFO - Sync 1 DAGs
[2022-08-30T12:37:18.131+0000] {logging_mixin.py:115} INFO - [2022-08-30T12:37:18.131+0000] {dag.py:2981} INFO - Setting next_dagrun for tutorial_etl_dag to None, run_after=None
[2022-08-30T12:37:18.138+0000] {processor.py:161} INFO - Processing /home/airflow/.local/lib/python3.7/site-packages/airflow/example_dags/tutorial_etl_dag.py took 0.049 seconds
[2022-08-30T12:37:48.953+0000] {processor.py:153} INFO - Started process (PID=3607) to work on /home/airflow/.local/lib/python3.7/site-packages/airflow/example_dags/tutorial_etl_dag.py
[2022-08-30T12:37:48.954+0000] {processor.py:640} INFO - Processing file /home/airflow/.local/lib/python3.7/site-packages/airflow/example_dags/tutorial_etl_dag.py for tasks to queue
[2022-08-30T12:37:48.955+0000] {logging_mixin.py:115} INFO - [2022-08-30T12:37:48.955+0000] {dagbag.py:508} INFO - Filling up the DagBag from /home/airflow/.local/lib/python3.7/site-packages/airflow/example_dags/tutorial_etl_dag.py
[2022-08-30T12:37:48.960+0000] {processor.py:650} INFO - DAG(s) dict_keys(['tutorial_etl_dag']) retrieved from /home/airflow/.local/lib/python3.7/site-packages/airflow/example_dags/tutorial_etl_dag.py
[2022-08-30T12:37:48.979+0000] {logging_mixin.py:115} INFO - [2022-08-30T12:37:48.979+0000] {dag.py:2429} INFO - Sync 1 DAGs
[2022-08-30T12:37:48.992+0000] {logging_mixin.py:115} INFO - [2022-08-30T12:37:48.992+0000] {dag.py:2981} INFO - Setting next_dagrun for tutorial_etl_dag to None, run_after=None
[2022-08-30T12:37:48.999+0000] {processor.py:161} INFO - Processing /home/airflow/.local/lib/python3.7/site-packages/airflow/example_dags/tutorial_etl_dag.py took 0.048 seconds
