[2022-08-30T12:27:45.671+0000] {processor.py:153} INFO - Started process (PID=177) to work on /home/airflow/.local/lib/python3.7/site-packages/airflow/example_dags/example_branch_labels.py
[2022-08-30T12:27:45.672+0000] {processor.py:640} INFO - Processing file /home/airflow/.local/lib/python3.7/site-packages/airflow/example_dags/example_branch_labels.py for tasks to queue
[2022-08-30T12:27:45.673+0000] {logging_mixin.py:115} INFO - [2022-08-30T12:27:45.673+0000] {dagbag.py:508} INFO - Filling up the DagBag from /home/airflow/.local/lib/python3.7/site-packages/airflow/example_dags/example_branch_labels.py
[2022-08-30T12:27:45.678+0000] {processor.py:650} INFO - DAG(s) dict_keys(['example_branch_labels']) retrieved from /home/airflow/.local/lib/python3.7/site-packages/airflow/example_dags/example_branch_labels.py
[2022-08-30T12:27:45.728+0000] {logging_mixin.py:115} INFO - [2022-08-30T12:27:45.728+0000] {manager.py:508} INFO - Created Permission View: can read on DAG:example_branch_labels
[2022-08-30T12:27:45.736+0000] {logging_mixin.py:115} INFO - [2022-08-30T12:27:45.736+0000] {manager.py:508} INFO - Created Permission View: can edit on DAG:example_branch_labels
[2022-08-30T12:27:45.741+0000] {logging_mixin.py:115} INFO - [2022-08-30T12:27:45.741+0000] {manager.py:508} INFO - Created Permission View: can delete on DAG:example_branch_labels
[2022-08-30T12:27:45.742+0000] {logging_mixin.py:115} INFO - [2022-08-30T12:27:45.742+0000] {dag.py:2429} INFO - Sync 1 DAGs
[2022-08-30T12:27:45.749+0000] {logging_mixin.py:115} INFO - [2022-08-30T12:27:45.749+0000] {dag.py:2448} INFO - Creating ORM DAG for example_branch_labels
[2022-08-30T12:27:45.757+0000] {logging_mixin.py:115} INFO - [2022-08-30T12:27:45.757+0000] {dag.py:2981} INFO - Setting next_dagrun for example_branch_labels to 2022-08-29T00:00:00+00:00, run_after=2022-08-30T00:00:00+00:00
[2022-08-30T12:27:45.765+0000] {processor.py:161} INFO - Processing /home/airflow/.local/lib/python3.7/site-packages/airflow/example_dags/example_branch_labels.py took 0.096 seconds
[2022-08-30T12:28:16.801+0000] {processor.py:153} INFO - Started process (PID=377) to work on /home/airflow/.local/lib/python3.7/site-packages/airflow/example_dags/example_branch_labels.py
[2022-08-30T12:28:16.803+0000] {processor.py:640} INFO - Processing file /home/airflow/.local/lib/python3.7/site-packages/airflow/example_dags/example_branch_labels.py for tasks to queue
[2022-08-30T12:28:16.804+0000] {logging_mixin.py:115} INFO - [2022-08-30T12:28:16.804+0000] {dagbag.py:508} INFO - Filling up the DagBag from /home/airflow/.local/lib/python3.7/site-packages/airflow/example_dags/example_branch_labels.py
[2022-08-30T12:28:16.809+0000] {processor.py:650} INFO - DAG(s) dict_keys(['example_branch_labels']) retrieved from /home/airflow/.local/lib/python3.7/site-packages/airflow/example_dags/example_branch_labels.py
[2022-08-30T12:28:16.827+0000] {logging_mixin.py:115} INFO - [2022-08-30T12:28:16.827+0000] {dag.py:2429} INFO - Sync 1 DAGs
[2022-08-30T12:28:16.844+0000] {logging_mixin.py:115} INFO - [2022-08-30T12:28:16.844+0000] {dag.py:2981} INFO - Setting next_dagrun for example_branch_labels to 2022-08-29T00:00:00+00:00, run_after=2022-08-30T00:00:00+00:00
[2022-08-30T12:28:16.851+0000] {processor.py:161} INFO - Processing /home/airflow/.local/lib/python3.7/site-packages/airflow/example_dags/example_branch_labels.py took 0.052 seconds
[2022-08-30T12:29:05.252+0000] {processor.py:153} INFO - Started process (PID=176) to work on /home/airflow/.local/lib/python3.7/site-packages/airflow/example_dags/example_branch_labels.py
[2022-08-30T12:29:05.253+0000] {processor.py:640} INFO - Processing file /home/airflow/.local/lib/python3.7/site-packages/airflow/example_dags/example_branch_labels.py for tasks to queue
[2022-08-30T12:29:05.255+0000] {logging_mixin.py:115} INFO - [2022-08-30T12:29:05.255+0000] {dagbag.py:508} INFO - Filling up the DagBag from /home/airflow/.local/lib/python3.7/site-packages/airflow/example_dags/example_branch_labels.py
[2022-08-30T12:29:05.264+0000] {processor.py:650} INFO - DAG(s) dict_keys(['example_branch_labels']) retrieved from /home/airflow/.local/lib/python3.7/site-packages/airflow/example_dags/example_branch_labels.py
[2022-08-30T12:29:05.291+0000] {logging_mixin.py:115} INFO - [2022-08-30T12:29:05.291+0000] {dag.py:2429} INFO - Sync 1 DAGs
[2022-08-30T12:29:05.327+0000] {logging_mixin.py:115} INFO - [2022-08-30T12:29:05.326+0000] {dag.py:2981} INFO - Setting next_dagrun for example_branch_labels to 2022-08-29T00:00:00+00:00, run_after=2022-08-30T00:00:00+00:00
[2022-08-30T12:29:05.340+0000] {processor.py:161} INFO - Processing /home/airflow/.local/lib/python3.7/site-packages/airflow/example_dags/example_branch_labels.py took 0.090 seconds
[2022-08-30T12:29:35.384+0000] {processor.py:153} INFO - Started process (PID=385) to work on /home/airflow/.local/lib/python3.7/site-packages/airflow/example_dags/example_branch_labels.py
[2022-08-30T12:29:35.385+0000] {processor.py:640} INFO - Processing file /home/airflow/.local/lib/python3.7/site-packages/airflow/example_dags/example_branch_labels.py for tasks to queue
[2022-08-30T12:29:35.386+0000] {logging_mixin.py:115} INFO - [2022-08-30T12:29:35.386+0000] {dagbag.py:508} INFO - Filling up the DagBag from /home/airflow/.local/lib/python3.7/site-packages/airflow/example_dags/example_branch_labels.py
[2022-08-30T12:29:35.392+0000] {processor.py:650} INFO - DAG(s) dict_keys(['example_branch_labels']) retrieved from /home/airflow/.local/lib/python3.7/site-packages/airflow/example_dags/example_branch_labels.py
[2022-08-30T12:29:35.417+0000] {logging_mixin.py:115} INFO - [2022-08-30T12:29:35.417+0000] {dag.py:2429} INFO - Sync 1 DAGs
[2022-08-30T12:29:35.432+0000] {logging_mixin.py:115} INFO - [2022-08-30T12:29:35.432+0000] {dag.py:2981} INFO - Setting next_dagrun for example_branch_labels to 2022-08-29T00:00:00+00:00, run_after=2022-08-30T00:00:00+00:00
[2022-08-30T12:29:35.439+0000] {processor.py:161} INFO - Processing /home/airflow/.local/lib/python3.7/site-packages/airflow/example_dags/example_branch_labels.py took 0.057 seconds
[2022-08-30T12:30:06.025+0000] {processor.py:153} INFO - Started process (PID=581) to work on /home/airflow/.local/lib/python3.7/site-packages/airflow/example_dags/example_branch_labels.py
[2022-08-30T12:30:06.027+0000] {processor.py:640} INFO - Processing file /home/airflow/.local/lib/python3.7/site-packages/airflow/example_dags/example_branch_labels.py for tasks to queue
[2022-08-30T12:30:06.028+0000] {logging_mixin.py:115} INFO - [2022-08-30T12:30:06.027+0000] {dagbag.py:508} INFO - Filling up the DagBag from /home/airflow/.local/lib/python3.7/site-packages/airflow/example_dags/example_branch_labels.py
[2022-08-30T12:30:06.032+0000] {processor.py:650} INFO - DAG(s) dict_keys(['example_branch_labels']) retrieved from /home/airflow/.local/lib/python3.7/site-packages/airflow/example_dags/example_branch_labels.py
[2022-08-30T12:30:06.058+0000] {logging_mixin.py:115} INFO - [2022-08-30T12:30:06.058+0000] {dag.py:2429} INFO - Sync 1 DAGs
[2022-08-30T12:30:06.072+0000] {logging_mixin.py:115} INFO - [2022-08-30T12:30:06.072+0000] {dag.py:2981} INFO - Setting next_dagrun for example_branch_labels to 2022-08-29T00:00:00+00:00, run_after=2022-08-30T00:00:00+00:00
[2022-08-30T12:30:06.080+0000] {processor.py:161} INFO - Processing /home/airflow/.local/lib/python3.7/site-packages/airflow/example_dags/example_branch_labels.py took 0.056 seconds
[2022-08-30T12:30:36.903+0000] {processor.py:153} INFO - Started process (PID=773) to work on /home/airflow/.local/lib/python3.7/site-packages/airflow/example_dags/example_branch_labels.py
[2022-08-30T12:30:36.904+0000] {processor.py:640} INFO - Processing file /home/airflow/.local/lib/python3.7/site-packages/airflow/example_dags/example_branch_labels.py for tasks to queue
[2022-08-30T12:30:36.905+0000] {logging_mixin.py:115} INFO - [2022-08-30T12:30:36.904+0000] {dagbag.py:508} INFO - Filling up the DagBag from /home/airflow/.local/lib/python3.7/site-packages/airflow/example_dags/example_branch_labels.py
[2022-08-30T12:30:36.908+0000] {processor.py:650} INFO - DAG(s) dict_keys(['example_branch_labels']) retrieved from /home/airflow/.local/lib/python3.7/site-packages/airflow/example_dags/example_branch_labels.py
[2022-08-30T12:30:36.927+0000] {logging_mixin.py:115} INFO - [2022-08-30T12:30:36.927+0000] {dag.py:2429} INFO - Sync 1 DAGs
[2022-08-30T12:30:36.939+0000] {logging_mixin.py:115} INFO - [2022-08-30T12:30:36.939+0000] {dag.py:2981} INFO - Setting next_dagrun for example_branch_labels to 2022-08-29T00:00:00+00:00, run_after=2022-08-30T00:00:00+00:00
[2022-08-30T12:30:36.945+0000] {processor.py:161} INFO - Processing /home/airflow/.local/lib/python3.7/site-packages/airflow/example_dags/example_branch_labels.py took 0.044 seconds
[2022-08-30T12:31:07.707+0000] {processor.py:153} INFO - Started process (PID=976) to work on /home/airflow/.local/lib/python3.7/site-packages/airflow/example_dags/example_branch_labels.py
[2022-08-30T12:31:07.710+0000] {processor.py:640} INFO - Processing file /home/airflow/.local/lib/python3.7/site-packages/airflow/example_dags/example_branch_labels.py for tasks to queue
[2022-08-30T12:31:07.711+0000] {logging_mixin.py:115} INFO - [2022-08-30T12:31:07.711+0000] {dagbag.py:508} INFO - Filling up the DagBag from /home/airflow/.local/lib/python3.7/site-packages/airflow/example_dags/example_branch_labels.py
[2022-08-30T12:31:07.716+0000] {processor.py:650} INFO - DAG(s) dict_keys(['example_branch_labels']) retrieved from /home/airflow/.local/lib/python3.7/site-packages/airflow/example_dags/example_branch_labels.py
[2022-08-30T12:31:07.737+0000] {logging_mixin.py:115} INFO - [2022-08-30T12:31:07.737+0000] {dag.py:2429} INFO - Sync 1 DAGs
[2022-08-30T12:31:07.751+0000] {logging_mixin.py:115} INFO - [2022-08-30T12:31:07.751+0000] {dag.py:2981} INFO - Setting next_dagrun for example_branch_labels to 2022-08-29T00:00:00+00:00, run_after=2022-08-30T00:00:00+00:00
[2022-08-30T12:31:07.759+0000] {processor.py:161} INFO - Processing /home/airflow/.local/lib/python3.7/site-packages/airflow/example_dags/example_branch_labels.py took 0.054 seconds
[2022-08-30T12:31:38.414+0000] {processor.py:153} INFO - Started process (PID=1177) to work on /home/airflow/.local/lib/python3.7/site-packages/airflow/example_dags/example_branch_labels.py
[2022-08-30T12:31:38.416+0000] {processor.py:640} INFO - Processing file /home/airflow/.local/lib/python3.7/site-packages/airflow/example_dags/example_branch_labels.py for tasks to queue
[2022-08-30T12:31:38.417+0000] {logging_mixin.py:115} INFO - [2022-08-30T12:31:38.417+0000] {dagbag.py:508} INFO - Filling up the DagBag from /home/airflow/.local/lib/python3.7/site-packages/airflow/example_dags/example_branch_labels.py
[2022-08-30T12:31:38.421+0000] {processor.py:650} INFO - DAG(s) dict_keys(['example_branch_labels']) retrieved from /home/airflow/.local/lib/python3.7/site-packages/airflow/example_dags/example_branch_labels.py
[2022-08-30T12:31:38.440+0000] {logging_mixin.py:115} INFO - [2022-08-30T12:31:38.440+0000] {dag.py:2429} INFO - Sync 1 DAGs
[2022-08-30T12:31:38.453+0000] {logging_mixin.py:115} INFO - [2022-08-30T12:31:38.453+0000] {dag.py:2981} INFO - Setting next_dagrun for example_branch_labels to 2022-08-29T00:00:00+00:00, run_after=2022-08-30T00:00:00+00:00
[2022-08-30T12:31:38.460+0000] {processor.py:161} INFO - Processing /home/airflow/.local/lib/python3.7/site-packages/airflow/example_dags/example_branch_labels.py took 0.048 seconds
[2022-08-30T12:32:08.984+0000] {processor.py:153} INFO - Started process (PID=1377) to work on /home/airflow/.local/lib/python3.7/site-packages/airflow/example_dags/example_branch_labels.py
[2022-08-30T12:32:08.985+0000] {processor.py:640} INFO - Processing file /home/airflow/.local/lib/python3.7/site-packages/airflow/example_dags/example_branch_labels.py for tasks to queue
[2022-08-30T12:32:08.986+0000] {logging_mixin.py:115} INFO - [2022-08-30T12:32:08.986+0000] {dagbag.py:508} INFO - Filling up the DagBag from /home/airflow/.local/lib/python3.7/site-packages/airflow/example_dags/example_branch_labels.py
[2022-08-30T12:32:08.991+0000] {processor.py:650} INFO - DAG(s) dict_keys(['example_branch_labels']) retrieved from /home/airflow/.local/lib/python3.7/site-packages/airflow/example_dags/example_branch_labels.py
[2022-08-30T12:32:09.010+0000] {logging_mixin.py:115} INFO - [2022-08-30T12:32:09.010+0000] {dag.py:2429} INFO - Sync 1 DAGs
[2022-08-30T12:32:09.023+0000] {logging_mixin.py:115} INFO - [2022-08-30T12:32:09.023+0000] {dag.py:2981} INFO - Setting next_dagrun for example_branch_labels to 2022-08-29T00:00:00+00:00, run_after=2022-08-30T00:00:00+00:00
[2022-08-30T12:32:09.030+0000] {processor.py:161} INFO - Processing /home/airflow/.local/lib/python3.7/site-packages/airflow/example_dags/example_branch_labels.py took 0.048 seconds
[2022-08-30T12:32:39.763+0000] {processor.py:153} INFO - Started process (PID=1580) to work on /home/airflow/.local/lib/python3.7/site-packages/airflow/example_dags/example_branch_labels.py
[2022-08-30T12:32:39.764+0000] {processor.py:640} INFO - Processing file /home/airflow/.local/lib/python3.7/site-packages/airflow/example_dags/example_branch_labels.py for tasks to queue
[2022-08-30T12:32:39.765+0000] {logging_mixin.py:115} INFO - [2022-08-30T12:32:39.765+0000] {dagbag.py:508} INFO - Filling up the DagBag from /home/airflow/.local/lib/python3.7/site-packages/airflow/example_dags/example_branch_labels.py
[2022-08-30T12:32:39.770+0000] {processor.py:650} INFO - DAG(s) dict_keys(['example_branch_labels']) retrieved from /home/airflow/.local/lib/python3.7/site-packages/airflow/example_dags/example_branch_labels.py
[2022-08-30T12:32:39.789+0000] {logging_mixin.py:115} INFO - [2022-08-30T12:32:39.789+0000] {dag.py:2429} INFO - Sync 1 DAGs
[2022-08-30T12:32:39.802+0000] {logging_mixin.py:115} INFO - [2022-08-30T12:32:39.802+0000] {dag.py:2981} INFO - Setting next_dagrun for example_branch_labels to 2022-08-29T00:00:00+00:00, run_after=2022-08-30T00:00:00+00:00
[2022-08-30T12:32:39.810+0000] {processor.py:161} INFO - Processing /home/airflow/.local/lib/python3.7/site-packages/airflow/example_dags/example_branch_labels.py took 0.049 seconds
[2022-08-30T12:33:10.722+0000] {processor.py:153} INFO - Started process (PID=1783) to work on /home/airflow/.local/lib/python3.7/site-packages/airflow/example_dags/example_branch_labels.py
[2022-08-30T12:33:10.724+0000] {processor.py:640} INFO - Processing file /home/airflow/.local/lib/python3.7/site-packages/airflow/example_dags/example_branch_labels.py for tasks to queue
[2022-08-30T12:33:10.725+0000] {logging_mixin.py:115} INFO - [2022-08-30T12:33:10.725+0000] {dagbag.py:508} INFO - Filling up the DagBag from /home/airflow/.local/lib/python3.7/site-packages/airflow/example_dags/example_branch_labels.py
[2022-08-30T12:33:10.729+0000] {processor.py:650} INFO - DAG(s) dict_keys(['example_branch_labels']) retrieved from /home/airflow/.local/lib/python3.7/site-packages/airflow/example_dags/example_branch_labels.py
[2022-08-30T12:33:10.745+0000] {logging_mixin.py:115} INFO - [2022-08-30T12:33:10.745+0000] {dag.py:2429} INFO - Sync 1 DAGs
[2022-08-30T12:33:10.759+0000] {logging_mixin.py:115} INFO - [2022-08-30T12:33:10.759+0000] {dag.py:2981} INFO - Setting next_dagrun for example_branch_labels to 2022-08-29T00:00:00+00:00, run_after=2022-08-30T00:00:00+00:00
[2022-08-30T12:33:10.765+0000] {processor.py:161} INFO - Processing /home/airflow/.local/lib/python3.7/site-packages/airflow/example_dags/example_branch_labels.py took 0.047 seconds
[2022-08-30T12:33:41.266+0000] {processor.py:153} INFO - Started process (PID=1983) to work on /home/airflow/.local/lib/python3.7/site-packages/airflow/example_dags/example_branch_labels.py
[2022-08-30T12:33:41.268+0000] {processor.py:640} INFO - Processing file /home/airflow/.local/lib/python3.7/site-packages/airflow/example_dags/example_branch_labels.py for tasks to queue
[2022-08-30T12:33:41.269+0000] {logging_mixin.py:115} INFO - [2022-08-30T12:33:41.269+0000] {dagbag.py:508} INFO - Filling up the DagBag from /home/airflow/.local/lib/python3.7/site-packages/airflow/example_dags/example_branch_labels.py
[2022-08-30T12:33:41.273+0000] {processor.py:650} INFO - DAG(s) dict_keys(['example_branch_labels']) retrieved from /home/airflow/.local/lib/python3.7/site-packages/airflow/example_dags/example_branch_labels.py
[2022-08-30T12:33:41.294+0000] {logging_mixin.py:115} INFO - [2022-08-30T12:33:41.293+0000] {dag.py:2429} INFO - Sync 1 DAGs
[2022-08-30T12:33:41.307+0000] {logging_mixin.py:115} INFO - [2022-08-30T12:33:41.307+0000] {dag.py:2981} INFO - Setting next_dagrun for example_branch_labels to 2022-08-29T00:00:00+00:00, run_after=2022-08-30T00:00:00+00:00
[2022-08-30T12:33:41.315+0000] {processor.py:161} INFO - Processing /home/airflow/.local/lib/python3.7/site-packages/airflow/example_dags/example_branch_labels.py took 0.051 seconds
[2022-08-30T12:34:12.077+0000] {processor.py:153} INFO - Started process (PID=2173) to work on /home/airflow/.local/lib/python3.7/site-packages/airflow/example_dags/example_branch_labels.py
[2022-08-30T12:34:12.079+0000] {processor.py:640} INFO - Processing file /home/airflow/.local/lib/python3.7/site-packages/airflow/example_dags/example_branch_labels.py for tasks to queue
[2022-08-30T12:34:12.079+0000] {logging_mixin.py:115} INFO - [2022-08-30T12:34:12.079+0000] {dagbag.py:508} INFO - Filling up the DagBag from /home/airflow/.local/lib/python3.7/site-packages/airflow/example_dags/example_branch_labels.py
[2022-08-30T12:34:12.084+0000] {processor.py:650} INFO - DAG(s) dict_keys(['example_branch_labels']) retrieved from /home/airflow/.local/lib/python3.7/site-packages/airflow/example_dags/example_branch_labels.py
[2022-08-30T12:34:12.101+0000] {logging_mixin.py:115} INFO - [2022-08-30T12:34:12.101+0000] {dag.py:2429} INFO - Sync 1 DAGs
[2022-08-30T12:34:12.115+0000] {logging_mixin.py:115} INFO - [2022-08-30T12:34:12.115+0000] {dag.py:2981} INFO - Setting next_dagrun for example_branch_labels to 2022-08-29T00:00:00+00:00, run_after=2022-08-30T00:00:00+00:00
[2022-08-30T12:34:12.121+0000] {processor.py:161} INFO - Processing /home/airflow/.local/lib/python3.7/site-packages/airflow/example_dags/example_branch_labels.py took 0.046 seconds
[2022-08-30T12:34:42.928+0000] {processor.py:153} INFO - Started process (PID=2373) to work on /home/airflow/.local/lib/python3.7/site-packages/airflow/example_dags/example_branch_labels.py
[2022-08-30T12:34:42.929+0000] {processor.py:640} INFO - Processing file /home/airflow/.local/lib/python3.7/site-packages/airflow/example_dags/example_branch_labels.py for tasks to queue
[2022-08-30T12:34:42.930+0000] {logging_mixin.py:115} INFO - [2022-08-30T12:34:42.930+0000] {dagbag.py:508} INFO - Filling up the DagBag from /home/airflow/.local/lib/python3.7/site-packages/airflow/example_dags/example_branch_labels.py
[2022-08-30T12:34:42.935+0000] {processor.py:650} INFO - DAG(s) dict_keys(['example_branch_labels']) retrieved from /home/airflow/.local/lib/python3.7/site-packages/airflow/example_dags/example_branch_labels.py
[2022-08-30T12:34:42.952+0000] {logging_mixin.py:115} INFO - [2022-08-30T12:34:42.952+0000] {dag.py:2429} INFO - Sync 1 DAGs
[2022-08-30T12:34:42.965+0000] {logging_mixin.py:115} INFO - [2022-08-30T12:34:42.965+0000] {dag.py:2981} INFO - Setting next_dagrun for example_branch_labels to 2022-08-29T00:00:00+00:00, run_after=2022-08-30T00:00:00+00:00
[2022-08-30T12:34:42.972+0000] {processor.py:161} INFO - Processing /home/airflow/.local/lib/python3.7/site-packages/airflow/example_dags/example_branch_labels.py took 0.047 seconds
[2022-08-30T12:35:13.670+0000] {processor.py:153} INFO - Started process (PID=2575) to work on /home/airflow/.local/lib/python3.7/site-packages/airflow/example_dags/example_branch_labels.py
[2022-08-30T12:35:13.671+0000] {processor.py:640} INFO - Processing file /home/airflow/.local/lib/python3.7/site-packages/airflow/example_dags/example_branch_labels.py for tasks to queue
[2022-08-30T12:35:13.672+0000] {logging_mixin.py:115} INFO - [2022-08-30T12:35:13.672+0000] {dagbag.py:508} INFO - Filling up the DagBag from /home/airflow/.local/lib/python3.7/site-packages/airflow/example_dags/example_branch_labels.py
[2022-08-30T12:35:13.679+0000] {processor.py:650} INFO - DAG(s) dict_keys(['example_branch_labels']) retrieved from /home/airflow/.local/lib/python3.7/site-packages/airflow/example_dags/example_branch_labels.py
[2022-08-30T12:35:13.702+0000] {logging_mixin.py:115} INFO - [2022-08-30T12:35:13.702+0000] {dag.py:2429} INFO - Sync 1 DAGs
[2022-08-30T12:35:13.719+0000] {logging_mixin.py:115} INFO - [2022-08-30T12:35:13.719+0000] {dag.py:2981} INFO - Setting next_dagrun for example_branch_labels to 2022-08-29T00:00:00+00:00, run_after=2022-08-30T00:00:00+00:00
[2022-08-30T12:35:13.727+0000] {processor.py:161} INFO - Processing /home/airflow/.local/lib/python3.7/site-packages/airflow/example_dags/example_branch_labels.py took 0.060 seconds
[2022-08-30T12:35:44.422+0000] {processor.py:153} INFO - Started process (PID=2777) to work on /home/airflow/.local/lib/python3.7/site-packages/airflow/example_dags/example_branch_labels.py
[2022-08-30T12:35:44.423+0000] {processor.py:640} INFO - Processing file /home/airflow/.local/lib/python3.7/site-packages/airflow/example_dags/example_branch_labels.py for tasks to queue
[2022-08-30T12:35:44.424+0000] {logging_mixin.py:115} INFO - [2022-08-30T12:35:44.424+0000] {dagbag.py:508} INFO - Filling up the DagBag from /home/airflow/.local/lib/python3.7/site-packages/airflow/example_dags/example_branch_labels.py
[2022-08-30T12:35:44.428+0000] {processor.py:650} INFO - DAG(s) dict_keys(['example_branch_labels']) retrieved from /home/airflow/.local/lib/python3.7/site-packages/airflow/example_dags/example_branch_labels.py
[2022-08-30T12:35:44.445+0000] {logging_mixin.py:115} INFO - [2022-08-30T12:35:44.445+0000] {dag.py:2429} INFO - Sync 1 DAGs
[2022-08-30T12:35:44.457+0000] {logging_mixin.py:115} INFO - [2022-08-30T12:35:44.457+0000] {dag.py:2981} INFO - Setting next_dagrun for example_branch_labels to 2022-08-29T00:00:00+00:00, run_after=2022-08-30T00:00:00+00:00
[2022-08-30T12:35:44.463+0000] {processor.py:161} INFO - Processing /home/airflow/.local/lib/python3.7/site-packages/airflow/example_dags/example_branch_labels.py took 0.043 seconds
[2022-08-30T12:36:15.265+0000] {processor.py:153} INFO - Started process (PID=2979) to work on /home/airflow/.local/lib/python3.7/site-packages/airflow/example_dags/example_branch_labels.py
[2022-08-30T12:36:15.267+0000] {processor.py:640} INFO - Processing file /home/airflow/.local/lib/python3.7/site-packages/airflow/example_dags/example_branch_labels.py for tasks to queue
[2022-08-30T12:36:15.268+0000] {logging_mixin.py:115} INFO - [2022-08-30T12:36:15.268+0000] {dagbag.py:508} INFO - Filling up the DagBag from /home/airflow/.local/lib/python3.7/site-packages/airflow/example_dags/example_branch_labels.py
[2022-08-30T12:36:15.272+0000] {processor.py:650} INFO - DAG(s) dict_keys(['example_branch_labels']) retrieved from /home/airflow/.local/lib/python3.7/site-packages/airflow/example_dags/example_branch_labels.py
[2022-08-30T12:36:15.292+0000] {logging_mixin.py:115} INFO - [2022-08-30T12:36:15.292+0000] {dag.py:2429} INFO - Sync 1 DAGs
[2022-08-30T12:36:15.305+0000] {logging_mixin.py:115} INFO - [2022-08-30T12:36:15.305+0000] {dag.py:2981} INFO - Setting next_dagrun for example_branch_labels to 2022-08-29T00:00:00+00:00, run_after=2022-08-30T00:00:00+00:00
[2022-08-30T12:36:15.324+0000] {processor.py:161} INFO - Processing /home/airflow/.local/lib/python3.7/site-packages/airflow/example_dags/example_branch_labels.py took 0.061 seconds
[2022-08-30T12:36:46.179+0000] {processor.py:153} INFO - Started process (PID=3176) to work on /home/airflow/.local/lib/python3.7/site-packages/airflow/example_dags/example_branch_labels.py
[2022-08-30T12:36:46.180+0000] {processor.py:640} INFO - Processing file /home/airflow/.local/lib/python3.7/site-packages/airflow/example_dags/example_branch_labels.py for tasks to queue
[2022-08-30T12:36:46.181+0000] {logging_mixin.py:115} INFO - [2022-08-30T12:36:46.181+0000] {dagbag.py:508} INFO - Filling up the DagBag from /home/airflow/.local/lib/python3.7/site-packages/airflow/example_dags/example_branch_labels.py
[2022-08-30T12:36:46.186+0000] {processor.py:650} INFO - DAG(s) dict_keys(['example_branch_labels']) retrieved from /home/airflow/.local/lib/python3.7/site-packages/airflow/example_dags/example_branch_labels.py
[2022-08-30T12:36:46.204+0000] {logging_mixin.py:115} INFO - [2022-08-30T12:36:46.204+0000] {dag.py:2429} INFO - Sync 1 DAGs
[2022-08-30T12:36:46.216+0000] {logging_mixin.py:115} INFO - [2022-08-30T12:36:46.216+0000] {dag.py:2981} INFO - Setting next_dagrun for example_branch_labels to 2022-08-29T00:00:00+00:00, run_after=2022-08-30T00:00:00+00:00
[2022-08-30T12:36:46.223+0000] {processor.py:161} INFO - Processing /home/airflow/.local/lib/python3.7/site-packages/airflow/example_dags/example_branch_labels.py took 0.045 seconds
[2022-08-30T12:37:16.879+0000] {processor.py:153} INFO - Started process (PID=3376) to work on /home/airflow/.local/lib/python3.7/site-packages/airflow/example_dags/example_branch_labels.py
[2022-08-30T12:37:16.881+0000] {processor.py:640} INFO - Processing file /home/airflow/.local/lib/python3.7/site-packages/airflow/example_dags/example_branch_labels.py for tasks to queue
[2022-08-30T12:37:16.882+0000] {logging_mixin.py:115} INFO - [2022-08-30T12:37:16.882+0000] {dagbag.py:508} INFO - Filling up the DagBag from /home/airflow/.local/lib/python3.7/site-packages/airflow/example_dags/example_branch_labels.py
[2022-08-30T12:37:16.886+0000] {processor.py:650} INFO - DAG(s) dict_keys(['example_branch_labels']) retrieved from /home/airflow/.local/lib/python3.7/site-packages/airflow/example_dags/example_branch_labels.py
[2022-08-30T12:37:16.905+0000] {logging_mixin.py:115} INFO - [2022-08-30T12:37:16.905+0000] {dag.py:2429} INFO - Sync 1 DAGs
[2022-08-30T12:37:16.916+0000] {logging_mixin.py:115} INFO - [2022-08-30T12:37:16.916+0000] {dag.py:2981} INFO - Setting next_dagrun for example_branch_labels to 2022-08-29T00:00:00+00:00, run_after=2022-08-30T00:00:00+00:00
[2022-08-30T12:37:16.923+0000] {processor.py:161} INFO - Processing /home/airflow/.local/lib/python3.7/site-packages/airflow/example_dags/example_branch_labels.py took 0.045 seconds
[2022-08-30T12:37:47.700+0000] {processor.py:153} INFO - Started process (PID=3575) to work on /home/airflow/.local/lib/python3.7/site-packages/airflow/example_dags/example_branch_labels.py
[2022-08-30T12:37:47.701+0000] {processor.py:640} INFO - Processing file /home/airflow/.local/lib/python3.7/site-packages/airflow/example_dags/example_branch_labels.py for tasks to queue
[2022-08-30T12:37:47.702+0000] {logging_mixin.py:115} INFO - [2022-08-30T12:37:47.702+0000] {dagbag.py:508} INFO - Filling up the DagBag from /home/airflow/.local/lib/python3.7/site-packages/airflow/example_dags/example_branch_labels.py
[2022-08-30T12:37:47.707+0000] {processor.py:650} INFO - DAG(s) dict_keys(['example_branch_labels']) retrieved from /home/airflow/.local/lib/python3.7/site-packages/airflow/example_dags/example_branch_labels.py
[2022-08-30T12:37:47.730+0000] {logging_mixin.py:115} INFO - [2022-08-30T12:37:47.730+0000] {dag.py:2429} INFO - Sync 1 DAGs
[2022-08-30T12:37:47.747+0000] {logging_mixin.py:115} INFO - [2022-08-30T12:37:47.747+0000] {dag.py:2981} INFO - Setting next_dagrun for example_branch_labels to 2022-08-29T00:00:00+00:00, run_after=2022-08-30T00:00:00+00:00
[2022-08-30T12:37:47.755+0000] {processor.py:161} INFO - Processing /home/airflow/.local/lib/python3.7/site-packages/airflow/example_dags/example_branch_labels.py took 0.058 seconds
[2022-08-30T12:39:58.562+0000] {processor.py:153} INFO - Started process (PID=185) to work on /home/airflow/.local/lib/python3.7/site-packages/airflow/example_dags/example_branch_labels.py
[2022-08-30T12:39:58.566+0000] {processor.py:640} INFO - Processing file /home/airflow/.local/lib/python3.7/site-packages/airflow/example_dags/example_branch_labels.py for tasks to queue
[2022-08-30T12:39:58.569+0000] {logging_mixin.py:115} INFO - [2022-08-30T12:39:58.569+0000] {dagbag.py:508} INFO - Filling up the DagBag from /home/airflow/.local/lib/python3.7/site-packages/airflow/example_dags/example_branch_labels.py
[2022-08-30T12:39:58.585+0000] {processor.py:650} INFO - DAG(s) dict_keys(['example_branch_labels']) retrieved from /home/airflow/.local/lib/python3.7/site-packages/airflow/example_dags/example_branch_labels.py
[2022-08-30T12:39:58.756+0000] {logging_mixin.py:115} INFO - [2022-08-30T12:39:58.756+0000] {manager.py:508} INFO - Created Permission View: can edit on DAG:example_branch_labels
[2022-08-30T12:39:58.796+0000] {logging_mixin.py:115} INFO - [2022-08-30T12:39:58.796+0000] {manager.py:508} INFO - Created Permission View: can read on DAG:example_branch_labels
[2022-08-30T12:39:58.804+0000] {logging_mixin.py:115} INFO - [2022-08-30T12:39:58.804+0000] {manager.py:508} INFO - Created Permission View: can delete on DAG:example_branch_labels
[2022-08-30T12:39:58.806+0000] {logging_mixin.py:115} INFO - [2022-08-30T12:39:58.806+0000] {dag.py:2429} INFO - Sync 1 DAGs
[2022-08-30T12:39:58.838+0000] {logging_mixin.py:115} INFO - [2022-08-30T12:39:58.838+0000] {dag.py:2448} INFO - Creating ORM DAG for example_branch_labels
[2022-08-30T12:39:58.872+0000] {logging_mixin.py:115} INFO - [2022-08-30T12:39:58.871+0000] {dag.py:2981} INFO - Setting next_dagrun for example_branch_labels to 2022-08-29T00:00:00+00:00, run_after=2022-08-30T00:00:00+00:00
[2022-08-30T12:39:58.889+0000] {processor.py:161} INFO - Processing /home/airflow/.local/lib/python3.7/site-packages/airflow/example_dags/example_branch_labels.py took 0.330 seconds
[2022-08-30T12:40:30.718+0000] {processor.py:153} INFO - Started process (PID=375) to work on /home/airflow/.local/lib/python3.7/site-packages/airflow/example_dags/example_branch_labels.py
[2022-08-30T12:40:30.719+0000] {processor.py:640} INFO - Processing file /home/airflow/.local/lib/python3.7/site-packages/airflow/example_dags/example_branch_labels.py for tasks to queue
[2022-08-30T12:40:30.721+0000] {logging_mixin.py:115} INFO - [2022-08-30T12:40:30.721+0000] {dagbag.py:508} INFO - Filling up the DagBag from /home/airflow/.local/lib/python3.7/site-packages/airflow/example_dags/example_branch_labels.py
[2022-08-30T12:40:30.730+0000] {processor.py:650} INFO - DAG(s) dict_keys(['example_branch_labels']) retrieved from /home/airflow/.local/lib/python3.7/site-packages/airflow/example_dags/example_branch_labels.py
[2022-08-30T12:40:30.757+0000] {logging_mixin.py:115} INFO - [2022-08-30T12:40:30.757+0000] {dag.py:2429} INFO - Sync 1 DAGs
[2022-08-30T12:40:30.779+0000] {logging_mixin.py:115} INFO - [2022-08-30T12:40:30.779+0000] {dag.py:2981} INFO - Setting next_dagrun for example_branch_labels to 2022-08-29T00:00:00+00:00, run_after=2022-08-30T00:00:00+00:00
[2022-08-30T12:40:30.797+0000] {processor.py:161} INFO - Processing /home/airflow/.local/lib/python3.7/site-packages/airflow/example_dags/example_branch_labels.py took 0.082 seconds
[2022-08-30T12:42:14.920+0000] {processor.py:153} INFO - Started process (PID=176) to work on /home/airflow/.local/lib/python3.7/site-packages/airflow/example_dags/example_branch_labels.py
[2022-08-30T12:42:14.922+0000] {processor.py:640} INFO - Processing file /home/airflow/.local/lib/python3.7/site-packages/airflow/example_dags/example_branch_labels.py for tasks to queue
[2022-08-30T12:42:14.923+0000] {logging_mixin.py:115} INFO - [2022-08-30T12:42:14.923+0000] {dagbag.py:508} INFO - Filling up the DagBag from /home/airflow/.local/lib/python3.7/site-packages/airflow/example_dags/example_branch_labels.py
[2022-08-30T12:42:14.928+0000] {processor.py:650} INFO - DAG(s) dict_keys(['example_branch_labels']) retrieved from /home/airflow/.local/lib/python3.7/site-packages/airflow/example_dags/example_branch_labels.py
[2022-08-30T12:42:14.946+0000] {logging_mixin.py:115} INFO - [2022-08-30T12:42:14.946+0000] {dag.py:2429} INFO - Sync 1 DAGs
[2022-08-30T12:42:14.960+0000] {logging_mixin.py:115} INFO - [2022-08-30T12:42:14.960+0000] {dag.py:2981} INFO - Setting next_dagrun for example_branch_labels to 2022-08-29T00:00:00+00:00, run_after=2022-08-30T00:00:00+00:00
[2022-08-30T12:42:14.966+0000] {processor.py:161} INFO - Processing /home/airflow/.local/lib/python3.7/site-packages/airflow/example_dags/example_branch_labels.py took 0.048 seconds
[2022-08-30T12:42:45.811+0000] {processor.py:153} INFO - Started process (PID=378) to work on /home/airflow/.local/lib/python3.7/site-packages/airflow/example_dags/example_branch_labels.py
[2022-08-30T12:42:45.817+0000] {processor.py:640} INFO - Processing file /home/airflow/.local/lib/python3.7/site-packages/airflow/example_dags/example_branch_labels.py for tasks to queue
[2022-08-30T12:42:45.818+0000] {logging_mixin.py:115} INFO - [2022-08-30T12:42:45.818+0000] {dagbag.py:508} INFO - Filling up the DagBag from /home/airflow/.local/lib/python3.7/site-packages/airflow/example_dags/example_branch_labels.py
[2022-08-30T12:42:45.826+0000] {processor.py:650} INFO - DAG(s) dict_keys(['example_branch_labels']) retrieved from /home/airflow/.local/lib/python3.7/site-packages/airflow/example_dags/example_branch_labels.py
[2022-08-30T12:42:45.845+0000] {logging_mixin.py:115} INFO - [2022-08-30T12:42:45.844+0000] {dag.py:2429} INFO - Sync 1 DAGs
[2022-08-30T12:42:45.857+0000] {logging_mixin.py:115} INFO - [2022-08-30T12:42:45.857+0000] {dag.py:2981} INFO - Setting next_dagrun for example_branch_labels to 2022-08-29T00:00:00+00:00, run_after=2022-08-30T00:00:00+00:00
[2022-08-30T12:42:45.869+0000] {processor.py:161} INFO - Processing /home/airflow/.local/lib/python3.7/site-packages/airflow/example_dags/example_branch_labels.py took 0.061 seconds
[2022-08-30T12:43:16.545+0000] {processor.py:153} INFO - Started process (PID=582) to work on /home/airflow/.local/lib/python3.7/site-packages/airflow/example_dags/example_branch_labels.py
[2022-08-30T12:43:16.546+0000] {processor.py:640} INFO - Processing file /home/airflow/.local/lib/python3.7/site-packages/airflow/example_dags/example_branch_labels.py for tasks to queue
[2022-08-30T12:43:16.547+0000] {logging_mixin.py:115} INFO - [2022-08-30T12:43:16.547+0000] {dagbag.py:508} INFO - Filling up the DagBag from /home/airflow/.local/lib/python3.7/site-packages/airflow/example_dags/example_branch_labels.py
[2022-08-30T12:43:16.552+0000] {processor.py:650} INFO - DAG(s) dict_keys(['example_branch_labels']) retrieved from /home/airflow/.local/lib/python3.7/site-packages/airflow/example_dags/example_branch_labels.py
[2022-08-30T12:43:16.570+0000] {logging_mixin.py:115} INFO - [2022-08-30T12:43:16.570+0000] {dag.py:2429} INFO - Sync 1 DAGs
[2022-08-30T12:43:16.585+0000] {logging_mixin.py:115} INFO - [2022-08-30T12:43:16.585+0000] {dag.py:2981} INFO - Setting next_dagrun for example_branch_labels to 2022-08-29T00:00:00+00:00, run_after=2022-08-30T00:00:00+00:00
[2022-08-30T12:43:16.593+0000] {processor.py:161} INFO - Processing /home/airflow/.local/lib/python3.7/site-packages/airflow/example_dags/example_branch_labels.py took 0.051 seconds
[2022-08-30T12:43:47.488+0000] {processor.py:153} INFO - Started process (PID=772) to work on /home/airflow/.local/lib/python3.7/site-packages/airflow/example_dags/example_branch_labels.py
[2022-08-30T12:43:47.489+0000] {processor.py:640} INFO - Processing file /home/airflow/.local/lib/python3.7/site-packages/airflow/example_dags/example_branch_labels.py for tasks to queue
[2022-08-30T12:43:47.490+0000] {logging_mixin.py:115} INFO - [2022-08-30T12:43:47.490+0000] {dagbag.py:508} INFO - Filling up the DagBag from /home/airflow/.local/lib/python3.7/site-packages/airflow/example_dags/example_branch_labels.py
[2022-08-30T12:43:47.495+0000] {processor.py:650} INFO - DAG(s) dict_keys(['example_branch_labels']) retrieved from /home/airflow/.local/lib/python3.7/site-packages/airflow/example_dags/example_branch_labels.py
[2022-08-30T12:43:47.513+0000] {logging_mixin.py:115} INFO - [2022-08-30T12:43:47.513+0000] {dag.py:2429} INFO - Sync 1 DAGs
[2022-08-30T12:43:47.525+0000] {logging_mixin.py:115} INFO - [2022-08-30T12:43:47.525+0000] {dag.py:2981} INFO - Setting next_dagrun for example_branch_labels to 2022-08-29T00:00:00+00:00, run_after=2022-08-30T00:00:00+00:00
[2022-08-30T12:43:47.532+0000] {processor.py:161} INFO - Processing /home/airflow/.local/lib/python3.7/site-packages/airflow/example_dags/example_branch_labels.py took 0.046 seconds
