[2022-08-30T12:27:46.490+0000] {processor.py:153} INFO - Started process (PID=240) to work on /home/airflow/.local/lib/python3.7/site-packages/airflow/example_dags/example_external_task_marker_dag.py
[2022-08-30T12:27:46.491+0000] {processor.py:640} INFO - Processing file /home/airflow/.local/lib/python3.7/site-packages/airflow/example_dags/example_external_task_marker_dag.py for tasks to queue
[2022-08-30T12:27:46.492+0000] {logging_mixin.py:115} INFO - [2022-08-30T12:27:46.492+0000] {dagbag.py:508} INFO - Filling up the DagBag from /home/airflow/.local/lib/python3.7/site-packages/airflow/example_dags/example_external_task_marker_dag.py
[2022-08-30T12:27:46.495+0000] {processor.py:650} INFO - DAG(s) dict_keys(['example_external_task_marker_parent', 'example_external_task_marker_child']) retrieved from /home/airflow/.local/lib/python3.7/site-packages/airflow/example_dags/example_external_task_marker_dag.py
[2022-08-30T12:27:46.542+0000] {logging_mixin.py:115} INFO - [2022-08-30T12:27:46.542+0000] {manager.py:508} INFO - Created Permission View: can read on DAG:example_external_task_marker_parent
[2022-08-30T12:27:46.548+0000] {logging_mixin.py:115} INFO - [2022-08-30T12:27:46.548+0000] {manager.py:508} INFO - Created Permission View: can edit on DAG:example_external_task_marker_parent
[2022-08-30T12:27:46.554+0000] {logging_mixin.py:115} INFO - [2022-08-30T12:27:46.554+0000] {manager.py:508} INFO - Created Permission View: can delete on DAG:example_external_task_marker_parent
[2022-08-30T12:27:46.671+0000] {logging_mixin.py:115} INFO - [2022-08-30T12:27:46.671+0000] {manager.py:508} INFO - Created Permission View: can read on DAG:example_external_task_marker_child
[2022-08-30T12:27:46.676+0000] {logging_mixin.py:115} INFO - [2022-08-30T12:27:46.676+0000] {manager.py:508} INFO - Created Permission View: can edit on DAG:example_external_task_marker_child
[2022-08-30T12:27:46.681+0000] {logging_mixin.py:115} INFO - [2022-08-30T12:27:46.681+0000] {manager.py:508} INFO - Created Permission View: can delete on DAG:example_external_task_marker_child
[2022-08-30T12:27:46.682+0000] {logging_mixin.py:115} INFO - [2022-08-30T12:27:46.681+0000] {dag.py:2429} INFO - Sync 2 DAGs
[2022-08-30T12:27:46.687+0000] {logging_mixin.py:115} INFO - [2022-08-30T12:27:46.687+0000] {dag.py:2448} INFO - Creating ORM DAG for example_external_task_marker_parent
[2022-08-30T12:27:46.688+0000] {logging_mixin.py:115} INFO - [2022-08-30T12:27:46.688+0000] {dag.py:2448} INFO - Creating ORM DAG for example_external_task_marker_child
[2022-08-30T12:27:46.695+0000] {logging_mixin.py:115} INFO - [2022-08-30T12:27:46.695+0000] {dag.py:2981} INFO - Setting next_dagrun for example_external_task_marker_child to None, run_after=None
[2022-08-30T12:27:46.696+0000] {logging_mixin.py:115} INFO - [2022-08-30T12:27:46.696+0000] {dag.py:2981} INFO - Setting next_dagrun for example_external_task_marker_parent to None, run_after=None
[2022-08-30T12:27:46.706+0000] {processor.py:161} INFO - Processing /home/airflow/.local/lib/python3.7/site-packages/airflow/example_dags/example_external_task_marker_dag.py took 0.219 seconds
[2022-08-30T12:28:17.319+0000] {processor.py:153} INFO - Started process (PID=440) to work on /home/airflow/.local/lib/python3.7/site-packages/airflow/example_dags/example_external_task_marker_dag.py
[2022-08-30T12:28:17.321+0000] {processor.py:640} INFO - Processing file /home/airflow/.local/lib/python3.7/site-packages/airflow/example_dags/example_external_task_marker_dag.py for tasks to queue
[2022-08-30T12:28:17.322+0000] {logging_mixin.py:115} INFO - [2022-08-30T12:28:17.322+0000] {dagbag.py:508} INFO - Filling up the DagBag from /home/airflow/.local/lib/python3.7/site-packages/airflow/example_dags/example_external_task_marker_dag.py
[2022-08-30T12:28:17.328+0000] {processor.py:650} INFO - DAG(s) dict_keys(['example_external_task_marker_parent', 'example_external_task_marker_child']) retrieved from /home/airflow/.local/lib/python3.7/site-packages/airflow/example_dags/example_external_task_marker_dag.py
[2022-08-30T12:28:17.448+0000] {logging_mixin.py:115} INFO - [2022-08-30T12:28:17.447+0000] {dag.py:2429} INFO - Sync 2 DAGs
[2022-08-30T12:28:17.461+0000] {logging_mixin.py:115} INFO - [2022-08-30T12:28:17.461+0000] {dag.py:2981} INFO - Setting next_dagrun for example_external_task_marker_child to None, run_after=None
[2022-08-30T12:28:17.463+0000] {logging_mixin.py:115} INFO - [2022-08-30T12:28:17.462+0000] {dag.py:2981} INFO - Setting next_dagrun for example_external_task_marker_parent to None, run_after=None
[2022-08-30T12:28:17.470+0000] {processor.py:161} INFO - Processing /home/airflow/.local/lib/python3.7/site-packages/airflow/example_dags/example_external_task_marker_dag.py took 0.153 seconds
[2022-08-30T12:29:06.185+0000] {processor.py:153} INFO - Started process (PID=245) to work on /home/airflow/.local/lib/python3.7/site-packages/airflow/example_dags/example_external_task_marker_dag.py
[2022-08-30T12:29:06.187+0000] {processor.py:640} INFO - Processing file /home/airflow/.local/lib/python3.7/site-packages/airflow/example_dags/example_external_task_marker_dag.py for tasks to queue
[2022-08-30T12:29:06.188+0000] {logging_mixin.py:115} INFO - [2022-08-30T12:29:06.188+0000] {dagbag.py:508} INFO - Filling up the DagBag from /home/airflow/.local/lib/python3.7/site-packages/airflow/example_dags/example_external_task_marker_dag.py
[2022-08-30T12:29:06.192+0000] {processor.py:650} INFO - DAG(s) dict_keys(['example_external_task_marker_parent', 'example_external_task_marker_child']) retrieved from /home/airflow/.local/lib/python3.7/site-packages/airflow/example_dags/example_external_task_marker_dag.py
[2022-08-30T12:29:06.311+0000] {logging_mixin.py:115} INFO - [2022-08-30T12:29:06.311+0000] {dag.py:2429} INFO - Sync 2 DAGs
[2022-08-30T12:29:06.324+0000] {logging_mixin.py:115} INFO - [2022-08-30T12:29:06.324+0000] {dag.py:2981} INFO - Setting next_dagrun for example_external_task_marker_child to None, run_after=None
[2022-08-30T12:29:06.325+0000] {logging_mixin.py:115} INFO - [2022-08-30T12:29:06.325+0000] {dag.py:2981} INFO - Setting next_dagrun for example_external_task_marker_parent to None, run_after=None
[2022-08-30T12:29:06.333+0000] {processor.py:161} INFO - Processing /home/airflow/.local/lib/python3.7/site-packages/airflow/example_dags/example_external_task_marker_dag.py took 0.149 seconds
[2022-08-30T12:29:36.862+0000] {processor.py:153} INFO - Started process (PID=445) to work on /home/airflow/.local/lib/python3.7/site-packages/airflow/example_dags/example_external_task_marker_dag.py
[2022-08-30T12:29:36.864+0000] {processor.py:640} INFO - Processing file /home/airflow/.local/lib/python3.7/site-packages/airflow/example_dags/example_external_task_marker_dag.py for tasks to queue
[2022-08-30T12:29:36.864+0000] {logging_mixin.py:115} INFO - [2022-08-30T12:29:36.864+0000] {dagbag.py:508} INFO - Filling up the DagBag from /home/airflow/.local/lib/python3.7/site-packages/airflow/example_dags/example_external_task_marker_dag.py
[2022-08-30T12:29:36.867+0000] {processor.py:650} INFO - DAG(s) dict_keys(['example_external_task_marker_parent', 'example_external_task_marker_child']) retrieved from /home/airflow/.local/lib/python3.7/site-packages/airflow/example_dags/example_external_task_marker_dag.py
[2022-08-30T12:29:36.959+0000] {logging_mixin.py:115} INFO - [2022-08-30T12:29:36.958+0000] {dag.py:2429} INFO - Sync 2 DAGs
[2022-08-30T12:29:36.971+0000] {logging_mixin.py:115} INFO - [2022-08-30T12:29:36.971+0000] {dag.py:2981} INFO - Setting next_dagrun for example_external_task_marker_child to None, run_after=None
[2022-08-30T12:29:36.972+0000] {logging_mixin.py:115} INFO - [2022-08-30T12:29:36.972+0000] {dag.py:2981} INFO - Setting next_dagrun for example_external_task_marker_parent to None, run_after=None
[2022-08-30T12:29:36.980+0000] {processor.py:161} INFO - Processing /home/airflow/.local/lib/python3.7/site-packages/airflow/example_dags/example_external_task_marker_dag.py took 0.120 seconds
[2022-08-30T12:30:07.691+0000] {processor.py:153} INFO - Started process (PID=646) to work on /home/airflow/.local/lib/python3.7/site-packages/airflow/example_dags/example_external_task_marker_dag.py
[2022-08-30T12:30:07.692+0000] {processor.py:640} INFO - Processing file /home/airflow/.local/lib/python3.7/site-packages/airflow/example_dags/example_external_task_marker_dag.py for tasks to queue
[2022-08-30T12:30:07.694+0000] {logging_mixin.py:115} INFO - [2022-08-30T12:30:07.694+0000] {dagbag.py:508} INFO - Filling up the DagBag from /home/airflow/.local/lib/python3.7/site-packages/airflow/example_dags/example_external_task_marker_dag.py
[2022-08-30T12:30:07.697+0000] {processor.py:650} INFO - DAG(s) dict_keys(['example_external_task_marker_parent', 'example_external_task_marker_child']) retrieved from /home/airflow/.local/lib/python3.7/site-packages/airflow/example_dags/example_external_task_marker_dag.py
[2022-08-30T12:30:07.796+0000] {logging_mixin.py:115} INFO - [2022-08-30T12:30:07.796+0000] {dag.py:2429} INFO - Sync 2 DAGs
[2022-08-30T12:30:07.810+0000] {logging_mixin.py:115} INFO - [2022-08-30T12:30:07.809+0000] {dag.py:2981} INFO - Setting next_dagrun for example_external_task_marker_child to None, run_after=None
[2022-08-30T12:30:07.812+0000] {logging_mixin.py:115} INFO - [2022-08-30T12:30:07.812+0000] {dag.py:2981} INFO - Setting next_dagrun for example_external_task_marker_parent to None, run_after=None
[2022-08-30T12:30:07.820+0000] {processor.py:161} INFO - Processing /home/airflow/.local/lib/python3.7/site-packages/airflow/example_dags/example_external_task_marker_dag.py took 0.132 seconds
[2022-08-30T12:30:38.424+0000] {processor.py:153} INFO - Started process (PID=847) to work on /home/airflow/.local/lib/python3.7/site-packages/airflow/example_dags/example_external_task_marker_dag.py
[2022-08-30T12:30:38.426+0000] {processor.py:640} INFO - Processing file /home/airflow/.local/lib/python3.7/site-packages/airflow/example_dags/example_external_task_marker_dag.py for tasks to queue
[2022-08-30T12:30:38.428+0000] {logging_mixin.py:115} INFO - [2022-08-30T12:30:38.428+0000] {dagbag.py:508} INFO - Filling up the DagBag from /home/airflow/.local/lib/python3.7/site-packages/airflow/example_dags/example_external_task_marker_dag.py
[2022-08-30T12:30:38.431+0000] {processor.py:650} INFO - DAG(s) dict_keys(['example_external_task_marker_parent', 'example_external_task_marker_child']) retrieved from /home/airflow/.local/lib/python3.7/site-packages/airflow/example_dags/example_external_task_marker_dag.py
[2022-08-30T12:30:38.527+0000] {logging_mixin.py:115} INFO - [2022-08-30T12:30:38.527+0000] {dag.py:2429} INFO - Sync 2 DAGs
[2022-08-30T12:30:38.542+0000] {logging_mixin.py:115} INFO - [2022-08-30T12:30:38.542+0000] {dag.py:2981} INFO - Setting next_dagrun for example_external_task_marker_child to None, run_after=None
[2022-08-30T12:30:38.543+0000] {logging_mixin.py:115} INFO - [2022-08-30T12:30:38.543+0000] {dag.py:2981} INFO - Setting next_dagrun for example_external_task_marker_parent to None, run_after=None
[2022-08-30T12:30:38.552+0000] {processor.py:161} INFO - Processing /home/airflow/.local/lib/python3.7/site-packages/airflow/example_dags/example_external_task_marker_dag.py took 0.130 seconds
[2022-08-30T12:31:09.255+0000] {processor.py:153} INFO - Started process (PID=1039) to work on /home/airflow/.local/lib/python3.7/site-packages/airflow/example_dags/example_external_task_marker_dag.py
[2022-08-30T12:31:09.256+0000] {processor.py:640} INFO - Processing file /home/airflow/.local/lib/python3.7/site-packages/airflow/example_dags/example_external_task_marker_dag.py for tasks to queue
[2022-08-30T12:31:09.257+0000] {logging_mixin.py:115} INFO - [2022-08-30T12:31:09.257+0000] {dagbag.py:508} INFO - Filling up the DagBag from /home/airflow/.local/lib/python3.7/site-packages/airflow/example_dags/example_external_task_marker_dag.py
[2022-08-30T12:31:09.260+0000] {processor.py:650} INFO - DAG(s) dict_keys(['example_external_task_marker_parent', 'example_external_task_marker_child']) retrieved from /home/airflow/.local/lib/python3.7/site-packages/airflow/example_dags/example_external_task_marker_dag.py
[2022-08-30T12:31:09.362+0000] {logging_mixin.py:115} INFO - [2022-08-30T12:31:09.362+0000] {dag.py:2429} INFO - Sync 2 DAGs
[2022-08-30T12:31:09.375+0000] {logging_mixin.py:115} INFO - [2022-08-30T12:31:09.375+0000] {dag.py:2981} INFO - Setting next_dagrun for example_external_task_marker_child to None, run_after=None
[2022-08-30T12:31:09.376+0000] {logging_mixin.py:115} INFO - [2022-08-30T12:31:09.376+0000] {dag.py:2981} INFO - Setting next_dagrun for example_external_task_marker_parent to None, run_after=None
[2022-08-30T12:31:09.384+0000] {processor.py:161} INFO - Processing /home/airflow/.local/lib/python3.7/site-packages/airflow/example_dags/example_external_task_marker_dag.py took 0.131 seconds
[2022-08-30T12:31:39.824+0000] {processor.py:153} INFO - Started process (PID=1240) to work on /home/airflow/.local/lib/python3.7/site-packages/airflow/example_dags/example_external_task_marker_dag.py
[2022-08-30T12:31:39.825+0000] {processor.py:640} INFO - Processing file /home/airflow/.local/lib/python3.7/site-packages/airflow/example_dags/example_external_task_marker_dag.py for tasks to queue
[2022-08-30T12:31:39.827+0000] {logging_mixin.py:115} INFO - [2022-08-30T12:31:39.827+0000] {dagbag.py:508} INFO - Filling up the DagBag from /home/airflow/.local/lib/python3.7/site-packages/airflow/example_dags/example_external_task_marker_dag.py
[2022-08-30T12:31:39.830+0000] {processor.py:650} INFO - DAG(s) dict_keys(['example_external_task_marker_parent', 'example_external_task_marker_child']) retrieved from /home/airflow/.local/lib/python3.7/site-packages/airflow/example_dags/example_external_task_marker_dag.py
[2022-08-30T12:31:39.923+0000] {logging_mixin.py:115} INFO - [2022-08-30T12:31:39.923+0000] {dag.py:2429} INFO - Sync 2 DAGs
[2022-08-30T12:31:39.937+0000] {logging_mixin.py:115} INFO - [2022-08-30T12:31:39.937+0000] {dag.py:2981} INFO - Setting next_dagrun for example_external_task_marker_child to None, run_after=None
[2022-08-30T12:31:39.938+0000] {logging_mixin.py:115} INFO - [2022-08-30T12:31:39.938+0000] {dag.py:2981} INFO - Setting next_dagrun for example_external_task_marker_parent to None, run_after=None
[2022-08-30T12:31:39.947+0000] {processor.py:161} INFO - Processing /home/airflow/.local/lib/python3.7/site-packages/airflow/example_dags/example_external_task_marker_dag.py took 0.125 seconds
[2022-08-30T12:32:10.521+0000] {processor.py:153} INFO - Started process (PID=1440) to work on /home/airflow/.local/lib/python3.7/site-packages/airflow/example_dags/example_external_task_marker_dag.py
[2022-08-30T12:32:10.523+0000] {processor.py:640} INFO - Processing file /home/airflow/.local/lib/python3.7/site-packages/airflow/example_dags/example_external_task_marker_dag.py for tasks to queue
[2022-08-30T12:32:10.524+0000] {logging_mixin.py:115} INFO - [2022-08-30T12:32:10.524+0000] {dagbag.py:508} INFO - Filling up the DagBag from /home/airflow/.local/lib/python3.7/site-packages/airflow/example_dags/example_external_task_marker_dag.py
[2022-08-30T12:32:10.527+0000] {processor.py:650} INFO - DAG(s) dict_keys(['example_external_task_marker_parent', 'example_external_task_marker_child']) retrieved from /home/airflow/.local/lib/python3.7/site-packages/airflow/example_dags/example_external_task_marker_dag.py
[2022-08-30T12:32:10.626+0000] {logging_mixin.py:115} INFO - [2022-08-30T12:32:10.626+0000] {dag.py:2429} INFO - Sync 2 DAGs
[2022-08-30T12:32:10.643+0000] {logging_mixin.py:115} INFO - [2022-08-30T12:32:10.643+0000] {dag.py:2981} INFO - Setting next_dagrun for example_external_task_marker_child to None, run_after=None
[2022-08-30T12:32:10.644+0000] {logging_mixin.py:115} INFO - [2022-08-30T12:32:10.643+0000] {dag.py:2981} INFO - Setting next_dagrun for example_external_task_marker_parent to None, run_after=None
[2022-08-30T12:32:10.651+0000] {processor.py:161} INFO - Processing /home/airflow/.local/lib/python3.7/site-packages/airflow/example_dags/example_external_task_marker_dag.py took 0.132 seconds
[2022-08-30T12:32:41.377+0000] {processor.py:153} INFO - Started process (PID=1643) to work on /home/airflow/.local/lib/python3.7/site-packages/airflow/example_dags/example_external_task_marker_dag.py
[2022-08-30T12:32:41.379+0000] {processor.py:640} INFO - Processing file /home/airflow/.local/lib/python3.7/site-packages/airflow/example_dags/example_external_task_marker_dag.py for tasks to queue
[2022-08-30T12:32:41.382+0000] {logging_mixin.py:115} INFO - [2022-08-30T12:32:41.382+0000] {dagbag.py:508} INFO - Filling up the DagBag from /home/airflow/.local/lib/python3.7/site-packages/airflow/example_dags/example_external_task_marker_dag.py
[2022-08-30T12:32:41.388+0000] {processor.py:650} INFO - DAG(s) dict_keys(['example_external_task_marker_parent', 'example_external_task_marker_child']) retrieved from /home/airflow/.local/lib/python3.7/site-packages/airflow/example_dags/example_external_task_marker_dag.py
[2022-08-30T12:32:41.511+0000] {logging_mixin.py:115} INFO - [2022-08-30T12:32:41.511+0000] {dag.py:2429} INFO - Sync 2 DAGs
[2022-08-30T12:32:41.531+0000] {logging_mixin.py:115} INFO - [2022-08-30T12:32:41.531+0000] {dag.py:2981} INFO - Setting next_dagrun for example_external_task_marker_child to None, run_after=None
[2022-08-30T12:32:41.533+0000] {logging_mixin.py:115} INFO - [2022-08-30T12:32:41.532+0000] {dag.py:2981} INFO - Setting next_dagrun for example_external_task_marker_parent to None, run_after=None
[2022-08-30T12:32:41.544+0000] {processor.py:161} INFO - Processing /home/airflow/.local/lib/python3.7/site-packages/airflow/example_dags/example_external_task_marker_dag.py took 0.170 seconds
[2022-08-30T12:33:12.189+0000] {processor.py:153} INFO - Started process (PID=1846) to work on /home/airflow/.local/lib/python3.7/site-packages/airflow/example_dags/example_external_task_marker_dag.py
[2022-08-30T12:33:12.190+0000] {processor.py:640} INFO - Processing file /home/airflow/.local/lib/python3.7/site-packages/airflow/example_dags/example_external_task_marker_dag.py for tasks to queue
[2022-08-30T12:33:12.191+0000] {logging_mixin.py:115} INFO - [2022-08-30T12:33:12.191+0000] {dagbag.py:508} INFO - Filling up the DagBag from /home/airflow/.local/lib/python3.7/site-packages/airflow/example_dags/example_external_task_marker_dag.py
[2022-08-30T12:33:12.194+0000] {processor.py:650} INFO - DAG(s) dict_keys(['example_external_task_marker_parent', 'example_external_task_marker_child']) retrieved from /home/airflow/.local/lib/python3.7/site-packages/airflow/example_dags/example_external_task_marker_dag.py
[2022-08-30T12:33:12.293+0000] {logging_mixin.py:115} INFO - [2022-08-30T12:33:12.292+0000] {dag.py:2429} INFO - Sync 2 DAGs
[2022-08-30T12:33:12.311+0000] {logging_mixin.py:115} INFO - [2022-08-30T12:33:12.311+0000] {dag.py:2981} INFO - Setting next_dagrun for example_external_task_marker_child to None, run_after=None
[2022-08-30T12:33:12.314+0000] {logging_mixin.py:115} INFO - [2022-08-30T12:33:12.314+0000] {dag.py:2981} INFO - Setting next_dagrun for example_external_task_marker_parent to None, run_after=None
[2022-08-30T12:33:12.328+0000] {processor.py:161} INFO - Processing /home/airflow/.local/lib/python3.7/site-packages/airflow/example_dags/example_external_task_marker_dag.py took 0.141 seconds
[2022-08-30T12:33:42.937+0000] {processor.py:153} INFO - Started process (PID=2053) to work on /home/airflow/.local/lib/python3.7/site-packages/airflow/example_dags/example_external_task_marker_dag.py
[2022-08-30T12:33:42.939+0000] {processor.py:640} INFO - Processing file /home/airflow/.local/lib/python3.7/site-packages/airflow/example_dags/example_external_task_marker_dag.py for tasks to queue
[2022-08-30T12:33:42.941+0000] {logging_mixin.py:115} INFO - [2022-08-30T12:33:42.940+0000] {dagbag.py:508} INFO - Filling up the DagBag from /home/airflow/.local/lib/python3.7/site-packages/airflow/example_dags/example_external_task_marker_dag.py
[2022-08-30T12:33:42.945+0000] {processor.py:650} INFO - DAG(s) dict_keys(['example_external_task_marker_parent', 'example_external_task_marker_child']) retrieved from /home/airflow/.local/lib/python3.7/site-packages/airflow/example_dags/example_external_task_marker_dag.py
[2022-08-30T12:33:43.044+0000] {logging_mixin.py:115} INFO - [2022-08-30T12:33:43.044+0000] {dag.py:2429} INFO - Sync 2 DAGs
[2022-08-30T12:33:43.057+0000] {logging_mixin.py:115} INFO - [2022-08-30T12:33:43.057+0000] {dag.py:2981} INFO - Setting next_dagrun for example_external_task_marker_child to None, run_after=None
[2022-08-30T12:33:43.058+0000] {logging_mixin.py:115} INFO - [2022-08-30T12:33:43.058+0000] {dag.py:2981} INFO - Setting next_dagrun for example_external_task_marker_parent to None, run_after=None
[2022-08-30T12:33:43.065+0000] {processor.py:161} INFO - Processing /home/airflow/.local/lib/python3.7/site-packages/airflow/example_dags/example_external_task_marker_dag.py took 0.131 seconds
[2022-08-30T12:34:13.685+0000] {processor.py:153} INFO - Started process (PID=2256) to work on /home/airflow/.local/lib/python3.7/site-packages/airflow/example_dags/example_external_task_marker_dag.py
[2022-08-30T12:34:13.686+0000] {processor.py:640} INFO - Processing file /home/airflow/.local/lib/python3.7/site-packages/airflow/example_dags/example_external_task_marker_dag.py for tasks to queue
[2022-08-30T12:34:13.688+0000] {logging_mixin.py:115} INFO - [2022-08-30T12:34:13.687+0000] {dagbag.py:508} INFO - Filling up the DagBag from /home/airflow/.local/lib/python3.7/site-packages/airflow/example_dags/example_external_task_marker_dag.py
[2022-08-30T12:34:13.691+0000] {processor.py:650} INFO - DAG(s) dict_keys(['example_external_task_marker_parent', 'example_external_task_marker_child']) retrieved from /home/airflow/.local/lib/python3.7/site-packages/airflow/example_dags/example_external_task_marker_dag.py
[2022-08-30T12:34:13.798+0000] {logging_mixin.py:115} INFO - [2022-08-30T12:34:13.798+0000] {dag.py:2429} INFO - Sync 2 DAGs
[2022-08-30T12:34:13.811+0000] {logging_mixin.py:115} INFO - [2022-08-30T12:34:13.811+0000] {dag.py:2981} INFO - Setting next_dagrun for example_external_task_marker_child to None, run_after=None
[2022-08-30T12:34:13.812+0000] {logging_mixin.py:115} INFO - [2022-08-30T12:34:13.812+0000] {dag.py:2981} INFO - Setting next_dagrun for example_external_task_marker_parent to None, run_after=None
[2022-08-30T12:34:13.820+0000] {processor.py:161} INFO - Processing /home/airflow/.local/lib/python3.7/site-packages/airflow/example_dags/example_external_task_marker_dag.py took 0.138 seconds
[2022-08-30T12:34:44.389+0000] {processor.py:153} INFO - Started process (PID=2436) to work on /home/airflow/.local/lib/python3.7/site-packages/airflow/example_dags/example_external_task_marker_dag.py
[2022-08-30T12:34:44.390+0000] {processor.py:640} INFO - Processing file /home/airflow/.local/lib/python3.7/site-packages/airflow/example_dags/example_external_task_marker_dag.py for tasks to queue
[2022-08-30T12:34:44.391+0000] {logging_mixin.py:115} INFO - [2022-08-30T12:34:44.391+0000] {dagbag.py:508} INFO - Filling up the DagBag from /home/airflow/.local/lib/python3.7/site-packages/airflow/example_dags/example_external_task_marker_dag.py
[2022-08-30T12:34:44.394+0000] {processor.py:650} INFO - DAG(s) dict_keys(['example_external_task_marker_parent', 'example_external_task_marker_child']) retrieved from /home/airflow/.local/lib/python3.7/site-packages/airflow/example_dags/example_external_task_marker_dag.py
[2022-08-30T12:34:44.484+0000] {logging_mixin.py:115} INFO - [2022-08-30T12:34:44.483+0000] {dag.py:2429} INFO - Sync 2 DAGs
[2022-08-30T12:34:44.496+0000] {logging_mixin.py:115} INFO - [2022-08-30T12:34:44.496+0000] {dag.py:2981} INFO - Setting next_dagrun for example_external_task_marker_child to None, run_after=None
[2022-08-30T12:34:44.497+0000] {logging_mixin.py:115} INFO - [2022-08-30T12:34:44.497+0000] {dag.py:2981} INFO - Setting next_dagrun for example_external_task_marker_parent to None, run_after=None
[2022-08-30T12:34:44.505+0000] {processor.py:161} INFO - Processing /home/airflow/.local/lib/python3.7/site-packages/airflow/example_dags/example_external_task_marker_dag.py took 0.118 seconds
[2022-08-30T12:35:15.144+0000] {processor.py:153} INFO - Started process (PID=2638) to work on /home/airflow/.local/lib/python3.7/site-packages/airflow/example_dags/example_external_task_marker_dag.py
[2022-08-30T12:35:15.145+0000] {processor.py:640} INFO - Processing file /home/airflow/.local/lib/python3.7/site-packages/airflow/example_dags/example_external_task_marker_dag.py for tasks to queue
[2022-08-30T12:35:15.147+0000] {logging_mixin.py:115} INFO - [2022-08-30T12:35:15.147+0000] {dagbag.py:508} INFO - Filling up the DagBag from /home/airflow/.local/lib/python3.7/site-packages/airflow/example_dags/example_external_task_marker_dag.py
[2022-08-30T12:35:15.151+0000] {processor.py:650} INFO - DAG(s) dict_keys(['example_external_task_marker_parent', 'example_external_task_marker_child']) retrieved from /home/airflow/.local/lib/python3.7/site-packages/airflow/example_dags/example_external_task_marker_dag.py
[2022-08-30T12:35:15.250+0000] {logging_mixin.py:115} INFO - [2022-08-30T12:35:15.250+0000] {dag.py:2429} INFO - Sync 2 DAGs
[2022-08-30T12:35:15.267+0000] {logging_mixin.py:115} INFO - [2022-08-30T12:35:15.266+0000] {dag.py:2981} INFO - Setting next_dagrun for example_external_task_marker_child to None, run_after=None
[2022-08-30T12:35:15.268+0000] {logging_mixin.py:115} INFO - [2022-08-30T12:35:15.268+0000] {dag.py:2981} INFO - Setting next_dagrun for example_external_task_marker_parent to None, run_after=None
[2022-08-30T12:35:15.276+0000] {processor.py:161} INFO - Processing /home/airflow/.local/lib/python3.7/site-packages/airflow/example_dags/example_external_task_marker_dag.py took 0.134 seconds
[2022-08-30T12:35:45.921+0000] {processor.py:153} INFO - Started process (PID=2840) to work on /home/airflow/.local/lib/python3.7/site-packages/airflow/example_dags/example_external_task_marker_dag.py
[2022-08-30T12:35:45.923+0000] {processor.py:640} INFO - Processing file /home/airflow/.local/lib/python3.7/site-packages/airflow/example_dags/example_external_task_marker_dag.py for tasks to queue
[2022-08-30T12:35:45.924+0000] {logging_mixin.py:115} INFO - [2022-08-30T12:35:45.924+0000] {dagbag.py:508} INFO - Filling up the DagBag from /home/airflow/.local/lib/python3.7/site-packages/airflow/example_dags/example_external_task_marker_dag.py
[2022-08-30T12:35:45.927+0000] {processor.py:650} INFO - DAG(s) dict_keys(['example_external_task_marker_parent', 'example_external_task_marker_child']) retrieved from /home/airflow/.local/lib/python3.7/site-packages/airflow/example_dags/example_external_task_marker_dag.py
[2022-08-30T12:35:46.023+0000] {logging_mixin.py:115} INFO - [2022-08-30T12:35:46.023+0000] {dag.py:2429} INFO - Sync 2 DAGs
[2022-08-30T12:35:46.038+0000] {logging_mixin.py:115} INFO - [2022-08-30T12:35:46.038+0000] {dag.py:2981} INFO - Setting next_dagrun for example_external_task_marker_child to None, run_after=None
[2022-08-30T12:35:46.039+0000] {logging_mixin.py:115} INFO - [2022-08-30T12:35:46.039+0000] {dag.py:2981} INFO - Setting next_dagrun for example_external_task_marker_parent to None, run_after=None
[2022-08-30T12:35:46.048+0000] {processor.py:161} INFO - Processing /home/airflow/.local/lib/python3.7/site-packages/airflow/example_dags/example_external_task_marker_dag.py took 0.129 seconds
[2022-08-30T12:36:16.795+0000] {processor.py:153} INFO - Started process (PID=3042) to work on /home/airflow/.local/lib/python3.7/site-packages/airflow/example_dags/example_external_task_marker_dag.py
[2022-08-30T12:36:16.796+0000] {processor.py:640} INFO - Processing file /home/airflow/.local/lib/python3.7/site-packages/airflow/example_dags/example_external_task_marker_dag.py for tasks to queue
[2022-08-30T12:36:16.797+0000] {logging_mixin.py:115} INFO - [2022-08-30T12:36:16.797+0000] {dagbag.py:508} INFO - Filling up the DagBag from /home/airflow/.local/lib/python3.7/site-packages/airflow/example_dags/example_external_task_marker_dag.py
[2022-08-30T12:36:16.800+0000] {processor.py:650} INFO - DAG(s) dict_keys(['example_external_task_marker_parent', 'example_external_task_marker_child']) retrieved from /home/airflow/.local/lib/python3.7/site-packages/airflow/example_dags/example_external_task_marker_dag.py
[2022-08-30T12:36:16.892+0000] {logging_mixin.py:115} INFO - [2022-08-30T12:36:16.892+0000] {dag.py:2429} INFO - Sync 2 DAGs
[2022-08-30T12:36:16.905+0000] {logging_mixin.py:115} INFO - [2022-08-30T12:36:16.905+0000] {dag.py:2981} INFO - Setting next_dagrun for example_external_task_marker_child to None, run_after=None
[2022-08-30T12:36:16.907+0000] {logging_mixin.py:115} INFO - [2022-08-30T12:36:16.907+0000] {dag.py:2981} INFO - Setting next_dagrun for example_external_task_marker_parent to None, run_after=None
[2022-08-30T12:36:16.915+0000] {processor.py:161} INFO - Processing /home/airflow/.local/lib/python3.7/site-packages/airflow/example_dags/example_external_task_marker_dag.py took 0.122 seconds
[2022-08-30T12:36:47.762+0000] {processor.py:153} INFO - Started process (PID=3239) to work on /home/airflow/.local/lib/python3.7/site-packages/airflow/example_dags/example_external_task_marker_dag.py
[2022-08-30T12:36:47.763+0000] {processor.py:640} INFO - Processing file /home/airflow/.local/lib/python3.7/site-packages/airflow/example_dags/example_external_task_marker_dag.py for tasks to queue
[2022-08-30T12:36:47.764+0000] {logging_mixin.py:115} INFO - [2022-08-30T12:36:47.764+0000] {dagbag.py:508} INFO - Filling up the DagBag from /home/airflow/.local/lib/python3.7/site-packages/airflow/example_dags/example_external_task_marker_dag.py
[2022-08-30T12:36:47.767+0000] {processor.py:650} INFO - DAG(s) dict_keys(['example_external_task_marker_parent', 'example_external_task_marker_child']) retrieved from /home/airflow/.local/lib/python3.7/site-packages/airflow/example_dags/example_external_task_marker_dag.py
[2022-08-30T12:36:47.858+0000] {logging_mixin.py:115} INFO - [2022-08-30T12:36:47.858+0000] {dag.py:2429} INFO - Sync 2 DAGs
[2022-08-30T12:36:47.872+0000] {logging_mixin.py:115} INFO - [2022-08-30T12:36:47.871+0000] {dag.py:2981} INFO - Setting next_dagrun for example_external_task_marker_child to None, run_after=None
[2022-08-30T12:36:47.873+0000] {logging_mixin.py:115} INFO - [2022-08-30T12:36:47.873+0000] {dag.py:2981} INFO - Setting next_dagrun for example_external_task_marker_parent to None, run_after=None
[2022-08-30T12:36:47.880+0000] {processor.py:161} INFO - Processing /home/airflow/.local/lib/python3.7/site-packages/airflow/example_dags/example_external_task_marker_dag.py took 0.121 seconds
[2022-08-30T12:37:18.342+0000] {processor.py:153} INFO - Started process (PID=3439) to work on /home/airflow/.local/lib/python3.7/site-packages/airflow/example_dags/example_external_task_marker_dag.py
[2022-08-30T12:37:18.344+0000] {processor.py:640} INFO - Processing file /home/airflow/.local/lib/python3.7/site-packages/airflow/example_dags/example_external_task_marker_dag.py for tasks to queue
[2022-08-30T12:37:18.345+0000] {logging_mixin.py:115} INFO - [2022-08-30T12:37:18.345+0000] {dagbag.py:508} INFO - Filling up the DagBag from /home/airflow/.local/lib/python3.7/site-packages/airflow/example_dags/example_external_task_marker_dag.py
[2022-08-30T12:37:18.348+0000] {processor.py:650} INFO - DAG(s) dict_keys(['example_external_task_marker_parent', 'example_external_task_marker_child']) retrieved from /home/airflow/.local/lib/python3.7/site-packages/airflow/example_dags/example_external_task_marker_dag.py
[2022-08-30T12:37:18.447+0000] {logging_mixin.py:115} INFO - [2022-08-30T12:37:18.447+0000] {dag.py:2429} INFO - Sync 2 DAGs
[2022-08-30T12:37:18.460+0000] {logging_mixin.py:115} INFO - [2022-08-30T12:37:18.460+0000] {dag.py:2981} INFO - Setting next_dagrun for example_external_task_marker_child to None, run_after=None
[2022-08-30T12:37:18.461+0000] {logging_mixin.py:115} INFO - [2022-08-30T12:37:18.461+0000] {dag.py:2981} INFO - Setting next_dagrun for example_external_task_marker_parent to None, run_after=None
[2022-08-30T12:37:18.470+0000] {processor.py:161} INFO - Processing /home/airflow/.local/lib/python3.7/site-packages/airflow/example_dags/example_external_task_marker_dag.py took 0.130 seconds
[2022-08-30T12:37:49.197+0000] {processor.py:153} INFO - Started process (PID=3640) to work on /home/airflow/.local/lib/python3.7/site-packages/airflow/example_dags/example_external_task_marker_dag.py
[2022-08-30T12:37:49.198+0000] {processor.py:640} INFO - Processing file /home/airflow/.local/lib/python3.7/site-packages/airflow/example_dags/example_external_task_marker_dag.py for tasks to queue
[2022-08-30T12:37:49.201+0000] {logging_mixin.py:115} INFO - [2022-08-30T12:37:49.201+0000] {dagbag.py:508} INFO - Filling up the DagBag from /home/airflow/.local/lib/python3.7/site-packages/airflow/example_dags/example_external_task_marker_dag.py
[2022-08-30T12:37:49.204+0000] {processor.py:650} INFO - DAG(s) dict_keys(['example_external_task_marker_parent', 'example_external_task_marker_child']) retrieved from /home/airflow/.local/lib/python3.7/site-packages/airflow/example_dags/example_external_task_marker_dag.py
[2022-08-30T12:37:49.294+0000] {logging_mixin.py:115} INFO - [2022-08-30T12:37:49.293+0000] {dag.py:2429} INFO - Sync 2 DAGs
[2022-08-30T12:37:49.306+0000] {logging_mixin.py:115} INFO - [2022-08-30T12:37:49.306+0000] {dag.py:2981} INFO - Setting next_dagrun for example_external_task_marker_child to None, run_after=None
[2022-08-30T12:37:49.307+0000] {logging_mixin.py:115} INFO - [2022-08-30T12:37:49.307+0000] {dag.py:2981} INFO - Setting next_dagrun for example_external_task_marker_parent to None, run_after=None
[2022-08-30T12:37:49.315+0000] {processor.py:161} INFO - Processing /home/airflow/.local/lib/python3.7/site-packages/airflow/example_dags/example_external_task_marker_dag.py took 0.121 seconds
[2022-08-30T12:40:04.684+0000] {processor.py:153} INFO - Started process (PID=252) to work on /home/airflow/.local/lib/python3.7/site-packages/airflow/example_dags/example_external_task_marker_dag.py
[2022-08-30T12:40:04.688+0000] {processor.py:640} INFO - Processing file /home/airflow/.local/lib/python3.7/site-packages/airflow/example_dags/example_external_task_marker_dag.py for tasks to queue
[2022-08-30T12:40:04.694+0000] {logging_mixin.py:115} INFO - [2022-08-30T12:40:04.694+0000] {dagbag.py:508} INFO - Filling up the DagBag from /home/airflow/.local/lib/python3.7/site-packages/airflow/example_dags/example_external_task_marker_dag.py
[2022-08-30T12:40:04.748+0000] {processor.py:650} INFO - DAG(s) dict_keys(['example_external_task_marker_parent', 'example_external_task_marker_child']) retrieved from /home/airflow/.local/lib/python3.7/site-packages/airflow/example_dags/example_external_task_marker_dag.py
[2022-08-30T12:40:05.259+0000] {logging_mixin.py:115} INFO - [2022-08-30T12:40:05.244+0000] {manager.py:508} INFO - Created Permission View: can edit on DAG:example_external_task_marker_parent
[2022-08-30T12:40:06.434+0000] {logging_mixin.py:115} INFO - [2022-08-30T12:40:06.434+0000] {manager.py:508} INFO - Created Permission View: can read on DAG:example_external_task_marker_parent
[2022-08-30T12:40:06.451+0000] {logging_mixin.py:115} INFO - [2022-08-30T12:40:06.450+0000] {manager.py:508} INFO - Created Permission View: can delete on DAG:example_external_task_marker_parent
[2022-08-30T12:40:07.952+0000] {logging_mixin.py:115} INFO - [2022-08-30T12:40:07.951+0000] {manager.py:508} INFO - Created Permission View: can edit on DAG:example_external_task_marker_child
[2022-08-30T12:40:07.996+0000] {logging_mixin.py:115} INFO - [2022-08-30T12:40:07.996+0000] {manager.py:508} INFO - Created Permission View: can read on DAG:example_external_task_marker_child
[2022-08-30T12:40:08.483+0000] {logging_mixin.py:115} INFO - [2022-08-30T12:40:08.483+0000] {manager.py:508} INFO - Created Permission View: can delete on DAG:example_external_task_marker_child
[2022-08-30T12:40:08.486+0000] {logging_mixin.py:115} INFO - [2022-08-30T12:40:08.485+0000] {dag.py:2429} INFO - Sync 2 DAGs
[2022-08-30T12:40:08.500+0000] {logging_mixin.py:115} INFO - [2022-08-30T12:40:08.499+0000] {dag.py:2448} INFO - Creating ORM DAG for example_external_task_marker_parent
[2022-08-30T12:40:08.502+0000] {logging_mixin.py:115} INFO - [2022-08-30T12:40:08.502+0000] {dag.py:2448} INFO - Creating ORM DAG for example_external_task_marker_child
[2022-08-30T12:40:08.518+0000] {logging_mixin.py:115} INFO - [2022-08-30T12:40:08.518+0000] {dag.py:2981} INFO - Setting next_dagrun for example_external_task_marker_child to None, run_after=None
[2022-08-30T12:40:08.521+0000] {logging_mixin.py:115} INFO - [2022-08-30T12:40:08.521+0000] {dag.py:2981} INFO - Setting next_dagrun for example_external_task_marker_parent to None, run_after=None
[2022-08-30T12:40:08.554+0000] {processor.py:161} INFO - Processing /home/airflow/.local/lib/python3.7/site-packages/airflow/example_dags/example_external_task_marker_dag.py took 3.889 seconds
[2022-08-30T12:42:15.508+0000] {processor.py:153} INFO - Started process (PID=239) to work on /home/airflow/.local/lib/python3.7/site-packages/airflow/example_dags/example_external_task_marker_dag.py
[2022-08-30T12:42:15.510+0000] {processor.py:640} INFO - Processing file /home/airflow/.local/lib/python3.7/site-packages/airflow/example_dags/example_external_task_marker_dag.py for tasks to queue
[2022-08-30T12:42:15.511+0000] {logging_mixin.py:115} INFO - [2022-08-30T12:42:15.511+0000] {dagbag.py:508} INFO - Filling up the DagBag from /home/airflow/.local/lib/python3.7/site-packages/airflow/example_dags/example_external_task_marker_dag.py
[2022-08-30T12:42:15.514+0000] {processor.py:650} INFO - DAG(s) dict_keys(['example_external_task_marker_parent', 'example_external_task_marker_child']) retrieved from /home/airflow/.local/lib/python3.7/site-packages/airflow/example_dags/example_external_task_marker_dag.py
[2022-08-30T12:42:15.621+0000] {logging_mixin.py:115} INFO - [2022-08-30T12:42:15.621+0000] {dag.py:2429} INFO - Sync 2 DAGs
[2022-08-30T12:42:15.634+0000] {logging_mixin.py:115} INFO - [2022-08-30T12:42:15.634+0000] {dag.py:2981} INFO - Setting next_dagrun for example_external_task_marker_child to None, run_after=None
[2022-08-30T12:42:15.636+0000] {logging_mixin.py:115} INFO - [2022-08-30T12:42:15.635+0000] {dag.py:2981} INFO - Setting next_dagrun for example_external_task_marker_parent to None, run_after=None
[2022-08-30T12:42:15.645+0000] {processor.py:161} INFO - Processing /home/airflow/.local/lib/python3.7/site-packages/airflow/example_dags/example_external_task_marker_dag.py took 0.138 seconds
[2022-08-30T12:42:46.281+0000] {processor.py:153} INFO - Started process (PID=441) to work on /home/airflow/.local/lib/python3.7/site-packages/airflow/example_dags/example_external_task_marker_dag.py
[2022-08-30T12:42:46.282+0000] {processor.py:640} INFO - Processing file /home/airflow/.local/lib/python3.7/site-packages/airflow/example_dags/example_external_task_marker_dag.py for tasks to queue
[2022-08-30T12:42:46.284+0000] {logging_mixin.py:115} INFO - [2022-08-30T12:42:46.284+0000] {dagbag.py:508} INFO - Filling up the DagBag from /home/airflow/.local/lib/python3.7/site-packages/airflow/example_dags/example_external_task_marker_dag.py
[2022-08-30T12:42:46.288+0000] {processor.py:650} INFO - DAG(s) dict_keys(['example_external_task_marker_parent', 'example_external_task_marker_child']) retrieved from /home/airflow/.local/lib/python3.7/site-packages/airflow/example_dags/example_external_task_marker_dag.py
[2022-08-30T12:42:46.494+0000] {logging_mixin.py:115} INFO - [2022-08-30T12:42:46.494+0000] {dag.py:2429} INFO - Sync 2 DAGs
[2022-08-30T12:42:46.508+0000] {logging_mixin.py:115} INFO - [2022-08-30T12:42:46.508+0000] {dag.py:2981} INFO - Setting next_dagrun for example_external_task_marker_child to None, run_after=None
[2022-08-30T12:42:46.509+0000] {logging_mixin.py:115} INFO - [2022-08-30T12:42:46.509+0000] {dag.py:2981} INFO - Setting next_dagrun for example_external_task_marker_parent to None, run_after=None
[2022-08-30T12:42:46.517+0000] {processor.py:161} INFO - Processing /home/airflow/.local/lib/python3.7/site-packages/airflow/example_dags/example_external_task_marker_dag.py took 0.238 seconds
[2022-08-30T12:43:17.398+0000] {processor.py:153} INFO - Started process (PID=652) to work on /home/airflow/.local/lib/python3.7/site-packages/airflow/example_dags/example_external_task_marker_dag.py
[2022-08-30T12:43:17.400+0000] {processor.py:640} INFO - Processing file /home/airflow/.local/lib/python3.7/site-packages/airflow/example_dags/example_external_task_marker_dag.py for tasks to queue
[2022-08-30T12:43:17.401+0000] {logging_mixin.py:115} INFO - [2022-08-30T12:43:17.401+0000] {dagbag.py:508} INFO - Filling up the DagBag from /home/airflow/.local/lib/python3.7/site-packages/airflow/example_dags/example_external_task_marker_dag.py
[2022-08-30T12:43:17.406+0000] {processor.py:650} INFO - DAG(s) dict_keys(['example_external_task_marker_parent', 'example_external_task_marker_child']) retrieved from /home/airflow/.local/lib/python3.7/site-packages/airflow/example_dags/example_external_task_marker_dag.py
[2022-08-30T12:43:17.505+0000] {logging_mixin.py:115} INFO - [2022-08-30T12:43:17.505+0000] {dag.py:2429} INFO - Sync 2 DAGs
[2022-08-30T12:43:17.518+0000] {logging_mixin.py:115} INFO - [2022-08-30T12:43:17.518+0000] {dag.py:2981} INFO - Setting next_dagrun for example_external_task_marker_child to None, run_after=None
[2022-08-30T12:43:17.519+0000] {logging_mixin.py:115} INFO - [2022-08-30T12:43:17.519+0000] {dag.py:2981} INFO - Setting next_dagrun for example_external_task_marker_parent to None, run_after=None
[2022-08-30T12:43:17.525+0000] {processor.py:161} INFO - Processing /home/airflow/.local/lib/python3.7/site-packages/airflow/example_dags/example_external_task_marker_dag.py took 0.129 seconds
[2022-08-30T12:43:48.015+0000] {processor.py:153} INFO - Started process (PID=835) to work on /home/airflow/.local/lib/python3.7/site-packages/airflow/example_dags/example_external_task_marker_dag.py
[2022-08-30T12:43:48.017+0000] {processor.py:640} INFO - Processing file /home/airflow/.local/lib/python3.7/site-packages/airflow/example_dags/example_external_task_marker_dag.py for tasks to queue
[2022-08-30T12:43:48.018+0000] {logging_mixin.py:115} INFO - [2022-08-30T12:43:48.018+0000] {dagbag.py:508} INFO - Filling up the DagBag from /home/airflow/.local/lib/python3.7/site-packages/airflow/example_dags/example_external_task_marker_dag.py
[2022-08-30T12:43:48.021+0000] {processor.py:650} INFO - DAG(s) dict_keys(['example_external_task_marker_parent', 'example_external_task_marker_child']) retrieved from /home/airflow/.local/lib/python3.7/site-packages/airflow/example_dags/example_external_task_marker_dag.py
[2022-08-30T12:43:48.116+0000] {logging_mixin.py:115} INFO - [2022-08-30T12:43:48.116+0000] {dag.py:2429} INFO - Sync 2 DAGs
[2022-08-30T12:43:48.131+0000] {logging_mixin.py:115} INFO - [2022-08-30T12:43:48.131+0000] {dag.py:2981} INFO - Setting next_dagrun for example_external_task_marker_child to None, run_after=None
[2022-08-30T12:43:48.132+0000] {logging_mixin.py:115} INFO - [2022-08-30T12:43:48.132+0000] {dag.py:2981} INFO - Setting next_dagrun for example_external_task_marker_parent to None, run_after=None
[2022-08-30T12:43:48.140+0000] {processor.py:161} INFO - Processing /home/airflow/.local/lib/python3.7/site-packages/airflow/example_dags/example_external_task_marker_dag.py took 0.127 seconds
[2022-08-30T12:44:18.848+0000] {processor.py:153} INFO - Started process (PID=1042) to work on /home/airflow/.local/lib/python3.7/site-packages/airflow/example_dags/example_external_task_marker_dag.py
[2022-08-30T12:44:18.849+0000] {processor.py:640} INFO - Processing file /home/airflow/.local/lib/python3.7/site-packages/airflow/example_dags/example_external_task_marker_dag.py for tasks to queue
[2022-08-30T12:44:18.850+0000] {logging_mixin.py:115} INFO - [2022-08-30T12:44:18.850+0000] {dagbag.py:508} INFO - Filling up the DagBag from /home/airflow/.local/lib/python3.7/site-packages/airflow/example_dags/example_external_task_marker_dag.py
[2022-08-30T12:44:18.853+0000] {processor.py:650} INFO - DAG(s) dict_keys(['example_external_task_marker_parent', 'example_external_task_marker_child']) retrieved from /home/airflow/.local/lib/python3.7/site-packages/airflow/example_dags/example_external_task_marker_dag.py
[2022-08-30T12:44:18.942+0000] {logging_mixin.py:115} INFO - [2022-08-30T12:44:18.942+0000] {dag.py:2429} INFO - Sync 2 DAGs
[2022-08-30T12:44:18.955+0000] {logging_mixin.py:115} INFO - [2022-08-30T12:44:18.954+0000] {dag.py:2981} INFO - Setting next_dagrun for example_external_task_marker_child to None, run_after=None
[2022-08-30T12:44:18.956+0000] {logging_mixin.py:115} INFO - [2022-08-30T12:44:18.955+0000] {dag.py:2981} INFO - Setting next_dagrun for example_external_task_marker_parent to None, run_after=None
[2022-08-30T12:44:18.964+0000] {processor.py:161} INFO - Processing /home/airflow/.local/lib/python3.7/site-packages/airflow/example_dags/example_external_task_marker_dag.py took 0.118 seconds
[2022-08-30T12:44:49.524+0000] {processor.py:153} INFO - Started process (PID=1239) to work on /home/airflow/.local/lib/python3.7/site-packages/airflow/example_dags/example_external_task_marker_dag.py
[2022-08-30T12:44:49.525+0000] {processor.py:640} INFO - Processing file /home/airflow/.local/lib/python3.7/site-packages/airflow/example_dags/example_external_task_marker_dag.py for tasks to queue
[2022-08-30T12:44:49.526+0000] {logging_mixin.py:115} INFO - [2022-08-30T12:44:49.526+0000] {dagbag.py:508} INFO - Filling up the DagBag from /home/airflow/.local/lib/python3.7/site-packages/airflow/example_dags/example_external_task_marker_dag.py
[2022-08-30T12:44:49.530+0000] {processor.py:650} INFO - DAG(s) dict_keys(['example_external_task_marker_parent', 'example_external_task_marker_child']) retrieved from /home/airflow/.local/lib/python3.7/site-packages/airflow/example_dags/example_external_task_marker_dag.py
[2022-08-30T12:44:49.626+0000] {logging_mixin.py:115} INFO - [2022-08-30T12:44:49.626+0000] {dag.py:2429} INFO - Sync 2 DAGs
[2022-08-30T12:44:49.639+0000] {logging_mixin.py:115} INFO - [2022-08-30T12:44:49.639+0000] {dag.py:2981} INFO - Setting next_dagrun for example_external_task_marker_child to None, run_after=None
[2022-08-30T12:44:49.640+0000] {logging_mixin.py:115} INFO - [2022-08-30T12:44:49.640+0000] {dag.py:2981} INFO - Setting next_dagrun for example_external_task_marker_parent to None, run_after=None
[2022-08-30T12:44:49.647+0000] {processor.py:161} INFO - Processing /home/airflow/.local/lib/python3.7/site-packages/airflow/example_dags/example_external_task_marker_dag.py took 0.125 seconds
