[2022-08-30T12:27:45.495+0000] {processor.py:153} INFO - Started process (PID=168) to work on /home/airflow/.local/lib/python3.7/site-packages/airflow/example_dags/example_branch_python_dop_operator_3.py
[2022-08-30T12:27:45.497+0000] {processor.py:640} INFO - Processing file /home/airflow/.local/lib/python3.7/site-packages/airflow/example_dags/example_branch_python_dop_operator_3.py for tasks to queue
[2022-08-30T12:27:45.498+0000] {logging_mixin.py:115} INFO - [2022-08-30T12:27:45.498+0000] {dagbag.py:508} INFO - Filling up the DagBag from /home/airflow/.local/lib/python3.7/site-packages/airflow/example_dags/example_branch_python_dop_operator_3.py
[2022-08-30T12:27:45.514+0000] {processor.py:650} INFO - DAG(s) dict_keys(['example_branch_dop_operator_v3']) retrieved from /home/airflow/.local/lib/python3.7/site-packages/airflow/example_dags/example_branch_python_dop_operator_3.py
[2022-08-30T12:27:45.604+0000] {logging_mixin.py:115} INFO - [2022-08-30T12:27:45.604+0000] {manager.py:508} INFO - Created Permission View: can read on DAG:example_branch_dop_operator_v3
[2022-08-30T12:27:45.611+0000] {logging_mixin.py:115} INFO - [2022-08-30T12:27:45.611+0000] {manager.py:508} INFO - Created Permission View: can edit on DAG:example_branch_dop_operator_v3
[2022-08-30T12:27:45.616+0000] {logging_mixin.py:115} INFO - [2022-08-30T12:27:45.616+0000] {manager.py:508} INFO - Created Permission View: can delete on DAG:example_branch_dop_operator_v3
[2022-08-30T12:27:45.617+0000] {logging_mixin.py:115} INFO - [2022-08-30T12:27:45.617+0000] {dag.py:2429} INFO - Sync 1 DAGs
[2022-08-30T12:27:45.622+0000] {logging_mixin.py:115} INFO - [2022-08-30T12:27:45.622+0000] {dag.py:2448} INFO - Creating ORM DAG for example_branch_dop_operator_v3
[2022-08-30T12:27:45.634+0000] {logging_mixin.py:115} INFO - [2022-08-30T12:27:45.634+0000] {dag.py:2981} INFO - Setting next_dagrun for example_branch_dop_operator_v3 to 2022-08-30T12:26:00+00:00, run_after=2022-08-30T12:27:00+00:00
[2022-08-30T12:27:45.644+0000] {processor.py:161} INFO - Processing /home/airflow/.local/lib/python3.7/site-packages/airflow/example_dags/example_branch_python_dop_operator_3.py took 0.152 seconds
[2022-08-30T12:28:16.574+0000] {processor.py:153} INFO - Started process (PID=370) to work on /home/airflow/.local/lib/python3.7/site-packages/airflow/example_dags/example_branch_python_dop_operator_3.py
[2022-08-30T12:28:16.577+0000] {processor.py:640} INFO - Processing file /home/airflow/.local/lib/python3.7/site-packages/airflow/example_dags/example_branch_python_dop_operator_3.py for tasks to queue
[2022-08-30T12:28:16.579+0000] {logging_mixin.py:115} INFO - [2022-08-30T12:28:16.579+0000] {dagbag.py:508} INFO - Filling up the DagBag from /home/airflow/.local/lib/python3.7/site-packages/airflow/example_dags/example_branch_python_dop_operator_3.py
[2022-08-30T12:28:16.622+0000] {processor.py:650} INFO - DAG(s) dict_keys(['example_branch_dop_operator_v3']) retrieved from /home/airflow/.local/lib/python3.7/site-packages/airflow/example_dags/example_branch_python_dop_operator_3.py
[2022-08-30T12:28:16.693+0000] {logging_mixin.py:115} INFO - [2022-08-30T12:28:16.693+0000] {dag.py:2429} INFO - Sync 1 DAGs
[2022-08-30T12:28:16.761+0000] {logging_mixin.py:115} INFO - [2022-08-30T12:28:16.761+0000] {dag.py:2981} INFO - Setting next_dagrun for example_branch_dop_operator_v3 to 2022-08-30T12:27:00+00:00, run_after=2022-08-30T12:28:00+00:00
[2022-08-30T12:28:16.777+0000] {processor.py:161} INFO - Processing /home/airflow/.local/lib/python3.7/site-packages/airflow/example_dags/example_branch_python_dop_operator_3.py took 0.207 seconds
[2022-08-30T12:29:05.109+0000] {processor.py:153} INFO - Started process (PID=168) to work on /home/airflow/.local/lib/python3.7/site-packages/airflow/example_dags/example_branch_python_dop_operator_3.py
[2022-08-30T12:29:05.111+0000] {processor.py:640} INFO - Processing file /home/airflow/.local/lib/python3.7/site-packages/airflow/example_dags/example_branch_python_dop_operator_3.py for tasks to queue
[2022-08-30T12:29:05.113+0000] {logging_mixin.py:115} INFO - [2022-08-30T12:29:05.113+0000] {dagbag.py:508} INFO - Filling up the DagBag from /home/airflow/.local/lib/python3.7/site-packages/airflow/example_dags/example_branch_python_dop_operator_3.py
[2022-08-30T12:29:05.129+0000] {processor.py:650} INFO - DAG(s) dict_keys(['example_branch_dop_operator_v3']) retrieved from /home/airflow/.local/lib/python3.7/site-packages/airflow/example_dags/example_branch_python_dop_operator_3.py
[2022-08-30T12:29:05.164+0000] {logging_mixin.py:115} INFO - [2022-08-30T12:29:05.164+0000] {dag.py:2429} INFO - Sync 1 DAGs
[2022-08-30T12:29:05.231+0000] {logging_mixin.py:115} INFO - [2022-08-30T12:29:05.231+0000] {dag.py:2981} INFO - Setting next_dagrun for example_branch_dop_operator_v3 to 2022-08-30T12:28:00+00:00, run_after=2022-08-30T12:29:00+00:00
[2022-08-30T12:29:05.245+0000] {processor.py:161} INFO - Processing /home/airflow/.local/lib/python3.7/site-packages/airflow/example_dags/example_branch_python_dop_operator_3.py took 0.139 seconds
[2022-08-30T12:29:35.299+0000] {processor.py:153} INFO - Started process (PID=375) to work on /home/airflow/.local/lib/python3.7/site-packages/airflow/example_dags/example_branch_python_dop_operator_3.py
[2022-08-30T12:29:35.300+0000] {processor.py:640} INFO - Processing file /home/airflow/.local/lib/python3.7/site-packages/airflow/example_dags/example_branch_python_dop_operator_3.py for tasks to queue
[2022-08-30T12:29:35.302+0000] {logging_mixin.py:115} INFO - [2022-08-30T12:29:35.302+0000] {dagbag.py:508} INFO - Filling up the DagBag from /home/airflow/.local/lib/python3.7/site-packages/airflow/example_dags/example_branch_python_dop_operator_3.py
[2022-08-30T12:29:35.310+0000] {processor.py:650} INFO - DAG(s) dict_keys(['example_branch_dop_operator_v3']) retrieved from /home/airflow/.local/lib/python3.7/site-packages/airflow/example_dags/example_branch_python_dop_operator_3.py
[2022-08-30T12:29:35.333+0000] {logging_mixin.py:115} INFO - [2022-08-30T12:29:35.333+0000] {dag.py:2429} INFO - Sync 1 DAGs
[2022-08-30T12:29:35.350+0000] {logging_mixin.py:115} INFO - [2022-08-30T12:29:35.350+0000] {dag.py:2981} INFO - Setting next_dagrun for example_branch_dop_operator_v3 to 2022-08-30T12:28:00+00:00, run_after=2022-08-30T12:29:00+00:00
[2022-08-30T12:29:35.358+0000] {processor.py:161} INFO - Processing /home/airflow/.local/lib/python3.7/site-packages/airflow/example_dags/example_branch_python_dop_operator_3.py took 0.061 seconds
[2022-08-30T12:30:05.966+0000] {processor.py:153} INFO - Started process (PID=576) to work on /home/airflow/.local/lib/python3.7/site-packages/airflow/example_dags/example_branch_python_dop_operator_3.py
[2022-08-30T12:30:05.968+0000] {processor.py:640} INFO - Processing file /home/airflow/.local/lib/python3.7/site-packages/airflow/example_dags/example_branch_python_dop_operator_3.py for tasks to queue
[2022-08-30T12:30:05.969+0000] {logging_mixin.py:115} INFO - [2022-08-30T12:30:05.969+0000] {dagbag.py:508} INFO - Filling up the DagBag from /home/airflow/.local/lib/python3.7/site-packages/airflow/example_dags/example_branch_python_dop_operator_3.py
[2022-08-30T12:30:05.976+0000] {processor.py:650} INFO - DAG(s) dict_keys(['example_branch_dop_operator_v3']) retrieved from /home/airflow/.local/lib/python3.7/site-packages/airflow/example_dags/example_branch_python_dop_operator_3.py
[2022-08-30T12:30:05.998+0000] {logging_mixin.py:115} INFO - [2022-08-30T12:30:05.998+0000] {dag.py:2429} INFO - Sync 1 DAGs
[2022-08-30T12:30:06.016+0000] {logging_mixin.py:115} INFO - [2022-08-30T12:30:06.016+0000] {dag.py:2981} INFO - Setting next_dagrun for example_branch_dop_operator_v3 to 2022-08-30T12:29:00+00:00, run_after=2022-08-30T12:30:00+00:00
[2022-08-30T12:30:06.027+0000] {processor.py:161} INFO - Processing /home/airflow/.local/lib/python3.7/site-packages/airflow/example_dags/example_branch_python_dop_operator_3.py took 0.063 seconds
[2022-08-30T12:30:36.825+0000] {processor.py:153} INFO - Started process (PID=766) to work on /home/airflow/.local/lib/python3.7/site-packages/airflow/example_dags/example_branch_python_dop_operator_3.py
[2022-08-30T12:30:36.827+0000] {processor.py:640} INFO - Processing file /home/airflow/.local/lib/python3.7/site-packages/airflow/example_dags/example_branch_python_dop_operator_3.py for tasks to queue
[2022-08-30T12:30:36.830+0000] {logging_mixin.py:115} INFO - [2022-08-30T12:30:36.830+0000] {dagbag.py:508} INFO - Filling up the DagBag from /home/airflow/.local/lib/python3.7/site-packages/airflow/example_dags/example_branch_python_dop_operator_3.py
[2022-08-30T12:30:36.839+0000] {processor.py:650} INFO - DAG(s) dict_keys(['example_branch_dop_operator_v3']) retrieved from /home/airflow/.local/lib/python3.7/site-packages/airflow/example_dags/example_branch_python_dop_operator_3.py
[2022-08-30T12:30:36.861+0000] {logging_mixin.py:115} INFO - [2022-08-30T12:30:36.861+0000] {dag.py:2429} INFO - Sync 1 DAGs
[2022-08-30T12:30:36.876+0000] {logging_mixin.py:115} INFO - [2022-08-30T12:30:36.876+0000] {dag.py:2981} INFO - Setting next_dagrun for example_branch_dop_operator_v3 to 2022-08-30T12:29:00+00:00, run_after=2022-08-30T12:30:00+00:00
[2022-08-30T12:30:36.884+0000] {processor.py:161} INFO - Processing /home/airflow/.local/lib/python3.7/site-packages/airflow/example_dags/example_branch_python_dop_operator_3.py took 0.063 seconds
[2022-08-30T12:31:07.635+0000] {processor.py:153} INFO - Started process (PID=969) to work on /home/airflow/.local/lib/python3.7/site-packages/airflow/example_dags/example_branch_python_dop_operator_3.py
[2022-08-30T12:31:07.637+0000] {processor.py:640} INFO - Processing file /home/airflow/.local/lib/python3.7/site-packages/airflow/example_dags/example_branch_python_dop_operator_3.py for tasks to queue
[2022-08-30T12:31:07.639+0000] {logging_mixin.py:115} INFO - [2022-08-30T12:31:07.639+0000] {dagbag.py:508} INFO - Filling up the DagBag from /home/airflow/.local/lib/python3.7/site-packages/airflow/example_dags/example_branch_python_dop_operator_3.py
[2022-08-30T12:31:07.648+0000] {processor.py:650} INFO - DAG(s) dict_keys(['example_branch_dop_operator_v3']) retrieved from /home/airflow/.local/lib/python3.7/site-packages/airflow/example_dags/example_branch_python_dop_operator_3.py
[2022-08-30T12:31:07.670+0000] {logging_mixin.py:115} INFO - [2022-08-30T12:31:07.669+0000] {dag.py:2429} INFO - Sync 1 DAGs
[2022-08-30T12:31:07.684+0000] {logging_mixin.py:115} INFO - [2022-08-30T12:31:07.684+0000] {dag.py:2981} INFO - Setting next_dagrun for example_branch_dop_operator_v3 to 2022-08-30T12:30:00+00:00, run_after=2022-08-30T12:31:00+00:00
[2022-08-30T12:31:07.693+0000] {processor.py:161} INFO - Processing /home/airflow/.local/lib/python3.7/site-packages/airflow/example_dags/example_branch_python_dop_operator_3.py took 0.061 seconds
[2022-08-30T12:31:38.342+0000] {processor.py:153} INFO - Started process (PID=1170) to work on /home/airflow/.local/lib/python3.7/site-packages/airflow/example_dags/example_branch_python_dop_operator_3.py
[2022-08-30T12:31:38.344+0000] {processor.py:640} INFO - Processing file /home/airflow/.local/lib/python3.7/site-packages/airflow/example_dags/example_branch_python_dop_operator_3.py for tasks to queue
[2022-08-30T12:31:38.346+0000] {logging_mixin.py:115} INFO - [2022-08-30T12:31:38.346+0000] {dagbag.py:508} INFO - Filling up the DagBag from /home/airflow/.local/lib/python3.7/site-packages/airflow/example_dags/example_branch_python_dop_operator_3.py
[2022-08-30T12:31:38.355+0000] {processor.py:650} INFO - DAG(s) dict_keys(['example_branch_dop_operator_v3']) retrieved from /home/airflow/.local/lib/python3.7/site-packages/airflow/example_dags/example_branch_python_dop_operator_3.py
[2022-08-30T12:31:38.376+0000] {logging_mixin.py:115} INFO - [2022-08-30T12:31:38.376+0000] {dag.py:2429} INFO - Sync 1 DAGs
[2022-08-30T12:31:38.390+0000] {logging_mixin.py:115} INFO - [2022-08-30T12:31:38.390+0000] {dag.py:2981} INFO - Setting next_dagrun for example_branch_dop_operator_v3 to 2022-08-30T12:30:00+00:00, run_after=2022-08-30T12:31:00+00:00
[2022-08-30T12:31:38.398+0000] {processor.py:161} INFO - Processing /home/airflow/.local/lib/python3.7/site-packages/airflow/example_dags/example_branch_python_dop_operator_3.py took 0.059 seconds
[2022-08-30T12:32:08.907+0000] {processor.py:153} INFO - Started process (PID=1370) to work on /home/airflow/.local/lib/python3.7/site-packages/airflow/example_dags/example_branch_python_dop_operator_3.py
[2022-08-30T12:32:08.909+0000] {processor.py:640} INFO - Processing file /home/airflow/.local/lib/python3.7/site-packages/airflow/example_dags/example_branch_python_dop_operator_3.py for tasks to queue
[2022-08-30T12:32:08.910+0000] {logging_mixin.py:115} INFO - [2022-08-30T12:32:08.910+0000] {dagbag.py:508} INFO - Filling up the DagBag from /home/airflow/.local/lib/python3.7/site-packages/airflow/example_dags/example_branch_python_dop_operator_3.py
[2022-08-30T12:32:08.919+0000] {processor.py:650} INFO - DAG(s) dict_keys(['example_branch_dop_operator_v3']) retrieved from /home/airflow/.local/lib/python3.7/site-packages/airflow/example_dags/example_branch_python_dop_operator_3.py
[2022-08-30T12:32:08.939+0000] {logging_mixin.py:115} INFO - [2022-08-30T12:32:08.939+0000] {dag.py:2429} INFO - Sync 1 DAGs
[2022-08-30T12:32:08.953+0000] {logging_mixin.py:115} INFO - [2022-08-30T12:32:08.953+0000] {dag.py:2981} INFO - Setting next_dagrun for example_branch_dop_operator_v3 to 2022-08-30T12:31:00+00:00, run_after=2022-08-30T12:32:00+00:00
[2022-08-30T12:32:08.960+0000] {processor.py:161} INFO - Processing /home/airflow/.local/lib/python3.7/site-packages/airflow/example_dags/example_branch_python_dop_operator_3.py took 0.057 seconds
[2022-08-30T12:32:39.680+0000] {processor.py:153} INFO - Started process (PID=1573) to work on /home/airflow/.local/lib/python3.7/site-packages/airflow/example_dags/example_branch_python_dop_operator_3.py
[2022-08-30T12:32:39.682+0000] {processor.py:640} INFO - Processing file /home/airflow/.local/lib/python3.7/site-packages/airflow/example_dags/example_branch_python_dop_operator_3.py for tasks to queue
[2022-08-30T12:32:39.684+0000] {logging_mixin.py:115} INFO - [2022-08-30T12:32:39.684+0000] {dagbag.py:508} INFO - Filling up the DagBag from /home/airflow/.local/lib/python3.7/site-packages/airflow/example_dags/example_branch_python_dop_operator_3.py
[2022-08-30T12:32:39.696+0000] {processor.py:650} INFO - DAG(s) dict_keys(['example_branch_dop_operator_v3']) retrieved from /home/airflow/.local/lib/python3.7/site-packages/airflow/example_dags/example_branch_python_dop_operator_3.py
[2022-08-30T12:32:39.718+0000] {logging_mixin.py:115} INFO - [2022-08-30T12:32:39.718+0000] {dag.py:2429} INFO - Sync 1 DAGs
[2022-08-30T12:32:39.736+0000] {logging_mixin.py:115} INFO - [2022-08-30T12:32:39.736+0000] {dag.py:2981} INFO - Setting next_dagrun for example_branch_dop_operator_v3 to 2022-08-30T12:31:00+00:00, run_after=2022-08-30T12:32:00+00:00
[2022-08-30T12:32:39.745+0000] {processor.py:161} INFO - Processing /home/airflow/.local/lib/python3.7/site-packages/airflow/example_dags/example_branch_python_dop_operator_3.py took 0.069 seconds
[2022-08-30T12:33:10.645+0000] {processor.py:153} INFO - Started process (PID=1776) to work on /home/airflow/.local/lib/python3.7/site-packages/airflow/example_dags/example_branch_python_dop_operator_3.py
[2022-08-30T12:33:10.646+0000] {processor.py:640} INFO - Processing file /home/airflow/.local/lib/python3.7/site-packages/airflow/example_dags/example_branch_python_dop_operator_3.py for tasks to queue
[2022-08-30T12:33:10.648+0000] {logging_mixin.py:115} INFO - [2022-08-30T12:33:10.648+0000] {dagbag.py:508} INFO - Filling up the DagBag from /home/airflow/.local/lib/python3.7/site-packages/airflow/example_dags/example_branch_python_dop_operator_3.py
[2022-08-30T12:33:10.657+0000] {processor.py:650} INFO - DAG(s) dict_keys(['example_branch_dop_operator_v3']) retrieved from /home/airflow/.local/lib/python3.7/site-packages/airflow/example_dags/example_branch_python_dop_operator_3.py
[2022-08-30T12:33:10.678+0000] {logging_mixin.py:115} INFO - [2022-08-30T12:33:10.678+0000] {dag.py:2429} INFO - Sync 1 DAGs
[2022-08-30T12:33:10.693+0000] {logging_mixin.py:115} INFO - [2022-08-30T12:33:10.693+0000] {dag.py:2981} INFO - Setting next_dagrun for example_branch_dop_operator_v3 to 2022-08-30T12:32:00+00:00, run_after=2022-08-30T12:33:00+00:00
[2022-08-30T12:33:10.701+0000] {processor.py:161} INFO - Processing /home/airflow/.local/lib/python3.7/site-packages/airflow/example_dags/example_branch_python_dop_operator_3.py took 0.059 seconds
[2022-08-30T12:33:41.199+0000] {processor.py:153} INFO - Started process (PID=1976) to work on /home/airflow/.local/lib/python3.7/site-packages/airflow/example_dags/example_branch_python_dop_operator_3.py
[2022-08-30T12:33:41.200+0000] {processor.py:640} INFO - Processing file /home/airflow/.local/lib/python3.7/site-packages/airflow/example_dags/example_branch_python_dop_operator_3.py for tasks to queue
[2022-08-30T12:33:41.201+0000] {logging_mixin.py:115} INFO - [2022-08-30T12:33:41.201+0000] {dagbag.py:508} INFO - Filling up the DagBag from /home/airflow/.local/lib/python3.7/site-packages/airflow/example_dags/example_branch_python_dop_operator_3.py
[2022-08-30T12:33:41.209+0000] {processor.py:650} INFO - DAG(s) dict_keys(['example_branch_dop_operator_v3']) retrieved from /home/airflow/.local/lib/python3.7/site-packages/airflow/example_dags/example_branch_python_dop_operator_3.py
[2022-08-30T12:33:41.227+0000] {logging_mixin.py:115} INFO - [2022-08-30T12:33:41.226+0000] {dag.py:2429} INFO - Sync 1 DAGs
[2022-08-30T12:33:41.241+0000] {logging_mixin.py:115} INFO - [2022-08-30T12:33:41.241+0000] {dag.py:2981} INFO - Setting next_dagrun for example_branch_dop_operator_v3 to 2022-08-30T12:32:00+00:00, run_after=2022-08-30T12:33:00+00:00
[2022-08-30T12:33:41.250+0000] {processor.py:161} INFO - Processing /home/airflow/.local/lib/python3.7/site-packages/airflow/example_dags/example_branch_python_dop_operator_3.py took 0.054 seconds
[2022-08-30T12:34:12.001+0000] {processor.py:153} INFO - Started process (PID=2166) to work on /home/airflow/.local/lib/python3.7/site-packages/airflow/example_dags/example_branch_python_dop_operator_3.py
[2022-08-30T12:34:12.003+0000] {processor.py:640} INFO - Processing file /home/airflow/.local/lib/python3.7/site-packages/airflow/example_dags/example_branch_python_dop_operator_3.py for tasks to queue
[2022-08-30T12:34:12.004+0000] {logging_mixin.py:115} INFO - [2022-08-30T12:34:12.004+0000] {dagbag.py:508} INFO - Filling up the DagBag from /home/airflow/.local/lib/python3.7/site-packages/airflow/example_dags/example_branch_python_dop_operator_3.py
[2022-08-30T12:34:12.016+0000] {processor.py:650} INFO - DAG(s) dict_keys(['example_branch_dop_operator_v3']) retrieved from /home/airflow/.local/lib/python3.7/site-packages/airflow/example_dags/example_branch_python_dop_operator_3.py
[2022-08-30T12:34:12.034+0000] {logging_mixin.py:115} INFO - [2022-08-30T12:34:12.034+0000] {dag.py:2429} INFO - Sync 1 DAGs
[2022-08-30T12:34:12.049+0000] {logging_mixin.py:115} INFO - [2022-08-30T12:34:12.049+0000] {dag.py:2981} INFO - Setting next_dagrun for example_branch_dop_operator_v3 to 2022-08-30T12:33:00+00:00, run_after=2022-08-30T12:34:00+00:00
[2022-08-30T12:34:12.055+0000] {processor.py:161} INFO - Processing /home/airflow/.local/lib/python3.7/site-packages/airflow/example_dags/example_branch_python_dop_operator_3.py took 0.058 seconds
[2022-08-30T12:34:42.852+0000] {processor.py:153} INFO - Started process (PID=2366) to work on /home/airflow/.local/lib/python3.7/site-packages/airflow/example_dags/example_branch_python_dop_operator_3.py
[2022-08-30T12:34:42.855+0000] {processor.py:640} INFO - Processing file /home/airflow/.local/lib/python3.7/site-packages/airflow/example_dags/example_branch_python_dop_operator_3.py for tasks to queue
[2022-08-30T12:34:42.857+0000] {logging_mixin.py:115} INFO - [2022-08-30T12:34:42.857+0000] {dagbag.py:508} INFO - Filling up the DagBag from /home/airflow/.local/lib/python3.7/site-packages/airflow/example_dags/example_branch_python_dop_operator_3.py
[2022-08-30T12:34:42.869+0000] {processor.py:650} INFO - DAG(s) dict_keys(['example_branch_dop_operator_v3']) retrieved from /home/airflow/.local/lib/python3.7/site-packages/airflow/example_dags/example_branch_python_dop_operator_3.py
[2022-08-30T12:34:42.885+0000] {logging_mixin.py:115} INFO - [2022-08-30T12:34:42.885+0000] {dag.py:2429} INFO - Sync 1 DAGs
[2022-08-30T12:34:42.899+0000] {logging_mixin.py:115} INFO - [2022-08-30T12:34:42.899+0000] {dag.py:2981} INFO - Setting next_dagrun for example_branch_dop_operator_v3 to 2022-08-30T12:33:00+00:00, run_after=2022-08-30T12:34:00+00:00
[2022-08-30T12:34:42.906+0000] {processor.py:161} INFO - Processing /home/airflow/.local/lib/python3.7/site-packages/airflow/example_dags/example_branch_python_dop_operator_3.py took 0.057 seconds
[2022-08-30T12:35:13.600+0000] {processor.py:153} INFO - Started process (PID=2568) to work on /home/airflow/.local/lib/python3.7/site-packages/airflow/example_dags/example_branch_python_dop_operator_3.py
[2022-08-30T12:35:13.602+0000] {processor.py:640} INFO - Processing file /home/airflow/.local/lib/python3.7/site-packages/airflow/example_dags/example_branch_python_dop_operator_3.py for tasks to queue
[2022-08-30T12:35:13.603+0000] {logging_mixin.py:115} INFO - [2022-08-30T12:35:13.603+0000] {dagbag.py:508} INFO - Filling up the DagBag from /home/airflow/.local/lib/python3.7/site-packages/airflow/example_dags/example_branch_python_dop_operator_3.py
[2022-08-30T12:35:13.613+0000] {processor.py:650} INFO - DAG(s) dict_keys(['example_branch_dop_operator_v3']) retrieved from /home/airflow/.local/lib/python3.7/site-packages/airflow/example_dags/example_branch_python_dop_operator_3.py
[2022-08-30T12:35:13.629+0000] {logging_mixin.py:115} INFO - [2022-08-30T12:35:13.629+0000] {dag.py:2429} INFO - Sync 1 DAGs
[2022-08-30T12:35:13.645+0000] {logging_mixin.py:115} INFO - [2022-08-30T12:35:13.645+0000] {dag.py:2981} INFO - Setting next_dagrun for example_branch_dop_operator_v3 to 2022-08-30T12:34:00+00:00, run_after=2022-08-30T12:35:00+00:00
[2022-08-30T12:35:13.653+0000] {processor.py:161} INFO - Processing /home/airflow/.local/lib/python3.7/site-packages/airflow/example_dags/example_branch_python_dop_operator_3.py took 0.055 seconds
[2022-08-30T12:35:44.349+0000] {processor.py:153} INFO - Started process (PID=2770) to work on /home/airflow/.local/lib/python3.7/site-packages/airflow/example_dags/example_branch_python_dop_operator_3.py
[2022-08-30T12:35:44.351+0000] {processor.py:640} INFO - Processing file /home/airflow/.local/lib/python3.7/site-packages/airflow/example_dags/example_branch_python_dop_operator_3.py for tasks to queue
[2022-08-30T12:35:44.352+0000] {logging_mixin.py:115} INFO - [2022-08-30T12:35:44.352+0000] {dagbag.py:508} INFO - Filling up the DagBag from /home/airflow/.local/lib/python3.7/site-packages/airflow/example_dags/example_branch_python_dop_operator_3.py
[2022-08-30T12:35:44.364+0000] {processor.py:650} INFO - DAG(s) dict_keys(['example_branch_dop_operator_v3']) retrieved from /home/airflow/.local/lib/python3.7/site-packages/airflow/example_dags/example_branch_python_dop_operator_3.py
[2022-08-30T12:35:44.382+0000] {logging_mixin.py:115} INFO - [2022-08-30T12:35:44.382+0000] {dag.py:2429} INFO - Sync 1 DAGs
[2022-08-30T12:35:44.397+0000] {logging_mixin.py:115} INFO - [2022-08-30T12:35:44.397+0000] {dag.py:2981} INFO - Setting next_dagrun for example_branch_dop_operator_v3 to 2022-08-30T12:34:00+00:00, run_after=2022-08-30T12:35:00+00:00
[2022-08-30T12:35:44.404+0000] {processor.py:161} INFO - Processing /home/airflow/.local/lib/python3.7/site-packages/airflow/example_dags/example_branch_python_dop_operator_3.py took 0.058 seconds
[2022-08-30T12:36:15.188+0000] {processor.py:153} INFO - Started process (PID=2972) to work on /home/airflow/.local/lib/python3.7/site-packages/airflow/example_dags/example_branch_python_dop_operator_3.py
[2022-08-30T12:36:15.189+0000] {processor.py:640} INFO - Processing file /home/airflow/.local/lib/python3.7/site-packages/airflow/example_dags/example_branch_python_dop_operator_3.py for tasks to queue
[2022-08-30T12:36:15.191+0000] {logging_mixin.py:115} INFO - [2022-08-30T12:36:15.190+0000] {dagbag.py:508} INFO - Filling up the DagBag from /home/airflow/.local/lib/python3.7/site-packages/airflow/example_dags/example_branch_python_dop_operator_3.py
[2022-08-30T12:36:15.203+0000] {processor.py:650} INFO - DAG(s) dict_keys(['example_branch_dop_operator_v3']) retrieved from /home/airflow/.local/lib/python3.7/site-packages/airflow/example_dags/example_branch_python_dop_operator_3.py
[2022-08-30T12:36:15.221+0000] {logging_mixin.py:115} INFO - [2022-08-30T12:36:15.221+0000] {dag.py:2429} INFO - Sync 1 DAGs
[2022-08-30T12:36:15.236+0000] {logging_mixin.py:115} INFO - [2022-08-30T12:36:15.236+0000] {dag.py:2981} INFO - Setting next_dagrun for example_branch_dop_operator_v3 to 2022-08-30T12:35:00+00:00, run_after=2022-08-30T12:36:00+00:00
[2022-08-30T12:36:15.244+0000] {processor.py:161} INFO - Processing /home/airflow/.local/lib/python3.7/site-packages/airflow/example_dags/example_branch_python_dop_operator_3.py took 0.060 seconds
[2022-08-30T12:36:46.102+0000] {processor.py:153} INFO - Started process (PID=3169) to work on /home/airflow/.local/lib/python3.7/site-packages/airflow/example_dags/example_branch_python_dop_operator_3.py
[2022-08-30T12:36:46.104+0000] {processor.py:640} INFO - Processing file /home/airflow/.local/lib/python3.7/site-packages/airflow/example_dags/example_branch_python_dop_operator_3.py for tasks to queue
[2022-08-30T12:36:46.106+0000] {logging_mixin.py:115} INFO - [2022-08-30T12:36:46.106+0000] {dagbag.py:508} INFO - Filling up the DagBag from /home/airflow/.local/lib/python3.7/site-packages/airflow/example_dags/example_branch_python_dop_operator_3.py
[2022-08-30T12:36:46.118+0000] {processor.py:650} INFO - DAG(s) dict_keys(['example_branch_dop_operator_v3']) retrieved from /home/airflow/.local/lib/python3.7/site-packages/airflow/example_dags/example_branch_python_dop_operator_3.py
[2022-08-30T12:36:46.136+0000] {logging_mixin.py:115} INFO - [2022-08-30T12:36:46.136+0000] {dag.py:2429} INFO - Sync 1 DAGs
[2022-08-30T12:36:46.151+0000] {logging_mixin.py:115} INFO - [2022-08-30T12:36:46.151+0000] {dag.py:2981} INFO - Setting next_dagrun for example_branch_dop_operator_v3 to 2022-08-30T12:35:00+00:00, run_after=2022-08-30T12:36:00+00:00
[2022-08-30T12:36:46.158+0000] {processor.py:161} INFO - Processing /home/airflow/.local/lib/python3.7/site-packages/airflow/example_dags/example_branch_python_dop_operator_3.py took 0.060 seconds
[2022-08-30T12:37:16.801+0000] {processor.py:153} INFO - Started process (PID=3369) to work on /home/airflow/.local/lib/python3.7/site-packages/airflow/example_dags/example_branch_python_dop_operator_3.py
[2022-08-30T12:37:16.803+0000] {processor.py:640} INFO - Processing file /home/airflow/.local/lib/python3.7/site-packages/airflow/example_dags/example_branch_python_dop_operator_3.py for tasks to queue
[2022-08-30T12:37:16.805+0000] {logging_mixin.py:115} INFO - [2022-08-30T12:37:16.805+0000] {dagbag.py:508} INFO - Filling up the DagBag from /home/airflow/.local/lib/python3.7/site-packages/airflow/example_dags/example_branch_python_dop_operator_3.py
[2022-08-30T12:37:16.819+0000] {processor.py:650} INFO - DAG(s) dict_keys(['example_branch_dop_operator_v3']) retrieved from /home/airflow/.local/lib/python3.7/site-packages/airflow/example_dags/example_branch_python_dop_operator_3.py
[2022-08-30T12:37:16.836+0000] {logging_mixin.py:115} INFO - [2022-08-30T12:37:16.836+0000] {dag.py:2429} INFO - Sync 1 DAGs
[2022-08-30T12:37:16.851+0000] {logging_mixin.py:115} INFO - [2022-08-30T12:37:16.851+0000] {dag.py:2981} INFO - Setting next_dagrun for example_branch_dop_operator_v3 to 2022-08-30T12:36:00+00:00, run_after=2022-08-30T12:37:00+00:00
[2022-08-30T12:37:16.858+0000] {processor.py:161} INFO - Processing /home/airflow/.local/lib/python3.7/site-packages/airflow/example_dags/example_branch_python_dop_operator_3.py took 0.062 seconds
[2022-08-30T12:37:47.636+0000] {processor.py:153} INFO - Started process (PID=3570) to work on /home/airflow/.local/lib/python3.7/site-packages/airflow/example_dags/example_branch_python_dop_operator_3.py
[2022-08-30T12:37:47.638+0000] {processor.py:640} INFO - Processing file /home/airflow/.local/lib/python3.7/site-packages/airflow/example_dags/example_branch_python_dop_operator_3.py for tasks to queue
[2022-08-30T12:37:47.640+0000] {logging_mixin.py:115} INFO - [2022-08-30T12:37:47.640+0000] {dagbag.py:508} INFO - Filling up the DagBag from /home/airflow/.local/lib/python3.7/site-packages/airflow/example_dags/example_branch_python_dop_operator_3.py
[2022-08-30T12:37:47.650+0000] {processor.py:650} INFO - DAG(s) dict_keys(['example_branch_dop_operator_v3']) retrieved from /home/airflow/.local/lib/python3.7/site-packages/airflow/example_dags/example_branch_python_dop_operator_3.py
[2022-08-30T12:37:47.667+0000] {logging_mixin.py:115} INFO - [2022-08-30T12:37:47.667+0000] {dag.py:2429} INFO - Sync 1 DAGs
[2022-08-30T12:37:47.683+0000] {logging_mixin.py:115} INFO - [2022-08-30T12:37:47.683+0000] {dag.py:2981} INFO - Setting next_dagrun for example_branch_dop_operator_v3 to 2022-08-30T12:36:00+00:00, run_after=2022-08-30T12:37:00+00:00
[2022-08-30T12:37:47.693+0000] {processor.py:161} INFO - Processing /home/airflow/.local/lib/python3.7/site-packages/airflow/example_dags/example_branch_python_dop_operator_3.py took 0.062 seconds
[2022-08-30T12:39:56.164+0000] {processor.py:153} INFO - Started process (PID=177) to work on /home/airflow/.local/lib/python3.7/site-packages/airflow/example_dags/example_branch_python_dop_operator_3.py
[2022-08-30T12:39:56.166+0000] {processor.py:640} INFO - Processing file /home/airflow/.local/lib/python3.7/site-packages/airflow/example_dags/example_branch_python_dop_operator_3.py for tasks to queue
[2022-08-30T12:39:56.175+0000] {logging_mixin.py:115} INFO - [2022-08-30T12:39:56.169+0000] {dagbag.py:508} INFO - Filling up the DagBag from /home/airflow/.local/lib/python3.7/site-packages/airflow/example_dags/example_branch_python_dop_operator_3.py
[2022-08-30T12:39:56.210+0000] {processor.py:650} INFO - DAG(s) dict_keys(['example_branch_dop_operator_v3']) retrieved from /home/airflow/.local/lib/python3.7/site-packages/airflow/example_dags/example_branch_python_dop_operator_3.py
[2022-08-30T12:39:58.365+0000] {logging_mixin.py:115} INFO - [2022-08-30T12:39:58.365+0000] {manager.py:508} INFO - Created Permission View: can edit on DAG:example_branch_dop_operator_v3
[2022-08-30T12:39:58.381+0000] {logging_mixin.py:115} INFO - [2022-08-30T12:39:58.381+0000] {manager.py:508} INFO - Created Permission View: can read on DAG:example_branch_dop_operator_v3
[2022-08-30T12:39:58.412+0000] {logging_mixin.py:115} INFO - [2022-08-30T12:39:58.412+0000] {manager.py:508} INFO - Created Permission View: can delete on DAG:example_branch_dop_operator_v3
[2022-08-30T12:39:58.414+0000] {logging_mixin.py:115} INFO - [2022-08-30T12:39:58.413+0000] {dag.py:2429} INFO - Sync 1 DAGs
[2022-08-30T12:39:58.438+0000] {logging_mixin.py:115} INFO - [2022-08-30T12:39:58.438+0000] {dag.py:2448} INFO - Creating ORM DAG for example_branch_dop_operator_v3
[2022-08-30T12:39:58.522+0000] {logging_mixin.py:115} INFO - [2022-08-30T12:39:58.522+0000] {dag.py:2981} INFO - Setting next_dagrun for example_branch_dop_operator_v3 to 2022-08-30T12:38:00+00:00, run_after=2022-08-30T12:39:00+00:00
[2022-08-30T12:39:58.564+0000] {processor.py:161} INFO - Processing /home/airflow/.local/lib/python3.7/site-packages/airflow/example_dags/example_branch_python_dop_operator_3.py took 2.406 seconds
[2022-08-30T12:40:29.003+0000] {processor.py:153} INFO - Started process (PID=360) to work on /home/airflow/.local/lib/python3.7/site-packages/airflow/example_dags/example_branch_python_dop_operator_3.py
[2022-08-30T12:40:29.006+0000] {processor.py:640} INFO - Processing file /home/airflow/.local/lib/python3.7/site-packages/airflow/example_dags/example_branch_python_dop_operator_3.py for tasks to queue
[2022-08-30T12:40:29.007+0000] {logging_mixin.py:115} INFO - [2022-08-30T12:40:29.007+0000] {dagbag.py:508} INFO - Filling up the DagBag from /home/airflow/.local/lib/python3.7/site-packages/airflow/example_dags/example_branch_python_dop_operator_3.py
[2022-08-30T12:40:29.037+0000] {processor.py:650} INFO - DAG(s) dict_keys(['example_branch_dop_operator_v3']) retrieved from /home/airflow/.local/lib/python3.7/site-packages/airflow/example_dags/example_branch_python_dop_operator_3.py
[2022-08-30T12:40:30.377+0000] {logging_mixin.py:115} INFO - [2022-08-30T12:40:30.376+0000] {dag.py:2429} INFO - Sync 1 DAGs
[2022-08-30T12:40:30.469+0000] {logging_mixin.py:115} INFO - [2022-08-30T12:40:30.469+0000] {dag.py:2981} INFO - Setting next_dagrun for example_branch_dop_operator_v3 to 2022-08-30T12:39:00+00:00, run_after=2022-08-30T12:40:00+00:00
[2022-08-30T12:40:30.576+0000] {processor.py:161} INFO - Processing /home/airflow/.local/lib/python3.7/site-packages/airflow/example_dags/example_branch_python_dop_operator_3.py took 1.581 seconds
[2022-08-30T12:42:14.842+0000] {processor.py:153} INFO - Started process (PID=169) to work on /home/airflow/.local/lib/python3.7/site-packages/airflow/example_dags/example_branch_python_dop_operator_3.py
[2022-08-30T12:42:14.843+0000] {processor.py:640} INFO - Processing file /home/airflow/.local/lib/python3.7/site-packages/airflow/example_dags/example_branch_python_dop_operator_3.py for tasks to queue
[2022-08-30T12:42:14.844+0000] {logging_mixin.py:115} INFO - [2022-08-30T12:42:14.844+0000] {dagbag.py:508} INFO - Filling up the DagBag from /home/airflow/.local/lib/python3.7/site-packages/airflow/example_dags/example_branch_python_dop_operator_3.py
[2022-08-30T12:42:14.851+0000] {processor.py:650} INFO - DAG(s) dict_keys(['example_branch_dop_operator_v3']) retrieved from /home/airflow/.local/lib/python3.7/site-packages/airflow/example_dags/example_branch_python_dop_operator_3.py
[2022-08-30T12:42:14.869+0000] {logging_mixin.py:115} INFO - [2022-08-30T12:42:14.869+0000] {dag.py:2429} INFO - Sync 1 DAGs
[2022-08-30T12:42:14.889+0000] {logging_mixin.py:115} INFO - [2022-08-30T12:42:14.889+0000] {dag.py:2981} INFO - Setting next_dagrun for example_branch_dop_operator_v3 to 2022-08-30T12:41:00+00:00, run_after=2022-08-30T12:42:00+00:00
[2022-08-30T12:42:14.897+0000] {processor.py:161} INFO - Processing /home/airflow/.local/lib/python3.7/site-packages/airflow/example_dags/example_branch_python_dop_operator_3.py took 0.058 seconds
[2022-08-30T12:42:45.606+0000] {processor.py:153} INFO - Started process (PID=369) to work on /home/airflow/.local/lib/python3.7/site-packages/airflow/example_dags/example_branch_python_dop_operator_3.py
[2022-08-30T12:42:45.608+0000] {processor.py:640} INFO - Processing file /home/airflow/.local/lib/python3.7/site-packages/airflow/example_dags/example_branch_python_dop_operator_3.py for tasks to queue
[2022-08-30T12:42:45.610+0000] {logging_mixin.py:115} INFO - [2022-08-30T12:42:45.610+0000] {dagbag.py:508} INFO - Filling up the DagBag from /home/airflow/.local/lib/python3.7/site-packages/airflow/example_dags/example_branch_python_dop_operator_3.py
[2022-08-30T12:42:45.636+0000] {processor.py:650} INFO - DAG(s) dict_keys(['example_branch_dop_operator_v3']) retrieved from /home/airflow/.local/lib/python3.7/site-packages/airflow/example_dags/example_branch_python_dop_operator_3.py
[2022-08-30T12:42:45.707+0000] {logging_mixin.py:115} INFO - [2022-08-30T12:42:45.707+0000] {dag.py:2429} INFO - Sync 1 DAGs
[2022-08-30T12:42:45.748+0000] {logging_mixin.py:115} INFO - [2022-08-30T12:42:45.748+0000] {dag.py:2981} INFO - Setting next_dagrun for example_branch_dop_operator_v3 to 2022-08-30T12:41:00+00:00, run_after=2022-08-30T12:42:00+00:00
[2022-08-30T12:42:45.780+0000] {processor.py:161} INFO - Processing /home/airflow/.local/lib/python3.7/site-packages/airflow/example_dags/example_branch_python_dop_operator_3.py took 0.176 seconds
[2022-08-30T12:43:16.440+0000] {processor.py:153} INFO - Started process (PID=575) to work on /home/airflow/.local/lib/python3.7/site-packages/airflow/example_dags/example_branch_python_dop_operator_3.py
[2022-08-30T12:43:16.442+0000] {processor.py:640} INFO - Processing file /home/airflow/.local/lib/python3.7/site-packages/airflow/example_dags/example_branch_python_dop_operator_3.py for tasks to queue
[2022-08-30T12:43:16.443+0000] {logging_mixin.py:115} INFO - [2022-08-30T12:43:16.443+0000] {dagbag.py:508} INFO - Filling up the DagBag from /home/airflow/.local/lib/python3.7/site-packages/airflow/example_dags/example_branch_python_dop_operator_3.py
[2022-08-30T12:43:16.456+0000] {processor.py:650} INFO - DAG(s) dict_keys(['example_branch_dop_operator_v3']) retrieved from /home/airflow/.local/lib/python3.7/site-packages/airflow/example_dags/example_branch_python_dop_operator_3.py
[2022-08-30T12:43:16.493+0000] {logging_mixin.py:115} INFO - [2022-08-30T12:43:16.493+0000] {dag.py:2429} INFO - Sync 1 DAGs
[2022-08-30T12:43:16.511+0000] {logging_mixin.py:115} INFO - [2022-08-30T12:43:16.511+0000] {dag.py:2981} INFO - Setting next_dagrun for example_branch_dop_operator_v3 to 2022-08-30T12:42:00+00:00, run_after=2022-08-30T12:43:00+00:00
[2022-08-30T12:43:16.520+0000] {processor.py:161} INFO - Processing /home/airflow/.local/lib/python3.7/site-packages/airflow/example_dags/example_branch_python_dop_operator_3.py took 0.082 seconds
[2022-08-30T12:43:47.407+0000] {processor.py:153} INFO - Started process (PID=765) to work on /home/airflow/.local/lib/python3.7/site-packages/airflow/example_dags/example_branch_python_dop_operator_3.py
[2022-08-30T12:43:47.410+0000] {processor.py:640} INFO - Processing file /home/airflow/.local/lib/python3.7/site-packages/airflow/example_dags/example_branch_python_dop_operator_3.py for tasks to queue
[2022-08-30T12:43:47.412+0000] {logging_mixin.py:115} INFO - [2022-08-30T12:43:47.411+0000] {dagbag.py:508} INFO - Filling up the DagBag from /home/airflow/.local/lib/python3.7/site-packages/airflow/example_dags/example_branch_python_dop_operator_3.py
[2022-08-30T12:43:47.424+0000] {processor.py:650} INFO - DAG(s) dict_keys(['example_branch_dop_operator_v3']) retrieved from /home/airflow/.local/lib/python3.7/site-packages/airflow/example_dags/example_branch_python_dop_operator_3.py
[2022-08-30T12:43:47.444+0000] {logging_mixin.py:115} INFO - [2022-08-30T12:43:47.444+0000] {dag.py:2429} INFO - Sync 1 DAGs
[2022-08-30T12:43:47.459+0000] {logging_mixin.py:115} INFO - [2022-08-30T12:43:47.459+0000] {dag.py:2981} INFO - Setting next_dagrun for example_branch_dop_operator_v3 to 2022-08-30T12:42:00+00:00, run_after=2022-08-30T12:43:00+00:00
[2022-08-30T12:43:47.469+0000] {processor.py:161} INFO - Processing /home/airflow/.local/lib/python3.7/site-packages/airflow/example_dags/example_branch_python_dop_operator_3.py took 0.068 seconds
[2022-08-30T12:44:18.183+0000] {processor.py:153} INFO - Started process (PID=967) to work on /home/airflow/.local/lib/python3.7/site-packages/airflow/example_dags/example_branch_python_dop_operator_3.py
[2022-08-30T12:44:18.185+0000] {processor.py:640} INFO - Processing file /home/airflow/.local/lib/python3.7/site-packages/airflow/example_dags/example_branch_python_dop_operator_3.py for tasks to queue
[2022-08-30T12:44:18.187+0000] {logging_mixin.py:115} INFO - [2022-08-30T12:44:18.187+0000] {dagbag.py:508} INFO - Filling up the DagBag from /home/airflow/.local/lib/python3.7/site-packages/airflow/example_dags/example_branch_python_dop_operator_3.py
[2022-08-30T12:44:18.197+0000] {processor.py:650} INFO - DAG(s) dict_keys(['example_branch_dop_operator_v3']) retrieved from /home/airflow/.local/lib/python3.7/site-packages/airflow/example_dags/example_branch_python_dop_operator_3.py
[2022-08-30T12:44:18.216+0000] {logging_mixin.py:115} INFO - [2022-08-30T12:44:18.216+0000] {dag.py:2429} INFO - Sync 1 DAGs
[2022-08-30T12:44:18.231+0000] {logging_mixin.py:115} INFO - [2022-08-30T12:44:18.231+0000] {dag.py:2981} INFO - Setting next_dagrun for example_branch_dop_operator_v3 to 2022-08-30T12:43:00+00:00, run_after=2022-08-30T12:44:00+00:00
[2022-08-30T12:44:18.238+0000] {processor.py:161} INFO - Processing /home/airflow/.local/lib/python3.7/site-packages/airflow/example_dags/example_branch_python_dop_operator_3.py took 0.059 seconds
[2022-08-30T12:44:48.883+0000] {processor.py:153} INFO - Started process (PID=1169) to work on /home/airflow/.local/lib/python3.7/site-packages/airflow/example_dags/example_branch_python_dop_operator_3.py
[2022-08-30T12:44:48.885+0000] {processor.py:640} INFO - Processing file /home/airflow/.local/lib/python3.7/site-packages/airflow/example_dags/example_branch_python_dop_operator_3.py for tasks to queue
[2022-08-30T12:44:48.887+0000] {logging_mixin.py:115} INFO - [2022-08-30T12:44:48.887+0000] {dagbag.py:508} INFO - Filling up the DagBag from /home/airflow/.local/lib/python3.7/site-packages/airflow/example_dags/example_branch_python_dop_operator_3.py
[2022-08-30T12:44:48.896+0000] {processor.py:650} INFO - DAG(s) dict_keys(['example_branch_dop_operator_v3']) retrieved from /home/airflow/.local/lib/python3.7/site-packages/airflow/example_dags/example_branch_python_dop_operator_3.py
[2022-08-30T12:44:48.917+0000] {logging_mixin.py:115} INFO - [2022-08-30T12:44:48.916+0000] {dag.py:2429} INFO - Sync 1 DAGs
[2022-08-30T12:44:48.931+0000] {logging_mixin.py:115} INFO - [2022-08-30T12:44:48.930+0000] {dag.py:2981} INFO - Setting next_dagrun for example_branch_dop_operator_v3 to 2022-08-30T12:43:00+00:00, run_after=2022-08-30T12:44:00+00:00
[2022-08-30T12:44:48.939+0000] {processor.py:161} INFO - Processing /home/airflow/.local/lib/python3.7/site-packages/airflow/example_dags/example_branch_python_dop_operator_3.py took 0.059 seconds
