[2022-08-30T12:27:46.866+0000] {processor.py:153} INFO - Started process (PID=260) to work on /home/airflow/.local/lib/python3.7/site-packages/airflow/example_dags/example_xcom.py
[2022-08-30T12:27:46.867+0000] {processor.py:640} INFO - Processing file /home/airflow/.local/lib/python3.7/site-packages/airflow/example_dags/example_xcom.py for tasks to queue
[2022-08-30T12:27:46.868+0000] {logging_mixin.py:115} INFO - [2022-08-30T12:27:46.868+0000] {dagbag.py:508} INFO - Filling up the DagBag from /home/airflow/.local/lib/python3.7/site-packages/airflow/example_dags/example_xcom.py
[2022-08-30T12:27:46.885+0000] {processor.py:650} INFO - DAG(s) dict_keys(['example_xcom']) retrieved from /home/airflow/.local/lib/python3.7/site-packages/airflow/example_dags/example_xcom.py
[2022-08-30T12:27:46.938+0000] {logging_mixin.py:115} INFO - [2022-08-30T12:27:46.938+0000] {manager.py:508} INFO - Created Permission View: can read on DAG:example_xcom
[2022-08-30T12:27:46.945+0000] {logging_mixin.py:115} INFO - [2022-08-30T12:27:46.945+0000] {manager.py:508} INFO - Created Permission View: can edit on DAG:example_xcom
[2022-08-30T12:27:46.950+0000] {logging_mixin.py:115} INFO - [2022-08-30T12:27:46.950+0000] {manager.py:508} INFO - Created Permission View: can delete on DAG:example_xcom
[2022-08-30T12:27:46.952+0000] {logging_mixin.py:115} INFO - [2022-08-30T12:27:46.952+0000] {dag.py:2429} INFO - Sync 1 DAGs
[2022-08-30T12:27:46.958+0000] {logging_mixin.py:115} INFO - [2022-08-30T12:27:46.958+0000] {dag.py:2448} INFO - Creating ORM DAG for example_xcom
[2022-08-30T12:27:46.971+0000] {logging_mixin.py:115} INFO - [2022-08-30T12:27:46.970+0000] {dag.py:2981} INFO - Setting next_dagrun for example_xcom to 2021-01-01T00:00:00+00:00, run_after=2021-01-01T00:00:00+00:00
[2022-08-30T12:27:46.988+0000] {processor.py:161} INFO - Processing /home/airflow/.local/lib/python3.7/site-packages/airflow/example_dags/example_xcom.py took 0.124 seconds
[2022-08-30T12:28:17.519+0000] {processor.py:153} INFO - Started process (PID=460) to work on /home/airflow/.local/lib/python3.7/site-packages/airflow/example_dags/example_xcom.py
[2022-08-30T12:28:17.520+0000] {processor.py:640} INFO - Processing file /home/airflow/.local/lib/python3.7/site-packages/airflow/example_dags/example_xcom.py for tasks to queue
[2022-08-30T12:28:17.521+0000] {logging_mixin.py:115} INFO - [2022-08-30T12:28:17.521+0000] {dagbag.py:508} INFO - Filling up the DagBag from /home/airflow/.local/lib/python3.7/site-packages/airflow/example_dags/example_xcom.py
[2022-08-30T12:28:17.533+0000] {processor.py:650} INFO - DAG(s) dict_keys(['example_xcom']) retrieved from /home/airflow/.local/lib/python3.7/site-packages/airflow/example_dags/example_xcom.py
[2022-08-30T12:28:17.570+0000] {logging_mixin.py:115} INFO - [2022-08-30T12:28:17.570+0000] {dag.py:2429} INFO - Sync 1 DAGs
[2022-08-30T12:28:17.580+0000] {logging_mixin.py:115} INFO - [2022-08-30T12:28:17.580+0000] {dag.py:2981} INFO - Setting next_dagrun for example_xcom to 2021-01-01T00:00:00+00:00, run_after=2021-01-01T00:00:00+00:00
[2022-08-30T12:28:17.588+0000] {processor.py:161} INFO - Processing /home/airflow/.local/lib/python3.7/site-packages/airflow/example_dags/example_xcom.py took 0.071 seconds
[2022-08-30T12:29:06.363+0000] {processor.py:153} INFO - Started process (PID=265) to work on /home/airflow/.local/lib/python3.7/site-packages/airflow/example_dags/example_xcom.py
[2022-08-30T12:29:06.365+0000] {processor.py:640} INFO - Processing file /home/airflow/.local/lib/python3.7/site-packages/airflow/example_dags/example_xcom.py for tasks to queue
[2022-08-30T12:29:06.366+0000] {logging_mixin.py:115} INFO - [2022-08-30T12:29:06.365+0000] {dagbag.py:508} INFO - Filling up the DagBag from /home/airflow/.local/lib/python3.7/site-packages/airflow/example_dags/example_xcom.py
[2022-08-30T12:29:06.378+0000] {processor.py:650} INFO - DAG(s) dict_keys(['example_xcom']) retrieved from /home/airflow/.local/lib/python3.7/site-packages/airflow/example_dags/example_xcom.py
[2022-08-30T12:29:06.411+0000] {logging_mixin.py:115} INFO - [2022-08-30T12:29:06.411+0000] {dag.py:2429} INFO - Sync 1 DAGs
[2022-08-30T12:29:06.423+0000] {logging_mixin.py:115} INFO - [2022-08-30T12:29:06.422+0000] {dag.py:2981} INFO - Setting next_dagrun for example_xcom to 2021-01-01T00:00:00+00:00, run_after=2021-01-01T00:00:00+00:00
[2022-08-30T12:29:06.432+0000] {processor.py:161} INFO - Processing /home/airflow/.local/lib/python3.7/site-packages/airflow/example_dags/example_xcom.py took 0.070 seconds
[2022-08-30T12:29:37.061+0000] {processor.py:153} INFO - Started process (PID=465) to work on /home/airflow/.local/lib/python3.7/site-packages/airflow/example_dags/example_xcom.py
[2022-08-30T12:29:37.063+0000] {processor.py:640} INFO - Processing file /home/airflow/.local/lib/python3.7/site-packages/airflow/example_dags/example_xcom.py for tasks to queue
[2022-08-30T12:29:37.065+0000] {logging_mixin.py:115} INFO - [2022-08-30T12:29:37.065+0000] {dagbag.py:508} INFO - Filling up the DagBag from /home/airflow/.local/lib/python3.7/site-packages/airflow/example_dags/example_xcom.py
[2022-08-30T12:29:37.078+0000] {processor.py:650} INFO - DAG(s) dict_keys(['example_xcom']) retrieved from /home/airflow/.local/lib/python3.7/site-packages/airflow/example_dags/example_xcom.py
[2022-08-30T12:29:37.116+0000] {logging_mixin.py:115} INFO - [2022-08-30T12:29:37.116+0000] {dag.py:2429} INFO - Sync 1 DAGs
[2022-08-30T12:29:37.128+0000] {logging_mixin.py:115} INFO - [2022-08-30T12:29:37.128+0000] {dag.py:2981} INFO - Setting next_dagrun for example_xcom to 2021-01-01T00:00:00+00:00, run_after=2021-01-01T00:00:00+00:00
[2022-08-30T12:29:37.137+0000] {processor.py:161} INFO - Processing /home/airflow/.local/lib/python3.7/site-packages/airflow/example_dags/example_xcom.py took 0.078 seconds
[2022-08-30T12:30:07.879+0000] {processor.py:153} INFO - Started process (PID=666) to work on /home/airflow/.local/lib/python3.7/site-packages/airflow/example_dags/example_xcom.py
[2022-08-30T12:30:07.881+0000] {processor.py:640} INFO - Processing file /home/airflow/.local/lib/python3.7/site-packages/airflow/example_dags/example_xcom.py for tasks to queue
[2022-08-30T12:30:07.882+0000] {logging_mixin.py:115} INFO - [2022-08-30T12:30:07.882+0000] {dagbag.py:508} INFO - Filling up the DagBag from /home/airflow/.local/lib/python3.7/site-packages/airflow/example_dags/example_xcom.py
[2022-08-30T12:30:07.894+0000] {processor.py:650} INFO - DAG(s) dict_keys(['example_xcom']) retrieved from /home/airflow/.local/lib/python3.7/site-packages/airflow/example_dags/example_xcom.py
[2022-08-30T12:30:07.944+0000] {logging_mixin.py:115} INFO - [2022-08-30T12:30:07.944+0000] {dag.py:2429} INFO - Sync 1 DAGs
[2022-08-30T12:30:07.972+0000] {logging_mixin.py:115} INFO - [2022-08-30T12:30:07.972+0000] {dag.py:2981} INFO - Setting next_dagrun for example_xcom to 2021-01-01T00:00:00+00:00, run_after=2021-01-01T00:00:00+00:00
[2022-08-30T12:30:07.989+0000] {processor.py:161} INFO - Processing /home/airflow/.local/lib/python3.7/site-packages/airflow/example_dags/example_xcom.py took 0.112 seconds
[2022-08-30T12:30:38.626+0000] {processor.py:153} INFO - Started process (PID=867) to work on /home/airflow/.local/lib/python3.7/site-packages/airflow/example_dags/example_xcom.py
[2022-08-30T12:30:38.628+0000] {processor.py:640} INFO - Processing file /home/airflow/.local/lib/python3.7/site-packages/airflow/example_dags/example_xcom.py for tasks to queue
[2022-08-30T12:30:38.629+0000] {logging_mixin.py:115} INFO - [2022-08-30T12:30:38.629+0000] {dagbag.py:508} INFO - Filling up the DagBag from /home/airflow/.local/lib/python3.7/site-packages/airflow/example_dags/example_xcom.py
[2022-08-30T12:30:38.645+0000] {processor.py:650} INFO - DAG(s) dict_keys(['example_xcom']) retrieved from /home/airflow/.local/lib/python3.7/site-packages/airflow/example_dags/example_xcom.py
[2022-08-30T12:30:38.695+0000] {logging_mixin.py:115} INFO - [2022-08-30T12:30:38.695+0000] {dag.py:2429} INFO - Sync 1 DAGs
[2022-08-30T12:30:38.709+0000] {logging_mixin.py:115} INFO - [2022-08-30T12:30:38.709+0000] {dag.py:2981} INFO - Setting next_dagrun for example_xcom to 2021-01-01T00:00:00+00:00, run_after=2021-01-01T00:00:00+00:00
[2022-08-30T12:30:38.718+0000] {processor.py:161} INFO - Processing /home/airflow/.local/lib/python3.7/site-packages/airflow/example_dags/example_xcom.py took 0.095 seconds
[2022-08-30T12:31:09.424+0000] {processor.py:153} INFO - Started process (PID=1059) to work on /home/airflow/.local/lib/python3.7/site-packages/airflow/example_dags/example_xcom.py
[2022-08-30T12:31:09.426+0000] {processor.py:640} INFO - Processing file /home/airflow/.local/lib/python3.7/site-packages/airflow/example_dags/example_xcom.py for tasks to queue
[2022-08-30T12:31:09.427+0000] {logging_mixin.py:115} INFO - [2022-08-30T12:31:09.427+0000] {dagbag.py:508} INFO - Filling up the DagBag from /home/airflow/.local/lib/python3.7/site-packages/airflow/example_dags/example_xcom.py
[2022-08-30T12:31:09.440+0000] {processor.py:650} INFO - DAG(s) dict_keys(['example_xcom']) retrieved from /home/airflow/.local/lib/python3.7/site-packages/airflow/example_dags/example_xcom.py
[2022-08-30T12:31:09.475+0000] {logging_mixin.py:115} INFO - [2022-08-30T12:31:09.475+0000] {dag.py:2429} INFO - Sync 1 DAGs
[2022-08-30T12:31:09.487+0000] {logging_mixin.py:115} INFO - [2022-08-30T12:31:09.487+0000] {dag.py:2981} INFO - Setting next_dagrun for example_xcom to 2021-01-01T00:00:00+00:00, run_after=2021-01-01T00:00:00+00:00
[2022-08-30T12:31:09.496+0000] {processor.py:161} INFO - Processing /home/airflow/.local/lib/python3.7/site-packages/airflow/example_dags/example_xcom.py took 0.074 seconds
[2022-08-30T12:31:40.037+0000] {processor.py:153} INFO - Started process (PID=1260) to work on /home/airflow/.local/lib/python3.7/site-packages/airflow/example_dags/example_xcom.py
[2022-08-30T12:31:40.039+0000] {processor.py:640} INFO - Processing file /home/airflow/.local/lib/python3.7/site-packages/airflow/example_dags/example_xcom.py for tasks to queue
[2022-08-30T12:31:40.039+0000] {logging_mixin.py:115} INFO - [2022-08-30T12:31:40.039+0000] {dagbag.py:508} INFO - Filling up the DagBag from /home/airflow/.local/lib/python3.7/site-packages/airflow/example_dags/example_xcom.py
[2022-08-30T12:31:40.051+0000] {processor.py:650} INFO - DAG(s) dict_keys(['example_xcom']) retrieved from /home/airflow/.local/lib/python3.7/site-packages/airflow/example_dags/example_xcom.py
[2022-08-30T12:31:40.085+0000] {logging_mixin.py:115} INFO - [2022-08-30T12:31:40.085+0000] {dag.py:2429} INFO - Sync 1 DAGs
[2022-08-30T12:31:40.096+0000] {logging_mixin.py:115} INFO - [2022-08-30T12:31:40.096+0000] {dag.py:2981} INFO - Setting next_dagrun for example_xcom to 2021-01-01T00:00:00+00:00, run_after=2021-01-01T00:00:00+00:00
[2022-08-30T12:31:40.105+0000] {processor.py:161} INFO - Processing /home/airflow/.local/lib/python3.7/site-packages/airflow/example_dags/example_xcom.py took 0.070 seconds
[2022-08-30T12:32:10.714+0000] {processor.py:153} INFO - Started process (PID=1460) to work on /home/airflow/.local/lib/python3.7/site-packages/airflow/example_dags/example_xcom.py
[2022-08-30T12:32:10.716+0000] {processor.py:640} INFO - Processing file /home/airflow/.local/lib/python3.7/site-packages/airflow/example_dags/example_xcom.py for tasks to queue
[2022-08-30T12:32:10.717+0000] {logging_mixin.py:115} INFO - [2022-08-30T12:32:10.716+0000] {dagbag.py:508} INFO - Filling up the DagBag from /home/airflow/.local/lib/python3.7/site-packages/airflow/example_dags/example_xcom.py
[2022-08-30T12:32:10.729+0000] {processor.py:650} INFO - DAG(s) dict_keys(['example_xcom']) retrieved from /home/airflow/.local/lib/python3.7/site-packages/airflow/example_dags/example_xcom.py
[2022-08-30T12:32:10.768+0000] {logging_mixin.py:115} INFO - [2022-08-30T12:32:10.768+0000] {dag.py:2429} INFO - Sync 1 DAGs
[2022-08-30T12:32:10.780+0000] {logging_mixin.py:115} INFO - [2022-08-30T12:32:10.780+0000] {dag.py:2981} INFO - Setting next_dagrun for example_xcom to 2021-01-01T00:00:00+00:00, run_after=2021-01-01T00:00:00+00:00
[2022-08-30T12:32:10.791+0000] {processor.py:161} INFO - Processing /home/airflow/.local/lib/python3.7/site-packages/airflow/example_dags/example_xcom.py took 0.079 seconds
[2022-08-30T12:32:41.687+0000] {processor.py:153} INFO - Started process (PID=1663) to work on /home/airflow/.local/lib/python3.7/site-packages/airflow/example_dags/example_xcom.py
[2022-08-30T12:32:41.688+0000] {processor.py:640} INFO - Processing file /home/airflow/.local/lib/python3.7/site-packages/airflow/example_dags/example_xcom.py for tasks to queue
[2022-08-30T12:32:41.690+0000] {logging_mixin.py:115} INFO - [2022-08-30T12:32:41.690+0000] {dagbag.py:508} INFO - Filling up the DagBag from /home/airflow/.local/lib/python3.7/site-packages/airflow/example_dags/example_xcom.py
[2022-08-30T12:32:41.703+0000] {processor.py:650} INFO - DAG(s) dict_keys(['example_xcom']) retrieved from /home/airflow/.local/lib/python3.7/site-packages/airflow/example_dags/example_xcom.py
[2022-08-30T12:32:41.748+0000] {logging_mixin.py:115} INFO - [2022-08-30T12:32:41.748+0000] {dag.py:2429} INFO - Sync 1 DAGs
[2022-08-30T12:32:41.761+0000] {logging_mixin.py:115} INFO - [2022-08-30T12:32:41.761+0000] {dag.py:2981} INFO - Setting next_dagrun for example_xcom to 2021-01-01T00:00:00+00:00, run_after=2021-01-01T00:00:00+00:00
[2022-08-30T12:32:41.771+0000] {processor.py:161} INFO - Processing /home/airflow/.local/lib/python3.7/site-packages/airflow/example_dags/example_xcom.py took 0.088 seconds
[2022-08-30T12:33:12.412+0000] {processor.py:153} INFO - Started process (PID=1866) to work on /home/airflow/.local/lib/python3.7/site-packages/airflow/example_dags/example_xcom.py
[2022-08-30T12:33:12.413+0000] {processor.py:640} INFO - Processing file /home/airflow/.local/lib/python3.7/site-packages/airflow/example_dags/example_xcom.py for tasks to queue
[2022-08-30T12:33:12.414+0000] {logging_mixin.py:115} INFO - [2022-08-30T12:33:12.414+0000] {dagbag.py:508} INFO - Filling up the DagBag from /home/airflow/.local/lib/python3.7/site-packages/airflow/example_dags/example_xcom.py
[2022-08-30T12:33:12.428+0000] {processor.py:650} INFO - DAG(s) dict_keys(['example_xcom']) retrieved from /home/airflow/.local/lib/python3.7/site-packages/airflow/example_dags/example_xcom.py
[2022-08-30T12:33:12.445+0000] {logging_mixin.py:115} INFO - [2022-08-30T12:33:12.445+0000] {dag.py:2429} INFO - Sync 1 DAGs
[2022-08-30T12:33:12.458+0000] {logging_mixin.py:115} INFO - [2022-08-30T12:33:12.458+0000] {dag.py:2981} INFO - Setting next_dagrun for example_xcom to 2021-01-01T00:00:00+00:00, run_after=2021-01-01T00:00:00+00:00
[2022-08-30T12:33:12.465+0000] {processor.py:161} INFO - Processing /home/airflow/.local/lib/python3.7/site-packages/airflow/example_dags/example_xcom.py took 0.056 seconds
[2022-08-30T12:33:43.091+0000] {processor.py:153} INFO - Started process (PID=2068) to work on /home/airflow/.local/lib/python3.7/site-packages/airflow/example_dags/example_xcom.py
[2022-08-30T12:33:43.092+0000] {processor.py:640} INFO - Processing file /home/airflow/.local/lib/python3.7/site-packages/airflow/example_dags/example_xcom.py for tasks to queue
[2022-08-30T12:33:43.093+0000] {logging_mixin.py:115} INFO - [2022-08-30T12:33:43.093+0000] {dagbag.py:508} INFO - Filling up the DagBag from /home/airflow/.local/lib/python3.7/site-packages/airflow/example_dags/example_xcom.py
[2022-08-30T12:33:43.108+0000] {processor.py:650} INFO - DAG(s) dict_keys(['example_xcom']) retrieved from /home/airflow/.local/lib/python3.7/site-packages/airflow/example_dags/example_xcom.py
[2022-08-30T12:33:43.126+0000] {logging_mixin.py:115} INFO - [2022-08-30T12:33:43.126+0000] {dag.py:2429} INFO - Sync 1 DAGs
[2022-08-30T12:33:43.141+0000] {logging_mixin.py:115} INFO - [2022-08-30T12:33:43.141+0000] {dag.py:2981} INFO - Setting next_dagrun for example_xcom to 2021-01-01T00:00:00+00:00, run_after=2021-01-01T00:00:00+00:00
[2022-08-30T12:33:43.152+0000] {processor.py:161} INFO - Processing /home/airflow/.local/lib/python3.7/site-packages/airflow/example_dags/example_xcom.py took 0.063 seconds
[2022-08-30T12:34:13.843+0000] {processor.py:153} INFO - Started process (PID=2266) to work on /home/airflow/.local/lib/python3.7/site-packages/airflow/example_dags/example_xcom.py
[2022-08-30T12:34:13.845+0000] {processor.py:640} INFO - Processing file /home/airflow/.local/lib/python3.7/site-packages/airflow/example_dags/example_xcom.py for tasks to queue
[2022-08-30T12:34:13.846+0000] {logging_mixin.py:115} INFO - [2022-08-30T12:34:13.846+0000] {dagbag.py:508} INFO - Filling up the DagBag from /home/airflow/.local/lib/python3.7/site-packages/airflow/example_dags/example_xcom.py
[2022-08-30T12:34:13.859+0000] {processor.py:650} INFO - DAG(s) dict_keys(['example_xcom']) retrieved from /home/airflow/.local/lib/python3.7/site-packages/airflow/example_dags/example_xcom.py
[2022-08-30T12:34:13.899+0000] {logging_mixin.py:115} INFO - [2022-08-30T12:34:13.899+0000] {dag.py:2429} INFO - Sync 1 DAGs
[2022-08-30T12:34:13.914+0000] {logging_mixin.py:115} INFO - [2022-08-30T12:34:13.914+0000] {dag.py:2981} INFO - Setting next_dagrun for example_xcom to 2021-01-01T00:00:00+00:00, run_after=2021-01-01T00:00:00+00:00
[2022-08-30T12:34:13.925+0000] {processor.py:161} INFO - Processing /home/airflow/.local/lib/python3.7/site-packages/airflow/example_dags/example_xcom.py took 0.084 seconds
[2022-08-30T12:34:44.589+0000] {processor.py:153} INFO - Started process (PID=2456) to work on /home/airflow/.local/lib/python3.7/site-packages/airflow/example_dags/example_xcom.py
[2022-08-30T12:34:44.591+0000] {processor.py:640} INFO - Processing file /home/airflow/.local/lib/python3.7/site-packages/airflow/example_dags/example_xcom.py for tasks to queue
[2022-08-30T12:34:44.592+0000] {logging_mixin.py:115} INFO - [2022-08-30T12:34:44.592+0000] {dagbag.py:508} INFO - Filling up the DagBag from /home/airflow/.local/lib/python3.7/site-packages/airflow/example_dags/example_xcom.py
[2022-08-30T12:34:44.605+0000] {processor.py:650} INFO - DAG(s) dict_keys(['example_xcom']) retrieved from /home/airflow/.local/lib/python3.7/site-packages/airflow/example_dags/example_xcom.py
[2022-08-30T12:34:44.642+0000] {logging_mixin.py:115} INFO - [2022-08-30T12:34:44.641+0000] {dag.py:2429} INFO - Sync 1 DAGs
[2022-08-30T12:34:44.655+0000] {logging_mixin.py:115} INFO - [2022-08-30T12:34:44.654+0000] {dag.py:2981} INFO - Setting next_dagrun for example_xcom to 2021-01-01T00:00:00+00:00, run_after=2021-01-01T00:00:00+00:00
[2022-08-30T12:34:44.666+0000] {processor.py:161} INFO - Processing /home/airflow/.local/lib/python3.7/site-packages/airflow/example_dags/example_xcom.py took 0.079 seconds
[2022-08-30T12:35:15.337+0000] {processor.py:153} INFO - Started process (PID=2658) to work on /home/airflow/.local/lib/python3.7/site-packages/airflow/example_dags/example_xcom.py
[2022-08-30T12:35:15.339+0000] {processor.py:640} INFO - Processing file /home/airflow/.local/lib/python3.7/site-packages/airflow/example_dags/example_xcom.py for tasks to queue
[2022-08-30T12:35:15.340+0000] {logging_mixin.py:115} INFO - [2022-08-30T12:35:15.339+0000] {dagbag.py:508} INFO - Filling up the DagBag from /home/airflow/.local/lib/python3.7/site-packages/airflow/example_dags/example_xcom.py
[2022-08-30T12:35:15.353+0000] {processor.py:650} INFO - DAG(s) dict_keys(['example_xcom']) retrieved from /home/airflow/.local/lib/python3.7/site-packages/airflow/example_dags/example_xcom.py
[2022-08-30T12:35:15.390+0000] {logging_mixin.py:115} INFO - [2022-08-30T12:35:15.390+0000] {dag.py:2429} INFO - Sync 1 DAGs
[2022-08-30T12:35:15.402+0000] {logging_mixin.py:115} INFO - [2022-08-30T12:35:15.402+0000] {dag.py:2981} INFO - Setting next_dagrun for example_xcom to 2021-01-01T00:00:00+00:00, run_after=2021-01-01T00:00:00+00:00
[2022-08-30T12:35:15.412+0000] {processor.py:161} INFO - Processing /home/airflow/.local/lib/python3.7/site-packages/airflow/example_dags/example_xcom.py took 0.078 seconds
[2022-08-30T12:35:46.073+0000] {processor.py:153} INFO - Started process (PID=2855) to work on /home/airflow/.local/lib/python3.7/site-packages/airflow/example_dags/example_xcom.py
[2022-08-30T12:35:46.074+0000] {processor.py:640} INFO - Processing file /home/airflow/.local/lib/python3.7/site-packages/airflow/example_dags/example_xcom.py for tasks to queue
[2022-08-30T12:35:46.075+0000] {logging_mixin.py:115} INFO - [2022-08-30T12:35:46.075+0000] {dagbag.py:508} INFO - Filling up the DagBag from /home/airflow/.local/lib/python3.7/site-packages/airflow/example_dags/example_xcom.py
[2022-08-30T12:35:46.089+0000] {processor.py:650} INFO - DAG(s) dict_keys(['example_xcom']) retrieved from /home/airflow/.local/lib/python3.7/site-packages/airflow/example_dags/example_xcom.py
[2022-08-30T12:35:46.104+0000] {logging_mixin.py:115} INFO - [2022-08-30T12:35:46.104+0000] {dag.py:2429} INFO - Sync 1 DAGs
[2022-08-30T12:35:46.117+0000] {logging_mixin.py:115} INFO - [2022-08-30T12:35:46.117+0000] {dag.py:2981} INFO - Setting next_dagrun for example_xcom to 2021-01-01T00:00:00+00:00, run_after=2021-01-01T00:00:00+00:00
[2022-08-30T12:35:46.127+0000] {processor.py:161} INFO - Processing /home/airflow/.local/lib/python3.7/site-packages/airflow/example_dags/example_xcom.py took 0.056 seconds
[2022-08-30T12:36:16.937+0000] {processor.py:153} INFO - Started process (PID=3057) to work on /home/airflow/.local/lib/python3.7/site-packages/airflow/example_dags/example_xcom.py
[2022-08-30T12:36:16.938+0000] {processor.py:640} INFO - Processing file /home/airflow/.local/lib/python3.7/site-packages/airflow/example_dags/example_xcom.py for tasks to queue
[2022-08-30T12:36:16.939+0000] {logging_mixin.py:115} INFO - [2022-08-30T12:36:16.939+0000] {dagbag.py:508} INFO - Filling up the DagBag from /home/airflow/.local/lib/python3.7/site-packages/airflow/example_dags/example_xcom.py
[2022-08-30T12:36:16.952+0000] {processor.py:650} INFO - DAG(s) dict_keys(['example_xcom']) retrieved from /home/airflow/.local/lib/python3.7/site-packages/airflow/example_dags/example_xcom.py
[2022-08-30T12:36:16.989+0000] {logging_mixin.py:115} INFO - [2022-08-30T12:36:16.989+0000] {dag.py:2429} INFO - Sync 1 DAGs
[2022-08-30T12:36:17.002+0000] {logging_mixin.py:115} INFO - [2022-08-30T12:36:17.002+0000] {dag.py:2981} INFO - Setting next_dagrun for example_xcom to 2021-01-01T00:00:00+00:00, run_after=2021-01-01T00:00:00+00:00
[2022-08-30T12:36:17.010+0000] {processor.py:161} INFO - Processing /home/airflow/.local/lib/python3.7/site-packages/airflow/example_dags/example_xcom.py took 0.075 seconds
[2022-08-30T12:36:47.903+0000] {processor.py:153} INFO - Started process (PID=3254) to work on /home/airflow/.local/lib/python3.7/site-packages/airflow/example_dags/example_xcom.py
[2022-08-30T12:36:47.905+0000] {processor.py:640} INFO - Processing file /home/airflow/.local/lib/python3.7/site-packages/airflow/example_dags/example_xcom.py for tasks to queue
[2022-08-30T12:36:47.906+0000] {logging_mixin.py:115} INFO - [2022-08-30T12:36:47.906+0000] {dagbag.py:508} INFO - Filling up the DagBag from /home/airflow/.local/lib/python3.7/site-packages/airflow/example_dags/example_xcom.py
[2022-08-30T12:36:47.918+0000] {processor.py:650} INFO - DAG(s) dict_keys(['example_xcom']) retrieved from /home/airflow/.local/lib/python3.7/site-packages/airflow/example_dags/example_xcom.py
[2022-08-30T12:36:47.935+0000] {logging_mixin.py:115} INFO - [2022-08-30T12:36:47.935+0000] {dag.py:2429} INFO - Sync 1 DAGs
[2022-08-30T12:36:47.951+0000] {logging_mixin.py:115} INFO - [2022-08-30T12:36:47.951+0000] {dag.py:2981} INFO - Setting next_dagrun for example_xcom to 2021-01-01T00:00:00+00:00, run_after=2021-01-01T00:00:00+00:00
[2022-08-30T12:36:47.960+0000] {processor.py:161} INFO - Processing /home/airflow/.local/lib/python3.7/site-packages/airflow/example_dags/example_xcom.py took 0.058 seconds
[2022-08-30T12:37:18.540+0000] {processor.py:153} INFO - Started process (PID=3459) to work on /home/airflow/.local/lib/python3.7/site-packages/airflow/example_dags/example_xcom.py
[2022-08-30T12:37:18.541+0000] {processor.py:640} INFO - Processing file /home/airflow/.local/lib/python3.7/site-packages/airflow/example_dags/example_xcom.py for tasks to queue
[2022-08-30T12:37:18.542+0000] {logging_mixin.py:115} INFO - [2022-08-30T12:37:18.542+0000] {dagbag.py:508} INFO - Filling up the DagBag from /home/airflow/.local/lib/python3.7/site-packages/airflow/example_dags/example_xcom.py
[2022-08-30T12:37:18.554+0000] {processor.py:650} INFO - DAG(s) dict_keys(['example_xcom']) retrieved from /home/airflow/.local/lib/python3.7/site-packages/airflow/example_dags/example_xcom.py
[2022-08-30T12:37:18.592+0000] {logging_mixin.py:115} INFO - [2022-08-30T12:37:18.592+0000] {dag.py:2429} INFO - Sync 1 DAGs
[2022-08-30T12:37:18.605+0000] {logging_mixin.py:115} INFO - [2022-08-30T12:37:18.605+0000] {dag.py:2981} INFO - Setting next_dagrun for example_xcom to 2021-01-01T00:00:00+00:00, run_after=2021-01-01T00:00:00+00:00
[2022-08-30T12:37:18.644+0000] {processor.py:161} INFO - Processing /home/airflow/.local/lib/python3.7/site-packages/airflow/example_dags/example_xcom.py took 0.106 seconds
[2022-08-30T12:37:49.396+0000] {processor.py:153} INFO - Started process (PID=3660) to work on /home/airflow/.local/lib/python3.7/site-packages/airflow/example_dags/example_xcom.py
[2022-08-30T12:37:49.397+0000] {processor.py:640} INFO - Processing file /home/airflow/.local/lib/python3.7/site-packages/airflow/example_dags/example_xcom.py for tasks to queue
[2022-08-30T12:37:49.398+0000] {logging_mixin.py:115} INFO - [2022-08-30T12:37:49.398+0000] {dagbag.py:508} INFO - Filling up the DagBag from /home/airflow/.local/lib/python3.7/site-packages/airflow/example_dags/example_xcom.py
[2022-08-30T12:37:49.411+0000] {processor.py:650} INFO - DAG(s) dict_keys(['example_xcom']) retrieved from /home/airflow/.local/lib/python3.7/site-packages/airflow/example_dags/example_xcom.py
[2022-08-30T12:37:49.447+0000] {logging_mixin.py:115} INFO - [2022-08-30T12:37:49.447+0000] {dag.py:2429} INFO - Sync 1 DAGs
[2022-08-30T12:37:49.461+0000] {logging_mixin.py:115} INFO - [2022-08-30T12:37:49.460+0000] {dag.py:2981} INFO - Setting next_dagrun for example_xcom to 2021-01-01T00:00:00+00:00, run_after=2021-01-01T00:00:00+00:00
[2022-08-30T12:37:49.473+0000] {processor.py:161} INFO - Processing /home/airflow/.local/lib/python3.7/site-packages/airflow/example_dags/example_xcom.py took 0.079 seconds
[2022-08-30T12:40:08.602+0000] {processor.py:153} INFO - Started process (PID=272) to work on /home/airflow/.local/lib/python3.7/site-packages/airflow/example_dags/example_xcom.py
[2022-08-30T12:40:08.604+0000] {processor.py:640} INFO - Processing file /home/airflow/.local/lib/python3.7/site-packages/airflow/example_dags/example_xcom.py for tasks to queue
[2022-08-30T12:40:08.606+0000] {logging_mixin.py:115} INFO - [2022-08-30T12:40:08.606+0000] {dagbag.py:508} INFO - Filling up the DagBag from /home/airflow/.local/lib/python3.7/site-packages/airflow/example_dags/example_xcom.py
[2022-08-30T12:40:08.631+0000] {processor.py:650} INFO - DAG(s) dict_keys(['example_xcom']) retrieved from /home/airflow/.local/lib/python3.7/site-packages/airflow/example_dags/example_xcom.py
[2022-08-30T12:40:08.695+0000] {logging_mixin.py:115} INFO - [2022-08-30T12:40:08.695+0000] {manager.py:508} INFO - Created Permission View: can edit on DAG:example_xcom
[2022-08-30T12:40:08.725+0000] {logging_mixin.py:115} INFO - [2022-08-30T12:40:08.724+0000] {manager.py:508} INFO - Created Permission View: can read on DAG:example_xcom
[2022-08-30T12:40:08.734+0000] {logging_mixin.py:115} INFO - [2022-08-30T12:40:08.734+0000] {manager.py:508} INFO - Created Permission View: can delete on DAG:example_xcom
[2022-08-30T12:40:08.735+0000] {logging_mixin.py:115} INFO - [2022-08-30T12:40:08.735+0000] {dag.py:2429} INFO - Sync 1 DAGs
[2022-08-30T12:40:08.745+0000] {logging_mixin.py:115} INFO - [2022-08-30T12:40:08.744+0000] {dag.py:2448} INFO - Creating ORM DAG for example_xcom
[2022-08-30T12:40:08.759+0000] {logging_mixin.py:115} INFO - [2022-08-30T12:40:08.759+0000] {dag.py:2981} INFO - Setting next_dagrun for example_xcom to 2021-01-01T00:00:00+00:00, run_after=2021-01-01T00:00:00+00:00
[2022-08-30T12:40:09.356+0000] {processor.py:161} INFO - Processing /home/airflow/.local/lib/python3.7/site-packages/airflow/example_dags/example_xcom.py took 0.756 seconds
[2022-08-30T12:42:15.740+0000] {processor.py:153} INFO - Started process (PID=259) to work on /home/airflow/.local/lib/python3.7/site-packages/airflow/example_dags/example_xcom.py
[2022-08-30T12:42:15.742+0000] {processor.py:640} INFO - Processing file /home/airflow/.local/lib/python3.7/site-packages/airflow/example_dags/example_xcom.py for tasks to queue
[2022-08-30T12:42:15.743+0000] {logging_mixin.py:115} INFO - [2022-08-30T12:42:15.743+0000] {dagbag.py:508} INFO - Filling up the DagBag from /home/airflow/.local/lib/python3.7/site-packages/airflow/example_dags/example_xcom.py
[2022-08-30T12:42:15.757+0000] {processor.py:650} INFO - DAG(s) dict_keys(['example_xcom']) retrieved from /home/airflow/.local/lib/python3.7/site-packages/airflow/example_dags/example_xcom.py
[2022-08-30T12:42:15.795+0000] {logging_mixin.py:115} INFO - [2022-08-30T12:42:15.795+0000] {dag.py:2429} INFO - Sync 1 DAGs
[2022-08-30T12:42:15.807+0000] {logging_mixin.py:115} INFO - [2022-08-30T12:42:15.807+0000] {dag.py:2981} INFO - Setting next_dagrun for example_xcom to 2021-01-01T00:00:00+00:00, run_after=2021-01-01T00:00:00+00:00
[2022-08-30T12:42:15.815+0000] {processor.py:161} INFO - Processing /home/airflow/.local/lib/python3.7/site-packages/airflow/example_dags/example_xcom.py took 0.078 seconds
[2022-08-30T12:42:46.539+0000] {processor.py:153} INFO - Started process (PID=461) to work on /home/airflow/.local/lib/python3.7/site-packages/airflow/example_dags/example_xcom.py
[2022-08-30T12:42:46.541+0000] {processor.py:640} INFO - Processing file /home/airflow/.local/lib/python3.7/site-packages/airflow/example_dags/example_xcom.py for tasks to queue
[2022-08-30T12:42:46.542+0000] {logging_mixin.py:115} INFO - [2022-08-30T12:42:46.542+0000] {dagbag.py:508} INFO - Filling up the DagBag from /home/airflow/.local/lib/python3.7/site-packages/airflow/example_dags/example_xcom.py
[2022-08-30T12:42:46.556+0000] {processor.py:650} INFO - DAG(s) dict_keys(['example_xcom']) retrieved from /home/airflow/.local/lib/python3.7/site-packages/airflow/example_dags/example_xcom.py
[2022-08-30T12:42:46.593+0000] {logging_mixin.py:115} INFO - [2022-08-30T12:42:46.593+0000] {dag.py:2429} INFO - Sync 1 DAGs
[2022-08-30T12:42:46.604+0000] {logging_mixin.py:115} INFO - [2022-08-30T12:42:46.604+0000] {dag.py:2981} INFO - Setting next_dagrun for example_xcom to 2021-01-01T00:00:00+00:00, run_after=2021-01-01T00:00:00+00:00
[2022-08-30T12:42:46.612+0000] {processor.py:161} INFO - Processing /home/airflow/.local/lib/python3.7/site-packages/airflow/example_dags/example_xcom.py took 0.075 seconds
[2022-08-30T12:43:17.551+0000] {processor.py:153} INFO - Started process (PID=665) to work on /home/airflow/.local/lib/python3.7/site-packages/airflow/example_dags/example_xcom.py
[2022-08-30T12:43:17.552+0000] {processor.py:640} INFO - Processing file /home/airflow/.local/lib/python3.7/site-packages/airflow/example_dags/example_xcom.py for tasks to queue
[2022-08-30T12:43:17.553+0000] {logging_mixin.py:115} INFO - [2022-08-30T12:43:17.553+0000] {dagbag.py:508} INFO - Filling up the DagBag from /home/airflow/.local/lib/python3.7/site-packages/airflow/example_dags/example_xcom.py
[2022-08-30T12:43:17.568+0000] {processor.py:650} INFO - DAG(s) dict_keys(['example_xcom']) retrieved from /home/airflow/.local/lib/python3.7/site-packages/airflow/example_dags/example_xcom.py
[2022-08-30T12:43:17.605+0000] {logging_mixin.py:115} INFO - [2022-08-30T12:43:17.605+0000] {dag.py:2429} INFO - Sync 1 DAGs
[2022-08-30T12:43:17.616+0000] {logging_mixin.py:115} INFO - [2022-08-30T12:43:17.616+0000] {dag.py:2981} INFO - Setting next_dagrun for example_xcom to 2021-01-01T00:00:00+00:00, run_after=2021-01-01T00:00:00+00:00
[2022-08-30T12:43:17.624+0000] {processor.py:161} INFO - Processing /home/airflow/.local/lib/python3.7/site-packages/airflow/example_dags/example_xcom.py took 0.075 seconds
[2022-08-30T12:43:48.198+0000] {processor.py:153} INFO - Started process (PID=855) to work on /home/airflow/.local/lib/python3.7/site-packages/airflow/example_dags/example_xcom.py
[2022-08-30T12:43:48.200+0000] {processor.py:640} INFO - Processing file /home/airflow/.local/lib/python3.7/site-packages/airflow/example_dags/example_xcom.py for tasks to queue
[2022-08-30T12:43:48.201+0000] {logging_mixin.py:115} INFO - [2022-08-30T12:43:48.201+0000] {dagbag.py:508} INFO - Filling up the DagBag from /home/airflow/.local/lib/python3.7/site-packages/airflow/example_dags/example_xcom.py
[2022-08-30T12:43:48.214+0000] {processor.py:650} INFO - DAG(s) dict_keys(['example_xcom']) retrieved from /home/airflow/.local/lib/python3.7/site-packages/airflow/example_dags/example_xcom.py
[2022-08-30T12:43:48.253+0000] {logging_mixin.py:115} INFO - [2022-08-30T12:43:48.252+0000] {dag.py:2429} INFO - Sync 1 DAGs
[2022-08-30T12:43:48.265+0000] {logging_mixin.py:115} INFO - [2022-08-30T12:43:48.265+0000] {dag.py:2981} INFO - Setting next_dagrun for example_xcom to 2021-01-01T00:00:00+00:00, run_after=2021-01-01T00:00:00+00:00
[2022-08-30T12:43:48.272+0000] {processor.py:161} INFO - Processing /home/airflow/.local/lib/python3.7/site-packages/airflow/example_dags/example_xcom.py took 0.076 seconds
[2022-08-30T12:44:18.986+0000] {processor.py:153} INFO - Started process (PID=1057) to work on /home/airflow/.local/lib/python3.7/site-packages/airflow/example_dags/example_xcom.py
[2022-08-30T12:44:18.988+0000] {processor.py:640} INFO - Processing file /home/airflow/.local/lib/python3.7/site-packages/airflow/example_dags/example_xcom.py for tasks to queue
[2022-08-30T12:44:18.989+0000] {logging_mixin.py:115} INFO - [2022-08-30T12:44:18.989+0000] {dagbag.py:508} INFO - Filling up the DagBag from /home/airflow/.local/lib/python3.7/site-packages/airflow/example_dags/example_xcom.py
[2022-08-30T12:44:19.001+0000] {processor.py:650} INFO - DAG(s) dict_keys(['example_xcom']) retrieved from /home/airflow/.local/lib/python3.7/site-packages/airflow/example_dags/example_xcom.py
[2022-08-30T12:44:19.016+0000] {logging_mixin.py:115} INFO - [2022-08-30T12:44:19.016+0000] {dag.py:2429} INFO - Sync 1 DAGs
[2022-08-30T12:44:19.028+0000] {logging_mixin.py:115} INFO - [2022-08-30T12:44:19.028+0000] {dag.py:2981} INFO - Setting next_dagrun for example_xcom to 2021-01-01T00:00:00+00:00, run_after=2021-01-01T00:00:00+00:00
[2022-08-30T12:44:19.035+0000] {processor.py:161} INFO - Processing /home/airflow/.local/lib/python3.7/site-packages/airflow/example_dags/example_xcom.py took 0.050 seconds
[2022-08-30T12:44:49.677+0000] {processor.py:153} INFO - Started process (PID=1259) to work on /home/airflow/.local/lib/python3.7/site-packages/airflow/example_dags/example_xcom.py
[2022-08-30T12:44:49.678+0000] {processor.py:640} INFO - Processing file /home/airflow/.local/lib/python3.7/site-packages/airflow/example_dags/example_xcom.py for tasks to queue
[2022-08-30T12:44:49.679+0000] {logging_mixin.py:115} INFO - [2022-08-30T12:44:49.679+0000] {dagbag.py:508} INFO - Filling up the DagBag from /home/airflow/.local/lib/python3.7/site-packages/airflow/example_dags/example_xcom.py
[2022-08-30T12:44:49.692+0000] {processor.py:650} INFO - DAG(s) dict_keys(['example_xcom']) retrieved from /home/airflow/.local/lib/python3.7/site-packages/airflow/example_dags/example_xcom.py
[2022-08-30T12:44:49.707+0000] {logging_mixin.py:115} INFO - [2022-08-30T12:44:49.707+0000] {dag.py:2429} INFO - Sync 1 DAGs
[2022-08-30T12:44:49.719+0000] {logging_mixin.py:115} INFO - [2022-08-30T12:44:49.718+0000] {dag.py:2981} INFO - Setting next_dagrun for example_xcom to 2021-01-01T00:00:00+00:00, run_after=2021-01-01T00:00:00+00:00
[2022-08-30T12:44:49.725+0000] {processor.py:161} INFO - Processing /home/airflow/.local/lib/python3.7/site-packages/airflow/example_dags/example_xcom.py took 0.051 seconds
