[2022-08-30T12:27:45.931+0000] {processor.py:153} INFO - Started process (PID=200) to work on /home/airflow/.local/lib/python3.7/site-packages/airflow/example_dags/example_bash_operator.py
[2022-08-30T12:27:45.933+0000] {processor.py:640} INFO - Processing file /home/airflow/.local/lib/python3.7/site-packages/airflow/example_dags/example_bash_operator.py for tasks to queue
[2022-08-30T12:27:45.934+0000] {logging_mixin.py:115} INFO - [2022-08-30T12:27:45.934+0000] {dagbag.py:508} INFO - Filling up the DagBag from /home/airflow/.local/lib/python3.7/site-packages/airflow/example_dags/example_bash_operator.py
[2022-08-30T12:27:45.942+0000] {processor.py:650} INFO - DAG(s) dict_keys(['example_bash_operator']) retrieved from /home/airflow/.local/lib/python3.7/site-packages/airflow/example_dags/example_bash_operator.py
[2022-08-30T12:27:45.995+0000] {logging_mixin.py:115} INFO - [2022-08-30T12:27:45.995+0000] {manager.py:508} INFO - Created Permission View: can read on DAG:example_bash_operator
[2022-08-30T12:27:46.002+0000] {logging_mixin.py:115} INFO - [2022-08-30T12:27:46.001+0000] {manager.py:508} INFO - Created Permission View: can edit on DAG:example_bash_operator
[2022-08-30T12:27:46.007+0000] {logging_mixin.py:115} INFO - [2022-08-30T12:27:46.006+0000] {manager.py:508} INFO - Created Permission View: can delete on DAG:example_bash_operator
[2022-08-30T12:27:46.007+0000] {logging_mixin.py:115} INFO - [2022-08-30T12:27:46.007+0000] {dag.py:2429} INFO - Sync 1 DAGs
[2022-08-30T12:27:46.013+0000] {logging_mixin.py:115} INFO - [2022-08-30T12:27:46.012+0000] {dag.py:2448} INFO - Creating ORM DAG for example_bash_operator
[2022-08-30T12:27:46.038+0000] {logging_mixin.py:115} INFO - [2022-08-30T12:27:46.038+0000] {dag.py:2981} INFO - Setting next_dagrun for example_bash_operator to 2022-08-29T00:00:00+00:00, run_after=2022-08-30T00:00:00+00:00
[2022-08-30T12:27:46.054+0000] {processor.py:161} INFO - Processing /home/airflow/.local/lib/python3.7/site-packages/airflow/example_dags/example_bash_operator.py took 0.125 seconds
[2022-08-30T12:28:16.990+0000] {processor.py:153} INFO - Started process (PID=400) to work on /home/airflow/.local/lib/python3.7/site-packages/airflow/example_dags/example_bash_operator.py
[2022-08-30T12:28:16.993+0000] {processor.py:640} INFO - Processing file /home/airflow/.local/lib/python3.7/site-packages/airflow/example_dags/example_bash_operator.py for tasks to queue
[2022-08-30T12:28:16.994+0000] {logging_mixin.py:115} INFO - [2022-08-30T12:28:16.994+0000] {dagbag.py:508} INFO - Filling up the DagBag from /home/airflow/.local/lib/python3.7/site-packages/airflow/example_dags/example_bash_operator.py
[2022-08-30T12:28:17.006+0000] {processor.py:650} INFO - DAG(s) dict_keys(['example_bash_operator']) retrieved from /home/airflow/.local/lib/python3.7/site-packages/airflow/example_dags/example_bash_operator.py
[2022-08-30T12:28:17.030+0000] {logging_mixin.py:115} INFO - [2022-08-30T12:28:17.030+0000] {dag.py:2429} INFO - Sync 1 DAGs
[2022-08-30T12:28:17.046+0000] {logging_mixin.py:115} INFO - [2022-08-30T12:28:17.046+0000] {dag.py:2981} INFO - Setting next_dagrun for example_bash_operator to 2022-08-29T00:00:00+00:00, run_after=2022-08-30T00:00:00+00:00
[2022-08-30T12:28:17.053+0000] {processor.py:161} INFO - Processing /home/airflow/.local/lib/python3.7/site-packages/airflow/example_dags/example_bash_operator.py took 0.065 seconds
[2022-08-30T12:29:05.726+0000] {processor.py:153} INFO - Started process (PID=203) to work on /home/airflow/.local/lib/python3.7/site-packages/airflow/example_dags/example_bash_operator.py
[2022-08-30T12:29:05.728+0000] {processor.py:640} INFO - Processing file /home/airflow/.local/lib/python3.7/site-packages/airflow/example_dags/example_bash_operator.py for tasks to queue
[2022-08-30T12:29:05.729+0000] {logging_mixin.py:115} INFO - [2022-08-30T12:29:05.729+0000] {dagbag.py:508} INFO - Filling up the DagBag from /home/airflow/.local/lib/python3.7/site-packages/airflow/example_dags/example_bash_operator.py
[2022-08-30T12:29:05.746+0000] {processor.py:650} INFO - DAG(s) dict_keys(['example_bash_operator']) retrieved from /home/airflow/.local/lib/python3.7/site-packages/airflow/example_dags/example_bash_operator.py
[2022-08-30T12:29:05.811+0000] {logging_mixin.py:115} INFO - [2022-08-30T12:29:05.811+0000] {dag.py:2429} INFO - Sync 1 DAGs
[2022-08-30T12:29:05.841+0000] {logging_mixin.py:115} INFO - [2022-08-30T12:29:05.841+0000] {dag.py:2981} INFO - Setting next_dagrun for example_bash_operator to 2022-08-30T00:00:00+00:00, run_after=2022-08-31T00:00:00+00:00
[2022-08-30T12:29:05.857+0000] {processor.py:161} INFO - Processing /home/airflow/.local/lib/python3.7/site-packages/airflow/example_dags/example_bash_operator.py took 0.133 seconds
[2022-08-30T12:29:36.538+0000] {processor.py:153} INFO - Started process (PID=405) to work on /home/airflow/.local/lib/python3.7/site-packages/airflow/example_dags/example_bash_operator.py
[2022-08-30T12:29:36.539+0000] {processor.py:640} INFO - Processing file /home/airflow/.local/lib/python3.7/site-packages/airflow/example_dags/example_bash_operator.py for tasks to queue
[2022-08-30T12:29:36.542+0000] {logging_mixin.py:115} INFO - [2022-08-30T12:29:36.542+0000] {dagbag.py:508} INFO - Filling up the DagBag from /home/airflow/.local/lib/python3.7/site-packages/airflow/example_dags/example_bash_operator.py
[2022-08-30T12:29:36.551+0000] {processor.py:650} INFO - DAG(s) dict_keys(['example_bash_operator']) retrieved from /home/airflow/.local/lib/python3.7/site-packages/airflow/example_dags/example_bash_operator.py
[2022-08-30T12:29:36.577+0000] {logging_mixin.py:115} INFO - [2022-08-30T12:29:36.577+0000] {dag.py:2429} INFO - Sync 1 DAGs
[2022-08-30T12:29:36.592+0000] {logging_mixin.py:115} INFO - [2022-08-30T12:29:36.592+0000] {dag.py:2981} INFO - Setting next_dagrun for example_bash_operator to 2022-08-30T00:00:00+00:00, run_after=2022-08-31T00:00:00+00:00
[2022-08-30T12:29:36.600+0000] {processor.py:161} INFO - Processing /home/airflow/.local/lib/python3.7/site-packages/airflow/example_dags/example_bash_operator.py took 0.065 seconds
[2022-08-30T12:30:07.294+0000] {processor.py:153} INFO - Started process (PID=608) to work on /home/airflow/.local/lib/python3.7/site-packages/airflow/example_dags/example_bash_operator.py
[2022-08-30T12:30:07.295+0000] {processor.py:640} INFO - Processing file /home/airflow/.local/lib/python3.7/site-packages/airflow/example_dags/example_bash_operator.py for tasks to queue
[2022-08-30T12:30:07.297+0000] {logging_mixin.py:115} INFO - [2022-08-30T12:30:07.296+0000] {dagbag.py:508} INFO - Filling up the DagBag from /home/airflow/.local/lib/python3.7/site-packages/airflow/example_dags/example_bash_operator.py
[2022-08-30T12:30:07.316+0000] {processor.py:650} INFO - DAG(s) dict_keys(['example_bash_operator']) retrieved from /home/airflow/.local/lib/python3.7/site-packages/airflow/example_dags/example_bash_operator.py
[2022-08-30T12:30:07.362+0000] {logging_mixin.py:115} INFO - [2022-08-30T12:30:07.362+0000] {dag.py:2429} INFO - Sync 1 DAGs
[2022-08-30T12:30:07.430+0000] {logging_mixin.py:115} INFO - [2022-08-30T12:30:07.430+0000] {dag.py:2981} INFO - Setting next_dagrun for example_bash_operator to 2022-08-30T00:00:00+00:00, run_after=2022-08-31T00:00:00+00:00
[2022-08-30T12:30:07.444+0000] {processor.py:161} INFO - Processing /home/airflow/.local/lib/python3.7/site-packages/airflow/example_dags/example_bash_operator.py took 0.151 seconds
[2022-08-30T12:30:38.053+0000] {processor.py:153} INFO - Started process (PID=806) to work on /home/airflow/.local/lib/python3.7/site-packages/airflow/example_dags/example_bash_operator.py
[2022-08-30T12:30:38.054+0000] {processor.py:640} INFO - Processing file /home/airflow/.local/lib/python3.7/site-packages/airflow/example_dags/example_bash_operator.py for tasks to queue
[2022-08-30T12:30:38.055+0000] {logging_mixin.py:115} INFO - [2022-08-30T12:30:38.055+0000] {dagbag.py:508} INFO - Filling up the DagBag from /home/airflow/.local/lib/python3.7/site-packages/airflow/example_dags/example_bash_operator.py
[2022-08-30T12:30:38.062+0000] {processor.py:650} INFO - DAG(s) dict_keys(['example_bash_operator']) retrieved from /home/airflow/.local/lib/python3.7/site-packages/airflow/example_dags/example_bash_operator.py
[2022-08-30T12:30:38.086+0000] {logging_mixin.py:115} INFO - [2022-08-30T12:30:38.086+0000] {dag.py:2429} INFO - Sync 1 DAGs
[2022-08-30T12:30:38.123+0000] {logging_mixin.py:115} INFO - [2022-08-30T12:30:38.123+0000] {dag.py:2981} INFO - Setting next_dagrun for example_bash_operator to 2022-08-30T00:00:00+00:00, run_after=2022-08-31T00:00:00+00:00
[2022-08-30T12:30:38.132+0000] {processor.py:161} INFO - Processing /home/airflow/.local/lib/python3.7/site-packages/airflow/example_dags/example_bash_operator.py took 0.082 seconds
[2022-08-30T12:31:08.968+0000] {processor.py:153} INFO - Started process (PID=1001) to work on /home/airflow/.local/lib/python3.7/site-packages/airflow/example_dags/example_bash_operator.py
[2022-08-30T12:31:08.970+0000] {processor.py:640} INFO - Processing file /home/airflow/.local/lib/python3.7/site-packages/airflow/example_dags/example_bash_operator.py for tasks to queue
[2022-08-30T12:31:08.971+0000] {logging_mixin.py:115} INFO - [2022-08-30T12:31:08.971+0000] {dagbag.py:508} INFO - Filling up the DagBag from /home/airflow/.local/lib/python3.7/site-packages/airflow/example_dags/example_bash_operator.py
[2022-08-30T12:31:08.978+0000] {processor.py:650} INFO - DAG(s) dict_keys(['example_bash_operator']) retrieved from /home/airflow/.local/lib/python3.7/site-packages/airflow/example_dags/example_bash_operator.py
[2022-08-30T12:31:08.999+0000] {logging_mixin.py:115} INFO - [2022-08-30T12:31:08.999+0000] {dag.py:2429} INFO - Sync 1 DAGs
[2022-08-30T12:31:09.011+0000] {logging_mixin.py:115} INFO - [2022-08-30T12:31:09.011+0000] {dag.py:2981} INFO - Setting next_dagrun for example_bash_operator to 2022-08-30T00:00:00+00:00, run_after=2022-08-31T00:00:00+00:00
[2022-08-30T12:31:09.018+0000] {processor.py:161} INFO - Processing /home/airflow/.local/lib/python3.7/site-packages/airflow/example_dags/example_bash_operator.py took 0.052 seconds
[2022-08-30T12:31:39.509+0000] {processor.py:153} INFO - Started process (PID=1200) to work on /home/airflow/.local/lib/python3.7/site-packages/airflow/example_dags/example_bash_operator.py
[2022-08-30T12:31:39.510+0000] {processor.py:640} INFO - Processing file /home/airflow/.local/lib/python3.7/site-packages/airflow/example_dags/example_bash_operator.py for tasks to queue
[2022-08-30T12:31:39.511+0000] {logging_mixin.py:115} INFO - [2022-08-30T12:31:39.511+0000] {dagbag.py:508} INFO - Filling up the DagBag from /home/airflow/.local/lib/python3.7/site-packages/airflow/example_dags/example_bash_operator.py
[2022-08-30T12:31:39.519+0000] {processor.py:650} INFO - DAG(s) dict_keys(['example_bash_operator']) retrieved from /home/airflow/.local/lib/python3.7/site-packages/airflow/example_dags/example_bash_operator.py
[2022-08-30T12:31:39.542+0000] {logging_mixin.py:115} INFO - [2022-08-30T12:31:39.541+0000] {dag.py:2429} INFO - Sync 1 DAGs
[2022-08-30T12:31:39.555+0000] {logging_mixin.py:115} INFO - [2022-08-30T12:31:39.555+0000] {dag.py:2981} INFO - Setting next_dagrun for example_bash_operator to 2022-08-30T00:00:00+00:00, run_after=2022-08-31T00:00:00+00:00
[2022-08-30T12:31:39.564+0000] {processor.py:161} INFO - Processing /home/airflow/.local/lib/python3.7/site-packages/airflow/example_dags/example_bash_operator.py took 0.057 seconds
[2022-08-30T12:32:10.182+0000] {processor.py:153} INFO - Started process (PID=1402) to work on /home/airflow/.local/lib/python3.7/site-packages/airflow/example_dags/example_bash_operator.py
[2022-08-30T12:32:10.183+0000] {processor.py:640} INFO - Processing file /home/airflow/.local/lib/python3.7/site-packages/airflow/example_dags/example_bash_operator.py for tasks to queue
[2022-08-30T12:32:10.184+0000] {logging_mixin.py:115} INFO - [2022-08-30T12:32:10.184+0000] {dagbag.py:508} INFO - Filling up the DagBag from /home/airflow/.local/lib/python3.7/site-packages/airflow/example_dags/example_bash_operator.py
[2022-08-30T12:32:10.193+0000] {processor.py:650} INFO - DAG(s) dict_keys(['example_bash_operator']) retrieved from /home/airflow/.local/lib/python3.7/site-packages/airflow/example_dags/example_bash_operator.py
[2022-08-30T12:32:10.216+0000] {logging_mixin.py:115} INFO - [2022-08-30T12:32:10.216+0000] {dag.py:2429} INFO - Sync 1 DAGs
[2022-08-30T12:32:10.231+0000] {logging_mixin.py:115} INFO - [2022-08-30T12:32:10.230+0000] {dag.py:2981} INFO - Setting next_dagrun for example_bash_operator to 2022-08-30T00:00:00+00:00, run_after=2022-08-31T00:00:00+00:00
[2022-08-30T12:32:10.238+0000] {processor.py:161} INFO - Processing /home/airflow/.local/lib/python3.7/site-packages/airflow/example_dags/example_bash_operator.py took 0.058 seconds
[2022-08-30T12:32:40.911+0000] {processor.py:153} INFO - Started process (PID=1603) to work on /home/airflow/.local/lib/python3.7/site-packages/airflow/example_dags/example_bash_operator.py
[2022-08-30T12:32:40.913+0000] {processor.py:640} INFO - Processing file /home/airflow/.local/lib/python3.7/site-packages/airflow/example_dags/example_bash_operator.py for tasks to queue
[2022-08-30T12:32:40.914+0000] {logging_mixin.py:115} INFO - [2022-08-30T12:32:40.914+0000] {dagbag.py:508} INFO - Filling up the DagBag from /home/airflow/.local/lib/python3.7/site-packages/airflow/example_dags/example_bash_operator.py
[2022-08-30T12:32:40.923+0000] {processor.py:650} INFO - DAG(s) dict_keys(['example_bash_operator']) retrieved from /home/airflow/.local/lib/python3.7/site-packages/airflow/example_dags/example_bash_operator.py
[2022-08-30T12:32:40.946+0000] {logging_mixin.py:115} INFO - [2022-08-30T12:32:40.945+0000] {dag.py:2429} INFO - Sync 1 DAGs
[2022-08-30T12:32:40.966+0000] {logging_mixin.py:115} INFO - [2022-08-30T12:32:40.966+0000] {dag.py:2981} INFO - Setting next_dagrun for example_bash_operator to 2022-08-30T00:00:00+00:00, run_after=2022-08-31T00:00:00+00:00
[2022-08-30T12:32:40.978+0000] {processor.py:161} INFO - Processing /home/airflow/.local/lib/python3.7/site-packages/airflow/example_dags/example_bash_operator.py took 0.069 seconds
[2022-08-30T12:33:11.899+0000] {processor.py:153} INFO - Started process (PID=1808) to work on /home/airflow/.local/lib/python3.7/site-packages/airflow/example_dags/example_bash_operator.py
[2022-08-30T12:33:11.900+0000] {processor.py:640} INFO - Processing file /home/airflow/.local/lib/python3.7/site-packages/airflow/example_dags/example_bash_operator.py for tasks to queue
[2022-08-30T12:33:11.901+0000] {logging_mixin.py:115} INFO - [2022-08-30T12:33:11.901+0000] {dagbag.py:508} INFO - Filling up the DagBag from /home/airflow/.local/lib/python3.7/site-packages/airflow/example_dags/example_bash_operator.py
[2022-08-30T12:33:11.909+0000] {processor.py:650} INFO - DAG(s) dict_keys(['example_bash_operator']) retrieved from /home/airflow/.local/lib/python3.7/site-packages/airflow/example_dags/example_bash_operator.py
[2022-08-30T12:33:11.931+0000] {logging_mixin.py:115} INFO - [2022-08-30T12:33:11.931+0000] {dag.py:2429} INFO - Sync 1 DAGs
[2022-08-30T12:33:11.943+0000] {logging_mixin.py:115} INFO - [2022-08-30T12:33:11.943+0000] {dag.py:2981} INFO - Setting next_dagrun for example_bash_operator to 2022-08-30T00:00:00+00:00, run_after=2022-08-31T00:00:00+00:00
[2022-08-30T12:33:11.952+0000] {processor.py:161} INFO - Processing /home/airflow/.local/lib/python3.7/site-packages/airflow/example_dags/example_bash_operator.py took 0.055 seconds
[2022-08-30T12:33:42.487+0000] {processor.py:153} INFO - Started process (PID=2006) to work on /home/airflow/.local/lib/python3.7/site-packages/airflow/example_dags/example_bash_operator.py
[2022-08-30T12:33:42.489+0000] {processor.py:640} INFO - Processing file /home/airflow/.local/lib/python3.7/site-packages/airflow/example_dags/example_bash_operator.py for tasks to queue
[2022-08-30T12:33:42.490+0000] {logging_mixin.py:115} INFO - [2022-08-30T12:33:42.490+0000] {dagbag.py:508} INFO - Filling up the DagBag from /home/airflow/.local/lib/python3.7/site-packages/airflow/example_dags/example_bash_operator.py
[2022-08-30T12:33:42.500+0000] {processor.py:650} INFO - DAG(s) dict_keys(['example_bash_operator']) retrieved from /home/airflow/.local/lib/python3.7/site-packages/airflow/example_dags/example_bash_operator.py
[2022-08-30T12:33:42.537+0000] {logging_mixin.py:115} INFO - [2022-08-30T12:33:42.537+0000] {dag.py:2429} INFO - Sync 1 DAGs
[2022-08-30T12:33:42.555+0000] {logging_mixin.py:115} INFO - [2022-08-30T12:33:42.555+0000] {dag.py:2981} INFO - Setting next_dagrun for example_bash_operator to 2022-08-30T00:00:00+00:00, run_after=2022-08-31T00:00:00+00:00
[2022-08-30T12:33:42.568+0000] {processor.py:161} INFO - Processing /home/airflow/.local/lib/python3.7/site-packages/airflow/example_dags/example_bash_operator.py took 0.084 seconds
[2022-08-30T12:34:13.228+0000] {processor.py:153} INFO - Started process (PID=2208) to work on /home/airflow/.local/lib/python3.7/site-packages/airflow/example_dags/example_bash_operator.py
[2022-08-30T12:34:13.230+0000] {processor.py:640} INFO - Processing file /home/airflow/.local/lib/python3.7/site-packages/airflow/example_dags/example_bash_operator.py for tasks to queue
[2022-08-30T12:34:13.231+0000] {logging_mixin.py:115} INFO - [2022-08-30T12:34:13.231+0000] {dagbag.py:508} INFO - Filling up the DagBag from /home/airflow/.local/lib/python3.7/site-packages/airflow/example_dags/example_bash_operator.py
[2022-08-30T12:34:13.242+0000] {processor.py:650} INFO - DAG(s) dict_keys(['example_bash_operator']) retrieved from /home/airflow/.local/lib/python3.7/site-packages/airflow/example_dags/example_bash_operator.py
[2022-08-30T12:34:13.261+0000] {logging_mixin.py:115} INFO - [2022-08-30T12:34:13.261+0000] {dag.py:2429} INFO - Sync 1 DAGs
[2022-08-30T12:34:13.299+0000] {logging_mixin.py:115} INFO - [2022-08-30T12:34:13.298+0000] {dag.py:2981} INFO - Setting next_dagrun for example_bash_operator to 2022-08-30T00:00:00+00:00, run_after=2022-08-31T00:00:00+00:00
[2022-08-30T12:34:13.311+0000] {processor.py:161} INFO - Processing /home/airflow/.local/lib/python3.7/site-packages/airflow/example_dags/example_bash_operator.py took 0.087 seconds
[2022-08-30T12:34:44.060+0000] {processor.py:153} INFO - Started process (PID=2396) to work on /home/airflow/.local/lib/python3.7/site-packages/airflow/example_dags/example_bash_operator.py
[2022-08-30T12:34:44.061+0000] {processor.py:640} INFO - Processing file /home/airflow/.local/lib/python3.7/site-packages/airflow/example_dags/example_bash_operator.py for tasks to queue
[2022-08-30T12:34:44.061+0000] {logging_mixin.py:115} INFO - [2022-08-30T12:34:44.061+0000] {dagbag.py:508} INFO - Filling up the DagBag from /home/airflow/.local/lib/python3.7/site-packages/airflow/example_dags/example_bash_operator.py
[2022-08-30T12:34:44.070+0000] {processor.py:650} INFO - DAG(s) dict_keys(['example_bash_operator']) retrieved from /home/airflow/.local/lib/python3.7/site-packages/airflow/example_dags/example_bash_operator.py
[2022-08-30T12:34:44.090+0000] {logging_mixin.py:115} INFO - [2022-08-30T12:34:44.090+0000] {dag.py:2429} INFO - Sync 1 DAGs
[2022-08-30T12:34:44.103+0000] {logging_mixin.py:115} INFO - [2022-08-30T12:34:44.103+0000] {dag.py:2981} INFO - Setting next_dagrun for example_bash_operator to 2022-08-30T00:00:00+00:00, run_after=2022-08-31T00:00:00+00:00
[2022-08-30T12:34:44.111+0000] {processor.py:161} INFO - Processing /home/airflow/.local/lib/python3.7/site-packages/airflow/example_dags/example_bash_operator.py took 0.053 seconds
[2022-08-30T12:35:14.819+0000] {processor.py:153} INFO - Started process (PID=2597) to work on /home/airflow/.local/lib/python3.7/site-packages/airflow/example_dags/example_bash_operator.py
[2022-08-30T12:35:14.821+0000] {processor.py:640} INFO - Processing file /home/airflow/.local/lib/python3.7/site-packages/airflow/example_dags/example_bash_operator.py for tasks to queue
[2022-08-30T12:35:14.823+0000] {logging_mixin.py:115} INFO - [2022-08-30T12:35:14.823+0000] {dagbag.py:508} INFO - Filling up the DagBag from /home/airflow/.local/lib/python3.7/site-packages/airflow/example_dags/example_bash_operator.py
[2022-08-30T12:35:14.834+0000] {processor.py:650} INFO - DAG(s) dict_keys(['example_bash_operator']) retrieved from /home/airflow/.local/lib/python3.7/site-packages/airflow/example_dags/example_bash_operator.py
[2022-08-30T12:35:14.856+0000] {logging_mixin.py:115} INFO - [2022-08-30T12:35:14.856+0000] {dag.py:2429} INFO - Sync 1 DAGs
[2022-08-30T12:35:14.870+0000] {logging_mixin.py:115} INFO - [2022-08-30T12:35:14.870+0000] {dag.py:2981} INFO - Setting next_dagrun for example_bash_operator to 2022-08-30T00:00:00+00:00, run_after=2022-08-31T00:00:00+00:00
[2022-08-30T12:35:14.877+0000] {processor.py:161} INFO - Processing /home/airflow/.local/lib/python3.7/site-packages/airflow/example_dags/example_bash_operator.py took 0.060 seconds
[2022-08-30T12:35:45.577+0000] {processor.py:153} INFO - Started process (PID=2800) to work on /home/airflow/.local/lib/python3.7/site-packages/airflow/example_dags/example_bash_operator.py
[2022-08-30T12:35:45.578+0000] {processor.py:640} INFO - Processing file /home/airflow/.local/lib/python3.7/site-packages/airflow/example_dags/example_bash_operator.py for tasks to queue
[2022-08-30T12:35:45.579+0000] {logging_mixin.py:115} INFO - [2022-08-30T12:35:45.579+0000] {dagbag.py:508} INFO - Filling up the DagBag from /home/airflow/.local/lib/python3.7/site-packages/airflow/example_dags/example_bash_operator.py
[2022-08-30T12:35:45.588+0000] {processor.py:650} INFO - DAG(s) dict_keys(['example_bash_operator']) retrieved from /home/airflow/.local/lib/python3.7/site-packages/airflow/example_dags/example_bash_operator.py
[2022-08-30T12:35:45.608+0000] {logging_mixin.py:115} INFO - [2022-08-30T12:35:45.608+0000] {dag.py:2429} INFO - Sync 1 DAGs
[2022-08-30T12:35:45.623+0000] {logging_mixin.py:115} INFO - [2022-08-30T12:35:45.623+0000] {dag.py:2981} INFO - Setting next_dagrun for example_bash_operator to 2022-08-30T00:00:00+00:00, run_after=2022-08-31T00:00:00+00:00
[2022-08-30T12:35:45.631+0000] {processor.py:161} INFO - Processing /home/airflow/.local/lib/python3.7/site-packages/airflow/example_dags/example_bash_operator.py took 0.056 seconds
[2022-08-30T12:36:16.484+0000] {processor.py:153} INFO - Started process (PID=3002) to work on /home/airflow/.local/lib/python3.7/site-packages/airflow/example_dags/example_bash_operator.py
[2022-08-30T12:36:16.485+0000] {processor.py:640} INFO - Processing file /home/airflow/.local/lib/python3.7/site-packages/airflow/example_dags/example_bash_operator.py for tasks to queue
[2022-08-30T12:36:16.486+0000] {logging_mixin.py:115} INFO - [2022-08-30T12:36:16.486+0000] {dagbag.py:508} INFO - Filling up the DagBag from /home/airflow/.local/lib/python3.7/site-packages/airflow/example_dags/example_bash_operator.py
[2022-08-30T12:36:16.504+0000] {processor.py:650} INFO - DAG(s) dict_keys(['example_bash_operator']) retrieved from /home/airflow/.local/lib/python3.7/site-packages/airflow/example_dags/example_bash_operator.py
[2022-08-30T12:36:16.524+0000] {logging_mixin.py:115} INFO - [2022-08-30T12:36:16.524+0000] {dag.py:2429} INFO - Sync 1 DAGs
[2022-08-30T12:36:16.539+0000] {logging_mixin.py:115} INFO - [2022-08-30T12:36:16.539+0000] {dag.py:2981} INFO - Setting next_dagrun for example_bash_operator to 2022-08-30T00:00:00+00:00, run_after=2022-08-31T00:00:00+00:00
[2022-08-30T12:36:16.547+0000] {processor.py:161} INFO - Processing /home/airflow/.local/lib/python3.7/site-packages/airflow/example_dags/example_bash_operator.py took 0.066 seconds
[2022-08-30T12:36:47.431+0000] {processor.py:153} INFO - Started process (PID=3201) to work on /home/airflow/.local/lib/python3.7/site-packages/airflow/example_dags/example_bash_operator.py
[2022-08-30T12:36:47.433+0000] {processor.py:640} INFO - Processing file /home/airflow/.local/lib/python3.7/site-packages/airflow/example_dags/example_bash_operator.py for tasks to queue
[2022-08-30T12:36:47.434+0000] {logging_mixin.py:115} INFO - [2022-08-30T12:36:47.434+0000] {dagbag.py:508} INFO - Filling up the DagBag from /home/airflow/.local/lib/python3.7/site-packages/airflow/example_dags/example_bash_operator.py
[2022-08-30T12:36:47.445+0000] {processor.py:650} INFO - DAG(s) dict_keys(['example_bash_operator']) retrieved from /home/airflow/.local/lib/python3.7/site-packages/airflow/example_dags/example_bash_operator.py
[2022-08-30T12:36:47.464+0000] {logging_mixin.py:115} INFO - [2022-08-30T12:36:47.464+0000] {dag.py:2429} INFO - Sync 1 DAGs
[2022-08-30T12:36:47.477+0000] {logging_mixin.py:115} INFO - [2022-08-30T12:36:47.477+0000] {dag.py:2981} INFO - Setting next_dagrun for example_bash_operator to 2022-08-30T00:00:00+00:00, run_after=2022-08-31T00:00:00+00:00
[2022-08-30T12:36:47.484+0000] {processor.py:161} INFO - Processing /home/airflow/.local/lib/python3.7/site-packages/airflow/example_dags/example_bash_operator.py took 0.055 seconds
[2022-08-30T12:37:18.027+0000] {processor.py:153} INFO - Started process (PID=3399) to work on /home/airflow/.local/lib/python3.7/site-packages/airflow/example_dags/example_bash_operator.py
[2022-08-30T12:37:18.029+0000] {processor.py:640} INFO - Processing file /home/airflow/.local/lib/python3.7/site-packages/airflow/example_dags/example_bash_operator.py for tasks to queue
[2022-08-30T12:37:18.030+0000] {logging_mixin.py:115} INFO - [2022-08-30T12:37:18.030+0000] {dagbag.py:508} INFO - Filling up the DagBag from /home/airflow/.local/lib/python3.7/site-packages/airflow/example_dags/example_bash_operator.py
[2022-08-30T12:37:18.039+0000] {processor.py:650} INFO - DAG(s) dict_keys(['example_bash_operator']) retrieved from /home/airflow/.local/lib/python3.7/site-packages/airflow/example_dags/example_bash_operator.py
[2022-08-30T12:37:18.059+0000] {logging_mixin.py:115} INFO - [2022-08-30T12:37:18.059+0000] {dag.py:2429} INFO - Sync 1 DAGs
[2022-08-30T12:37:18.072+0000] {logging_mixin.py:115} INFO - [2022-08-30T12:37:18.072+0000] {dag.py:2981} INFO - Setting next_dagrun for example_bash_operator to 2022-08-30T00:00:00+00:00, run_after=2022-08-31T00:00:00+00:00
[2022-08-30T12:37:18.080+0000] {processor.py:161} INFO - Processing /home/airflow/.local/lib/python3.7/site-packages/airflow/example_dags/example_bash_operator.py took 0.054 seconds
[2022-08-30T12:37:48.887+0000] {processor.py:153} INFO - Started process (PID=3600) to work on /home/airflow/.local/lib/python3.7/site-packages/airflow/example_dags/example_bash_operator.py
[2022-08-30T12:37:48.888+0000] {processor.py:640} INFO - Processing file /home/airflow/.local/lib/python3.7/site-packages/airflow/example_dags/example_bash_operator.py for tasks to queue
[2022-08-30T12:37:48.889+0000] {logging_mixin.py:115} INFO - [2022-08-30T12:37:48.889+0000] {dagbag.py:508} INFO - Filling up the DagBag from /home/airflow/.local/lib/python3.7/site-packages/airflow/example_dags/example_bash_operator.py
[2022-08-30T12:37:48.899+0000] {processor.py:650} INFO - DAG(s) dict_keys(['example_bash_operator']) retrieved from /home/airflow/.local/lib/python3.7/site-packages/airflow/example_dags/example_bash_operator.py
[2022-08-30T12:37:48.918+0000] {logging_mixin.py:115} INFO - [2022-08-30T12:37:48.918+0000] {dag.py:2429} INFO - Sync 1 DAGs
[2022-08-30T12:37:48.931+0000] {logging_mixin.py:115} INFO - [2022-08-30T12:37:48.930+0000] {dag.py:2981} INFO - Setting next_dagrun for example_bash_operator to 2022-08-30T00:00:00+00:00, run_after=2022-08-31T00:00:00+00:00
[2022-08-30T12:37:48.938+0000] {processor.py:161} INFO - Processing /home/airflow/.local/lib/python3.7/site-packages/airflow/example_dags/example_bash_operator.py took 0.053 seconds
[2022-08-30T12:40:01.759+0000] {processor.py:153} INFO - Started process (PID=212) to work on /home/airflow/.local/lib/python3.7/site-packages/airflow/example_dags/example_bash_operator.py
[2022-08-30T12:40:01.770+0000] {processor.py:640} INFO - Processing file /home/airflow/.local/lib/python3.7/site-packages/airflow/example_dags/example_bash_operator.py for tasks to queue
[2022-08-30T12:40:01.773+0000] {logging_mixin.py:115} INFO - [2022-08-30T12:40:01.773+0000] {dagbag.py:508} INFO - Filling up the DagBag from /home/airflow/.local/lib/python3.7/site-packages/airflow/example_dags/example_bash_operator.py
[2022-08-30T12:40:01.815+0000] {processor.py:650} INFO - DAG(s) dict_keys(['example_bash_operator']) retrieved from /home/airflow/.local/lib/python3.7/site-packages/airflow/example_dags/example_bash_operator.py
[2022-08-30T12:40:01.920+0000] {logging_mixin.py:115} INFO - [2022-08-30T12:40:01.920+0000] {manager.py:508} INFO - Created Permission View: can edit on DAG:example_bash_operator
[2022-08-30T12:40:01.960+0000] {logging_mixin.py:115} INFO - [2022-08-30T12:40:01.959+0000] {manager.py:508} INFO - Created Permission View: can read on DAG:example_bash_operator
[2022-08-30T12:40:01.985+0000] {logging_mixin.py:115} INFO - [2022-08-30T12:40:01.985+0000] {manager.py:508} INFO - Created Permission View: can delete on DAG:example_bash_operator
[2022-08-30T12:40:01.987+0000] {logging_mixin.py:115} INFO - [2022-08-30T12:40:01.986+0000] {dag.py:2429} INFO - Sync 1 DAGs
[2022-08-30T12:40:02.009+0000] {logging_mixin.py:115} INFO - [2022-08-30T12:40:02.006+0000] {dag.py:2448} INFO - Creating ORM DAG for example_bash_operator
[2022-08-30T12:40:02.060+0000] {logging_mixin.py:115} INFO - [2022-08-30T12:40:02.059+0000] {dag.py:2981} INFO - Setting next_dagrun for example_bash_operator to 2022-08-29T00:00:00+00:00, run_after=2022-08-30T00:00:00+00:00
[2022-08-30T12:40:02.092+0000] {processor.py:161} INFO - Processing /home/airflow/.local/lib/python3.7/site-packages/airflow/example_dags/example_bash_operator.py took 0.335 seconds
[2022-08-30T12:40:35.776+0000] {processor.py:153} INFO - Started process (PID=402) to work on /home/airflow/.local/lib/python3.7/site-packages/airflow/example_dags/example_bash_operator.py
[2022-08-30T12:40:35.779+0000] {processor.py:640} INFO - Processing file /home/airflow/.local/lib/python3.7/site-packages/airflow/example_dags/example_bash_operator.py for tasks to queue
[2022-08-30T12:40:35.781+0000] {logging_mixin.py:115} INFO - [2022-08-30T12:40:35.781+0000] {dagbag.py:508} INFO - Filling up the DagBag from /home/airflow/.local/lib/python3.7/site-packages/airflow/example_dags/example_bash_operator.py
[2022-08-30T12:40:35.797+0000] {processor.py:650} INFO - DAG(s) dict_keys(['example_bash_operator']) retrieved from /home/airflow/.local/lib/python3.7/site-packages/airflow/example_dags/example_bash_operator.py
[2022-08-30T12:40:35.855+0000] {logging_mixin.py:115} INFO - [2022-08-30T12:40:35.855+0000] {dag.py:2429} INFO - Sync 1 DAGs
[2022-08-30T12:40:35.888+0000] {logging_mixin.py:115} INFO - [2022-08-30T12:40:35.887+0000] {dag.py:2981} INFO - Setting next_dagrun for example_bash_operator to 2022-08-29T00:00:00+00:00, run_after=2022-08-30T00:00:00+00:00
[2022-08-30T12:40:35.901+0000] {processor.py:161} INFO - Processing /home/airflow/.local/lib/python3.7/site-packages/airflow/example_dags/example_bash_operator.py took 0.127 seconds
[2022-08-30T12:42:15.132+0000] {processor.py:153} INFO - Started process (PID=201) to work on /home/airflow/.local/lib/python3.7/site-packages/airflow/example_dags/example_bash_operator.py
[2022-08-30T12:42:15.133+0000] {processor.py:640} INFO - Processing file /home/airflow/.local/lib/python3.7/site-packages/airflow/example_dags/example_bash_operator.py for tasks to queue
[2022-08-30T12:42:15.134+0000] {logging_mixin.py:115} INFO - [2022-08-30T12:42:15.133+0000] {dagbag.py:508} INFO - Filling up the DagBag from /home/airflow/.local/lib/python3.7/site-packages/airflow/example_dags/example_bash_operator.py
[2022-08-30T12:42:15.140+0000] {processor.py:650} INFO - DAG(s) dict_keys(['example_bash_operator']) retrieved from /home/airflow/.local/lib/python3.7/site-packages/airflow/example_dags/example_bash_operator.py
[2022-08-30T12:42:15.164+0000] {logging_mixin.py:115} INFO - [2022-08-30T12:42:15.164+0000] {dag.py:2429} INFO - Sync 1 DAGs
[2022-08-30T12:42:15.177+0000] {logging_mixin.py:115} INFO - [2022-08-30T12:42:15.177+0000] {dag.py:2981} INFO - Setting next_dagrun for example_bash_operator to 2022-08-29T00:00:00+00:00, run_after=2022-08-30T00:00:00+00:00
[2022-08-30T12:42:15.184+0000] {processor.py:161} INFO - Processing /home/airflow/.local/lib/python3.7/site-packages/airflow/example_dags/example_bash_operator.py took 0.054 seconds
[2022-08-30T12:42:45.978+0000] {processor.py:153} INFO - Started process (PID=401) to work on /home/airflow/.local/lib/python3.7/site-packages/airflow/example_dags/example_bash_operator.py
[2022-08-30T12:42:45.980+0000] {processor.py:640} INFO - Processing file /home/airflow/.local/lib/python3.7/site-packages/airflow/example_dags/example_bash_operator.py for tasks to queue
[2022-08-30T12:42:45.981+0000] {logging_mixin.py:115} INFO - [2022-08-30T12:42:45.981+0000] {dagbag.py:508} INFO - Filling up the DagBag from /home/airflow/.local/lib/python3.7/site-packages/airflow/example_dags/example_bash_operator.py
[2022-08-30T12:42:45.991+0000] {processor.py:650} INFO - DAG(s) dict_keys(['example_bash_operator']) retrieved from /home/airflow/.local/lib/python3.7/site-packages/airflow/example_dags/example_bash_operator.py
[2022-08-30T12:42:46.013+0000] {logging_mixin.py:115} INFO - [2022-08-30T12:42:46.013+0000] {dag.py:2429} INFO - Sync 1 DAGs
[2022-08-30T12:42:46.027+0000] {logging_mixin.py:115} INFO - [2022-08-30T12:42:46.027+0000] {dag.py:2981} INFO - Setting next_dagrun for example_bash_operator to 2022-08-29T00:00:00+00:00, run_after=2022-08-30T00:00:00+00:00
[2022-08-30T12:42:46.035+0000] {processor.py:161} INFO - Processing /home/airflow/.local/lib/python3.7/site-packages/airflow/example_dags/example_bash_operator.py took 0.060 seconds
[2022-08-30T12:43:16.906+0000] {processor.py:153} INFO - Started process (PID=605) to work on /home/airflow/.local/lib/python3.7/site-packages/airflow/example_dags/example_bash_operator.py
[2022-08-30T12:43:16.908+0000] {processor.py:640} INFO - Processing file /home/airflow/.local/lib/python3.7/site-packages/airflow/example_dags/example_bash_operator.py for tasks to queue
[2022-08-30T12:43:16.909+0000] {logging_mixin.py:115} INFO - [2022-08-30T12:43:16.909+0000] {dagbag.py:508} INFO - Filling up the DagBag from /home/airflow/.local/lib/python3.7/site-packages/airflow/example_dags/example_bash_operator.py
[2022-08-30T12:43:16.920+0000] {processor.py:650} INFO - DAG(s) dict_keys(['example_bash_operator']) retrieved from /home/airflow/.local/lib/python3.7/site-packages/airflow/example_dags/example_bash_operator.py
[2022-08-30T12:43:16.956+0000] {logging_mixin.py:115} INFO - [2022-08-30T12:43:16.956+0000] {dag.py:2429} INFO - Sync 1 DAGs
[2022-08-30T12:43:16.973+0000] {logging_mixin.py:115} INFO - [2022-08-30T12:43:16.972+0000] {dag.py:2981} INFO - Setting next_dagrun for example_bash_operator to 2022-08-29T00:00:00+00:00, run_after=2022-08-30T00:00:00+00:00
[2022-08-30T12:43:16.998+0000] {processor.py:161} INFO - Processing /home/airflow/.local/lib/python3.7/site-packages/airflow/example_dags/example_bash_operator.py took 0.094 seconds
[2022-08-30T12:43:47.698+0000] {processor.py:153} INFO - Started process (PID=797) to work on /home/airflow/.local/lib/python3.7/site-packages/airflow/example_dags/example_bash_operator.py
[2022-08-30T12:43:47.699+0000] {processor.py:640} INFO - Processing file /home/airflow/.local/lib/python3.7/site-packages/airflow/example_dags/example_bash_operator.py for tasks to queue
[2022-08-30T12:43:47.701+0000] {logging_mixin.py:115} INFO - [2022-08-30T12:43:47.701+0000] {dagbag.py:508} INFO - Filling up the DagBag from /home/airflow/.local/lib/python3.7/site-packages/airflow/example_dags/example_bash_operator.py
[2022-08-30T12:43:47.709+0000] {processor.py:650} INFO - DAG(s) dict_keys(['example_bash_operator']) retrieved from /home/airflow/.local/lib/python3.7/site-packages/airflow/example_dags/example_bash_operator.py
[2022-08-30T12:43:47.731+0000] {logging_mixin.py:115} INFO - [2022-08-30T12:43:47.731+0000] {dag.py:2429} INFO - Sync 1 DAGs
[2022-08-30T12:43:47.743+0000] {logging_mixin.py:115} INFO - [2022-08-30T12:43:47.743+0000] {dag.py:2981} INFO - Setting next_dagrun for example_bash_operator to 2022-08-29T00:00:00+00:00, run_after=2022-08-30T00:00:00+00:00
[2022-08-30T12:43:47.750+0000] {processor.py:161} INFO - Processing /home/airflow/.local/lib/python3.7/site-packages/airflow/example_dags/example_bash_operator.py took 0.054 seconds
