[2022-08-30T12:27:47.994+0000] {processor.py:153} INFO - Started process (PID=305) to work on /home/airflow/.local/lib/python3.7/site-packages/airflow/example_dags/example_latest_only_with_trigger.py
[2022-08-30T12:27:47.996+0000] {processor.py:640} INFO - Processing file /home/airflow/.local/lib/python3.7/site-packages/airflow/example_dags/example_latest_only_with_trigger.py for tasks to queue
[2022-08-30T12:27:47.996+0000] {logging_mixin.py:115} INFO - [2022-08-30T12:27:47.996+0000] {dagbag.py:508} INFO - Filling up the DagBag from /home/airflow/.local/lib/python3.7/site-packages/airflow/example_dags/example_latest_only_with_trigger.py
[2022-08-30T12:27:48.001+0000] {processor.py:650} INFO - DAG(s) dict_keys(['latest_only_with_trigger']) retrieved from /home/airflow/.local/lib/python3.7/site-packages/airflow/example_dags/example_latest_only_with_trigger.py
[2022-08-30T12:27:48.065+0000] {logging_mixin.py:115} INFO - [2022-08-30T12:27:48.065+0000] {manager.py:508} INFO - Created Permission View: can read on DAG:latest_only_with_trigger
[2022-08-30T12:27:48.072+0000] {logging_mixin.py:115} INFO - [2022-08-30T12:27:48.072+0000] {manager.py:508} INFO - Created Permission View: can edit on DAG:latest_only_with_trigger
[2022-08-30T12:27:48.078+0000] {logging_mixin.py:115} INFO - [2022-08-30T12:27:48.078+0000] {manager.py:508} INFO - Created Permission View: can delete on DAG:latest_only_with_trigger
[2022-08-30T12:27:48.079+0000] {logging_mixin.py:115} INFO - [2022-08-30T12:27:48.079+0000] {dag.py:2429} INFO - Sync 1 DAGs
[2022-08-30T12:27:48.085+0000] {logging_mixin.py:115} INFO - [2022-08-30T12:27:48.085+0000] {dag.py:2448} INFO - Creating ORM DAG for latest_only_with_trigger
[2022-08-30T12:27:48.093+0000] {logging_mixin.py:115} INFO - [2022-08-30T12:27:48.093+0000] {dag.py:2981} INFO - Setting next_dagrun for latest_only_with_trigger to 2022-08-30T08:27:48.092901+00:00, run_after=2022-08-30T12:27:48.092901+00:00
[2022-08-30T12:27:48.101+0000] {processor.py:161} INFO - Processing /home/airflow/.local/lib/python3.7/site-packages/airflow/example_dags/example_latest_only_with_trigger.py took 0.110 seconds
[2022-08-30T12:28:18.162+0000] {processor.py:153} INFO - Started process (PID=505) to work on /home/airflow/.local/lib/python3.7/site-packages/airflow/example_dags/example_latest_only_with_trigger.py
[2022-08-30T12:28:18.164+0000] {processor.py:640} INFO - Processing file /home/airflow/.local/lib/python3.7/site-packages/airflow/example_dags/example_latest_only_with_trigger.py for tasks to queue
[2022-08-30T12:28:18.165+0000] {logging_mixin.py:115} INFO - [2022-08-30T12:28:18.165+0000] {dagbag.py:508} INFO - Filling up the DagBag from /home/airflow/.local/lib/python3.7/site-packages/airflow/example_dags/example_latest_only_with_trigger.py
[2022-08-30T12:28:18.170+0000] {processor.py:650} INFO - DAG(s) dict_keys(['latest_only_with_trigger']) retrieved from /home/airflow/.local/lib/python3.7/site-packages/airflow/example_dags/example_latest_only_with_trigger.py
[2022-08-30T12:28:18.187+0000] {logging_mixin.py:115} INFO - [2022-08-30T12:28:18.187+0000] {dag.py:2429} INFO - Sync 1 DAGs
[2022-08-30T12:28:18.200+0000] {logging_mixin.py:115} INFO - [2022-08-30T12:28:18.200+0000] {dag.py:2981} INFO - Setting next_dagrun for latest_only_with_trigger to 2022-08-30T08:28:18.200698+00:00, run_after=2022-08-30T12:28:18.200698+00:00
[2022-08-30T12:28:18.207+0000] {processor.py:161} INFO - Processing /home/airflow/.local/lib/python3.7/site-packages/airflow/example_dags/example_latest_only_with_trigger.py took 0.047 seconds
[2022-08-30T12:29:06.888+0000] {processor.py:153} INFO - Started process (PID=310) to work on /home/airflow/.local/lib/python3.7/site-packages/airflow/example_dags/example_latest_only_with_trigger.py
[2022-08-30T12:29:06.889+0000] {processor.py:640} INFO - Processing file /home/airflow/.local/lib/python3.7/site-packages/airflow/example_dags/example_latest_only_with_trigger.py for tasks to queue
[2022-08-30T12:29:06.890+0000] {logging_mixin.py:115} INFO - [2022-08-30T12:29:06.890+0000] {dagbag.py:508} INFO - Filling up the DagBag from /home/airflow/.local/lib/python3.7/site-packages/airflow/example_dags/example_latest_only_with_trigger.py
[2022-08-30T12:29:06.895+0000] {processor.py:650} INFO - DAG(s) dict_keys(['latest_only_with_trigger']) retrieved from /home/airflow/.local/lib/python3.7/site-packages/airflow/example_dags/example_latest_only_with_trigger.py
[2022-08-30T12:29:06.916+0000] {logging_mixin.py:115} INFO - [2022-08-30T12:29:06.915+0000] {dag.py:2429} INFO - Sync 1 DAGs
[2022-08-30T12:29:06.929+0000] {logging_mixin.py:115} INFO - [2022-08-30T12:29:06.929+0000] {dag.py:2981} INFO - Setting next_dagrun for latest_only_with_trigger to 2022-08-30T08:29:06.929296+00:00, run_after=2022-08-30T12:29:06.929296+00:00
[2022-08-30T12:29:06.937+0000] {processor.py:161} INFO - Processing /home/airflow/.local/lib/python3.7/site-packages/airflow/example_dags/example_latest_only_with_trigger.py took 0.051 seconds
[2022-08-30T12:29:37.537+0000] {processor.py:153} INFO - Started process (PID=510) to work on /home/airflow/.local/lib/python3.7/site-packages/airflow/example_dags/example_latest_only_with_trigger.py
[2022-08-30T12:29:37.538+0000] {processor.py:640} INFO - Processing file /home/airflow/.local/lib/python3.7/site-packages/airflow/example_dags/example_latest_only_with_trigger.py for tasks to queue
[2022-08-30T12:29:37.539+0000] {logging_mixin.py:115} INFO - [2022-08-30T12:29:37.539+0000] {dagbag.py:508} INFO - Filling up the DagBag from /home/airflow/.local/lib/python3.7/site-packages/airflow/example_dags/example_latest_only_with_trigger.py
[2022-08-30T12:29:37.543+0000] {processor.py:650} INFO - DAG(s) dict_keys(['latest_only_with_trigger']) retrieved from /home/airflow/.local/lib/python3.7/site-packages/airflow/example_dags/example_latest_only_with_trigger.py
[2022-08-30T12:29:37.560+0000] {logging_mixin.py:115} INFO - [2022-08-30T12:29:37.560+0000] {dag.py:2429} INFO - Sync 1 DAGs
[2022-08-30T12:29:37.573+0000] {logging_mixin.py:115} INFO - [2022-08-30T12:29:37.573+0000] {dag.py:2981} INFO - Setting next_dagrun for latest_only_with_trigger to 2022-08-30T08:29:37.572898+00:00, run_after=2022-08-30T12:29:37.572898+00:00
[2022-08-30T12:29:37.580+0000] {processor.py:161} INFO - Processing /home/airflow/.local/lib/python3.7/site-packages/airflow/example_dags/example_latest_only_with_trigger.py took 0.045 seconds
[2022-08-30T12:30:08.391+0000] {processor.py:153} INFO - Started process (PID=711) to work on /home/airflow/.local/lib/python3.7/site-packages/airflow/example_dags/example_latest_only_with_trigger.py
[2022-08-30T12:30:08.393+0000] {processor.py:640} INFO - Processing file /home/airflow/.local/lib/python3.7/site-packages/airflow/example_dags/example_latest_only_with_trigger.py for tasks to queue
[2022-08-30T12:30:08.394+0000] {logging_mixin.py:115} INFO - [2022-08-30T12:30:08.394+0000] {dagbag.py:508} INFO - Filling up the DagBag from /home/airflow/.local/lib/python3.7/site-packages/airflow/example_dags/example_latest_only_with_trigger.py
[2022-08-30T12:30:08.397+0000] {processor.py:650} INFO - DAG(s) dict_keys(['latest_only_with_trigger']) retrieved from /home/airflow/.local/lib/python3.7/site-packages/airflow/example_dags/example_latest_only_with_trigger.py
[2022-08-30T12:30:08.416+0000] {logging_mixin.py:115} INFO - [2022-08-30T12:30:08.416+0000] {dag.py:2429} INFO - Sync 1 DAGs
[2022-08-30T12:30:08.429+0000] {logging_mixin.py:115} INFO - [2022-08-30T12:30:08.428+0000] {dag.py:2981} INFO - Setting next_dagrun for latest_only_with_trigger to 2022-08-30T08:30:08.428842+00:00, run_after=2022-08-30T12:30:08.428842+00:00
[2022-08-30T12:30:08.436+0000] {processor.py:161} INFO - Processing /home/airflow/.local/lib/python3.7/site-packages/airflow/example_dags/example_latest_only_with_trigger.py took 0.047 seconds
[2022-08-30T12:30:39.117+0000] {processor.py:153} INFO - Started process (PID=912) to work on /home/airflow/.local/lib/python3.7/site-packages/airflow/example_dags/example_latest_only_with_trigger.py
[2022-08-30T12:30:39.119+0000] {processor.py:640} INFO - Processing file /home/airflow/.local/lib/python3.7/site-packages/airflow/example_dags/example_latest_only_with_trigger.py for tasks to queue
[2022-08-30T12:30:39.120+0000] {logging_mixin.py:115} INFO - [2022-08-30T12:30:39.120+0000] {dagbag.py:508} INFO - Filling up the DagBag from /home/airflow/.local/lib/python3.7/site-packages/airflow/example_dags/example_latest_only_with_trigger.py
[2022-08-30T12:30:39.124+0000] {processor.py:650} INFO - DAG(s) dict_keys(['latest_only_with_trigger']) retrieved from /home/airflow/.local/lib/python3.7/site-packages/airflow/example_dags/example_latest_only_with_trigger.py
[2022-08-30T12:30:39.145+0000] {logging_mixin.py:115} INFO - [2022-08-30T12:30:39.144+0000] {dag.py:2429} INFO - Sync 1 DAGs
[2022-08-30T12:30:39.161+0000] {logging_mixin.py:115} INFO - [2022-08-30T12:30:39.161+0000] {dag.py:2981} INFO - Setting next_dagrun for latest_only_with_trigger to 2022-08-30T08:30:39.161202+00:00, run_after=2022-08-30T12:30:39.161202+00:00
[2022-08-30T12:30:39.174+0000] {processor.py:161} INFO - Processing /home/airflow/.local/lib/python3.7/site-packages/airflow/example_dags/example_latest_only_with_trigger.py took 0.058 seconds
[2022-08-30T12:31:09.890+0000] {processor.py:153} INFO - Started process (PID=1104) to work on /home/airflow/.local/lib/python3.7/site-packages/airflow/example_dags/example_latest_only_with_trigger.py
[2022-08-30T12:31:09.891+0000] {processor.py:640} INFO - Processing file /home/airflow/.local/lib/python3.7/site-packages/airflow/example_dags/example_latest_only_with_trigger.py for tasks to queue
[2022-08-30T12:31:09.892+0000] {logging_mixin.py:115} INFO - [2022-08-30T12:31:09.892+0000] {dagbag.py:508} INFO - Filling up the DagBag from /home/airflow/.local/lib/python3.7/site-packages/airflow/example_dags/example_latest_only_with_trigger.py
[2022-08-30T12:31:09.896+0000] {processor.py:650} INFO - DAG(s) dict_keys(['latest_only_with_trigger']) retrieved from /home/airflow/.local/lib/python3.7/site-packages/airflow/example_dags/example_latest_only_with_trigger.py
[2022-08-30T12:31:09.915+0000] {logging_mixin.py:115} INFO - [2022-08-30T12:31:09.915+0000] {dag.py:2429} INFO - Sync 1 DAGs
[2022-08-30T12:31:09.928+0000] {logging_mixin.py:115} INFO - [2022-08-30T12:31:09.927+0000] {dag.py:2981} INFO - Setting next_dagrun for latest_only_with_trigger to 2022-08-30T08:31:09.927750+00:00, run_after=2022-08-30T12:31:09.927750+00:00
[2022-08-30T12:31:09.936+0000] {processor.py:161} INFO - Processing /home/airflow/.local/lib/python3.7/site-packages/airflow/example_dags/example_latest_only_with_trigger.py took 0.049 seconds
[2022-08-30T12:31:40.519+0000] {processor.py:153} INFO - Started process (PID=1305) to work on /home/airflow/.local/lib/python3.7/site-packages/airflow/example_dags/example_latest_only_with_trigger.py
[2022-08-30T12:31:40.520+0000] {processor.py:640} INFO - Processing file /home/airflow/.local/lib/python3.7/site-packages/airflow/example_dags/example_latest_only_with_trigger.py for tasks to queue
[2022-08-30T12:31:40.521+0000] {logging_mixin.py:115} INFO - [2022-08-30T12:31:40.521+0000] {dagbag.py:508} INFO - Filling up the DagBag from /home/airflow/.local/lib/python3.7/site-packages/airflow/example_dags/example_latest_only_with_trigger.py
[2022-08-30T12:31:40.525+0000] {processor.py:650} INFO - DAG(s) dict_keys(['latest_only_with_trigger']) retrieved from /home/airflow/.local/lib/python3.7/site-packages/airflow/example_dags/example_latest_only_with_trigger.py
[2022-08-30T12:31:40.544+0000] {logging_mixin.py:115} INFO - [2022-08-30T12:31:40.544+0000] {dag.py:2429} INFO - Sync 1 DAGs
[2022-08-30T12:31:40.559+0000] {logging_mixin.py:115} INFO - [2022-08-30T12:31:40.559+0000] {dag.py:2981} INFO - Setting next_dagrun for latest_only_with_trigger to 2022-08-30T08:31:40.559266+00:00, run_after=2022-08-30T12:31:40.559266+00:00
[2022-08-30T12:31:40.567+0000] {processor.py:161} INFO - Processing /home/airflow/.local/lib/python3.7/site-packages/airflow/example_dags/example_latest_only_with_trigger.py took 0.050 seconds
[2022-08-30T12:32:11.263+0000] {processor.py:153} INFO - Started process (PID=1505) to work on /home/airflow/.local/lib/python3.7/site-packages/airflow/example_dags/example_latest_only_with_trigger.py
[2022-08-30T12:32:11.266+0000] {processor.py:640} INFO - Processing file /home/airflow/.local/lib/python3.7/site-packages/airflow/example_dags/example_latest_only_with_trigger.py for tasks to queue
[2022-08-30T12:32:11.267+0000] {logging_mixin.py:115} INFO - [2022-08-30T12:32:11.267+0000] {dagbag.py:508} INFO - Filling up the DagBag from /home/airflow/.local/lib/python3.7/site-packages/airflow/example_dags/example_latest_only_with_trigger.py
[2022-08-30T12:32:11.272+0000] {processor.py:650} INFO - DAG(s) dict_keys(['latest_only_with_trigger']) retrieved from /home/airflow/.local/lib/python3.7/site-packages/airflow/example_dags/example_latest_only_with_trigger.py
[2022-08-30T12:32:11.295+0000] {logging_mixin.py:115} INFO - [2022-08-30T12:32:11.295+0000] {dag.py:2429} INFO - Sync 1 DAGs
[2022-08-30T12:32:11.314+0000] {logging_mixin.py:115} INFO - [2022-08-30T12:32:11.314+0000] {dag.py:2981} INFO - Setting next_dagrun for latest_only_with_trigger to 2022-08-30T08:32:11.314148+00:00, run_after=2022-08-30T12:32:11.314148+00:00
[2022-08-30T12:32:11.325+0000] {processor.py:161} INFO - Processing /home/airflow/.local/lib/python3.7/site-packages/airflow/example_dags/example_latest_only_with_trigger.py took 0.063 seconds
[2022-08-30T12:32:42.225+0000] {processor.py:153} INFO - Started process (PID=1708) to work on /home/airflow/.local/lib/python3.7/site-packages/airflow/example_dags/example_latest_only_with_trigger.py
[2022-08-30T12:32:42.227+0000] {processor.py:640} INFO - Processing file /home/airflow/.local/lib/python3.7/site-packages/airflow/example_dags/example_latest_only_with_trigger.py for tasks to queue
[2022-08-30T12:32:42.228+0000] {logging_mixin.py:115} INFO - [2022-08-30T12:32:42.228+0000] {dagbag.py:508} INFO - Filling up the DagBag from /home/airflow/.local/lib/python3.7/site-packages/airflow/example_dags/example_latest_only_with_trigger.py
[2022-08-30T12:32:42.232+0000] {processor.py:650} INFO - DAG(s) dict_keys(['latest_only_with_trigger']) retrieved from /home/airflow/.local/lib/python3.7/site-packages/airflow/example_dags/example_latest_only_with_trigger.py
[2022-08-30T12:32:42.254+0000] {logging_mixin.py:115} INFO - [2022-08-30T12:32:42.253+0000] {dag.py:2429} INFO - Sync 1 DAGs
[2022-08-30T12:32:42.270+0000] {logging_mixin.py:115} INFO - [2022-08-30T12:32:42.270+0000] {dag.py:2981} INFO - Setting next_dagrun for latest_only_with_trigger to 2022-08-30T08:32:42.270124+00:00, run_after=2022-08-30T12:32:42.270124+00:00
[2022-08-30T12:32:42.278+0000] {processor.py:161} INFO - Processing /home/airflow/.local/lib/python3.7/site-packages/airflow/example_dags/example_latest_only_with_trigger.py took 0.055 seconds
[2022-08-30T12:33:12.818+0000] {processor.py:153} INFO - Started process (PID=1911) to work on /home/airflow/.local/lib/python3.7/site-packages/airflow/example_dags/example_latest_only_with_trigger.py
[2022-08-30T12:33:12.819+0000] {processor.py:640} INFO - Processing file /home/airflow/.local/lib/python3.7/site-packages/airflow/example_dags/example_latest_only_with_trigger.py for tasks to queue
[2022-08-30T12:33:12.820+0000] {logging_mixin.py:115} INFO - [2022-08-30T12:33:12.820+0000] {dagbag.py:508} INFO - Filling up the DagBag from /home/airflow/.local/lib/python3.7/site-packages/airflow/example_dags/example_latest_only_with_trigger.py
[2022-08-30T12:33:12.824+0000] {processor.py:650} INFO - DAG(s) dict_keys(['latest_only_with_trigger']) retrieved from /home/airflow/.local/lib/python3.7/site-packages/airflow/example_dags/example_latest_only_with_trigger.py
[2022-08-30T12:33:12.843+0000] {logging_mixin.py:115} INFO - [2022-08-30T12:33:12.843+0000] {dag.py:2429} INFO - Sync 1 DAGs
[2022-08-30T12:33:12.858+0000] {logging_mixin.py:115} INFO - [2022-08-30T12:33:12.858+0000] {dag.py:2981} INFO - Setting next_dagrun for latest_only_with_trigger to 2022-08-30T08:33:12.858229+00:00, run_after=2022-08-30T12:33:12.858229+00:00
[2022-08-30T12:33:12.869+0000] {processor.py:161} INFO - Processing /home/airflow/.local/lib/python3.7/site-packages/airflow/example_dags/example_latest_only_with_trigger.py took 0.053 seconds
[2022-08-30T12:33:43.526+0000] {processor.py:153} INFO - Started process (PID=2111) to work on /home/airflow/.local/lib/python3.7/site-packages/airflow/example_dags/example_latest_only_with_trigger.py
[2022-08-30T12:33:43.528+0000] {processor.py:640} INFO - Processing file /home/airflow/.local/lib/python3.7/site-packages/airflow/example_dags/example_latest_only_with_trigger.py for tasks to queue
[2022-08-30T12:33:43.529+0000] {logging_mixin.py:115} INFO - [2022-08-30T12:33:43.529+0000] {dagbag.py:508} INFO - Filling up the DagBag from /home/airflow/.local/lib/python3.7/site-packages/airflow/example_dags/example_latest_only_with_trigger.py
[2022-08-30T12:33:43.532+0000] {processor.py:650} INFO - DAG(s) dict_keys(['latest_only_with_trigger']) retrieved from /home/airflow/.local/lib/python3.7/site-packages/airflow/example_dags/example_latest_only_with_trigger.py
[2022-08-30T12:33:43.552+0000] {logging_mixin.py:115} INFO - [2022-08-30T12:33:43.551+0000] {dag.py:2429} INFO - Sync 1 DAGs
[2022-08-30T12:33:43.568+0000] {logging_mixin.py:115} INFO - [2022-08-30T12:33:43.568+0000] {dag.py:2981} INFO - Setting next_dagrun for latest_only_with_trigger to 2022-08-30T08:33:43.568242+00:00, run_after=2022-08-30T12:33:43.568242+00:00
[2022-08-30T12:33:43.576+0000] {processor.py:161} INFO - Processing /home/airflow/.local/lib/python3.7/site-packages/airflow/example_dags/example_latest_only_with_trigger.py took 0.052 seconds
[2022-08-30T12:34:14.406+0000] {processor.py:153} INFO - Started process (PID=2311) to work on /home/airflow/.local/lib/python3.7/site-packages/airflow/example_dags/example_latest_only_with_trigger.py
[2022-08-30T12:34:14.407+0000] {processor.py:640} INFO - Processing file /home/airflow/.local/lib/python3.7/site-packages/airflow/example_dags/example_latest_only_with_trigger.py for tasks to queue
[2022-08-30T12:34:14.409+0000] {logging_mixin.py:115} INFO - [2022-08-30T12:34:14.409+0000] {dagbag.py:508} INFO - Filling up the DagBag from /home/airflow/.local/lib/python3.7/site-packages/airflow/example_dags/example_latest_only_with_trigger.py
[2022-08-30T12:34:14.413+0000] {processor.py:650} INFO - DAG(s) dict_keys(['latest_only_with_trigger']) retrieved from /home/airflow/.local/lib/python3.7/site-packages/airflow/example_dags/example_latest_only_with_trigger.py
[2022-08-30T12:34:14.434+0000] {logging_mixin.py:115} INFO - [2022-08-30T12:34:14.434+0000] {dag.py:2429} INFO - Sync 1 DAGs
[2022-08-30T12:34:14.448+0000] {logging_mixin.py:115} INFO - [2022-08-30T12:34:14.448+0000] {dag.py:2981} INFO - Setting next_dagrun for latest_only_with_trigger to 2022-08-30T08:34:14.448471+00:00, run_after=2022-08-30T12:34:14.448471+00:00
[2022-08-30T12:34:14.458+0000] {processor.py:161} INFO - Processing /home/airflow/.local/lib/python3.7/site-packages/airflow/example_dags/example_latest_only_with_trigger.py took 0.054 seconds
[2022-08-30T12:34:45.035+0000] {processor.py:153} INFO - Started process (PID=2506) to work on /home/airflow/.local/lib/python3.7/site-packages/airflow/example_dags/example_latest_only_with_trigger.py
[2022-08-30T12:34:45.036+0000] {processor.py:640} INFO - Processing file /home/airflow/.local/lib/python3.7/site-packages/airflow/example_dags/example_latest_only_with_trigger.py for tasks to queue
[2022-08-30T12:34:45.037+0000] {logging_mixin.py:115} INFO - [2022-08-30T12:34:45.037+0000] {dagbag.py:508} INFO - Filling up the DagBag from /home/airflow/.local/lib/python3.7/site-packages/airflow/example_dags/example_latest_only_with_trigger.py
[2022-08-30T12:34:45.041+0000] {processor.py:650} INFO - DAG(s) dict_keys(['latest_only_with_trigger']) retrieved from /home/airflow/.local/lib/python3.7/site-packages/airflow/example_dags/example_latest_only_with_trigger.py
[2022-08-30T12:34:45.060+0000] {logging_mixin.py:115} INFO - [2022-08-30T12:34:45.060+0000] {dag.py:2429} INFO - Sync 1 DAGs
[2022-08-30T12:34:45.075+0000] {logging_mixin.py:115} INFO - [2022-08-30T12:34:45.075+0000] {dag.py:2981} INFO - Setting next_dagrun for latest_only_with_trigger to 2022-08-30T08:34:45.075308+00:00, run_after=2022-08-30T12:34:45.075308+00:00
[2022-08-30T12:34:45.084+0000] {processor.py:161} INFO - Processing /home/airflow/.local/lib/python3.7/site-packages/airflow/example_dags/example_latest_only_with_trigger.py took 0.051 seconds
[2022-08-30T12:35:15.801+0000] {processor.py:153} INFO - Started process (PID=2698) to work on /home/airflow/.local/lib/python3.7/site-packages/airflow/example_dags/example_latest_only_with_trigger.py
[2022-08-30T12:35:15.802+0000] {processor.py:640} INFO - Processing file /home/airflow/.local/lib/python3.7/site-packages/airflow/example_dags/example_latest_only_with_trigger.py for tasks to queue
[2022-08-30T12:35:15.803+0000] {logging_mixin.py:115} INFO - [2022-08-30T12:35:15.803+0000] {dagbag.py:508} INFO - Filling up the DagBag from /home/airflow/.local/lib/python3.7/site-packages/airflow/example_dags/example_latest_only_with_trigger.py
[2022-08-30T12:35:15.807+0000] {processor.py:650} INFO - DAG(s) dict_keys(['latest_only_with_trigger']) retrieved from /home/airflow/.local/lib/python3.7/site-packages/airflow/example_dags/example_latest_only_with_trigger.py
[2022-08-30T12:35:15.827+0000] {logging_mixin.py:115} INFO - [2022-08-30T12:35:15.827+0000] {dag.py:2429} INFO - Sync 1 DAGs
[2022-08-30T12:35:15.841+0000] {logging_mixin.py:115} INFO - [2022-08-30T12:35:15.841+0000] {dag.py:2981} INFO - Setting next_dagrun for latest_only_with_trigger to 2022-08-30T08:35:15.841519+00:00, run_after=2022-08-30T12:35:15.841519+00:00
[2022-08-30T12:35:15.849+0000] {processor.py:161} INFO - Processing /home/airflow/.local/lib/python3.7/site-packages/airflow/example_dags/example_latest_only_with_trigger.py took 0.050 seconds
[2022-08-30T12:35:46.654+0000] {processor.py:153} INFO - Started process (PID=2900) to work on /home/airflow/.local/lib/python3.7/site-packages/airflow/example_dags/example_latest_only_with_trigger.py
[2022-08-30T12:35:46.656+0000] {processor.py:640} INFO - Processing file /home/airflow/.local/lib/python3.7/site-packages/airflow/example_dags/example_latest_only_with_trigger.py for tasks to queue
[2022-08-30T12:35:46.657+0000] {logging_mixin.py:115} INFO - [2022-08-30T12:35:46.657+0000] {dagbag.py:508} INFO - Filling up the DagBag from /home/airflow/.local/lib/python3.7/site-packages/airflow/example_dags/example_latest_only_with_trigger.py
[2022-08-30T12:35:46.661+0000] {processor.py:650} INFO - DAG(s) dict_keys(['latest_only_with_trigger']) retrieved from /home/airflow/.local/lib/python3.7/site-packages/airflow/example_dags/example_latest_only_with_trigger.py
[2022-08-30T12:35:46.679+0000] {logging_mixin.py:115} INFO - [2022-08-30T12:35:46.679+0000] {dag.py:2429} INFO - Sync 1 DAGs
[2022-08-30T12:35:46.692+0000] {logging_mixin.py:115} INFO - [2022-08-30T12:35:46.692+0000] {dag.py:2981} INFO - Setting next_dagrun for latest_only_with_trigger to 2022-08-30T08:35:46.692292+00:00, run_after=2022-08-30T12:35:46.692292+00:00
[2022-08-30T12:35:46.700+0000] {processor.py:161} INFO - Processing /home/airflow/.local/lib/python3.7/site-packages/airflow/example_dags/example_latest_only_with_trigger.py took 0.048 seconds
[2022-08-30T12:36:17.650+0000] {processor.py:153} INFO - Started process (PID=3107) to work on /home/airflow/.local/lib/python3.7/site-packages/airflow/example_dags/example_latest_only_with_trigger.py
[2022-08-30T12:36:17.651+0000] {processor.py:640} INFO - Processing file /home/airflow/.local/lib/python3.7/site-packages/airflow/example_dags/example_latest_only_with_trigger.py for tasks to queue
[2022-08-30T12:36:17.652+0000] {logging_mixin.py:115} INFO - [2022-08-30T12:36:17.652+0000] {dagbag.py:508} INFO - Filling up the DagBag from /home/airflow/.local/lib/python3.7/site-packages/airflow/example_dags/example_latest_only_with_trigger.py
[2022-08-30T12:36:17.656+0000] {processor.py:650} INFO - DAG(s) dict_keys(['latest_only_with_trigger']) retrieved from /home/airflow/.local/lib/python3.7/site-packages/airflow/example_dags/example_latest_only_with_trigger.py
[2022-08-30T12:36:17.673+0000] {logging_mixin.py:115} INFO - [2022-08-30T12:36:17.673+0000] {dag.py:2429} INFO - Sync 1 DAGs
[2022-08-30T12:36:17.686+0000] {logging_mixin.py:115} INFO - [2022-08-30T12:36:17.686+0000] {dag.py:2981} INFO - Setting next_dagrun for latest_only_with_trigger to 2022-08-30T08:36:17.686601+00:00, run_after=2022-08-30T12:36:17.686601+00:00
[2022-08-30T12:36:17.694+0000] {processor.py:161} INFO - Processing /home/airflow/.local/lib/python3.7/site-packages/airflow/example_dags/example_latest_only_with_trigger.py took 0.046 seconds
[2022-08-30T12:36:48.392+0000] {processor.py:153} INFO - Started process (PID=3304) to work on /home/airflow/.local/lib/python3.7/site-packages/airflow/example_dags/example_latest_only_with_trigger.py
[2022-08-30T12:36:48.394+0000] {processor.py:640} INFO - Processing file /home/airflow/.local/lib/python3.7/site-packages/airflow/example_dags/example_latest_only_with_trigger.py for tasks to queue
[2022-08-30T12:36:48.395+0000] {logging_mixin.py:115} INFO - [2022-08-30T12:36:48.395+0000] {dagbag.py:508} INFO - Filling up the DagBag from /home/airflow/.local/lib/python3.7/site-packages/airflow/example_dags/example_latest_only_with_trigger.py
[2022-08-30T12:36:48.398+0000] {processor.py:650} INFO - DAG(s) dict_keys(['latest_only_with_trigger']) retrieved from /home/airflow/.local/lib/python3.7/site-packages/airflow/example_dags/example_latest_only_with_trigger.py
[2022-08-30T12:36:48.418+0000] {logging_mixin.py:115} INFO - [2022-08-30T12:36:48.418+0000] {dag.py:2429} INFO - Sync 1 DAGs
[2022-08-30T12:36:48.433+0000] {logging_mixin.py:115} INFO - [2022-08-30T12:36:48.433+0000] {dag.py:2981} INFO - Setting next_dagrun for latest_only_with_trigger to 2022-08-30T08:36:48.432921+00:00, run_after=2022-08-30T12:36:48.432921+00:00
[2022-08-30T12:36:48.443+0000] {processor.py:161} INFO - Processing /home/airflow/.local/lib/python3.7/site-packages/airflow/example_dags/example_latest_only_with_trigger.py took 0.052 seconds
[2022-08-30T12:37:19.090+0000] {processor.py:153} INFO - Started process (PID=3501) to work on /home/airflow/.local/lib/python3.7/site-packages/airflow/example_dags/example_latest_only_with_trigger.py
[2022-08-30T12:37:19.091+0000] {processor.py:640} INFO - Processing file /home/airflow/.local/lib/python3.7/site-packages/airflow/example_dags/example_latest_only_with_trigger.py for tasks to queue
[2022-08-30T12:37:19.092+0000] {logging_mixin.py:115} INFO - [2022-08-30T12:37:19.092+0000] {dagbag.py:508} INFO - Filling up the DagBag from /home/airflow/.local/lib/python3.7/site-packages/airflow/example_dags/example_latest_only_with_trigger.py
[2022-08-30T12:37:19.096+0000] {processor.py:650} INFO - DAG(s) dict_keys(['latest_only_with_trigger']) retrieved from /home/airflow/.local/lib/python3.7/site-packages/airflow/example_dags/example_latest_only_with_trigger.py
[2022-08-30T12:37:19.114+0000] {logging_mixin.py:115} INFO - [2022-08-30T12:37:19.114+0000] {dag.py:2429} INFO - Sync 1 DAGs
[2022-08-30T12:37:19.126+0000] {logging_mixin.py:115} INFO - [2022-08-30T12:37:19.126+0000] {dag.py:2981} INFO - Setting next_dagrun for latest_only_with_trigger to 2022-08-30T08:37:19.126082+00:00, run_after=2022-08-30T12:37:19.126082+00:00
[2022-08-30T12:37:19.132+0000] {processor.py:161} INFO - Processing /home/airflow/.local/lib/python3.7/site-packages/airflow/example_dags/example_latest_only_with_trigger.py took 0.044 seconds
[2022-08-30T12:37:49.906+0000] {processor.py:153} INFO - Started process (PID=3705) to work on /home/airflow/.local/lib/python3.7/site-packages/airflow/example_dags/example_latest_only_with_trigger.py
[2022-08-30T12:37:49.908+0000] {processor.py:640} INFO - Processing file /home/airflow/.local/lib/python3.7/site-packages/airflow/example_dags/example_latest_only_with_trigger.py for tasks to queue
[2022-08-30T12:37:49.909+0000] {logging_mixin.py:115} INFO - [2022-08-30T12:37:49.909+0000] {dagbag.py:508} INFO - Filling up the DagBag from /home/airflow/.local/lib/python3.7/site-packages/airflow/example_dags/example_latest_only_with_trigger.py
[2022-08-30T12:37:49.913+0000] {processor.py:650} INFO - DAG(s) dict_keys(['latest_only_with_trigger']) retrieved from /home/airflow/.local/lib/python3.7/site-packages/airflow/example_dags/example_latest_only_with_trigger.py
[2022-08-30T12:37:49.933+0000] {logging_mixin.py:115} INFO - [2022-08-30T12:37:49.933+0000] {dag.py:2429} INFO - Sync 1 DAGs
[2022-08-30T12:37:49.946+0000] {logging_mixin.py:115} INFO - [2022-08-30T12:37:49.946+0000] {dag.py:2981} INFO - Setting next_dagrun for latest_only_with_trigger to 2022-08-30T08:37:49.946571+00:00, run_after=2022-08-30T12:37:49.946571+00:00
[2022-08-30T12:37:49.955+0000] {processor.py:161} INFO - Processing /home/airflow/.local/lib/python3.7/site-packages/airflow/example_dags/example_latest_only_with_trigger.py took 0.050 seconds
[2022-08-30T12:40:13.156+0000] {processor.py:153} INFO - Started process (PID=317) to work on /home/airflow/.local/lib/python3.7/site-packages/airflow/example_dags/example_latest_only_with_trigger.py
[2022-08-30T12:40:13.158+0000] {processor.py:640} INFO - Processing file /home/airflow/.local/lib/python3.7/site-packages/airflow/example_dags/example_latest_only_with_trigger.py for tasks to queue
[2022-08-30T12:40:13.160+0000] {logging_mixin.py:115} INFO - [2022-08-30T12:40:13.160+0000] {dagbag.py:508} INFO - Filling up the DagBag from /home/airflow/.local/lib/python3.7/site-packages/airflow/example_dags/example_latest_only_with_trigger.py
[2022-08-30T12:40:13.187+0000] {processor.py:650} INFO - DAG(s) dict_keys(['latest_only_with_trigger']) retrieved from /home/airflow/.local/lib/python3.7/site-packages/airflow/example_dags/example_latest_only_with_trigger.py
[2022-08-30T12:40:13.341+0000] {logging_mixin.py:115} INFO - [2022-08-30T12:40:13.341+0000] {manager.py:508} INFO - Created Permission View: can edit on DAG:latest_only_with_trigger
[2022-08-30T12:40:13.364+0000] {logging_mixin.py:115} INFO - [2022-08-30T12:40:13.364+0000] {manager.py:508} INFO - Created Permission View: can read on DAG:latest_only_with_trigger
[2022-08-30T12:40:13.372+0000] {logging_mixin.py:115} INFO - [2022-08-30T12:40:13.372+0000] {manager.py:508} INFO - Created Permission View: can delete on DAG:latest_only_with_trigger
[2022-08-30T12:40:13.373+0000] {logging_mixin.py:115} INFO - [2022-08-30T12:40:13.373+0000] {dag.py:2429} INFO - Sync 1 DAGs
[2022-08-30T12:40:13.380+0000] {logging_mixin.py:115} INFO - [2022-08-30T12:40:13.379+0000] {dag.py:2448} INFO - Creating ORM DAG for latest_only_with_trigger
[2022-08-30T12:40:13.396+0000] {logging_mixin.py:115} INFO - [2022-08-30T12:40:13.396+0000] {dag.py:2981} INFO - Setting next_dagrun for latest_only_with_trigger to 2022-08-30T08:40:13.393928+00:00, run_after=2022-08-30T12:40:13.393928+00:00
[2022-08-30T12:40:13.414+0000] {processor.py:161} INFO - Processing /home/airflow/.local/lib/python3.7/site-packages/airflow/example_dags/example_latest_only_with_trigger.py took 0.263 seconds
[2022-08-30T12:42:16.214+0000] {processor.py:153} INFO - Started process (PID=304) to work on /home/airflow/.local/lib/python3.7/site-packages/airflow/example_dags/example_latest_only_with_trigger.py
[2022-08-30T12:42:16.216+0000] {processor.py:640} INFO - Processing file /home/airflow/.local/lib/python3.7/site-packages/airflow/example_dags/example_latest_only_with_trigger.py for tasks to queue
[2022-08-30T12:42:16.217+0000] {logging_mixin.py:115} INFO - [2022-08-30T12:42:16.217+0000] {dagbag.py:508} INFO - Filling up the DagBag from /home/airflow/.local/lib/python3.7/site-packages/airflow/example_dags/example_latest_only_with_trigger.py
[2022-08-30T12:42:16.221+0000] {processor.py:650} INFO - DAG(s) dict_keys(['latest_only_with_trigger']) retrieved from /home/airflow/.local/lib/python3.7/site-packages/airflow/example_dags/example_latest_only_with_trigger.py
[2022-08-30T12:42:16.245+0000] {logging_mixin.py:115} INFO - [2022-08-30T12:42:16.245+0000] {dag.py:2429} INFO - Sync 1 DAGs
[2022-08-30T12:42:16.285+0000] {logging_mixin.py:115} INFO - [2022-08-30T12:42:16.285+0000] {dag.py:2981} INFO - Setting next_dagrun for latest_only_with_trigger to 2022-08-30T08:42:16.284857+00:00, run_after=2022-08-30T12:42:16.284857+00:00
[2022-08-30T12:42:16.309+0000] {processor.py:161} INFO - Processing /home/airflow/.local/lib/python3.7/site-packages/airflow/example_dags/example_latest_only_with_trigger.py took 0.097 seconds
[2022-08-30T12:42:46.996+0000] {processor.py:153} INFO - Started process (PID=508) to work on /home/airflow/.local/lib/python3.7/site-packages/airflow/example_dags/example_latest_only_with_trigger.py
[2022-08-30T12:42:46.997+0000] {processor.py:640} INFO - Processing file /home/airflow/.local/lib/python3.7/site-packages/airflow/example_dags/example_latest_only_with_trigger.py for tasks to queue
[2022-08-30T12:42:46.999+0000] {logging_mixin.py:115} INFO - [2022-08-30T12:42:46.998+0000] {dagbag.py:508} INFO - Filling up the DagBag from /home/airflow/.local/lib/python3.7/site-packages/airflow/example_dags/example_latest_only_with_trigger.py
[2022-08-30T12:42:47.002+0000] {processor.py:650} INFO - DAG(s) dict_keys(['latest_only_with_trigger']) retrieved from /home/airflow/.local/lib/python3.7/site-packages/airflow/example_dags/example_latest_only_with_trigger.py
[2022-08-30T12:42:47.019+0000] {logging_mixin.py:115} INFO - [2022-08-30T12:42:47.019+0000] {dag.py:2429} INFO - Sync 1 DAGs
[2022-08-30T12:42:47.031+0000] {logging_mixin.py:115} INFO - [2022-08-30T12:42:47.031+0000] {dag.py:2981} INFO - Setting next_dagrun for latest_only_with_trigger to 2022-08-30T08:42:47.030911+00:00, run_after=2022-08-30T12:42:47.030911+00:00
[2022-08-30T12:42:47.038+0000] {processor.py:161} INFO - Processing /home/airflow/.local/lib/python3.7/site-packages/airflow/example_dags/example_latest_only_with_trigger.py took 0.044 seconds
[2022-08-30T12:43:17.969+0000] {processor.py:153} INFO - Started process (PID=710) to work on /home/airflow/.local/lib/python3.7/site-packages/airflow/example_dags/example_latest_only_with_trigger.py
[2022-08-30T12:43:17.971+0000] {processor.py:640} INFO - Processing file /home/airflow/.local/lib/python3.7/site-packages/airflow/example_dags/example_latest_only_with_trigger.py for tasks to queue
[2022-08-30T12:43:17.972+0000] {logging_mixin.py:115} INFO - [2022-08-30T12:43:17.972+0000] {dagbag.py:508} INFO - Filling up the DagBag from /home/airflow/.local/lib/python3.7/site-packages/airflow/example_dags/example_latest_only_with_trigger.py
[2022-08-30T12:43:17.976+0000] {processor.py:650} INFO - DAG(s) dict_keys(['latest_only_with_trigger']) retrieved from /home/airflow/.local/lib/python3.7/site-packages/airflow/example_dags/example_latest_only_with_trigger.py
[2022-08-30T12:43:17.995+0000] {logging_mixin.py:115} INFO - [2022-08-30T12:43:17.995+0000] {dag.py:2429} INFO - Sync 1 DAGs
[2022-08-30T12:43:18.009+0000] {logging_mixin.py:115} INFO - [2022-08-30T12:43:18.009+0000] {dag.py:2981} INFO - Setting next_dagrun for latest_only_with_trigger to 2022-08-30T08:43:18.009313+00:00, run_after=2022-08-30T12:43:18.009313+00:00
[2022-08-30T12:43:18.017+0000] {processor.py:161} INFO - Processing /home/airflow/.local/lib/python3.7/site-packages/airflow/example_dags/example_latest_only_with_trigger.py took 0.050 seconds
[2022-08-30T12:43:48.653+0000] {processor.py:153} INFO - Started process (PID=900) to work on /home/airflow/.local/lib/python3.7/site-packages/airflow/example_dags/example_latest_only_with_trigger.py
[2022-08-30T12:43:48.655+0000] {processor.py:640} INFO - Processing file /home/airflow/.local/lib/python3.7/site-packages/airflow/example_dags/example_latest_only_with_trigger.py for tasks to queue
[2022-08-30T12:43:48.656+0000] {logging_mixin.py:115} INFO - [2022-08-30T12:43:48.656+0000] {dagbag.py:508} INFO - Filling up the DagBag from /home/airflow/.local/lib/python3.7/site-packages/airflow/example_dags/example_latest_only_with_trigger.py
[2022-08-30T12:43:48.660+0000] {processor.py:650} INFO - DAG(s) dict_keys(['latest_only_with_trigger']) retrieved from /home/airflow/.local/lib/python3.7/site-packages/airflow/example_dags/example_latest_only_with_trigger.py
[2022-08-30T12:43:48.678+0000] {logging_mixin.py:115} INFO - [2022-08-30T12:43:48.678+0000] {dag.py:2429} INFO - Sync 1 DAGs
[2022-08-30T12:43:48.689+0000] {logging_mixin.py:115} INFO - [2022-08-30T12:43:48.689+0000] {dag.py:2981} INFO - Setting next_dagrun for latest_only_with_trigger to 2022-08-30T08:43:48.689159+00:00, run_after=2022-08-30T12:43:48.689159+00:00
[2022-08-30T12:43:48.697+0000] {processor.py:161} INFO - Processing /home/airflow/.local/lib/python3.7/site-packages/airflow/example_dags/example_latest_only_with_trigger.py took 0.046 seconds
[2022-08-30T12:44:19.459+0000] {processor.py:153} INFO - Started process (PID=1104) to work on /home/airflow/.local/lib/python3.7/site-packages/airflow/example_dags/example_latest_only_with_trigger.py
[2022-08-30T12:44:19.460+0000] {processor.py:640} INFO - Processing file /home/airflow/.local/lib/python3.7/site-packages/airflow/example_dags/example_latest_only_with_trigger.py for tasks to queue
[2022-08-30T12:44:19.461+0000] {logging_mixin.py:115} INFO - [2022-08-30T12:44:19.461+0000] {dagbag.py:508} INFO - Filling up the DagBag from /home/airflow/.local/lib/python3.7/site-packages/airflow/example_dags/example_latest_only_with_trigger.py
[2022-08-30T12:44:19.464+0000] {processor.py:650} INFO - DAG(s) dict_keys(['latest_only_with_trigger']) retrieved from /home/airflow/.local/lib/python3.7/site-packages/airflow/example_dags/example_latest_only_with_trigger.py
[2022-08-30T12:44:19.482+0000] {logging_mixin.py:115} INFO - [2022-08-30T12:44:19.482+0000] {dag.py:2429} INFO - Sync 1 DAGs
[2022-08-30T12:44:19.494+0000] {logging_mixin.py:115} INFO - [2022-08-30T12:44:19.493+0000] {dag.py:2981} INFO - Setting next_dagrun for latest_only_with_trigger to 2022-08-30T08:44:19.493737+00:00, run_after=2022-08-30T12:44:19.493737+00:00
[2022-08-30T12:44:19.500+0000] {processor.py:161} INFO - Processing /home/airflow/.local/lib/python3.7/site-packages/airflow/example_dags/example_latest_only_with_trigger.py took 0.043 seconds
[2022-08-30T12:44:50.122+0000] {processor.py:153} INFO - Started process (PID=1304) to work on /home/airflow/.local/lib/python3.7/site-packages/airflow/example_dags/example_latest_only_with_trigger.py
[2022-08-30T12:44:50.123+0000] {processor.py:640} INFO - Processing file /home/airflow/.local/lib/python3.7/site-packages/airflow/example_dags/example_latest_only_with_trigger.py for tasks to queue
[2022-08-30T12:44:50.124+0000] {logging_mixin.py:115} INFO - [2022-08-30T12:44:50.124+0000] {dagbag.py:508} INFO - Filling up the DagBag from /home/airflow/.local/lib/python3.7/site-packages/airflow/example_dags/example_latest_only_with_trigger.py
[2022-08-30T12:44:50.128+0000] {processor.py:650} INFO - DAG(s) dict_keys(['latest_only_with_trigger']) retrieved from /home/airflow/.local/lib/python3.7/site-packages/airflow/example_dags/example_latest_only_with_trigger.py
[2022-08-30T12:44:50.149+0000] {logging_mixin.py:115} INFO - [2022-08-30T12:44:50.149+0000] {dag.py:2429} INFO - Sync 1 DAGs
[2022-08-30T12:44:50.163+0000] {logging_mixin.py:115} INFO - [2022-08-30T12:44:50.163+0000] {dag.py:2981} INFO - Setting next_dagrun for latest_only_with_trigger to 2022-08-30T08:44:50.162910+00:00, run_after=2022-08-30T12:44:50.162910+00:00
[2022-08-30T12:44:50.170+0000] {processor.py:161} INFO - Processing /home/airflow/.local/lib/python3.7/site-packages/airflow/example_dags/example_latest_only_with_trigger.py took 0.050 seconds
