[2022-08-30T12:27:46.197+0000] {processor.py:153} INFO - Started process (PID=215) to work on /home/airflow/.local/lib/python3.7/site-packages/airflow/example_dags/example_python_operator.py
[2022-08-30T12:27:46.199+0000] {processor.py:640} INFO - Processing file /home/airflow/.local/lib/python3.7/site-packages/airflow/example_dags/example_python_operator.py for tasks to queue
[2022-08-30T12:27:46.200+0000] {logging_mixin.py:115} INFO - [2022-08-30T12:27:46.200+0000] {dagbag.py:508} INFO - Filling up the DagBag from /home/airflow/.local/lib/python3.7/site-packages/airflow/example_dags/example_python_operator.py
[2022-08-30T12:27:46.213+0000] {processor.py:650} INFO - DAG(s) dict_keys(['example_python_operator']) retrieved from /home/airflow/.local/lib/python3.7/site-packages/airflow/example_dags/example_python_operator.py
[2022-08-30T12:27:46.267+0000] {logging_mixin.py:115} INFO - [2022-08-30T12:27:46.266+0000] {manager.py:508} INFO - Created Permission View: can read on DAG:example_python_operator
[2022-08-30T12:27:46.273+0000] {logging_mixin.py:115} INFO - [2022-08-30T12:27:46.273+0000] {manager.py:508} INFO - Created Permission View: can edit on DAG:example_python_operator
[2022-08-30T12:27:46.278+0000] {logging_mixin.py:115} INFO - [2022-08-30T12:27:46.278+0000] {manager.py:508} INFO - Created Permission View: can delete on DAG:example_python_operator
[2022-08-30T12:27:46.279+0000] {logging_mixin.py:115} INFO - [2022-08-30T12:27:46.279+0000] {dag.py:2429} INFO - Sync 1 DAGs
[2022-08-30T12:27:46.285+0000] {logging_mixin.py:115} INFO - [2022-08-30T12:27:46.285+0000] {dag.py:2448} INFO - Creating ORM DAG for example_python_operator
[2022-08-30T12:27:46.292+0000] {logging_mixin.py:115} INFO - [2022-08-30T12:27:46.292+0000] {dag.py:2981} INFO - Setting next_dagrun for example_python_operator to None, run_after=None
[2022-08-30T12:27:46.301+0000] {processor.py:161} INFO - Processing /home/airflow/.local/lib/python3.7/site-packages/airflow/example_dags/example_python_operator.py took 0.106 seconds
[2022-08-30T12:28:17.096+0000] {processor.py:153} INFO - Started process (PID=415) to work on /home/airflow/.local/lib/python3.7/site-packages/airflow/example_dags/example_python_operator.py
[2022-08-30T12:28:17.097+0000] {processor.py:640} INFO - Processing file /home/airflow/.local/lib/python3.7/site-packages/airflow/example_dags/example_python_operator.py for tasks to queue
[2022-08-30T12:28:17.098+0000] {logging_mixin.py:115} INFO - [2022-08-30T12:28:17.098+0000] {dagbag.py:508} INFO - Filling up the DagBag from /home/airflow/.local/lib/python3.7/site-packages/airflow/example_dags/example_python_operator.py
[2022-08-30T12:28:17.110+0000] {processor.py:650} INFO - DAG(s) dict_keys(['example_python_operator']) retrieved from /home/airflow/.local/lib/python3.7/site-packages/airflow/example_dags/example_python_operator.py
[2022-08-30T12:28:17.126+0000] {logging_mixin.py:115} INFO - [2022-08-30T12:28:17.126+0000] {dag.py:2429} INFO - Sync 1 DAGs
[2022-08-30T12:28:17.141+0000] {logging_mixin.py:115} INFO - [2022-08-30T12:28:17.140+0000] {dag.py:2981} INFO - Setting next_dagrun for example_python_operator to None, run_after=None
[2022-08-30T12:28:17.148+0000] {processor.py:161} INFO - Processing /home/airflow/.local/lib/python3.7/site-packages/airflow/example_dags/example_python_operator.py took 0.055 seconds
[2022-08-30T12:29:05.897+0000] {processor.py:153} INFO - Started process (PID=218) to work on /home/airflow/.local/lib/python3.7/site-packages/airflow/example_dags/example_python_operator.py
[2022-08-30T12:29:05.899+0000] {processor.py:640} INFO - Processing file /home/airflow/.local/lib/python3.7/site-packages/airflow/example_dags/example_python_operator.py for tasks to queue
[2022-08-30T12:29:05.900+0000] {logging_mixin.py:115} INFO - [2022-08-30T12:29:05.900+0000] {dagbag.py:508} INFO - Filling up the DagBag from /home/airflow/.local/lib/python3.7/site-packages/airflow/example_dags/example_python_operator.py
[2022-08-30T12:29:05.918+0000] {processor.py:650} INFO - DAG(s) dict_keys(['example_python_operator']) retrieved from /home/airflow/.local/lib/python3.7/site-packages/airflow/example_dags/example_python_operator.py
[2022-08-30T12:29:05.945+0000] {logging_mixin.py:115} INFO - [2022-08-30T12:29:05.945+0000] {dag.py:2429} INFO - Sync 1 DAGs
[2022-08-30T12:29:05.964+0000] {logging_mixin.py:115} INFO - [2022-08-30T12:29:05.963+0000] {dag.py:2981} INFO - Setting next_dagrun for example_python_operator to None, run_after=None
[2022-08-30T12:29:05.976+0000] {processor.py:161} INFO - Processing /home/airflow/.local/lib/python3.7/site-packages/airflow/example_dags/example_python_operator.py took 0.083 seconds
[2022-08-30T12:29:36.681+0000] {processor.py:153} INFO - Started process (PID=420) to work on /home/airflow/.local/lib/python3.7/site-packages/airflow/example_dags/example_python_operator.py
[2022-08-30T12:29:36.682+0000] {processor.py:640} INFO - Processing file /home/airflow/.local/lib/python3.7/site-packages/airflow/example_dags/example_python_operator.py for tasks to queue
[2022-08-30T12:29:36.683+0000] {logging_mixin.py:115} INFO - [2022-08-30T12:29:36.683+0000] {dagbag.py:508} INFO - Filling up the DagBag from /home/airflow/.local/lib/python3.7/site-packages/airflow/example_dags/example_python_operator.py
[2022-08-30T12:29:36.696+0000] {processor.py:650} INFO - DAG(s) dict_keys(['example_python_operator']) retrieved from /home/airflow/.local/lib/python3.7/site-packages/airflow/example_dags/example_python_operator.py
[2022-08-30T12:29:36.714+0000] {logging_mixin.py:115} INFO - [2022-08-30T12:29:36.714+0000] {dag.py:2429} INFO - Sync 1 DAGs
[2022-08-30T12:29:36.730+0000] {logging_mixin.py:115} INFO - [2022-08-30T12:29:36.730+0000] {dag.py:2981} INFO - Setting next_dagrun for example_python_operator to None, run_after=None
[2022-08-30T12:29:36.737+0000] {processor.py:161} INFO - Processing /home/airflow/.local/lib/python3.7/site-packages/airflow/example_dags/example_python_operator.py took 0.058 seconds
[2022-08-30T12:30:07.479+0000] {processor.py:153} INFO - Started process (PID=621) to work on /home/airflow/.local/lib/python3.7/site-packages/airflow/example_dags/example_python_operator.py
[2022-08-30T12:30:07.480+0000] {processor.py:640} INFO - Processing file /home/airflow/.local/lib/python3.7/site-packages/airflow/example_dags/example_python_operator.py for tasks to queue
[2022-08-30T12:30:07.481+0000] {logging_mixin.py:115} INFO - [2022-08-30T12:30:07.481+0000] {dagbag.py:508} INFO - Filling up the DagBag from /home/airflow/.local/lib/python3.7/site-packages/airflow/example_dags/example_python_operator.py
[2022-08-30T12:30:07.493+0000] {processor.py:650} INFO - DAG(s) dict_keys(['example_python_operator']) retrieved from /home/airflow/.local/lib/python3.7/site-packages/airflow/example_dags/example_python_operator.py
[2022-08-30T12:30:07.509+0000] {logging_mixin.py:115} INFO - [2022-08-30T12:30:07.509+0000] {dag.py:2429} INFO - Sync 1 DAGs
[2022-08-30T12:30:07.522+0000] {logging_mixin.py:115} INFO - [2022-08-30T12:30:07.522+0000] {dag.py:2981} INFO - Setting next_dagrun for example_python_operator to None, run_after=None
[2022-08-30T12:30:07.529+0000] {processor.py:161} INFO - Processing /home/airflow/.local/lib/python3.7/site-packages/airflow/example_dags/example_python_operator.py took 0.052 seconds
[2022-08-30T12:30:38.209+0000] {processor.py:153} INFO - Started process (PID=822) to work on /home/airflow/.local/lib/python3.7/site-packages/airflow/example_dags/example_python_operator.py
[2022-08-30T12:30:38.211+0000] {processor.py:640} INFO - Processing file /home/airflow/.local/lib/python3.7/site-packages/airflow/example_dags/example_python_operator.py for tasks to queue
[2022-08-30T12:30:38.212+0000] {logging_mixin.py:115} INFO - [2022-08-30T12:30:38.212+0000] {dagbag.py:508} INFO - Filling up the DagBag from /home/airflow/.local/lib/python3.7/site-packages/airflow/example_dags/example_python_operator.py
[2022-08-30T12:30:38.226+0000] {processor.py:650} INFO - DAG(s) dict_keys(['example_python_operator']) retrieved from /home/airflow/.local/lib/python3.7/site-packages/airflow/example_dags/example_python_operator.py
[2022-08-30T12:30:38.243+0000] {logging_mixin.py:115} INFO - [2022-08-30T12:30:38.243+0000] {dag.py:2429} INFO - Sync 1 DAGs
[2022-08-30T12:30:38.258+0000] {logging_mixin.py:115} INFO - [2022-08-30T12:30:38.258+0000] {dag.py:2981} INFO - Setting next_dagrun for example_python_operator to None, run_after=None
[2022-08-30T12:30:38.267+0000] {processor.py:161} INFO - Processing /home/airflow/.local/lib/python3.7/site-packages/airflow/example_dags/example_python_operator.py took 0.059 seconds
[2022-08-30T12:31:09.041+0000] {processor.py:153} INFO - Started process (PID=1014) to work on /home/airflow/.local/lib/python3.7/site-packages/airflow/example_dags/example_python_operator.py
[2022-08-30T12:31:09.042+0000] {processor.py:640} INFO - Processing file /home/airflow/.local/lib/python3.7/site-packages/airflow/example_dags/example_python_operator.py for tasks to queue
[2022-08-30T12:31:09.043+0000] {logging_mixin.py:115} INFO - [2022-08-30T12:31:09.043+0000] {dagbag.py:508} INFO - Filling up the DagBag from /home/airflow/.local/lib/python3.7/site-packages/airflow/example_dags/example_python_operator.py
[2022-08-30T12:31:09.054+0000] {processor.py:650} INFO - DAG(s) dict_keys(['example_python_operator']) retrieved from /home/airflow/.local/lib/python3.7/site-packages/airflow/example_dags/example_python_operator.py
[2022-08-30T12:31:09.070+0000] {logging_mixin.py:115} INFO - [2022-08-30T12:31:09.070+0000] {dag.py:2429} INFO - Sync 1 DAGs
[2022-08-30T12:31:09.083+0000] {logging_mixin.py:115} INFO - [2022-08-30T12:31:09.083+0000] {dag.py:2981} INFO - Setting next_dagrun for example_python_operator to None, run_after=None
[2022-08-30T12:31:09.090+0000] {processor.py:161} INFO - Processing /home/airflow/.local/lib/python3.7/site-packages/airflow/example_dags/example_python_operator.py took 0.051 seconds
[2022-08-30T12:31:39.644+0000] {processor.py:153} INFO - Started process (PID=1215) to work on /home/airflow/.local/lib/python3.7/site-packages/airflow/example_dags/example_python_operator.py
[2022-08-30T12:31:39.645+0000] {processor.py:640} INFO - Processing file /home/airflow/.local/lib/python3.7/site-packages/airflow/example_dags/example_python_operator.py for tasks to queue
[2022-08-30T12:31:39.646+0000] {logging_mixin.py:115} INFO - [2022-08-30T12:31:39.646+0000] {dagbag.py:508} INFO - Filling up the DagBag from /home/airflow/.local/lib/python3.7/site-packages/airflow/example_dags/example_python_operator.py
[2022-08-30T12:31:39.660+0000] {processor.py:650} INFO - DAG(s) dict_keys(['example_python_operator']) retrieved from /home/airflow/.local/lib/python3.7/site-packages/airflow/example_dags/example_python_operator.py
[2022-08-30T12:31:39.679+0000] {logging_mixin.py:115} INFO - [2022-08-30T12:31:39.679+0000] {dag.py:2429} INFO - Sync 1 DAGs
[2022-08-30T12:31:39.691+0000] {logging_mixin.py:115} INFO - [2022-08-30T12:31:39.691+0000] {dag.py:2981} INFO - Setting next_dagrun for example_python_operator to None, run_after=None
[2022-08-30T12:31:39.699+0000] {processor.py:161} INFO - Processing /home/airflow/.local/lib/python3.7/site-packages/airflow/example_dags/example_python_operator.py took 0.057 seconds
[2022-08-30T12:32:10.271+0000] {processor.py:153} INFO - Started process (PID=1415) to work on /home/airflow/.local/lib/python3.7/site-packages/airflow/example_dags/example_python_operator.py
[2022-08-30T12:32:10.273+0000] {processor.py:640} INFO - Processing file /home/airflow/.local/lib/python3.7/site-packages/airflow/example_dags/example_python_operator.py for tasks to queue
[2022-08-30T12:32:10.275+0000] {logging_mixin.py:115} INFO - [2022-08-30T12:32:10.274+0000] {dagbag.py:508} INFO - Filling up the DagBag from /home/airflow/.local/lib/python3.7/site-packages/airflow/example_dags/example_python_operator.py
[2022-08-30T12:32:10.287+0000] {processor.py:650} INFO - DAG(s) dict_keys(['example_python_operator']) retrieved from /home/airflow/.local/lib/python3.7/site-packages/airflow/example_dags/example_python_operator.py
[2022-08-30T12:32:10.303+0000] {logging_mixin.py:115} INFO - [2022-08-30T12:32:10.303+0000] {dag.py:2429} INFO - Sync 1 DAGs
[2022-08-30T12:32:10.317+0000] {logging_mixin.py:115} INFO - [2022-08-30T12:32:10.317+0000] {dag.py:2981} INFO - Setting next_dagrun for example_python_operator to None, run_after=None
[2022-08-30T12:32:10.325+0000] {processor.py:161} INFO - Processing /home/airflow/.local/lib/python3.7/site-packages/airflow/example_dags/example_python_operator.py took 0.057 seconds
[2022-08-30T12:32:41.091+0000] {processor.py:153} INFO - Started process (PID=1618) to work on /home/airflow/.local/lib/python3.7/site-packages/airflow/example_dags/example_python_operator.py
[2022-08-30T12:32:41.093+0000] {processor.py:640} INFO - Processing file /home/airflow/.local/lib/python3.7/site-packages/airflow/example_dags/example_python_operator.py for tasks to queue
[2022-08-30T12:32:41.094+0000] {logging_mixin.py:115} INFO - [2022-08-30T12:32:41.094+0000] {dagbag.py:508} INFO - Filling up the DagBag from /home/airflow/.local/lib/python3.7/site-packages/airflow/example_dags/example_python_operator.py
[2022-08-30T12:32:41.110+0000] {processor.py:650} INFO - DAG(s) dict_keys(['example_python_operator']) retrieved from /home/airflow/.local/lib/python3.7/site-packages/airflow/example_dags/example_python_operator.py
[2022-08-30T12:32:41.137+0000] {logging_mixin.py:115} INFO - [2022-08-30T12:32:41.137+0000] {dag.py:2429} INFO - Sync 1 DAGs
[2022-08-30T12:32:41.160+0000] {logging_mixin.py:115} INFO - [2022-08-30T12:32:41.160+0000] {dag.py:2981} INFO - Setting next_dagrun for example_python_operator to None, run_after=None
[2022-08-30T12:32:41.176+0000] {processor.py:161} INFO - Processing /home/airflow/.local/lib/python3.7/site-packages/airflow/example_dags/example_python_operator.py took 0.087 seconds
[2022-08-30T12:33:11.976+0000] {processor.py:153} INFO - Started process (PID=1821) to work on /home/airflow/.local/lib/python3.7/site-packages/airflow/example_dags/example_python_operator.py
[2022-08-30T12:33:11.978+0000] {processor.py:640} INFO - Processing file /home/airflow/.local/lib/python3.7/site-packages/airflow/example_dags/example_python_operator.py for tasks to queue
[2022-08-30T12:33:11.979+0000] {logging_mixin.py:115} INFO - [2022-08-30T12:33:11.979+0000] {dagbag.py:508} INFO - Filling up the DagBag from /home/airflow/.local/lib/python3.7/site-packages/airflow/example_dags/example_python_operator.py
[2022-08-30T12:33:11.991+0000] {processor.py:650} INFO - DAG(s) dict_keys(['example_python_operator']) retrieved from /home/airflow/.local/lib/python3.7/site-packages/airflow/example_dags/example_python_operator.py
[2022-08-30T12:33:12.007+0000] {logging_mixin.py:115} INFO - [2022-08-30T12:33:12.006+0000] {dag.py:2429} INFO - Sync 1 DAGs
[2022-08-30T12:33:12.018+0000] {logging_mixin.py:115} INFO - [2022-08-30T12:33:12.018+0000] {dag.py:2981} INFO - Setting next_dagrun for example_python_operator to None, run_after=None
[2022-08-30T12:33:12.025+0000] {processor.py:161} INFO - Processing /home/airflow/.local/lib/python3.7/site-packages/airflow/example_dags/example_python_operator.py took 0.051 seconds
[2022-08-30T12:33:42.665+0000] {processor.py:153} INFO - Started process (PID=2021) to work on /home/airflow/.local/lib/python3.7/site-packages/airflow/example_dags/example_python_operator.py
[2022-08-30T12:33:42.667+0000] {processor.py:640} INFO - Processing file /home/airflow/.local/lib/python3.7/site-packages/airflow/example_dags/example_python_operator.py for tasks to queue
[2022-08-30T12:33:42.669+0000] {logging_mixin.py:115} INFO - [2022-08-30T12:33:42.669+0000] {dagbag.py:508} INFO - Filling up the DagBag from /home/airflow/.local/lib/python3.7/site-packages/airflow/example_dags/example_python_operator.py
[2022-08-30T12:33:42.683+0000] {processor.py:650} INFO - DAG(s) dict_keys(['example_python_operator']) retrieved from /home/airflow/.local/lib/python3.7/site-packages/airflow/example_dags/example_python_operator.py
[2022-08-30T12:33:42.705+0000] {logging_mixin.py:115} INFO - [2022-08-30T12:33:42.705+0000] {dag.py:2429} INFO - Sync 1 DAGs
[2022-08-30T12:33:42.718+0000] {logging_mixin.py:115} INFO - [2022-08-30T12:33:42.718+0000] {dag.py:2981} INFO - Setting next_dagrun for example_python_operator to None, run_after=None
[2022-08-30T12:33:42.727+0000] {processor.py:161} INFO - Processing /home/airflow/.local/lib/python3.7/site-packages/airflow/example_dags/example_python_operator.py took 0.064 seconds
[2022-08-30T12:34:13.341+0000] {processor.py:153} INFO - Started process (PID=2221) to work on /home/airflow/.local/lib/python3.7/site-packages/airflow/example_dags/example_python_operator.py
[2022-08-30T12:34:13.342+0000] {processor.py:640} INFO - Processing file /home/airflow/.local/lib/python3.7/site-packages/airflow/example_dags/example_python_operator.py for tasks to queue
[2022-08-30T12:34:13.344+0000] {logging_mixin.py:115} INFO - [2022-08-30T12:34:13.344+0000] {dagbag.py:508} INFO - Filling up the DagBag from /home/airflow/.local/lib/python3.7/site-packages/airflow/example_dags/example_python_operator.py
[2022-08-30T12:34:13.358+0000] {processor.py:650} INFO - DAG(s) dict_keys(['example_python_operator']) retrieved from /home/airflow/.local/lib/python3.7/site-packages/airflow/example_dags/example_python_operator.py
[2022-08-30T12:34:13.375+0000] {logging_mixin.py:115} INFO - [2022-08-30T12:34:13.375+0000] {dag.py:2429} INFO - Sync 1 DAGs
[2022-08-30T12:34:13.391+0000] {logging_mixin.py:115} INFO - [2022-08-30T12:34:13.391+0000] {dag.py:2981} INFO - Setting next_dagrun for example_python_operator to None, run_after=None
[2022-08-30T12:34:13.402+0000] {processor.py:161} INFO - Processing /home/airflow/.local/lib/python3.7/site-packages/airflow/example_dags/example_python_operator.py took 0.063 seconds
[2022-08-30T12:34:44.195+0000] {processor.py:153} INFO - Started process (PID=2411) to work on /home/airflow/.local/lib/python3.7/site-packages/airflow/example_dags/example_python_operator.py
[2022-08-30T12:34:44.197+0000] {processor.py:640} INFO - Processing file /home/airflow/.local/lib/python3.7/site-packages/airflow/example_dags/example_python_operator.py for tasks to queue
[2022-08-30T12:34:44.198+0000] {logging_mixin.py:115} INFO - [2022-08-30T12:34:44.198+0000] {dagbag.py:508} INFO - Filling up the DagBag from /home/airflow/.local/lib/python3.7/site-packages/airflow/example_dags/example_python_operator.py
[2022-08-30T12:34:44.212+0000] {processor.py:650} INFO - DAG(s) dict_keys(['example_python_operator']) retrieved from /home/airflow/.local/lib/python3.7/site-packages/airflow/example_dags/example_python_operator.py
[2022-08-30T12:34:44.238+0000] {logging_mixin.py:115} INFO - [2022-08-30T12:34:44.238+0000] {dag.py:2429} INFO - Sync 1 DAGs
[2022-08-30T12:34:44.255+0000] {logging_mixin.py:115} INFO - [2022-08-30T12:34:44.255+0000] {dag.py:2981} INFO - Setting next_dagrun for example_python_operator to None, run_after=None
[2022-08-30T12:34:44.262+0000] {processor.py:161} INFO - Processing /home/airflow/.local/lib/python3.7/site-packages/airflow/example_dags/example_python_operator.py took 0.069 seconds
[2022-08-30T12:35:14.962+0000] {processor.py:153} INFO - Started process (PID=2613) to work on /home/airflow/.local/lib/python3.7/site-packages/airflow/example_dags/example_python_operator.py
[2022-08-30T12:35:14.963+0000] {processor.py:640} INFO - Processing file /home/airflow/.local/lib/python3.7/site-packages/airflow/example_dags/example_python_operator.py for tasks to queue
[2022-08-30T12:35:14.965+0000] {logging_mixin.py:115} INFO - [2022-08-30T12:35:14.965+0000] {dagbag.py:508} INFO - Filling up the DagBag from /home/airflow/.local/lib/python3.7/site-packages/airflow/example_dags/example_python_operator.py
[2022-08-30T12:35:14.980+0000] {processor.py:650} INFO - DAG(s) dict_keys(['example_python_operator']) retrieved from /home/airflow/.local/lib/python3.7/site-packages/airflow/example_dags/example_python_operator.py
[2022-08-30T12:35:14.998+0000] {logging_mixin.py:115} INFO - [2022-08-30T12:35:14.998+0000] {dag.py:2429} INFO - Sync 1 DAGs
[2022-08-30T12:35:15.010+0000] {logging_mixin.py:115} INFO - [2022-08-30T12:35:15.010+0000] {dag.py:2981} INFO - Setting next_dagrun for example_python_operator to None, run_after=None
[2022-08-30T12:35:15.018+0000] {processor.py:161} INFO - Processing /home/airflow/.local/lib/python3.7/site-packages/airflow/example_dags/example_python_operator.py took 0.058 seconds
[2022-08-30T12:35:45.727+0000] {processor.py:153} INFO - Started process (PID=2815) to work on /home/airflow/.local/lib/python3.7/site-packages/airflow/example_dags/example_python_operator.py
[2022-08-30T12:35:45.729+0000] {processor.py:640} INFO - Processing file /home/airflow/.local/lib/python3.7/site-packages/airflow/example_dags/example_python_operator.py for tasks to queue
[2022-08-30T12:35:45.730+0000] {logging_mixin.py:115} INFO - [2022-08-30T12:35:45.730+0000] {dagbag.py:508} INFO - Filling up the DagBag from /home/airflow/.local/lib/python3.7/site-packages/airflow/example_dags/example_python_operator.py
[2022-08-30T12:35:45.744+0000] {processor.py:650} INFO - DAG(s) dict_keys(['example_python_operator']) retrieved from /home/airflow/.local/lib/python3.7/site-packages/airflow/example_dags/example_python_operator.py
[2022-08-30T12:35:45.762+0000] {logging_mixin.py:115} INFO - [2022-08-30T12:35:45.762+0000] {dag.py:2429} INFO - Sync 1 DAGs
[2022-08-30T12:35:45.777+0000] {logging_mixin.py:115} INFO - [2022-08-30T12:35:45.776+0000] {dag.py:2981} INFO - Setting next_dagrun for example_python_operator to None, run_after=None
[2022-08-30T12:35:45.785+0000] {processor.py:161} INFO - Processing /home/airflow/.local/lib/python3.7/site-packages/airflow/example_dags/example_python_operator.py took 0.060 seconds
[2022-08-30T12:36:16.620+0000] {processor.py:153} INFO - Started process (PID=3017) to work on /home/airflow/.local/lib/python3.7/site-packages/airflow/example_dags/example_python_operator.py
[2022-08-30T12:36:16.622+0000] {processor.py:640} INFO - Processing file /home/airflow/.local/lib/python3.7/site-packages/airflow/example_dags/example_python_operator.py for tasks to queue
[2022-08-30T12:36:16.623+0000] {logging_mixin.py:115} INFO - [2022-08-30T12:36:16.623+0000] {dagbag.py:508} INFO - Filling up the DagBag from /home/airflow/.local/lib/python3.7/site-packages/airflow/example_dags/example_python_operator.py
[2022-08-30T12:36:16.636+0000] {processor.py:650} INFO - DAG(s) dict_keys(['example_python_operator']) retrieved from /home/airflow/.local/lib/python3.7/site-packages/airflow/example_dags/example_python_operator.py
[2022-08-30T12:36:16.654+0000] {logging_mixin.py:115} INFO - [2022-08-30T12:36:16.653+0000] {dag.py:2429} INFO - Sync 1 DAGs
[2022-08-30T12:36:16.667+0000] {logging_mixin.py:115} INFO - [2022-08-30T12:36:16.666+0000] {dag.py:2981} INFO - Setting next_dagrun for example_python_operator to None, run_after=None
[2022-08-30T12:36:16.675+0000] {processor.py:161} INFO - Processing /home/airflow/.local/lib/python3.7/site-packages/airflow/example_dags/example_python_operator.py took 0.057 seconds
[2022-08-30T12:36:47.588+0000] {processor.py:153} INFO - Started process (PID=3216) to work on /home/airflow/.local/lib/python3.7/site-packages/airflow/example_dags/example_python_operator.py
[2022-08-30T12:36:47.589+0000] {processor.py:640} INFO - Processing file /home/airflow/.local/lib/python3.7/site-packages/airflow/example_dags/example_python_operator.py for tasks to queue
[2022-08-30T12:36:47.590+0000] {logging_mixin.py:115} INFO - [2022-08-30T12:36:47.590+0000] {dagbag.py:508} INFO - Filling up the DagBag from /home/airflow/.local/lib/python3.7/site-packages/airflow/example_dags/example_python_operator.py
[2022-08-30T12:36:47.604+0000] {processor.py:650} INFO - DAG(s) dict_keys(['example_python_operator']) retrieved from /home/airflow/.local/lib/python3.7/site-packages/airflow/example_dags/example_python_operator.py
[2022-08-30T12:36:47.620+0000] {logging_mixin.py:115} INFO - [2022-08-30T12:36:47.620+0000] {dag.py:2429} INFO - Sync 1 DAGs
[2022-08-30T12:36:47.633+0000] {logging_mixin.py:115} INFO - [2022-08-30T12:36:47.633+0000] {dag.py:2981} INFO - Setting next_dagrun for example_python_operator to None, run_after=None
[2022-08-30T12:36:47.640+0000] {processor.py:161} INFO - Processing /home/airflow/.local/lib/python3.7/site-packages/airflow/example_dags/example_python_operator.py took 0.054 seconds
[2022-08-30T12:37:18.160+0000] {processor.py:153} INFO - Started process (PID=3414) to work on /home/airflow/.local/lib/python3.7/site-packages/airflow/example_dags/example_python_operator.py
[2022-08-30T12:37:18.162+0000] {processor.py:640} INFO - Processing file /home/airflow/.local/lib/python3.7/site-packages/airflow/example_dags/example_python_operator.py for tasks to queue
[2022-08-30T12:37:18.163+0000] {logging_mixin.py:115} INFO - [2022-08-30T12:37:18.163+0000] {dagbag.py:508} INFO - Filling up the DagBag from /home/airflow/.local/lib/python3.7/site-packages/airflow/example_dags/example_python_operator.py
[2022-08-30T12:37:18.179+0000] {processor.py:650} INFO - DAG(s) dict_keys(['example_python_operator']) retrieved from /home/airflow/.local/lib/python3.7/site-packages/airflow/example_dags/example_python_operator.py
[2022-08-30T12:37:18.196+0000] {logging_mixin.py:115} INFO - [2022-08-30T12:37:18.196+0000] {dag.py:2429} INFO - Sync 1 DAGs
[2022-08-30T12:37:18.208+0000] {logging_mixin.py:115} INFO - [2022-08-30T12:37:18.208+0000] {dag.py:2981} INFO - Setting next_dagrun for example_python_operator to None, run_after=None
[2022-08-30T12:37:18.215+0000] {processor.py:161} INFO - Processing /home/airflow/.local/lib/python3.7/site-packages/airflow/example_dags/example_python_operator.py took 0.057 seconds
[2022-08-30T12:37:49.021+0000] {processor.py:153} INFO - Started process (PID=3615) to work on /home/airflow/.local/lib/python3.7/site-packages/airflow/example_dags/example_python_operator.py
[2022-08-30T12:37:49.022+0000] {processor.py:640} INFO - Processing file /home/airflow/.local/lib/python3.7/site-packages/airflow/example_dags/example_python_operator.py for tasks to queue
[2022-08-30T12:37:49.023+0000] {logging_mixin.py:115} INFO - [2022-08-30T12:37:49.023+0000] {dagbag.py:508} INFO - Filling up the DagBag from /home/airflow/.local/lib/python3.7/site-packages/airflow/example_dags/example_python_operator.py
[2022-08-30T12:37:49.036+0000] {processor.py:650} INFO - DAG(s) dict_keys(['example_python_operator']) retrieved from /home/airflow/.local/lib/python3.7/site-packages/airflow/example_dags/example_python_operator.py
[2022-08-30T12:37:49.054+0000] {logging_mixin.py:115} INFO - [2022-08-30T12:37:49.054+0000] {dag.py:2429} INFO - Sync 1 DAGs
[2022-08-30T12:37:49.066+0000] {logging_mixin.py:115} INFO - [2022-08-30T12:37:49.066+0000] {dag.py:2981} INFO - Setting next_dagrun for example_python_operator to None, run_after=None
[2022-08-30T12:37:49.074+0000] {processor.py:161} INFO - Processing /home/airflow/.local/lib/python3.7/site-packages/airflow/example_dags/example_python_operator.py took 0.055 seconds
[2022-08-30T12:40:02.618+0000] {processor.py:153} INFO - Started process (PID=227) to work on /home/airflow/.local/lib/python3.7/site-packages/airflow/example_dags/example_python_operator.py
[2022-08-30T12:40:02.626+0000] {processor.py:640} INFO - Processing file /home/airflow/.local/lib/python3.7/site-packages/airflow/example_dags/example_python_operator.py for tasks to queue
[2022-08-30T12:40:02.628+0000] {logging_mixin.py:115} INFO - [2022-08-30T12:40:02.628+0000] {dagbag.py:508} INFO - Filling up the DagBag from /home/airflow/.local/lib/python3.7/site-packages/airflow/example_dags/example_python_operator.py
[2022-08-30T12:40:02.676+0000] {processor.py:650} INFO - DAG(s) dict_keys(['example_python_operator']) retrieved from /home/airflow/.local/lib/python3.7/site-packages/airflow/example_dags/example_python_operator.py
[2022-08-30T12:40:02.844+0000] {logging_mixin.py:115} INFO - [2022-08-30T12:40:02.844+0000] {manager.py:508} INFO - Created Permission View: can edit on DAG:example_python_operator
[2022-08-30T12:40:02.854+0000] {logging_mixin.py:115} INFO - [2022-08-30T12:40:02.854+0000] {manager.py:508} INFO - Created Permission View: can read on DAG:example_python_operator
[2022-08-30T12:40:02.865+0000] {logging_mixin.py:115} INFO - [2022-08-30T12:40:02.865+0000] {manager.py:508} INFO - Created Permission View: can delete on DAG:example_python_operator
[2022-08-30T12:40:02.866+0000] {logging_mixin.py:115} INFO - [2022-08-30T12:40:02.866+0000] {dag.py:2429} INFO - Sync 1 DAGs
[2022-08-30T12:40:02.880+0000] {logging_mixin.py:115} INFO - [2022-08-30T12:40:02.880+0000] {dag.py:2448} INFO - Creating ORM DAG for example_python_operator
[2022-08-30T12:40:02.911+0000] {logging_mixin.py:115} INFO - [2022-08-30T12:40:02.911+0000] {dag.py:2981} INFO - Setting next_dagrun for example_python_operator to None, run_after=None
[2022-08-30T12:40:02.929+0000] {processor.py:161} INFO - Processing /home/airflow/.local/lib/python3.7/site-packages/airflow/example_dags/example_python_operator.py took 0.316 seconds
[2022-08-30T12:40:36.766+0000] {processor.py:153} INFO - Started process (PID=415) to work on /home/airflow/.local/lib/python3.7/site-packages/airflow/example_dags/example_python_operator.py
[2022-08-30T12:40:36.768+0000] {processor.py:640} INFO - Processing file /home/airflow/.local/lib/python3.7/site-packages/airflow/example_dags/example_python_operator.py for tasks to queue
[2022-08-30T12:40:36.773+0000] {logging_mixin.py:115} INFO - [2022-08-30T12:40:36.773+0000] {dagbag.py:508} INFO - Filling up the DagBag from /home/airflow/.local/lib/python3.7/site-packages/airflow/example_dags/example_python_operator.py
[2022-08-30T12:40:36.810+0000] {processor.py:650} INFO - DAG(s) dict_keys(['example_python_operator']) retrieved from /home/airflow/.local/lib/python3.7/site-packages/airflow/example_dags/example_python_operator.py
[2022-08-30T12:40:36.851+0000] {logging_mixin.py:115} INFO - [2022-08-30T12:40:36.851+0000] {dag.py:2429} INFO - Sync 1 DAGs
[2022-08-30T12:40:36.879+0000] {logging_mixin.py:115} INFO - [2022-08-30T12:40:36.879+0000] {dag.py:2981} INFO - Setting next_dagrun for example_python_operator to None, run_after=None
[2022-08-30T12:40:36.894+0000] {processor.py:161} INFO - Processing /home/airflow/.local/lib/python3.7/site-packages/airflow/example_dags/example_python_operator.py took 0.130 seconds
[2022-08-30T12:42:15.305+0000] {processor.py:153} INFO - Started process (PID=214) to work on /home/airflow/.local/lib/python3.7/site-packages/airflow/example_dags/example_python_operator.py
[2022-08-30T12:42:15.307+0000] {processor.py:640} INFO - Processing file /home/airflow/.local/lib/python3.7/site-packages/airflow/example_dags/example_python_operator.py for tasks to queue
[2022-08-30T12:42:15.308+0000] {logging_mixin.py:115} INFO - [2022-08-30T12:42:15.308+0000] {dagbag.py:508} INFO - Filling up the DagBag from /home/airflow/.local/lib/python3.7/site-packages/airflow/example_dags/example_python_operator.py
[2022-08-30T12:42:15.322+0000] {processor.py:650} INFO - DAG(s) dict_keys(['example_python_operator']) retrieved from /home/airflow/.local/lib/python3.7/site-packages/airflow/example_dags/example_python_operator.py
[2022-08-30T12:42:15.339+0000] {logging_mixin.py:115} INFO - [2022-08-30T12:42:15.339+0000] {dag.py:2429} INFO - Sync 1 DAGs
[2022-08-30T12:42:15.353+0000] {logging_mixin.py:115} INFO - [2022-08-30T12:42:15.353+0000] {dag.py:2981} INFO - Setting next_dagrun for example_python_operator to None, run_after=None
[2022-08-30T12:42:15.360+0000] {processor.py:161} INFO - Processing /home/airflow/.local/lib/python3.7/site-packages/airflow/example_dags/example_python_operator.py took 0.057 seconds
[2022-08-30T12:42:46.101+0000] {processor.py:153} INFO - Started process (PID=416) to work on /home/airflow/.local/lib/python3.7/site-packages/airflow/example_dags/example_python_operator.py
[2022-08-30T12:42:46.103+0000] {processor.py:640} INFO - Processing file /home/airflow/.local/lib/python3.7/site-packages/airflow/example_dags/example_python_operator.py for tasks to queue
[2022-08-30T12:42:46.104+0000] {logging_mixin.py:115} INFO - [2022-08-30T12:42:46.104+0000] {dagbag.py:508} INFO - Filling up the DagBag from /home/airflow/.local/lib/python3.7/site-packages/airflow/example_dags/example_python_operator.py
[2022-08-30T12:42:46.117+0000] {processor.py:650} INFO - DAG(s) dict_keys(['example_python_operator']) retrieved from /home/airflow/.local/lib/python3.7/site-packages/airflow/example_dags/example_python_operator.py
[2022-08-30T12:42:46.136+0000] {logging_mixin.py:115} INFO - [2022-08-30T12:42:46.136+0000] {dag.py:2429} INFO - Sync 1 DAGs
[2022-08-30T12:42:46.149+0000] {logging_mixin.py:115} INFO - [2022-08-30T12:42:46.149+0000] {dag.py:2981} INFO - Setting next_dagrun for example_python_operator to None, run_after=None
[2022-08-30T12:42:46.156+0000] {processor.py:161} INFO - Processing /home/airflow/.local/lib/python3.7/site-packages/airflow/example_dags/example_python_operator.py took 0.057 seconds
[2022-08-30T12:43:17.048+0000] {processor.py:153} INFO - Started process (PID=620) to work on /home/airflow/.local/lib/python3.7/site-packages/airflow/example_dags/example_python_operator.py
[2022-08-30T12:43:17.050+0000] {processor.py:640} INFO - Processing file /home/airflow/.local/lib/python3.7/site-packages/airflow/example_dags/example_python_operator.py for tasks to queue
[2022-08-30T12:43:17.051+0000] {logging_mixin.py:115} INFO - [2022-08-30T12:43:17.051+0000] {dagbag.py:508} INFO - Filling up the DagBag from /home/airflow/.local/lib/python3.7/site-packages/airflow/example_dags/example_python_operator.py
[2022-08-30T12:43:17.073+0000] {processor.py:650} INFO - DAG(s) dict_keys(['example_python_operator']) retrieved from /home/airflow/.local/lib/python3.7/site-packages/airflow/example_dags/example_python_operator.py
[2022-08-30T12:43:17.099+0000] {logging_mixin.py:115} INFO - [2022-08-30T12:43:17.099+0000] {dag.py:2429} INFO - Sync 1 DAGs
[2022-08-30T12:43:17.121+0000] {logging_mixin.py:115} INFO - [2022-08-30T12:43:17.121+0000] {dag.py:2981} INFO - Setting next_dagrun for example_python_operator to None, run_after=None
[2022-08-30T12:43:17.136+0000] {processor.py:161} INFO - Processing /home/airflow/.local/lib/python3.7/site-packages/airflow/example_dags/example_python_operator.py took 0.090 seconds
[2022-08-30T12:43:47.839+0000] {processor.py:153} INFO - Started process (PID=812) to work on /home/airflow/.local/lib/python3.7/site-packages/airflow/example_dags/example_python_operator.py
[2022-08-30T12:43:47.841+0000] {processor.py:640} INFO - Processing file /home/airflow/.local/lib/python3.7/site-packages/airflow/example_dags/example_python_operator.py for tasks to queue
[2022-08-30T12:43:47.842+0000] {logging_mixin.py:115} INFO - [2022-08-30T12:43:47.842+0000] {dagbag.py:508} INFO - Filling up the DagBag from /home/airflow/.local/lib/python3.7/site-packages/airflow/example_dags/example_python_operator.py
[2022-08-30T12:43:47.855+0000] {processor.py:650} INFO - DAG(s) dict_keys(['example_python_operator']) retrieved from /home/airflow/.local/lib/python3.7/site-packages/airflow/example_dags/example_python_operator.py
[2022-08-30T12:43:47.871+0000] {logging_mixin.py:115} INFO - [2022-08-30T12:43:47.871+0000] {dag.py:2429} INFO - Sync 1 DAGs
[2022-08-30T12:43:47.883+0000] {logging_mixin.py:115} INFO - [2022-08-30T12:43:47.883+0000] {dag.py:2981} INFO - Setting next_dagrun for example_python_operator to None, run_after=None
[2022-08-30T12:43:47.890+0000] {processor.py:161} INFO - Processing /home/airflow/.local/lib/python3.7/site-packages/airflow/example_dags/example_python_operator.py took 0.052 seconds
