[2022-08-30T12:27:48.070+0000] {processor.py:153} INFO - Started process (PID=310) to work on /home/airflow/.local/lib/python3.7/site-packages/airflow/example_dags/example_branch_day_of_week_operator.py
[2022-08-30T12:27:48.071+0000] {processor.py:640} INFO - Processing file /home/airflow/.local/lib/python3.7/site-packages/airflow/example_dags/example_branch_day_of_week_operator.py for tasks to queue
[2022-08-30T12:27:48.072+0000] {logging_mixin.py:115} INFO - [2022-08-30T12:27:48.072+0000] {dagbag.py:508} INFO - Filling up the DagBag from /home/airflow/.local/lib/python3.7/site-packages/airflow/example_dags/example_branch_day_of_week_operator.py
[2022-08-30T12:27:48.081+0000] {processor.py:650} INFO - DAG(s) dict_keys(['example_weekday_branch_operator']) retrieved from /home/airflow/.local/lib/python3.7/site-packages/airflow/example_dags/example_branch_day_of_week_operator.py
[2022-08-30T12:27:48.134+0000] {logging_mixin.py:115} INFO - [2022-08-30T12:27:48.134+0000] {manager.py:508} INFO - Created Permission View: can read on DAG:example_weekday_branch_operator
[2022-08-30T12:27:48.140+0000] {logging_mixin.py:115} INFO - [2022-08-30T12:27:48.140+0000] {manager.py:508} INFO - Created Permission View: can edit on DAG:example_weekday_branch_operator
[2022-08-30T12:27:48.146+0000] {logging_mixin.py:115} INFO - [2022-08-30T12:27:48.146+0000] {manager.py:508} INFO - Created Permission View: can delete on DAG:example_weekday_branch_operator
[2022-08-30T12:27:48.147+0000] {logging_mixin.py:115} INFO - [2022-08-30T12:27:48.147+0000] {dag.py:2429} INFO - Sync 1 DAGs
[2022-08-30T12:27:48.153+0000] {logging_mixin.py:115} INFO - [2022-08-30T12:27:48.153+0000] {dag.py:2448} INFO - Creating ORM DAG for example_weekday_branch_operator
[2022-08-30T12:27:48.161+0000] {logging_mixin.py:115} INFO - [2022-08-30T12:27:48.161+0000] {dag.py:2981} INFO - Setting next_dagrun for example_weekday_branch_operator to 2022-08-29T00:00:00+00:00, run_after=2022-08-30T00:00:00+00:00
[2022-08-30T12:27:48.183+0000] {processor.py:161} INFO - Processing /home/airflow/.local/lib/python3.7/site-packages/airflow/example_dags/example_branch_day_of_week_operator.py took 0.115 seconds
[2022-08-30T12:28:18.226+0000] {processor.py:153} INFO - Started process (PID=512) to work on /home/airflow/.local/lib/python3.7/site-packages/airflow/example_dags/example_branch_day_of_week_operator.py
[2022-08-30T12:28:18.228+0000] {processor.py:640} INFO - Processing file /home/airflow/.local/lib/python3.7/site-packages/airflow/example_dags/example_branch_day_of_week_operator.py for tasks to queue
[2022-08-30T12:28:18.228+0000] {logging_mixin.py:115} INFO - [2022-08-30T12:28:18.228+0000] {dagbag.py:508} INFO - Filling up the DagBag from /home/airflow/.local/lib/python3.7/site-packages/airflow/example_dags/example_branch_day_of_week_operator.py
[2022-08-30T12:28:18.235+0000] {processor.py:650} INFO - DAG(s) dict_keys(['example_weekday_branch_operator']) retrieved from /home/airflow/.local/lib/python3.7/site-packages/airflow/example_dags/example_branch_day_of_week_operator.py
[2022-08-30T12:28:18.251+0000] {logging_mixin.py:115} INFO - [2022-08-30T12:28:18.251+0000] {dag.py:2429} INFO - Sync 1 DAGs
[2022-08-30T12:28:18.265+0000] {logging_mixin.py:115} INFO - [2022-08-30T12:28:18.265+0000] {dag.py:2981} INFO - Setting next_dagrun for example_weekday_branch_operator to 2022-08-29T00:00:00+00:00, run_after=2022-08-30T00:00:00+00:00
[2022-08-30T12:28:18.271+0000] {processor.py:161} INFO - Processing /home/airflow/.local/lib/python3.7/site-packages/airflow/example_dags/example_branch_day_of_week_operator.py took 0.047 seconds
[2022-08-30T12:29:06.914+0000] {processor.py:153} INFO - Started process (PID=315) to work on /home/airflow/.local/lib/python3.7/site-packages/airflow/example_dags/example_branch_day_of_week_operator.py
[2022-08-30T12:29:06.916+0000] {processor.py:640} INFO - Processing file /home/airflow/.local/lib/python3.7/site-packages/airflow/example_dags/example_branch_day_of_week_operator.py for tasks to queue
[2022-08-30T12:29:06.917+0000] {logging_mixin.py:115} INFO - [2022-08-30T12:29:06.917+0000] {dagbag.py:508} INFO - Filling up the DagBag from /home/airflow/.local/lib/python3.7/site-packages/airflow/example_dags/example_branch_day_of_week_operator.py
[2022-08-30T12:29:06.924+0000] {processor.py:650} INFO - DAG(s) dict_keys(['example_weekday_branch_operator']) retrieved from /home/airflow/.local/lib/python3.7/site-packages/airflow/example_dags/example_branch_day_of_week_operator.py
[2022-08-30T12:29:06.943+0000] {logging_mixin.py:115} INFO - [2022-08-30T12:29:06.943+0000] {dag.py:2429} INFO - Sync 1 DAGs
[2022-08-30T12:29:06.958+0000] {logging_mixin.py:115} INFO - [2022-08-30T12:29:06.958+0000] {dag.py:2981} INFO - Setting next_dagrun for example_weekday_branch_operator to 2022-08-29T00:00:00+00:00, run_after=2022-08-30T00:00:00+00:00
[2022-08-30T12:29:07.008+0000] {processor.py:161} INFO - Processing /home/airflow/.local/lib/python3.7/site-packages/airflow/example_dags/example_branch_day_of_week_operator.py took 0.096 seconds
[2022-08-30T12:29:37.603+0000] {processor.py:153} INFO - Started process (PID=517) to work on /home/airflow/.local/lib/python3.7/site-packages/airflow/example_dags/example_branch_day_of_week_operator.py
[2022-08-30T12:29:37.604+0000] {processor.py:640} INFO - Processing file /home/airflow/.local/lib/python3.7/site-packages/airflow/example_dags/example_branch_day_of_week_operator.py for tasks to queue
[2022-08-30T12:29:37.605+0000] {logging_mixin.py:115} INFO - [2022-08-30T12:29:37.605+0000] {dagbag.py:508} INFO - Filling up the DagBag from /home/airflow/.local/lib/python3.7/site-packages/airflow/example_dags/example_branch_day_of_week_operator.py
[2022-08-30T12:29:37.610+0000] {processor.py:650} INFO - DAG(s) dict_keys(['example_weekday_branch_operator']) retrieved from /home/airflow/.local/lib/python3.7/site-packages/airflow/example_dags/example_branch_day_of_week_operator.py
[2022-08-30T12:29:37.627+0000] {logging_mixin.py:115} INFO - [2022-08-30T12:29:37.627+0000] {dag.py:2429} INFO - Sync 1 DAGs
[2022-08-30T12:29:37.639+0000] {logging_mixin.py:115} INFO - [2022-08-30T12:29:37.639+0000] {dag.py:2981} INFO - Setting next_dagrun for example_weekday_branch_operator to 2022-08-29T00:00:00+00:00, run_after=2022-08-30T00:00:00+00:00
[2022-08-30T12:29:37.646+0000] {processor.py:161} INFO - Processing /home/airflow/.local/lib/python3.7/site-packages/airflow/example_dags/example_branch_day_of_week_operator.py took 0.045 seconds
[2022-08-30T12:30:08.450+0000] {processor.py:153} INFO - Started process (PID=718) to work on /home/airflow/.local/lib/python3.7/site-packages/airflow/example_dags/example_branch_day_of_week_operator.py
[2022-08-30T12:30:08.476+0000] {processor.py:640} INFO - Processing file /home/airflow/.local/lib/python3.7/site-packages/airflow/example_dags/example_branch_day_of_week_operator.py for tasks to queue
[2022-08-30T12:30:08.477+0000] {logging_mixin.py:115} INFO - [2022-08-30T12:30:08.477+0000] {dagbag.py:508} INFO - Filling up the DagBag from /home/airflow/.local/lib/python3.7/site-packages/airflow/example_dags/example_branch_day_of_week_operator.py
[2022-08-30T12:30:08.482+0000] {processor.py:650} INFO - DAG(s) dict_keys(['example_weekday_branch_operator']) retrieved from /home/airflow/.local/lib/python3.7/site-packages/airflow/example_dags/example_branch_day_of_week_operator.py
[2022-08-30T12:30:08.502+0000] {logging_mixin.py:115} INFO - [2022-08-30T12:30:08.502+0000] {dag.py:2429} INFO - Sync 1 DAGs
[2022-08-30T12:30:08.516+0000] {logging_mixin.py:115} INFO - [2022-08-30T12:30:08.516+0000] {dag.py:2981} INFO - Setting next_dagrun for example_weekday_branch_operator to 2022-08-29T00:00:00+00:00, run_after=2022-08-30T00:00:00+00:00
[2022-08-30T12:30:08.524+0000] {processor.py:161} INFO - Processing /home/airflow/.local/lib/python3.7/site-packages/airflow/example_dags/example_branch_day_of_week_operator.py took 0.076 seconds
[2022-08-30T12:30:39.162+0000] {processor.py:153} INFO - Started process (PID=917) to work on /home/airflow/.local/lib/python3.7/site-packages/airflow/example_dags/example_branch_day_of_week_operator.py
[2022-08-30T12:30:39.163+0000] {processor.py:640} INFO - Processing file /home/airflow/.local/lib/python3.7/site-packages/airflow/example_dags/example_branch_day_of_week_operator.py for tasks to queue
[2022-08-30T12:30:39.165+0000] {logging_mixin.py:115} INFO - [2022-08-30T12:30:39.164+0000] {dagbag.py:508} INFO - Filling up the DagBag from /home/airflow/.local/lib/python3.7/site-packages/airflow/example_dags/example_branch_day_of_week_operator.py
[2022-08-30T12:30:39.171+0000] {processor.py:650} INFO - DAG(s) dict_keys(['example_weekday_branch_operator']) retrieved from /home/airflow/.local/lib/python3.7/site-packages/airflow/example_dags/example_branch_day_of_week_operator.py
[2022-08-30T12:30:39.193+0000] {logging_mixin.py:115} INFO - [2022-08-30T12:30:39.193+0000] {dag.py:2429} INFO - Sync 1 DAGs
[2022-08-30T12:30:39.210+0000] {logging_mixin.py:115} INFO - [2022-08-30T12:30:39.210+0000] {dag.py:2981} INFO - Setting next_dagrun for example_weekday_branch_operator to 2022-08-29T00:00:00+00:00, run_after=2022-08-30T00:00:00+00:00
[2022-08-30T12:30:39.218+0000] {processor.py:161} INFO - Processing /home/airflow/.local/lib/python3.7/site-packages/airflow/example_dags/example_branch_day_of_week_operator.py took 0.058 seconds
[2022-08-30T12:31:09.958+0000] {processor.py:153} INFO - Started process (PID=1111) to work on /home/airflow/.local/lib/python3.7/site-packages/airflow/example_dags/example_branch_day_of_week_operator.py
[2022-08-30T12:31:09.959+0000] {processor.py:640} INFO - Processing file /home/airflow/.local/lib/python3.7/site-packages/airflow/example_dags/example_branch_day_of_week_operator.py for tasks to queue
[2022-08-30T12:31:09.960+0000] {logging_mixin.py:115} INFO - [2022-08-30T12:31:09.960+0000] {dagbag.py:508} INFO - Filling up the DagBag from /home/airflow/.local/lib/python3.7/site-packages/airflow/example_dags/example_branch_day_of_week_operator.py
[2022-08-30T12:31:09.965+0000] {processor.py:650} INFO - DAG(s) dict_keys(['example_weekday_branch_operator']) retrieved from /home/airflow/.local/lib/python3.7/site-packages/airflow/example_dags/example_branch_day_of_week_operator.py
[2022-08-30T12:31:09.983+0000] {logging_mixin.py:115} INFO - [2022-08-30T12:31:09.983+0000] {dag.py:2429} INFO - Sync 1 DAGs
[2022-08-30T12:31:09.995+0000] {logging_mixin.py:115} INFO - [2022-08-30T12:31:09.995+0000] {dag.py:2981} INFO - Setting next_dagrun for example_weekday_branch_operator to 2022-08-29T00:00:00+00:00, run_after=2022-08-30T00:00:00+00:00
[2022-08-30T12:31:10.001+0000] {processor.py:161} INFO - Processing /home/airflow/.local/lib/python3.7/site-packages/airflow/example_dags/example_branch_day_of_week_operator.py took 0.045 seconds
[2022-08-30T12:31:40.561+0000] {processor.py:153} INFO - Started process (PID=1310) to work on /home/airflow/.local/lib/python3.7/site-packages/airflow/example_dags/example_branch_day_of_week_operator.py
[2022-08-30T12:31:40.562+0000] {processor.py:640} INFO - Processing file /home/airflow/.local/lib/python3.7/site-packages/airflow/example_dags/example_branch_day_of_week_operator.py for tasks to queue
[2022-08-30T12:31:40.563+0000] {logging_mixin.py:115} INFO - [2022-08-30T12:31:40.563+0000] {dagbag.py:508} INFO - Filling up the DagBag from /home/airflow/.local/lib/python3.7/site-packages/airflow/example_dags/example_branch_day_of_week_operator.py
[2022-08-30T12:31:40.569+0000] {processor.py:650} INFO - DAG(s) dict_keys(['example_weekday_branch_operator']) retrieved from /home/airflow/.local/lib/python3.7/site-packages/airflow/example_dags/example_branch_day_of_week_operator.py
[2022-08-30T12:31:40.590+0000] {logging_mixin.py:115} INFO - [2022-08-30T12:31:40.590+0000] {dag.py:2429} INFO - Sync 1 DAGs
[2022-08-30T12:31:40.605+0000] {logging_mixin.py:115} INFO - [2022-08-30T12:31:40.605+0000] {dag.py:2981} INFO - Setting next_dagrun for example_weekday_branch_operator to 2022-08-29T00:00:00+00:00, run_after=2022-08-30T00:00:00+00:00
[2022-08-30T12:31:40.613+0000] {processor.py:161} INFO - Processing /home/airflow/.local/lib/python3.7/site-packages/airflow/example_dags/example_branch_day_of_week_operator.py took 0.055 seconds
[2022-08-30T12:32:11.299+0000] {processor.py:153} INFO - Started process (PID=1510) to work on /home/airflow/.local/lib/python3.7/site-packages/airflow/example_dags/example_branch_day_of_week_operator.py
[2022-08-30T12:32:11.301+0000] {processor.py:640} INFO - Processing file /home/airflow/.local/lib/python3.7/site-packages/airflow/example_dags/example_branch_day_of_week_operator.py for tasks to queue
[2022-08-30T12:32:11.302+0000] {logging_mixin.py:115} INFO - [2022-08-30T12:32:11.302+0000] {dagbag.py:508} INFO - Filling up the DagBag from /home/airflow/.local/lib/python3.7/site-packages/airflow/example_dags/example_branch_day_of_week_operator.py
[2022-08-30T12:32:11.310+0000] {processor.py:650} INFO - DAG(s) dict_keys(['example_weekday_branch_operator']) retrieved from /home/airflow/.local/lib/python3.7/site-packages/airflow/example_dags/example_branch_day_of_week_operator.py
[2022-08-30T12:32:11.331+0000] {logging_mixin.py:115} INFO - [2022-08-30T12:32:11.331+0000] {dag.py:2429} INFO - Sync 1 DAGs
[2022-08-30T12:32:11.348+0000] {logging_mixin.py:115} INFO - [2022-08-30T12:32:11.348+0000] {dag.py:2981} INFO - Setting next_dagrun for example_weekday_branch_operator to 2022-08-29T00:00:00+00:00, run_after=2022-08-30T00:00:00+00:00
[2022-08-30T12:32:11.357+0000] {processor.py:161} INFO - Processing /home/airflow/.local/lib/python3.7/site-packages/airflow/example_dags/example_branch_day_of_week_operator.py took 0.060 seconds
[2022-08-30T12:32:42.272+0000] {processor.py:153} INFO - Started process (PID=1713) to work on /home/airflow/.local/lib/python3.7/site-packages/airflow/example_dags/example_branch_day_of_week_operator.py
[2022-08-30T12:32:42.273+0000] {processor.py:640} INFO - Processing file /home/airflow/.local/lib/python3.7/site-packages/airflow/example_dags/example_branch_day_of_week_operator.py for tasks to queue
[2022-08-30T12:32:42.274+0000] {logging_mixin.py:115} INFO - [2022-08-30T12:32:42.274+0000] {dagbag.py:508} INFO - Filling up the DagBag from /home/airflow/.local/lib/python3.7/site-packages/airflow/example_dags/example_branch_day_of_week_operator.py
[2022-08-30T12:32:42.280+0000] {processor.py:650} INFO - DAG(s) dict_keys(['example_weekday_branch_operator']) retrieved from /home/airflow/.local/lib/python3.7/site-packages/airflow/example_dags/example_branch_day_of_week_operator.py
[2022-08-30T12:32:42.300+0000] {logging_mixin.py:115} INFO - [2022-08-30T12:32:42.300+0000] {dag.py:2429} INFO - Sync 1 DAGs
[2022-08-30T12:32:42.314+0000] {logging_mixin.py:115} INFO - [2022-08-30T12:32:42.314+0000] {dag.py:2981} INFO - Setting next_dagrun for example_weekday_branch_operator to 2022-08-29T00:00:00+00:00, run_after=2022-08-30T00:00:00+00:00
[2022-08-30T12:32:42.324+0000] {processor.py:161} INFO - Processing /home/airflow/.local/lib/python3.7/site-packages/airflow/example_dags/example_branch_day_of_week_operator.py took 0.055 seconds
[2022-08-30T12:33:12.864+0000] {processor.py:153} INFO - Started process (PID=1916) to work on /home/airflow/.local/lib/python3.7/site-packages/airflow/example_dags/example_branch_day_of_week_operator.py
[2022-08-30T12:33:12.865+0000] {processor.py:640} INFO - Processing file /home/airflow/.local/lib/python3.7/site-packages/airflow/example_dags/example_branch_day_of_week_operator.py for tasks to queue
[2022-08-30T12:33:12.866+0000] {logging_mixin.py:115} INFO - [2022-08-30T12:33:12.866+0000] {dagbag.py:508} INFO - Filling up the DagBag from /home/airflow/.local/lib/python3.7/site-packages/airflow/example_dags/example_branch_day_of_week_operator.py
[2022-08-30T12:33:12.872+0000] {processor.py:650} INFO - DAG(s) dict_keys(['example_weekday_branch_operator']) retrieved from /home/airflow/.local/lib/python3.7/site-packages/airflow/example_dags/example_branch_day_of_week_operator.py
[2022-08-30T12:33:12.894+0000] {logging_mixin.py:115} INFO - [2022-08-30T12:33:12.894+0000] {dag.py:2429} INFO - Sync 1 DAGs
[2022-08-30T12:33:12.909+0000] {logging_mixin.py:115} INFO - [2022-08-30T12:33:12.909+0000] {dag.py:2981} INFO - Setting next_dagrun for example_weekday_branch_operator to 2022-08-29T00:00:00+00:00, run_after=2022-08-30T00:00:00+00:00
[2022-08-30T12:33:12.917+0000] {processor.py:161} INFO - Processing /home/airflow/.local/lib/python3.7/site-packages/airflow/example_dags/example_branch_day_of_week_operator.py took 0.055 seconds
[2022-08-30T12:33:43.562+0000] {processor.py:153} INFO - Started process (PID=2116) to work on /home/airflow/.local/lib/python3.7/site-packages/airflow/example_dags/example_branch_day_of_week_operator.py
[2022-08-30T12:33:43.564+0000] {processor.py:640} INFO - Processing file /home/airflow/.local/lib/python3.7/site-packages/airflow/example_dags/example_branch_day_of_week_operator.py for tasks to queue
[2022-08-30T12:33:43.565+0000] {logging_mixin.py:115} INFO - [2022-08-30T12:33:43.565+0000] {dagbag.py:508} INFO - Filling up the DagBag from /home/airflow/.local/lib/python3.7/site-packages/airflow/example_dags/example_branch_day_of_week_operator.py
[2022-08-30T12:33:43.570+0000] {processor.py:650} INFO - DAG(s) dict_keys(['example_weekday_branch_operator']) retrieved from /home/airflow/.local/lib/python3.7/site-packages/airflow/example_dags/example_branch_day_of_week_operator.py
[2022-08-30T12:33:43.589+0000] {logging_mixin.py:115} INFO - [2022-08-30T12:33:43.589+0000] {dag.py:2429} INFO - Sync 1 DAGs
[2022-08-30T12:33:43.607+0000] {logging_mixin.py:115} INFO - [2022-08-30T12:33:43.607+0000] {dag.py:2981} INFO - Setting next_dagrun for example_weekday_branch_operator to 2022-08-29T00:00:00+00:00, run_after=2022-08-30T00:00:00+00:00
[2022-08-30T12:33:43.616+0000] {processor.py:161} INFO - Processing /home/airflow/.local/lib/python3.7/site-packages/airflow/example_dags/example_branch_day_of_week_operator.py took 0.055 seconds
[2022-08-30T12:34:14.483+0000] {processor.py:153} INFO - Started process (PID=2316) to work on /home/airflow/.local/lib/python3.7/site-packages/airflow/example_dags/example_branch_day_of_week_operator.py
[2022-08-30T12:34:14.484+0000] {processor.py:640} INFO - Processing file /home/airflow/.local/lib/python3.7/site-packages/airflow/example_dags/example_branch_day_of_week_operator.py for tasks to queue
[2022-08-30T12:34:14.486+0000] {logging_mixin.py:115} INFO - [2022-08-30T12:34:14.485+0000] {dagbag.py:508} INFO - Filling up the DagBag from /home/airflow/.local/lib/python3.7/site-packages/airflow/example_dags/example_branch_day_of_week_operator.py
[2022-08-30T12:34:14.492+0000] {processor.py:650} INFO - DAG(s) dict_keys(['example_weekday_branch_operator']) retrieved from /home/airflow/.local/lib/python3.7/site-packages/airflow/example_dags/example_branch_day_of_week_operator.py
[2022-08-30T12:34:14.514+0000] {logging_mixin.py:115} INFO - [2022-08-30T12:34:14.514+0000] {dag.py:2429} INFO - Sync 1 DAGs
[2022-08-30T12:34:14.528+0000] {logging_mixin.py:115} INFO - [2022-08-30T12:34:14.528+0000] {dag.py:2981} INFO - Setting next_dagrun for example_weekday_branch_operator to 2022-08-29T00:00:00+00:00, run_after=2022-08-30T00:00:00+00:00
[2022-08-30T12:34:14.537+0000] {processor.py:161} INFO - Processing /home/airflow/.local/lib/python3.7/site-packages/airflow/example_dags/example_branch_day_of_week_operator.py took 0.056 seconds
[2022-08-30T12:34:45.112+0000] {processor.py:153} INFO - Started process (PID=2516) to work on /home/airflow/.local/lib/python3.7/site-packages/airflow/example_dags/example_branch_day_of_week_operator.py
[2022-08-30T12:34:45.113+0000] {processor.py:640} INFO - Processing file /home/airflow/.local/lib/python3.7/site-packages/airflow/example_dags/example_branch_day_of_week_operator.py for tasks to queue
[2022-08-30T12:34:45.115+0000] {logging_mixin.py:115} INFO - [2022-08-30T12:34:45.115+0000] {dagbag.py:508} INFO - Filling up the DagBag from /home/airflow/.local/lib/python3.7/site-packages/airflow/example_dags/example_branch_day_of_week_operator.py
[2022-08-30T12:34:45.121+0000] {processor.py:650} INFO - DAG(s) dict_keys(['example_weekday_branch_operator']) retrieved from /home/airflow/.local/lib/python3.7/site-packages/airflow/example_dags/example_branch_day_of_week_operator.py
[2022-08-30T12:34:45.141+0000] {logging_mixin.py:115} INFO - [2022-08-30T12:34:45.141+0000] {dag.py:2429} INFO - Sync 1 DAGs
[2022-08-30T12:34:45.156+0000] {logging_mixin.py:115} INFO - [2022-08-30T12:34:45.156+0000] {dag.py:2981} INFO - Setting next_dagrun for example_weekday_branch_operator to 2022-08-29T00:00:00+00:00, run_after=2022-08-30T00:00:00+00:00
[2022-08-30T12:34:45.164+0000] {processor.py:161} INFO - Processing /home/airflow/.local/lib/python3.7/site-packages/airflow/example_dags/example_branch_day_of_week_operator.py took 0.055 seconds
[2022-08-30T12:35:15.829+0000] {processor.py:153} INFO - Started process (PID=2703) to work on /home/airflow/.local/lib/python3.7/site-packages/airflow/example_dags/example_branch_day_of_week_operator.py
[2022-08-30T12:35:15.830+0000] {processor.py:640} INFO - Processing file /home/airflow/.local/lib/python3.7/site-packages/airflow/example_dags/example_branch_day_of_week_operator.py for tasks to queue
[2022-08-30T12:35:15.831+0000] {logging_mixin.py:115} INFO - [2022-08-30T12:35:15.831+0000] {dagbag.py:508} INFO - Filling up the DagBag from /home/airflow/.local/lib/python3.7/site-packages/airflow/example_dags/example_branch_day_of_week_operator.py
[2022-08-30T12:35:15.837+0000] {processor.py:650} INFO - DAG(s) dict_keys(['example_weekday_branch_operator']) retrieved from /home/airflow/.local/lib/python3.7/site-packages/airflow/example_dags/example_branch_day_of_week_operator.py
[2022-08-30T12:35:15.856+0000] {logging_mixin.py:115} INFO - [2022-08-30T12:35:15.856+0000] {dag.py:2429} INFO - Sync 1 DAGs
[2022-08-30T12:35:15.877+0000] {logging_mixin.py:115} INFO - [2022-08-30T12:35:15.876+0000] {dag.py:2981} INFO - Setting next_dagrun for example_weekday_branch_operator to 2022-08-29T00:00:00+00:00, run_after=2022-08-30T00:00:00+00:00
[2022-08-30T12:35:15.894+0000] {processor.py:161} INFO - Processing /home/airflow/.local/lib/python3.7/site-packages/airflow/example_dags/example_branch_day_of_week_operator.py took 0.067 seconds
[2022-08-30T12:35:46.714+0000] {processor.py:153} INFO - Started process (PID=2907) to work on /home/airflow/.local/lib/python3.7/site-packages/airflow/example_dags/example_branch_day_of_week_operator.py
[2022-08-30T12:35:46.716+0000] {processor.py:640} INFO - Processing file /home/airflow/.local/lib/python3.7/site-packages/airflow/example_dags/example_branch_day_of_week_operator.py for tasks to queue
[2022-08-30T12:35:46.718+0000] {logging_mixin.py:115} INFO - [2022-08-30T12:35:46.717+0000] {dagbag.py:508} INFO - Filling up the DagBag from /home/airflow/.local/lib/python3.7/site-packages/airflow/example_dags/example_branch_day_of_week_operator.py
[2022-08-30T12:35:46.725+0000] {processor.py:650} INFO - DAG(s) dict_keys(['example_weekday_branch_operator']) retrieved from /home/airflow/.local/lib/python3.7/site-packages/airflow/example_dags/example_branch_day_of_week_operator.py
[2022-08-30T12:35:46.744+0000] {logging_mixin.py:115} INFO - [2022-08-30T12:35:46.744+0000] {dag.py:2429} INFO - Sync 1 DAGs
[2022-08-30T12:35:46.758+0000] {logging_mixin.py:115} INFO - [2022-08-30T12:35:46.758+0000] {dag.py:2981} INFO - Setting next_dagrun for example_weekday_branch_operator to 2022-08-29T00:00:00+00:00, run_after=2022-08-30T00:00:00+00:00
[2022-08-30T12:35:46.766+0000] {processor.py:161} INFO - Processing /home/airflow/.local/lib/python3.7/site-packages/airflow/example_dags/example_branch_day_of_week_operator.py took 0.053 seconds
[2022-08-30T12:36:17.716+0000] {processor.py:153} INFO - Started process (PID=3114) to work on /home/airflow/.local/lib/python3.7/site-packages/airflow/example_dags/example_branch_day_of_week_operator.py
[2022-08-30T12:36:17.717+0000] {processor.py:640} INFO - Processing file /home/airflow/.local/lib/python3.7/site-packages/airflow/example_dags/example_branch_day_of_week_operator.py for tasks to queue
[2022-08-30T12:36:17.718+0000] {logging_mixin.py:115} INFO - [2022-08-30T12:36:17.718+0000] {dagbag.py:508} INFO - Filling up the DagBag from /home/airflow/.local/lib/python3.7/site-packages/airflow/example_dags/example_branch_day_of_week_operator.py
[2022-08-30T12:36:17.723+0000] {processor.py:650} INFO - DAG(s) dict_keys(['example_weekday_branch_operator']) retrieved from /home/airflow/.local/lib/python3.7/site-packages/airflow/example_dags/example_branch_day_of_week_operator.py
[2022-08-30T12:36:17.741+0000] {logging_mixin.py:115} INFO - [2022-08-30T12:36:17.741+0000] {dag.py:2429} INFO - Sync 1 DAGs
[2022-08-30T12:36:17.753+0000] {logging_mixin.py:115} INFO - [2022-08-30T12:36:17.753+0000] {dag.py:2981} INFO - Setting next_dagrun for example_weekday_branch_operator to 2022-08-29T00:00:00+00:00, run_after=2022-08-30T00:00:00+00:00
[2022-08-30T12:36:17.759+0000] {processor.py:161} INFO - Processing /home/airflow/.local/lib/python3.7/site-packages/airflow/example_dags/example_branch_day_of_week_operator.py took 0.046 seconds
[2022-08-30T12:36:48.468+0000] {processor.py:153} INFO - Started process (PID=3309) to work on /home/airflow/.local/lib/python3.7/site-packages/airflow/example_dags/example_branch_day_of_week_operator.py
[2022-08-30T12:36:48.469+0000] {processor.py:640} INFO - Processing file /home/airflow/.local/lib/python3.7/site-packages/airflow/example_dags/example_branch_day_of_week_operator.py for tasks to queue
[2022-08-30T12:36:48.470+0000] {logging_mixin.py:115} INFO - [2022-08-30T12:36:48.470+0000] {dagbag.py:508} INFO - Filling up the DagBag from /home/airflow/.local/lib/python3.7/site-packages/airflow/example_dags/example_branch_day_of_week_operator.py
[2022-08-30T12:36:48.476+0000] {processor.py:650} INFO - DAG(s) dict_keys(['example_weekday_branch_operator']) retrieved from /home/airflow/.local/lib/python3.7/site-packages/airflow/example_dags/example_branch_day_of_week_operator.py
[2022-08-30T12:36:48.495+0000] {logging_mixin.py:115} INFO - [2022-08-30T12:36:48.495+0000] {dag.py:2429} INFO - Sync 1 DAGs
[2022-08-30T12:36:48.509+0000] {logging_mixin.py:115} INFO - [2022-08-30T12:36:48.508+0000] {dag.py:2981} INFO - Setting next_dagrun for example_weekday_branch_operator to 2022-08-29T00:00:00+00:00, run_after=2022-08-30T00:00:00+00:00
[2022-08-30T12:36:48.516+0000] {processor.py:161} INFO - Processing /home/airflow/.local/lib/python3.7/site-packages/airflow/example_dags/example_branch_day_of_week_operator.py took 0.050 seconds
[2022-08-30T12:37:19.156+0000] {processor.py:153} INFO - Started process (PID=3509) to work on /home/airflow/.local/lib/python3.7/site-packages/airflow/example_dags/example_branch_day_of_week_operator.py
[2022-08-30T12:37:19.158+0000] {processor.py:640} INFO - Processing file /home/airflow/.local/lib/python3.7/site-packages/airflow/example_dags/example_branch_day_of_week_operator.py for tasks to queue
[2022-08-30T12:37:19.159+0000] {logging_mixin.py:115} INFO - [2022-08-30T12:37:19.159+0000] {dagbag.py:508} INFO - Filling up the DagBag from /home/airflow/.local/lib/python3.7/site-packages/airflow/example_dags/example_branch_day_of_week_operator.py
[2022-08-30T12:37:19.164+0000] {processor.py:650} INFO - DAG(s) dict_keys(['example_weekday_branch_operator']) retrieved from /home/airflow/.local/lib/python3.7/site-packages/airflow/example_dags/example_branch_day_of_week_operator.py
[2022-08-30T12:37:19.183+0000] {logging_mixin.py:115} INFO - [2022-08-30T12:37:19.183+0000] {dag.py:2429} INFO - Sync 1 DAGs
[2022-08-30T12:37:19.196+0000] {logging_mixin.py:115} INFO - [2022-08-30T12:37:19.196+0000] {dag.py:2981} INFO - Setting next_dagrun for example_weekday_branch_operator to 2022-08-29T00:00:00+00:00, run_after=2022-08-30T00:00:00+00:00
[2022-08-30T12:37:19.204+0000] {processor.py:161} INFO - Processing /home/airflow/.local/lib/python3.7/site-packages/airflow/example_dags/example_branch_day_of_week_operator.py took 0.050 seconds
[2022-08-30T12:37:49.979+0000] {processor.py:153} INFO - Started process (PID=3710) to work on /home/airflow/.local/lib/python3.7/site-packages/airflow/example_dags/example_branch_day_of_week_operator.py
[2022-08-30T12:37:49.980+0000] {processor.py:640} INFO - Processing file /home/airflow/.local/lib/python3.7/site-packages/airflow/example_dags/example_branch_day_of_week_operator.py for tasks to queue
[2022-08-30T12:37:49.982+0000] {logging_mixin.py:115} INFO - [2022-08-30T12:37:49.981+0000] {dagbag.py:508} INFO - Filling up the DagBag from /home/airflow/.local/lib/python3.7/site-packages/airflow/example_dags/example_branch_day_of_week_operator.py
[2022-08-30T12:37:49.988+0000] {processor.py:650} INFO - DAG(s) dict_keys(['example_weekday_branch_operator']) retrieved from /home/airflow/.local/lib/python3.7/site-packages/airflow/example_dags/example_branch_day_of_week_operator.py
[2022-08-30T12:37:50.010+0000] {logging_mixin.py:115} INFO - [2022-08-30T12:37:50.010+0000] {dag.py:2429} INFO - Sync 1 DAGs
[2022-08-30T12:37:50.025+0000] {logging_mixin.py:115} INFO - [2022-08-30T12:37:50.024+0000] {dag.py:2981} INFO - Setting next_dagrun for example_weekday_branch_operator to 2022-08-29T00:00:00+00:00, run_after=2022-08-30T00:00:00+00:00
[2022-08-30T12:37:50.033+0000] {processor.py:161} INFO - Processing /home/airflow/.local/lib/python3.7/site-packages/airflow/example_dags/example_branch_day_of_week_operator.py took 0.057 seconds
[2022-08-30T12:40:13.290+0000] {processor.py:153} INFO - Started process (PID=322) to work on /home/airflow/.local/lib/python3.7/site-packages/airflow/example_dags/example_branch_day_of_week_operator.py
[2022-08-30T12:40:13.293+0000] {processor.py:640} INFO - Processing file /home/airflow/.local/lib/python3.7/site-packages/airflow/example_dags/example_branch_day_of_week_operator.py for tasks to queue
[2022-08-30T12:40:13.295+0000] {logging_mixin.py:115} INFO - [2022-08-30T12:40:13.295+0000] {dagbag.py:508} INFO - Filling up the DagBag from /home/airflow/.local/lib/python3.7/site-packages/airflow/example_dags/example_branch_day_of_week_operator.py
[2022-08-30T12:40:13.312+0000] {processor.py:650} INFO - DAG(s) dict_keys(['example_weekday_branch_operator']) retrieved from /home/airflow/.local/lib/python3.7/site-packages/airflow/example_dags/example_branch_day_of_week_operator.py
[2022-08-30T12:40:13.407+0000] {logging_mixin.py:115} INFO - [2022-08-30T12:40:13.407+0000] {manager.py:508} INFO - Created Permission View: can edit on DAG:example_weekday_branch_operator
[2022-08-30T12:40:13.417+0000] {logging_mixin.py:115} INFO - [2022-08-30T12:40:13.417+0000] {manager.py:508} INFO - Created Permission View: can read on DAG:example_weekday_branch_operator
[2022-08-30T12:40:13.423+0000] {logging_mixin.py:115} INFO - [2022-08-30T12:40:13.423+0000] {manager.py:508} INFO - Created Permission View: can delete on DAG:example_weekday_branch_operator
[2022-08-30T12:40:13.425+0000] {logging_mixin.py:115} INFO - [2022-08-30T12:40:13.425+0000] {dag.py:2429} INFO - Sync 1 DAGs
[2022-08-30T12:40:13.472+0000] {logging_mixin.py:115} INFO - [2022-08-30T12:40:13.472+0000] {dag.py:2448} INFO - Creating ORM DAG for example_weekday_branch_operator
[2022-08-30T12:40:13.488+0000] {logging_mixin.py:115} INFO - [2022-08-30T12:40:13.488+0000] {dag.py:2981} INFO - Setting next_dagrun for example_weekday_branch_operator to 2022-08-29T00:00:00+00:00, run_after=2022-08-30T00:00:00+00:00
[2022-08-30T12:40:13.504+0000] {processor.py:161} INFO - Processing /home/airflow/.local/lib/python3.7/site-packages/airflow/example_dags/example_branch_day_of_week_operator.py took 0.218 seconds
[2022-08-30T12:42:16.244+0000] {processor.py:153} INFO - Started process (PID=309) to work on /home/airflow/.local/lib/python3.7/site-packages/airflow/example_dags/example_branch_day_of_week_operator.py
[2022-08-30T12:42:16.246+0000] {processor.py:640} INFO - Processing file /home/airflow/.local/lib/python3.7/site-packages/airflow/example_dags/example_branch_day_of_week_operator.py for tasks to queue
[2022-08-30T12:42:16.247+0000] {logging_mixin.py:115} INFO - [2022-08-30T12:42:16.247+0000] {dagbag.py:508} INFO - Filling up the DagBag from /home/airflow/.local/lib/python3.7/site-packages/airflow/example_dags/example_branch_day_of_week_operator.py
[2022-08-30T12:42:16.258+0000] {processor.py:650} INFO - DAG(s) dict_keys(['example_weekday_branch_operator']) retrieved from /home/airflow/.local/lib/python3.7/site-packages/airflow/example_dags/example_branch_day_of_week_operator.py
[2022-08-30T12:42:16.285+0000] {logging_mixin.py:115} INFO - [2022-08-30T12:42:16.284+0000] {dag.py:2429} INFO - Sync 1 DAGs
[2022-08-30T12:42:16.300+0000] {logging_mixin.py:115} INFO - [2022-08-30T12:42:16.300+0000] {dag.py:2981} INFO - Setting next_dagrun for example_weekday_branch_operator to 2022-08-29T00:00:00+00:00, run_after=2022-08-30T00:00:00+00:00
[2022-08-30T12:42:16.310+0000] {processor.py:161} INFO - Processing /home/airflow/.local/lib/python3.7/site-packages/airflow/example_dags/example_branch_day_of_week_operator.py took 0.068 seconds
[2022-08-30T12:42:47.059+0000] {processor.py:153} INFO - Started process (PID=513) to work on /home/airflow/.local/lib/python3.7/site-packages/airflow/example_dags/example_branch_day_of_week_operator.py
[2022-08-30T12:42:47.060+0000] {processor.py:640} INFO - Processing file /home/airflow/.local/lib/python3.7/site-packages/airflow/example_dags/example_branch_day_of_week_operator.py for tasks to queue
[2022-08-30T12:42:47.061+0000] {logging_mixin.py:115} INFO - [2022-08-30T12:42:47.061+0000] {dagbag.py:508} INFO - Filling up the DagBag from /home/airflow/.local/lib/python3.7/site-packages/airflow/example_dags/example_branch_day_of_week_operator.py
[2022-08-30T12:42:47.068+0000] {processor.py:650} INFO - DAG(s) dict_keys(['example_weekday_branch_operator']) retrieved from /home/airflow/.local/lib/python3.7/site-packages/airflow/example_dags/example_branch_day_of_week_operator.py
[2022-08-30T12:42:47.086+0000] {logging_mixin.py:115} INFO - [2022-08-30T12:42:47.086+0000] {dag.py:2429} INFO - Sync 1 DAGs
[2022-08-30T12:42:47.099+0000] {logging_mixin.py:115} INFO - [2022-08-30T12:42:47.099+0000] {dag.py:2981} INFO - Setting next_dagrun for example_weekday_branch_operator to 2022-08-29T00:00:00+00:00, run_after=2022-08-30T00:00:00+00:00
[2022-08-30T12:42:47.107+0000] {processor.py:161} INFO - Processing /home/airflow/.local/lib/python3.7/site-packages/airflow/example_dags/example_branch_day_of_week_operator.py took 0.050 seconds
[2022-08-30T12:43:18.013+0000] {processor.py:153} INFO - Started process (PID=715) to work on /home/airflow/.local/lib/python3.7/site-packages/airflow/example_dags/example_branch_day_of_week_operator.py
[2022-08-30T12:43:18.015+0000] {processor.py:640} INFO - Processing file /home/airflow/.local/lib/python3.7/site-packages/airflow/example_dags/example_branch_day_of_week_operator.py for tasks to queue
[2022-08-30T12:43:18.016+0000] {logging_mixin.py:115} INFO - [2022-08-30T12:43:18.016+0000] {dagbag.py:508} INFO - Filling up the DagBag from /home/airflow/.local/lib/python3.7/site-packages/airflow/example_dags/example_branch_day_of_week_operator.py
[2022-08-30T12:43:18.022+0000] {processor.py:650} INFO - DAG(s) dict_keys(['example_weekday_branch_operator']) retrieved from /home/airflow/.local/lib/python3.7/site-packages/airflow/example_dags/example_branch_day_of_week_operator.py
[2022-08-30T12:43:18.042+0000] {logging_mixin.py:115} INFO - [2022-08-30T12:43:18.041+0000] {dag.py:2429} INFO - Sync 1 DAGs
[2022-08-30T12:43:18.054+0000] {logging_mixin.py:115} INFO - [2022-08-30T12:43:18.054+0000] {dag.py:2981} INFO - Setting next_dagrun for example_weekday_branch_operator to 2022-08-29T00:00:00+00:00, run_after=2022-08-30T00:00:00+00:00
[2022-08-30T12:43:18.062+0000] {processor.py:161} INFO - Processing /home/airflow/.local/lib/python3.7/site-packages/airflow/example_dags/example_branch_day_of_week_operator.py took 0.051 seconds
[2022-08-30T12:43:48.720+0000] {processor.py:153} INFO - Started process (PID=907) to work on /home/airflow/.local/lib/python3.7/site-packages/airflow/example_dags/example_branch_day_of_week_operator.py
[2022-08-30T12:43:48.722+0000] {processor.py:640} INFO - Processing file /home/airflow/.local/lib/python3.7/site-packages/airflow/example_dags/example_branch_day_of_week_operator.py for tasks to queue
[2022-08-30T12:43:48.723+0000] {logging_mixin.py:115} INFO - [2022-08-30T12:43:48.722+0000] {dagbag.py:508} INFO - Filling up the DagBag from /home/airflow/.local/lib/python3.7/site-packages/airflow/example_dags/example_branch_day_of_week_operator.py
[2022-08-30T12:43:48.728+0000] {processor.py:650} INFO - DAG(s) dict_keys(['example_weekday_branch_operator']) retrieved from /home/airflow/.local/lib/python3.7/site-packages/airflow/example_dags/example_branch_day_of_week_operator.py
[2022-08-30T12:43:48.750+0000] {logging_mixin.py:115} INFO - [2022-08-30T12:43:48.750+0000] {dag.py:2429} INFO - Sync 1 DAGs
[2022-08-30T12:43:48.769+0000] {logging_mixin.py:115} INFO - [2022-08-30T12:43:48.769+0000] {dag.py:2981} INFO - Setting next_dagrun for example_weekday_branch_operator to 2022-08-29T00:00:00+00:00, run_after=2022-08-30T00:00:00+00:00
[2022-08-30T12:43:48.783+0000] {processor.py:161} INFO - Processing /home/airflow/.local/lib/python3.7/site-packages/airflow/example_dags/example_branch_day_of_week_operator.py took 0.065 seconds
