[2022-08-30T12:27:46.331+0000] {processor.py:153} INFO - Started process (PID=225) to work on /home/airflow/.local/lib/python3.7/site-packages/airflow/example_dags/example_xcomargs.py
[2022-08-30T12:27:46.332+0000] {processor.py:640} INFO - Processing file /home/airflow/.local/lib/python3.7/site-packages/airflow/example_dags/example_xcomargs.py for tasks to queue
[2022-08-30T12:27:46.333+0000] {logging_mixin.py:115} INFO - [2022-08-30T12:27:46.333+0000] {dagbag.py:508} INFO - Filling up the DagBag from /home/airflow/.local/lib/python3.7/site-packages/airflow/example_dags/example_xcomargs.py
[2022-08-30T12:27:46.346+0000] {processor.py:650} INFO - DAG(s) dict_keys(['example_xcom_args', 'example_xcom_args_with_operators']) retrieved from /home/airflow/.local/lib/python3.7/site-packages/airflow/example_dags/example_xcomargs.py
[2022-08-30T12:27:46.399+0000] {logging_mixin.py:115} INFO - [2022-08-30T12:27:46.399+0000] {manager.py:508} INFO - Created Permission View: can read on DAG:example_xcom_args
[2022-08-30T12:27:46.405+0000] {logging_mixin.py:115} INFO - [2022-08-30T12:27:46.405+0000] {manager.py:508} INFO - Created Permission View: can edit on DAG:example_xcom_args
[2022-08-30T12:27:46.410+0000] {logging_mixin.py:115} INFO - [2022-08-30T12:27:46.410+0000] {manager.py:508} INFO - Created Permission View: can delete on DAG:example_xcom_args
[2022-08-30T12:27:46.420+0000] {logging_mixin.py:115} INFO - [2022-08-30T12:27:46.420+0000] {manager.py:508} INFO - Created Permission View: can read on DAG:example_xcom_args_with_operators
[2022-08-30T12:27:46.426+0000] {logging_mixin.py:115} INFO - [2022-08-30T12:27:46.426+0000] {manager.py:508} INFO - Created Permission View: can edit on DAG:example_xcom_args_with_operators
[2022-08-30T12:27:46.430+0000] {logging_mixin.py:115} INFO - [2022-08-30T12:27:46.430+0000] {manager.py:508} INFO - Created Permission View: can delete on DAG:example_xcom_args_with_operators
[2022-08-30T12:27:46.431+0000] {logging_mixin.py:115} INFO - [2022-08-30T12:27:46.431+0000] {dag.py:2429} INFO - Sync 2 DAGs
[2022-08-30T12:27:46.437+0000] {logging_mixin.py:115} INFO - [2022-08-30T12:27:46.437+0000] {dag.py:2448} INFO - Creating ORM DAG for example_xcom_args
[2022-08-30T12:27:46.438+0000] {logging_mixin.py:115} INFO - [2022-08-30T12:27:46.438+0000] {dag.py:2448} INFO - Creating ORM DAG for example_xcom_args_with_operators
[2022-08-30T12:27:46.445+0000] {logging_mixin.py:115} INFO - [2022-08-30T12:27:46.445+0000] {dag.py:2981} INFO - Setting next_dagrun for example_xcom_args to None, run_after=None
[2022-08-30T12:27:46.446+0000] {logging_mixin.py:115} INFO - [2022-08-30T12:27:46.446+0000] {dag.py:2981} INFO - Setting next_dagrun for example_xcom_args_with_operators to None, run_after=None
[2022-08-30T12:27:46.456+0000] {processor.py:161} INFO - Processing /home/airflow/.local/lib/python3.7/site-packages/airflow/example_dags/example_xcomargs.py took 0.127 seconds
[2022-08-30T12:28:17.176+0000] {processor.py:153} INFO - Started process (PID=425) to work on /home/airflow/.local/lib/python3.7/site-packages/airflow/example_dags/example_xcomargs.py
[2022-08-30T12:28:17.178+0000] {processor.py:640} INFO - Processing file /home/airflow/.local/lib/python3.7/site-packages/airflow/example_dags/example_xcomargs.py for tasks to queue
[2022-08-30T12:28:17.180+0000] {logging_mixin.py:115} INFO - [2022-08-30T12:28:17.179+0000] {dagbag.py:508} INFO - Filling up the DagBag from /home/airflow/.local/lib/python3.7/site-packages/airflow/example_dags/example_xcomargs.py
[2022-08-30T12:28:17.191+0000] {processor.py:650} INFO - DAG(s) dict_keys(['example_xcom_args', 'example_xcom_args_with_operators']) retrieved from /home/airflow/.local/lib/python3.7/site-packages/airflow/example_dags/example_xcomargs.py
[2022-08-30T12:28:17.262+0000] {logging_mixin.py:115} INFO - [2022-08-30T12:28:17.262+0000] {dag.py:2429} INFO - Sync 2 DAGs
[2022-08-30T12:28:17.274+0000] {logging_mixin.py:115} INFO - [2022-08-30T12:28:17.274+0000] {dag.py:2981} INFO - Setting next_dagrun for example_xcom_args to None, run_after=None
[2022-08-30T12:28:17.275+0000] {logging_mixin.py:115} INFO - [2022-08-30T12:28:17.275+0000] {dag.py:2981} INFO - Setting next_dagrun for example_xcom_args_with_operators to None, run_after=None
[2022-08-30T12:28:17.284+0000] {processor.py:161} INFO - Processing /home/airflow/.local/lib/python3.7/site-packages/airflow/example_dags/example_xcomargs.py took 0.109 seconds
[2022-08-30T12:29:06.015+0000] {processor.py:153} INFO - Started process (PID=230) to work on /home/airflow/.local/lib/python3.7/site-packages/airflow/example_dags/example_xcomargs.py
[2022-08-30T12:29:06.017+0000] {processor.py:640} INFO - Processing file /home/airflow/.local/lib/python3.7/site-packages/airflow/example_dags/example_xcomargs.py for tasks to queue
[2022-08-30T12:29:06.019+0000] {logging_mixin.py:115} INFO - [2022-08-30T12:29:06.019+0000] {dagbag.py:508} INFO - Filling up the DagBag from /home/airflow/.local/lib/python3.7/site-packages/airflow/example_dags/example_xcomargs.py
[2022-08-30T12:29:06.033+0000] {processor.py:650} INFO - DAG(s) dict_keys(['example_xcom_args', 'example_xcom_args_with_operators']) retrieved from /home/airflow/.local/lib/python3.7/site-packages/airflow/example_dags/example_xcomargs.py
[2022-08-30T12:29:06.083+0000] {logging_mixin.py:115} INFO - [2022-08-30T12:29:06.083+0000] {dag.py:2429} INFO - Sync 2 DAGs
[2022-08-30T12:29:06.097+0000] {logging_mixin.py:115} INFO - [2022-08-30T12:29:06.097+0000] {dag.py:2981} INFO - Setting next_dagrun for example_xcom_args to None, run_after=None
[2022-08-30T12:29:06.103+0000] {logging_mixin.py:115} INFO - [2022-08-30T12:29:06.103+0000] {dag.py:2981} INFO - Setting next_dagrun for example_xcom_args_with_operators to None, run_after=None
[2022-08-30T12:29:06.116+0000] {processor.py:161} INFO - Processing /home/airflow/.local/lib/python3.7/site-packages/airflow/example_dags/example_xcomargs.py took 0.103 seconds
[2022-08-30T12:29:36.760+0000] {processor.py:153} INFO - Started process (PID=430) to work on /home/airflow/.local/lib/python3.7/site-packages/airflow/example_dags/example_xcomargs.py
[2022-08-30T12:29:36.761+0000] {processor.py:640} INFO - Processing file /home/airflow/.local/lib/python3.7/site-packages/airflow/example_dags/example_xcomargs.py for tasks to queue
[2022-08-30T12:29:36.762+0000] {logging_mixin.py:115} INFO - [2022-08-30T12:29:36.762+0000] {dagbag.py:508} INFO - Filling up the DagBag from /home/airflow/.local/lib/python3.7/site-packages/airflow/example_dags/example_xcomargs.py
[2022-08-30T12:29:36.776+0000] {processor.py:650} INFO - DAG(s) dict_keys(['example_xcom_args', 'example_xcom_args_with_operators']) retrieved from /home/airflow/.local/lib/python3.7/site-packages/airflow/example_dags/example_xcomargs.py
[2022-08-30T12:29:36.817+0000] {logging_mixin.py:115} INFO - [2022-08-30T12:29:36.817+0000] {dag.py:2429} INFO - Sync 2 DAGs
[2022-08-30T12:29:36.828+0000] {logging_mixin.py:115} INFO - [2022-08-30T12:29:36.828+0000] {dag.py:2981} INFO - Setting next_dagrun for example_xcom_args to None, run_after=None
[2022-08-30T12:29:36.830+0000] {logging_mixin.py:115} INFO - [2022-08-30T12:29:36.829+0000] {dag.py:2981} INFO - Setting next_dagrun for example_xcom_args_with_operators to None, run_after=None
[2022-08-30T12:29:36.838+0000] {processor.py:161} INFO - Processing /home/airflow/.local/lib/python3.7/site-packages/airflow/example_dags/example_xcomargs.py took 0.080 seconds
[2022-08-30T12:30:07.551+0000] {processor.py:153} INFO - Started process (PID=631) to work on /home/airflow/.local/lib/python3.7/site-packages/airflow/example_dags/example_xcomargs.py
[2022-08-30T12:30:07.552+0000] {processor.py:640} INFO - Processing file /home/airflow/.local/lib/python3.7/site-packages/airflow/example_dags/example_xcomargs.py for tasks to queue
[2022-08-30T12:30:07.554+0000] {logging_mixin.py:115} INFO - [2022-08-30T12:30:07.553+0000] {dagbag.py:508} INFO - Filling up the DagBag from /home/airflow/.local/lib/python3.7/site-packages/airflow/example_dags/example_xcomargs.py
[2022-08-30T12:30:07.567+0000] {processor.py:650} INFO - DAG(s) dict_keys(['example_xcom_args', 'example_xcom_args_with_operators']) retrieved from /home/airflow/.local/lib/python3.7/site-packages/airflow/example_dags/example_xcomargs.py
[2022-08-30T12:30:07.608+0000] {logging_mixin.py:115} INFO - [2022-08-30T12:30:07.608+0000] {dag.py:2429} INFO - Sync 2 DAGs
[2022-08-30T12:30:07.625+0000] {logging_mixin.py:115} INFO - [2022-08-30T12:30:07.625+0000] {dag.py:2981} INFO - Setting next_dagrun for example_xcom_args to None, run_after=None
[2022-08-30T12:30:07.626+0000] {logging_mixin.py:115} INFO - [2022-08-30T12:30:07.626+0000] {dag.py:2981} INFO - Setting next_dagrun for example_xcom_args_with_operators to None, run_after=None
[2022-08-30T12:30:07.634+0000] {processor.py:161} INFO - Processing /home/airflow/.local/lib/python3.7/site-packages/airflow/example_dags/example_xcomargs.py took 0.085 seconds
[2022-08-30T12:30:38.289+0000] {processor.py:153} INFO - Started process (PID=832) to work on /home/airflow/.local/lib/python3.7/site-packages/airflow/example_dags/example_xcomargs.py
[2022-08-30T12:30:38.302+0000] {processor.py:640} INFO - Processing file /home/airflow/.local/lib/python3.7/site-packages/airflow/example_dags/example_xcomargs.py for tasks to queue
[2022-08-30T12:30:38.303+0000] {logging_mixin.py:115} INFO - [2022-08-30T12:30:38.303+0000] {dagbag.py:508} INFO - Filling up the DagBag from /home/airflow/.local/lib/python3.7/site-packages/airflow/example_dags/example_xcomargs.py
[2022-08-30T12:30:38.317+0000] {processor.py:650} INFO - DAG(s) dict_keys(['example_xcom_args', 'example_xcom_args_with_operators']) retrieved from /home/airflow/.local/lib/python3.7/site-packages/airflow/example_dags/example_xcomargs.py
[2022-08-30T12:30:38.335+0000] {logging_mixin.py:115} INFO - [2022-08-30T12:30:38.335+0000] {dag.py:2429} INFO - Sync 2 DAGs
[2022-08-30T12:30:38.350+0000] {logging_mixin.py:115} INFO - [2022-08-30T12:30:38.350+0000] {dag.py:2981} INFO - Setting next_dagrun for example_xcom_args to None, run_after=None
[2022-08-30T12:30:38.351+0000] {logging_mixin.py:115} INFO - [2022-08-30T12:30:38.351+0000] {dag.py:2981} INFO - Setting next_dagrun for example_xcom_args_with_operators to None, run_after=None
[2022-08-30T12:30:38.360+0000] {processor.py:161} INFO - Processing /home/airflow/.local/lib/python3.7/site-packages/airflow/example_dags/example_xcomargs.py took 0.073 seconds
[2022-08-30T12:31:09.117+0000] {processor.py:153} INFO - Started process (PID=1024) to work on /home/airflow/.local/lib/python3.7/site-packages/airflow/example_dags/example_xcomargs.py
[2022-08-30T12:31:09.118+0000] {processor.py:640} INFO - Processing file /home/airflow/.local/lib/python3.7/site-packages/airflow/example_dags/example_xcomargs.py for tasks to queue
[2022-08-30T12:31:09.119+0000] {logging_mixin.py:115} INFO - [2022-08-30T12:31:09.119+0000] {dagbag.py:508} INFO - Filling up the DagBag from /home/airflow/.local/lib/python3.7/site-packages/airflow/example_dags/example_xcomargs.py
[2022-08-30T12:31:09.132+0000] {processor.py:650} INFO - DAG(s) dict_keys(['example_xcom_args', 'example_xcom_args_with_operators']) retrieved from /home/airflow/.local/lib/python3.7/site-packages/airflow/example_dags/example_xcomargs.py
[2022-08-30T12:31:09.169+0000] {logging_mixin.py:115} INFO - [2022-08-30T12:31:09.169+0000] {dag.py:2429} INFO - Sync 2 DAGs
[2022-08-30T12:31:09.182+0000] {logging_mixin.py:115} INFO - [2022-08-30T12:31:09.182+0000] {dag.py:2981} INFO - Setting next_dagrun for example_xcom_args to None, run_after=None
[2022-08-30T12:31:09.183+0000] {logging_mixin.py:115} INFO - [2022-08-30T12:31:09.183+0000] {dag.py:2981} INFO - Setting next_dagrun for example_xcom_args_with_operators to None, run_after=None
[2022-08-30T12:31:09.191+0000] {processor.py:161} INFO - Processing /home/airflow/.local/lib/python3.7/site-packages/airflow/example_dags/example_xcomargs.py took 0.077 seconds
[2022-08-30T12:31:39.722+0000] {processor.py:153} INFO - Started process (PID=1225) to work on /home/airflow/.local/lib/python3.7/site-packages/airflow/example_dags/example_xcomargs.py
[2022-08-30T12:31:39.723+0000] {processor.py:640} INFO - Processing file /home/airflow/.local/lib/python3.7/site-packages/airflow/example_dags/example_xcomargs.py for tasks to queue
[2022-08-30T12:31:39.725+0000] {logging_mixin.py:115} INFO - [2022-08-30T12:31:39.725+0000] {dagbag.py:508} INFO - Filling up the DagBag from /home/airflow/.local/lib/python3.7/site-packages/airflow/example_dags/example_xcomargs.py
[2022-08-30T12:31:39.739+0000] {processor.py:650} INFO - DAG(s) dict_keys(['example_xcom_args', 'example_xcom_args_with_operators']) retrieved from /home/airflow/.local/lib/python3.7/site-packages/airflow/example_dags/example_xcomargs.py
[2022-08-30T12:31:39.778+0000] {logging_mixin.py:115} INFO - [2022-08-30T12:31:39.778+0000] {dag.py:2429} INFO - Sync 2 DAGs
[2022-08-30T12:31:39.791+0000] {logging_mixin.py:115} INFO - [2022-08-30T12:31:39.790+0000] {dag.py:2981} INFO - Setting next_dagrun for example_xcom_args to None, run_after=None
[2022-08-30T12:31:39.792+0000] {logging_mixin.py:115} INFO - [2022-08-30T12:31:39.792+0000] {dag.py:2981} INFO - Setting next_dagrun for example_xcom_args_with_operators to None, run_after=None
[2022-08-30T12:31:39.801+0000] {processor.py:161} INFO - Processing /home/airflow/.local/lib/python3.7/site-packages/airflow/example_dags/example_xcomargs.py took 0.082 seconds
[2022-08-30T12:32:10.418+0000] {processor.py:153} INFO - Started process (PID=1427) to work on /home/airflow/.local/lib/python3.7/site-packages/airflow/example_dags/example_xcomargs.py
[2022-08-30T12:32:10.420+0000] {processor.py:640} INFO - Processing file /home/airflow/.local/lib/python3.7/site-packages/airflow/example_dags/example_xcomargs.py for tasks to queue
[2022-08-30T12:32:10.421+0000] {logging_mixin.py:115} INFO - [2022-08-30T12:32:10.421+0000] {dagbag.py:508} INFO - Filling up the DagBag from /home/airflow/.local/lib/python3.7/site-packages/airflow/example_dags/example_xcomargs.py
[2022-08-30T12:32:10.436+0000] {processor.py:650} INFO - DAG(s) dict_keys(['example_xcom_args', 'example_xcom_args_with_operators']) retrieved from /home/airflow/.local/lib/python3.7/site-packages/airflow/example_dags/example_xcomargs.py
[2022-08-30T12:32:10.472+0000] {logging_mixin.py:115} INFO - [2022-08-30T12:32:10.472+0000] {dag.py:2429} INFO - Sync 2 DAGs
[2022-08-30T12:32:10.486+0000] {logging_mixin.py:115} INFO - [2022-08-30T12:32:10.486+0000] {dag.py:2981} INFO - Setting next_dagrun for example_xcom_args to None, run_after=None
[2022-08-30T12:32:10.487+0000] {logging_mixin.py:115} INFO - [2022-08-30T12:32:10.487+0000] {dag.py:2981} INFO - Setting next_dagrun for example_xcom_args_with_operators to None, run_after=None
[2022-08-30T12:32:10.499+0000] {processor.py:161} INFO - Processing /home/airflow/.local/lib/python3.7/site-packages/airflow/example_dags/example_xcomargs.py took 0.083 seconds
[2022-08-30T12:32:41.214+0000] {processor.py:153} INFO - Started process (PID=1628) to work on /home/airflow/.local/lib/python3.7/site-packages/airflow/example_dags/example_xcomargs.py
[2022-08-30T12:32:41.215+0000] {processor.py:640} INFO - Processing file /home/airflow/.local/lib/python3.7/site-packages/airflow/example_dags/example_xcomargs.py for tasks to queue
[2022-08-30T12:32:41.218+0000] {logging_mixin.py:115} INFO - [2022-08-30T12:32:41.217+0000] {dagbag.py:508} INFO - Filling up the DagBag from /home/airflow/.local/lib/python3.7/site-packages/airflow/example_dags/example_xcomargs.py
[2022-08-30T12:32:41.239+0000] {processor.py:650} INFO - DAG(s) dict_keys(['example_xcom_args', 'example_xcom_args_with_operators']) retrieved from /home/airflow/.local/lib/python3.7/site-packages/airflow/example_dags/example_xcomargs.py
[2022-08-30T12:32:41.301+0000] {logging_mixin.py:115} INFO - [2022-08-30T12:32:41.301+0000] {dag.py:2429} INFO - Sync 2 DAGs
[2022-08-30T12:32:41.317+0000] {logging_mixin.py:115} INFO - [2022-08-30T12:32:41.317+0000] {dag.py:2981} INFO - Setting next_dagrun for example_xcom_args to None, run_after=None
[2022-08-30T12:32:41.319+0000] {logging_mixin.py:115} INFO - [2022-08-30T12:32:41.319+0000] {dag.py:2981} INFO - Setting next_dagrun for example_xcom_args_with_operators to None, run_after=None
[2022-08-30T12:32:41.334+0000] {processor.py:161} INFO - Processing /home/airflow/.local/lib/python3.7/site-packages/airflow/example_dags/example_xcomargs.py took 0.123 seconds
[2022-08-30T12:33:12.110+0000] {processor.py:153} INFO - Started process (PID=1833) to work on /home/airflow/.local/lib/python3.7/site-packages/airflow/example_dags/example_xcomargs.py
[2022-08-30T12:33:12.111+0000] {processor.py:640} INFO - Processing file /home/airflow/.local/lib/python3.7/site-packages/airflow/example_dags/example_xcomargs.py for tasks to queue
[2022-08-30T12:33:12.112+0000] {logging_mixin.py:115} INFO - [2022-08-30T12:33:12.112+0000] {dagbag.py:508} INFO - Filling up the DagBag from /home/airflow/.local/lib/python3.7/site-packages/airflow/example_dags/example_xcomargs.py
[2022-08-30T12:33:12.127+0000] {processor.py:650} INFO - DAG(s) dict_keys(['example_xcom_args', 'example_xcom_args_with_operators']) retrieved from /home/airflow/.local/lib/python3.7/site-packages/airflow/example_dags/example_xcomargs.py
[2022-08-30T12:33:12.145+0000] {logging_mixin.py:115} INFO - [2022-08-30T12:33:12.145+0000] {dag.py:2429} INFO - Sync 2 DAGs
[2022-08-30T12:33:12.158+0000] {logging_mixin.py:115} INFO - [2022-08-30T12:33:12.158+0000] {dag.py:2981} INFO - Setting next_dagrun for example_xcom_args to None, run_after=None
[2022-08-30T12:33:12.160+0000] {logging_mixin.py:115} INFO - [2022-08-30T12:33:12.159+0000] {dag.py:2981} INFO - Setting next_dagrun for example_xcom_args_with_operators to None, run_after=None
[2022-08-30T12:33:12.167+0000] {processor.py:161} INFO - Processing /home/airflow/.local/lib/python3.7/site-packages/airflow/example_dags/example_xcomargs.py took 0.061 seconds
[2022-08-30T12:33:42.752+0000] {processor.py:153} INFO - Started process (PID=2031) to work on /home/airflow/.local/lib/python3.7/site-packages/airflow/example_dags/example_xcomargs.py
[2022-08-30T12:33:42.755+0000] {processor.py:640} INFO - Processing file /home/airflow/.local/lib/python3.7/site-packages/airflow/example_dags/example_xcomargs.py for tasks to queue
[2022-08-30T12:33:42.756+0000] {logging_mixin.py:115} INFO - [2022-08-30T12:33:42.756+0000] {dagbag.py:508} INFO - Filling up the DagBag from /home/airflow/.local/lib/python3.7/site-packages/airflow/example_dags/example_xcomargs.py
[2022-08-30T12:33:42.773+0000] {processor.py:650} INFO - DAG(s) dict_keys(['example_xcom_args', 'example_xcom_args_with_operators']) retrieved from /home/airflow/.local/lib/python3.7/site-packages/airflow/example_dags/example_xcomargs.py
[2022-08-30T12:33:42.792+0000] {logging_mixin.py:115} INFO - [2022-08-30T12:33:42.792+0000] {dag.py:2429} INFO - Sync 2 DAGs
[2022-08-30T12:33:42.806+0000] {logging_mixin.py:115} INFO - [2022-08-30T12:33:42.806+0000] {dag.py:2981} INFO - Setting next_dagrun for example_xcom_args to None, run_after=None
[2022-08-30T12:33:42.807+0000] {logging_mixin.py:115} INFO - [2022-08-30T12:33:42.807+0000] {dag.py:2981} INFO - Setting next_dagrun for example_xcom_args_with_operators to None, run_after=None
[2022-08-30T12:33:42.814+0000] {processor.py:161} INFO - Processing /home/airflow/.local/lib/python3.7/site-packages/airflow/example_dags/example_xcomargs.py took 0.065 seconds
[2022-08-30T12:34:13.433+0000] {processor.py:153} INFO - Started process (PID=2231) to work on /home/airflow/.local/lib/python3.7/site-packages/airflow/example_dags/example_xcomargs.py
[2022-08-30T12:34:13.435+0000] {processor.py:640} INFO - Processing file /home/airflow/.local/lib/python3.7/site-packages/airflow/example_dags/example_xcomargs.py for tasks to queue
[2022-08-30T12:34:13.436+0000] {logging_mixin.py:115} INFO - [2022-08-30T12:34:13.436+0000] {dagbag.py:508} INFO - Filling up the DagBag from /home/airflow/.local/lib/python3.7/site-packages/airflow/example_dags/example_xcomargs.py
[2022-08-30T12:34:13.453+0000] {processor.py:650} INFO - DAG(s) dict_keys(['example_xcom_args', 'example_xcom_args_with_operators']) retrieved from /home/airflow/.local/lib/python3.7/site-packages/airflow/example_dags/example_xcomargs.py
[2022-08-30T12:34:13.509+0000] {logging_mixin.py:115} INFO - [2022-08-30T12:34:13.509+0000] {dag.py:2429} INFO - Sync 2 DAGs
[2022-08-30T12:34:13.522+0000] {logging_mixin.py:115} INFO - [2022-08-30T12:34:13.522+0000] {dag.py:2981} INFO - Setting next_dagrun for example_xcom_args to None, run_after=None
[2022-08-30T12:34:13.522+0000] {logging_mixin.py:115} INFO - [2022-08-30T12:34:13.522+0000] {dag.py:2981} INFO - Setting next_dagrun for example_xcom_args_with_operators to None, run_after=None
[2022-08-30T12:34:13.533+0000] {processor.py:161} INFO - Processing /home/airflow/.local/lib/python3.7/site-packages/airflow/example_dags/example_xcomargs.py took 0.102 seconds
[2022-08-30T12:34:44.284+0000] {processor.py:153} INFO - Started process (PID=2421) to work on /home/airflow/.local/lib/python3.7/site-packages/airflow/example_dags/example_xcomargs.py
[2022-08-30T12:34:44.286+0000] {processor.py:640} INFO - Processing file /home/airflow/.local/lib/python3.7/site-packages/airflow/example_dags/example_xcomargs.py for tasks to queue
[2022-08-30T12:34:44.287+0000] {logging_mixin.py:115} INFO - [2022-08-30T12:34:44.287+0000] {dagbag.py:508} INFO - Filling up the DagBag from /home/airflow/.local/lib/python3.7/site-packages/airflow/example_dags/example_xcomargs.py
[2022-08-30T12:34:44.301+0000] {processor.py:650} INFO - DAG(s) dict_keys(['example_xcom_args', 'example_xcom_args_with_operators']) retrieved from /home/airflow/.local/lib/python3.7/site-packages/airflow/example_dags/example_xcomargs.py
[2022-08-30T12:34:44.341+0000] {logging_mixin.py:115} INFO - [2022-08-30T12:34:44.341+0000] {dag.py:2429} INFO - Sync 2 DAGs
[2022-08-30T12:34:44.352+0000] {logging_mixin.py:115} INFO - [2022-08-30T12:34:44.352+0000] {dag.py:2981} INFO - Setting next_dagrun for example_xcom_args to None, run_after=None
[2022-08-30T12:34:44.353+0000] {logging_mixin.py:115} INFO - [2022-08-30T12:34:44.353+0000] {dag.py:2981} INFO - Setting next_dagrun for example_xcom_args_with_operators to None, run_after=None
[2022-08-30T12:34:44.363+0000] {processor.py:161} INFO - Processing /home/airflow/.local/lib/python3.7/site-packages/airflow/example_dags/example_xcomargs.py took 0.081 seconds
[2022-08-30T12:35:15.041+0000] {processor.py:153} INFO - Started process (PID=2623) to work on /home/airflow/.local/lib/python3.7/site-packages/airflow/example_dags/example_xcomargs.py
[2022-08-30T12:35:15.043+0000] {processor.py:640} INFO - Processing file /home/airflow/.local/lib/python3.7/site-packages/airflow/example_dags/example_xcomargs.py for tasks to queue
[2022-08-30T12:35:15.044+0000] {logging_mixin.py:115} INFO - [2022-08-30T12:35:15.044+0000] {dagbag.py:508} INFO - Filling up the DagBag from /home/airflow/.local/lib/python3.7/site-packages/airflow/example_dags/example_xcomargs.py
[2022-08-30T12:35:15.062+0000] {processor.py:650} INFO - DAG(s) dict_keys(['example_xcom_args', 'example_xcom_args_with_operators']) retrieved from /home/airflow/.local/lib/python3.7/site-packages/airflow/example_dags/example_xcomargs.py
[2022-08-30T12:35:15.098+0000] {logging_mixin.py:115} INFO - [2022-08-30T12:35:15.098+0000] {dag.py:2429} INFO - Sync 2 DAGs
[2022-08-30T12:35:15.111+0000] {logging_mixin.py:115} INFO - [2022-08-30T12:35:15.111+0000] {dag.py:2981} INFO - Setting next_dagrun for example_xcom_args to None, run_after=None
[2022-08-30T12:35:15.112+0000] {logging_mixin.py:115} INFO - [2022-08-30T12:35:15.112+0000] {dag.py:2981} INFO - Setting next_dagrun for example_xcom_args_with_operators to None, run_after=None
[2022-08-30T12:35:15.122+0000] {processor.py:161} INFO - Processing /home/airflow/.local/lib/python3.7/site-packages/airflow/example_dags/example_xcomargs.py took 0.082 seconds
[2022-08-30T12:35:45.810+0000] {processor.py:153} INFO - Started process (PID=2825) to work on /home/airflow/.local/lib/python3.7/site-packages/airflow/example_dags/example_xcomargs.py
[2022-08-30T12:35:45.811+0000] {processor.py:640} INFO - Processing file /home/airflow/.local/lib/python3.7/site-packages/airflow/example_dags/example_xcomargs.py for tasks to queue
[2022-08-30T12:35:45.812+0000] {logging_mixin.py:115} INFO - [2022-08-30T12:35:45.812+0000] {dagbag.py:508} INFO - Filling up the DagBag from /home/airflow/.local/lib/python3.7/site-packages/airflow/example_dags/example_xcomargs.py
[2022-08-30T12:35:45.827+0000] {processor.py:650} INFO - DAG(s) dict_keys(['example_xcom_args', 'example_xcom_args_with_operators']) retrieved from /home/airflow/.local/lib/python3.7/site-packages/airflow/example_dags/example_xcomargs.py
[2022-08-30T12:35:45.867+0000] {logging_mixin.py:115} INFO - [2022-08-30T12:35:45.867+0000] {dag.py:2429} INFO - Sync 2 DAGs
[2022-08-30T12:35:45.880+0000] {logging_mixin.py:115} INFO - [2022-08-30T12:35:45.880+0000] {dag.py:2981} INFO - Setting next_dagrun for example_xcom_args to None, run_after=None
[2022-08-30T12:35:45.881+0000] {logging_mixin.py:115} INFO - [2022-08-30T12:35:45.881+0000] {dag.py:2981} INFO - Setting next_dagrun for example_xcom_args_with_operators to None, run_after=None
[2022-08-30T12:35:45.892+0000] {processor.py:161} INFO - Processing /home/airflow/.local/lib/python3.7/site-packages/airflow/example_dags/example_xcomargs.py took 0.084 seconds
[2022-08-30T12:36:16.697+0000] {processor.py:153} INFO - Started process (PID=3027) to work on /home/airflow/.local/lib/python3.7/site-packages/airflow/example_dags/example_xcomargs.py
[2022-08-30T12:36:16.699+0000] {processor.py:640} INFO - Processing file /home/airflow/.local/lib/python3.7/site-packages/airflow/example_dags/example_xcomargs.py for tasks to queue
[2022-08-30T12:36:16.700+0000] {logging_mixin.py:115} INFO - [2022-08-30T12:36:16.699+0000] {dagbag.py:508} INFO - Filling up the DagBag from /home/airflow/.local/lib/python3.7/site-packages/airflow/example_dags/example_xcomargs.py
[2022-08-30T12:36:16.713+0000] {processor.py:650} INFO - DAG(s) dict_keys(['example_xcom_args', 'example_xcom_args_with_operators']) retrieved from /home/airflow/.local/lib/python3.7/site-packages/airflow/example_dags/example_xcomargs.py
[2022-08-30T12:36:16.734+0000] {logging_mixin.py:115} INFO - [2022-08-30T12:36:16.734+0000] {dag.py:2429} INFO - Sync 2 DAGs
[2022-08-30T12:36:16.746+0000] {logging_mixin.py:115} INFO - [2022-08-30T12:36:16.746+0000] {dag.py:2981} INFO - Setting next_dagrun for example_xcom_args to None, run_after=None
[2022-08-30T12:36:16.747+0000] {logging_mixin.py:115} INFO - [2022-08-30T12:36:16.747+0000] {dag.py:2981} INFO - Setting next_dagrun for example_xcom_args_with_operators to None, run_after=None
[2022-08-30T12:36:16.755+0000] {processor.py:161} INFO - Processing /home/airflow/.local/lib/python3.7/site-packages/airflow/example_dags/example_xcomargs.py took 0.061 seconds
[2022-08-30T12:36:47.663+0000] {processor.py:153} INFO - Started process (PID=3226) to work on /home/airflow/.local/lib/python3.7/site-packages/airflow/example_dags/example_xcomargs.py
[2022-08-30T12:36:47.664+0000] {processor.py:640} INFO - Processing file /home/airflow/.local/lib/python3.7/site-packages/airflow/example_dags/example_xcomargs.py for tasks to queue
[2022-08-30T12:36:47.665+0000] {logging_mixin.py:115} INFO - [2022-08-30T12:36:47.665+0000] {dagbag.py:508} INFO - Filling up the DagBag from /home/airflow/.local/lib/python3.7/site-packages/airflow/example_dags/example_xcomargs.py
[2022-08-30T12:36:47.678+0000] {processor.py:650} INFO - DAG(s) dict_keys(['example_xcom_args', 'example_xcom_args_with_operators']) retrieved from /home/airflow/.local/lib/python3.7/site-packages/airflow/example_dags/example_xcomargs.py
[2022-08-30T12:36:47.715+0000] {logging_mixin.py:115} INFO - [2022-08-30T12:36:47.715+0000] {dag.py:2429} INFO - Sync 2 DAGs
[2022-08-30T12:36:47.727+0000] {logging_mixin.py:115} INFO - [2022-08-30T12:36:47.727+0000] {dag.py:2981} INFO - Setting next_dagrun for example_xcom_args to None, run_after=None
[2022-08-30T12:36:47.728+0000] {logging_mixin.py:115} INFO - [2022-08-30T12:36:47.728+0000] {dag.py:2981} INFO - Setting next_dagrun for example_xcom_args_with_operators to None, run_after=None
[2022-08-30T12:36:47.739+0000] {processor.py:161} INFO - Processing /home/airflow/.local/lib/python3.7/site-packages/airflow/example_dags/example_xcomargs.py took 0.078 seconds
[2022-08-30T12:37:18.239+0000] {processor.py:153} INFO - Started process (PID=3424) to work on /home/airflow/.local/lib/python3.7/site-packages/airflow/example_dags/example_xcomargs.py
[2022-08-30T12:37:18.241+0000] {processor.py:640} INFO - Processing file /home/airflow/.local/lib/python3.7/site-packages/airflow/example_dags/example_xcomargs.py for tasks to queue
[2022-08-30T12:37:18.242+0000] {logging_mixin.py:115} INFO - [2022-08-30T12:37:18.242+0000] {dagbag.py:508} INFO - Filling up the DagBag from /home/airflow/.local/lib/python3.7/site-packages/airflow/example_dags/example_xcomargs.py
[2022-08-30T12:37:18.256+0000] {processor.py:650} INFO - DAG(s) dict_keys(['example_xcom_args', 'example_xcom_args_with_operators']) retrieved from /home/airflow/.local/lib/python3.7/site-packages/airflow/example_dags/example_xcomargs.py
[2022-08-30T12:37:18.296+0000] {logging_mixin.py:115} INFO - [2022-08-30T12:37:18.296+0000] {dag.py:2429} INFO - Sync 2 DAGs
[2022-08-30T12:37:18.308+0000] {logging_mixin.py:115} INFO - [2022-08-30T12:37:18.308+0000] {dag.py:2981} INFO - Setting next_dagrun for example_xcom_args to None, run_after=None
[2022-08-30T12:37:18.309+0000] {logging_mixin.py:115} INFO - [2022-08-30T12:37:18.309+0000] {dag.py:2981} INFO - Setting next_dagrun for example_xcom_args_with_operators to None, run_after=None
[2022-08-30T12:37:18.319+0000] {processor.py:161} INFO - Processing /home/airflow/.local/lib/python3.7/site-packages/airflow/example_dags/example_xcomargs.py took 0.082 seconds
[2022-08-30T12:37:49.096+0000] {processor.py:153} INFO - Started process (PID=3625) to work on /home/airflow/.local/lib/python3.7/site-packages/airflow/example_dags/example_xcomargs.py
[2022-08-30T12:37:49.097+0000] {processor.py:640} INFO - Processing file /home/airflow/.local/lib/python3.7/site-packages/airflow/example_dags/example_xcomargs.py for tasks to queue
[2022-08-30T12:37:49.098+0000] {logging_mixin.py:115} INFO - [2022-08-30T12:37:49.098+0000] {dagbag.py:508} INFO - Filling up the DagBag from /home/airflow/.local/lib/python3.7/site-packages/airflow/example_dags/example_xcomargs.py
[2022-08-30T12:37:49.111+0000] {processor.py:650} INFO - DAG(s) dict_keys(['example_xcom_args', 'example_xcom_args_with_operators']) retrieved from /home/airflow/.local/lib/python3.7/site-packages/airflow/example_dags/example_xcomargs.py
[2022-08-30T12:37:49.150+0000] {logging_mixin.py:115} INFO - [2022-08-30T12:37:49.150+0000] {dag.py:2429} INFO - Sync 2 DAGs
[2022-08-30T12:37:49.162+0000] {logging_mixin.py:115} INFO - [2022-08-30T12:37:49.161+0000] {dag.py:2981} INFO - Setting next_dagrun for example_xcom_args to None, run_after=None
[2022-08-30T12:37:49.162+0000] {logging_mixin.py:115} INFO - [2022-08-30T12:37:49.162+0000] {dag.py:2981} INFO - Setting next_dagrun for example_xcom_args_with_operators to None, run_after=None
[2022-08-30T12:37:49.173+0000] {processor.py:161} INFO - Processing /home/airflow/.local/lib/python3.7/site-packages/airflow/example_dags/example_xcomargs.py took 0.079 seconds
[2022-08-30T12:40:02.991+0000] {processor.py:153} INFO - Started process (PID=239) to work on /home/airflow/.local/lib/python3.7/site-packages/airflow/example_dags/example_xcomargs.py
[2022-08-30T12:40:02.994+0000] {processor.py:640} INFO - Processing file /home/airflow/.local/lib/python3.7/site-packages/airflow/example_dags/example_xcomargs.py for tasks to queue
[2022-08-30T12:40:02.995+0000] {logging_mixin.py:115} INFO - [2022-08-30T12:40:02.995+0000] {dagbag.py:508} INFO - Filling up the DagBag from /home/airflow/.local/lib/python3.7/site-packages/airflow/example_dags/example_xcomargs.py
[2022-08-30T12:40:03.019+0000] {processor.py:650} INFO - DAG(s) dict_keys(['example_xcom_args', 'example_xcom_args_with_operators']) retrieved from /home/airflow/.local/lib/python3.7/site-packages/airflow/example_dags/example_xcomargs.py
[2022-08-30T12:40:03.099+0000] {logging_mixin.py:115} INFO - [2022-08-30T12:40:03.098+0000] {manager.py:508} INFO - Created Permission View: can edit on DAG:example_xcom_args
[2022-08-30T12:40:03.107+0000] {logging_mixin.py:115} INFO - [2022-08-30T12:40:03.107+0000] {manager.py:508} INFO - Created Permission View: can read on DAG:example_xcom_args
[2022-08-30T12:40:03.115+0000] {logging_mixin.py:115} INFO - [2022-08-30T12:40:03.114+0000] {manager.py:508} INFO - Created Permission View: can delete on DAG:example_xcom_args
[2022-08-30T12:40:03.140+0000] {logging_mixin.py:115} INFO - [2022-08-30T12:40:03.138+0000] {manager.py:508} INFO - Created Permission View: can edit on DAG:example_xcom_args_with_operators
[2022-08-30T12:40:03.150+0000] {logging_mixin.py:115} INFO - [2022-08-30T12:40:03.150+0000] {manager.py:508} INFO - Created Permission View: can read on DAG:example_xcom_args_with_operators
[2022-08-30T12:40:03.180+0000] {logging_mixin.py:115} INFO - [2022-08-30T12:40:03.180+0000] {manager.py:508} INFO - Created Permission View: can delete on DAG:example_xcom_args_with_operators
[2022-08-30T12:40:03.182+0000] {logging_mixin.py:115} INFO - [2022-08-30T12:40:03.182+0000] {dag.py:2429} INFO - Sync 2 DAGs
[2022-08-30T12:40:03.204+0000] {logging_mixin.py:115} INFO - [2022-08-30T12:40:03.204+0000] {dag.py:2448} INFO - Creating ORM DAG for example_xcom_args
[2022-08-30T12:40:03.207+0000] {logging_mixin.py:115} INFO - [2022-08-30T12:40:03.207+0000] {dag.py:2448} INFO - Creating ORM DAG for example_xcom_args_with_operators
[2022-08-30T12:40:03.233+0000] {logging_mixin.py:115} INFO - [2022-08-30T12:40:03.232+0000] {dag.py:2981} INFO - Setting next_dagrun for example_xcom_args to None, run_after=None
[2022-08-30T12:40:03.236+0000] {logging_mixin.py:115} INFO - [2022-08-30T12:40:03.235+0000] {dag.py:2981} INFO - Setting next_dagrun for example_xcom_args_with_operators to None, run_after=None
[2022-08-30T12:40:03.316+0000] {processor.py:161} INFO - Processing /home/airflow/.local/lib/python3.7/site-packages/airflow/example_dags/example_xcomargs.py took 0.327 seconds
[2022-08-30T12:40:36.991+0000] {processor.py:153} INFO - Started process (PID=425) to work on /home/airflow/.local/lib/python3.7/site-packages/airflow/example_dags/example_xcomargs.py
[2022-08-30T12:40:36.993+0000] {processor.py:640} INFO - Processing file /home/airflow/.local/lib/python3.7/site-packages/airflow/example_dags/example_xcomargs.py for tasks to queue
[2022-08-30T12:40:36.994+0000] {logging_mixin.py:115} INFO - [2022-08-30T12:40:36.994+0000] {dagbag.py:508} INFO - Filling up the DagBag from /home/airflow/.local/lib/python3.7/site-packages/airflow/example_dags/example_xcomargs.py
[2022-08-30T12:40:37.025+0000] {processor.py:650} INFO - DAG(s) dict_keys(['example_xcom_args', 'example_xcom_args_with_operators']) retrieved from /home/airflow/.local/lib/python3.7/site-packages/airflow/example_dags/example_xcomargs.py
[2022-08-30T12:40:37.135+0000] {logging_mixin.py:115} INFO - [2022-08-30T12:40:37.135+0000] {dag.py:2429} INFO - Sync 2 DAGs
[2022-08-30T12:40:37.186+0000] {logging_mixin.py:115} INFO - [2022-08-30T12:40:37.186+0000] {dag.py:2981} INFO - Setting next_dagrun for example_xcom_args to None, run_after=None
[2022-08-30T12:40:37.194+0000] {logging_mixin.py:115} INFO - [2022-08-30T12:40:37.194+0000] {dag.py:2981} INFO - Setting next_dagrun for example_xcom_args_with_operators to None, run_after=None
[2022-08-30T12:40:37.222+0000] {processor.py:161} INFO - Processing /home/airflow/.local/lib/python3.7/site-packages/airflow/example_dags/example_xcomargs.py took 0.237 seconds
[2022-08-30T12:42:15.387+0000] {processor.py:153} INFO - Started process (PID=224) to work on /home/airflow/.local/lib/python3.7/site-packages/airflow/example_dags/example_xcomargs.py
[2022-08-30T12:42:15.389+0000] {processor.py:640} INFO - Processing file /home/airflow/.local/lib/python3.7/site-packages/airflow/example_dags/example_xcomargs.py for tasks to queue
[2022-08-30T12:42:15.390+0000] {logging_mixin.py:115} INFO - [2022-08-30T12:42:15.390+0000] {dagbag.py:508} INFO - Filling up the DagBag from /home/airflow/.local/lib/python3.7/site-packages/airflow/example_dags/example_xcomargs.py
[2022-08-30T12:42:15.404+0000] {processor.py:650} INFO - DAG(s) dict_keys(['example_xcom_args', 'example_xcom_args_with_operators']) retrieved from /home/airflow/.local/lib/python3.7/site-packages/airflow/example_dags/example_xcomargs.py
[2022-08-30T12:42:15.445+0000] {logging_mixin.py:115} INFO - [2022-08-30T12:42:15.445+0000] {dag.py:2429} INFO - Sync 2 DAGs
[2022-08-30T12:42:15.473+0000] {logging_mixin.py:115} INFO - [2022-08-30T12:42:15.473+0000] {dag.py:2981} INFO - Setting next_dagrun for example_xcom_args to None, run_after=None
[2022-08-30T12:42:15.474+0000] {logging_mixin.py:115} INFO - [2022-08-30T12:42:15.474+0000] {dag.py:2981} INFO - Setting next_dagrun for example_xcom_args_with_operators to None, run_after=None
[2022-08-30T12:42:15.483+0000] {processor.py:161} INFO - Processing /home/airflow/.local/lib/python3.7/site-packages/airflow/example_dags/example_xcomargs.py took 0.098 seconds
[2022-08-30T12:42:46.179+0000] {processor.py:153} INFO - Started process (PID=426) to work on /home/airflow/.local/lib/python3.7/site-packages/airflow/example_dags/example_xcomargs.py
[2022-08-30T12:42:46.180+0000] {processor.py:640} INFO - Processing file /home/airflow/.local/lib/python3.7/site-packages/airflow/example_dags/example_xcomargs.py for tasks to queue
[2022-08-30T12:42:46.182+0000] {logging_mixin.py:115} INFO - [2022-08-30T12:42:46.182+0000] {dagbag.py:508} INFO - Filling up the DagBag from /home/airflow/.local/lib/python3.7/site-packages/airflow/example_dags/example_xcomargs.py
[2022-08-30T12:42:46.196+0000] {processor.py:650} INFO - DAG(s) dict_keys(['example_xcom_args', 'example_xcom_args_with_operators']) retrieved from /home/airflow/.local/lib/python3.7/site-packages/airflow/example_dags/example_xcomargs.py
[2022-08-30T12:42:46.239+0000] {logging_mixin.py:115} INFO - [2022-08-30T12:42:46.238+0000] {dag.py:2429} INFO - Sync 2 DAGs
[2022-08-30T12:42:46.249+0000] {logging_mixin.py:115} INFO - [2022-08-30T12:42:46.249+0000] {dag.py:2981} INFO - Setting next_dagrun for example_xcom_args to None, run_after=None
[2022-08-30T12:42:46.250+0000] {logging_mixin.py:115} INFO - [2022-08-30T12:42:46.250+0000] {dag.py:2981} INFO - Setting next_dagrun for example_xcom_args_with_operators to None, run_after=None
[2022-08-30T12:42:46.259+0000] {processor.py:161} INFO - Processing /home/airflow/.local/lib/python3.7/site-packages/airflow/example_dags/example_xcomargs.py took 0.082 seconds
[2022-08-30T12:43:17.191+0000] {processor.py:153} INFO - Started process (PID=630) to work on /home/airflow/.local/lib/python3.7/site-packages/airflow/example_dags/example_xcomargs.py
[2022-08-30T12:43:17.193+0000] {processor.py:640} INFO - Processing file /home/airflow/.local/lib/python3.7/site-packages/airflow/example_dags/example_xcomargs.py for tasks to queue
[2022-08-30T12:43:17.196+0000] {logging_mixin.py:115} INFO - [2022-08-30T12:43:17.196+0000] {dagbag.py:508} INFO - Filling up the DagBag from /home/airflow/.local/lib/python3.7/site-packages/airflow/example_dags/example_xcomargs.py
[2022-08-30T12:43:17.213+0000] {processor.py:650} INFO - DAG(s) dict_keys(['example_xcom_args', 'example_xcom_args_with_operators']) retrieved from /home/airflow/.local/lib/python3.7/site-packages/airflow/example_dags/example_xcomargs.py
[2022-08-30T12:43:17.272+0000] {logging_mixin.py:115} INFO - [2022-08-30T12:43:17.272+0000] {dag.py:2429} INFO - Sync 2 DAGs
[2022-08-30T12:43:17.284+0000] {logging_mixin.py:115} INFO - [2022-08-30T12:43:17.284+0000] {dag.py:2981} INFO - Setting next_dagrun for example_xcom_args to None, run_after=None
[2022-08-30T12:43:17.285+0000] {logging_mixin.py:115} INFO - [2022-08-30T12:43:17.285+0000] {dag.py:2981} INFO - Setting next_dagrun for example_xcom_args_with_operators to None, run_after=None
[2022-08-30T12:43:17.294+0000] {processor.py:161} INFO - Processing /home/airflow/.local/lib/python3.7/site-packages/airflow/example_dags/example_xcomargs.py took 0.106 seconds
[2022-08-30T12:43:47.913+0000] {processor.py:153} INFO - Started process (PID=822) to work on /home/airflow/.local/lib/python3.7/site-packages/airflow/example_dags/example_xcomargs.py
[2022-08-30T12:43:47.915+0000] {processor.py:640} INFO - Processing file /home/airflow/.local/lib/python3.7/site-packages/airflow/example_dags/example_xcomargs.py for tasks to queue
[2022-08-30T12:43:47.916+0000] {logging_mixin.py:115} INFO - [2022-08-30T12:43:47.916+0000] {dagbag.py:508} INFO - Filling up the DagBag from /home/airflow/.local/lib/python3.7/site-packages/airflow/example_dags/example_xcomargs.py
[2022-08-30T12:43:47.931+0000] {processor.py:650} INFO - DAG(s) dict_keys(['example_xcom_args', 'example_xcom_args_with_operators']) retrieved from /home/airflow/.local/lib/python3.7/site-packages/airflow/example_dags/example_xcomargs.py
[2022-08-30T12:43:47.970+0000] {logging_mixin.py:115} INFO - [2022-08-30T12:43:47.970+0000] {dag.py:2429} INFO - Sync 2 DAGs
[2022-08-30T12:43:47.983+0000] {logging_mixin.py:115} INFO - [2022-08-30T12:43:47.983+0000] {dag.py:2981} INFO - Setting next_dagrun for example_xcom_args to None, run_after=None
[2022-08-30T12:43:47.984+0000] {logging_mixin.py:115} INFO - [2022-08-30T12:43:47.984+0000] {dag.py:2981} INFO - Setting next_dagrun for example_xcom_args_with_operators to None, run_after=None
[2022-08-30T12:43:47.993+0000] {processor.py:161} INFO - Processing /home/airflow/.local/lib/python3.7/site-packages/airflow/example_dags/example_xcomargs.py took 0.082 seconds
[2022-08-30T12:44:18.684+0000] {processor.py:153} INFO - Started process (PID=1024) to work on /home/airflow/.local/lib/python3.7/site-packages/airflow/example_dags/example_xcomargs.py
[2022-08-30T12:44:18.685+0000] {processor.py:640} INFO - Processing file /home/airflow/.local/lib/python3.7/site-packages/airflow/example_dags/example_xcomargs.py for tasks to queue
[2022-08-30T12:44:18.685+0000] {logging_mixin.py:115} INFO - [2022-08-30T12:44:18.685+0000] {dagbag.py:508} INFO - Filling up the DagBag from /home/airflow/.local/lib/python3.7/site-packages/airflow/example_dags/example_xcomargs.py
[2022-08-30T12:44:18.697+0000] {processor.py:650} INFO - DAG(s) dict_keys(['example_xcom_args', 'example_xcom_args_with_operators']) retrieved from /home/airflow/.local/lib/python3.7/site-packages/airflow/example_dags/example_xcomargs.py
[2022-08-30T12:44:18.732+0000] {logging_mixin.py:115} INFO - [2022-08-30T12:44:18.732+0000] {dag.py:2429} INFO - Sync 2 DAGs
[2022-08-30T12:44:18.742+0000] {logging_mixin.py:115} INFO - [2022-08-30T12:44:18.742+0000] {dag.py:2981} INFO - Setting next_dagrun for example_xcom_args to None, run_after=None
[2022-08-30T12:44:18.743+0000] {logging_mixin.py:115} INFO - [2022-08-30T12:44:18.743+0000] {dag.py:2981} INFO - Setting next_dagrun for example_xcom_args_with_operators to None, run_after=None
[2022-08-30T12:44:18.750+0000] {processor.py:161} INFO - Processing /home/airflow/.local/lib/python3.7/site-packages/airflow/example_dags/example_xcomargs.py took 0.068 seconds
[2022-08-30T12:44:49.368+0000] {processor.py:153} INFO - Started process (PID=1226) to work on /home/airflow/.local/lib/python3.7/site-packages/airflow/example_dags/example_xcomargs.py
[2022-08-30T12:44:49.369+0000] {processor.py:640} INFO - Processing file /home/airflow/.local/lib/python3.7/site-packages/airflow/example_dags/example_xcomargs.py for tasks to queue
[2022-08-30T12:44:49.370+0000] {logging_mixin.py:115} INFO - [2022-08-30T12:44:49.370+0000] {dagbag.py:508} INFO - Filling up the DagBag from /home/airflow/.local/lib/python3.7/site-packages/airflow/example_dags/example_xcomargs.py
[2022-08-30T12:44:49.382+0000] {processor.py:650} INFO - DAG(s) dict_keys(['example_xcom_args', 'example_xcom_args_with_operators']) retrieved from /home/airflow/.local/lib/python3.7/site-packages/airflow/example_dags/example_xcomargs.py
[2022-08-30T12:44:49.416+0000] {logging_mixin.py:115} INFO - [2022-08-30T12:44:49.416+0000] {dag.py:2429} INFO - Sync 2 DAGs
[2022-08-30T12:44:49.426+0000] {logging_mixin.py:115} INFO - [2022-08-30T12:44:49.426+0000] {dag.py:2981} INFO - Setting next_dagrun for example_xcom_args to None, run_after=None
[2022-08-30T12:44:49.427+0000] {logging_mixin.py:115} INFO - [2022-08-30T12:44:49.427+0000] {dag.py:2981} INFO - Setting next_dagrun for example_xcom_args_with_operators to None, run_after=None
[2022-08-30T12:44:49.435+0000] {processor.py:161} INFO - Processing /home/airflow/.local/lib/python3.7/site-packages/airflow/example_dags/example_xcomargs.py took 0.069 seconds
