[2022-08-30T12:27:47.856+0000] {processor.py:153} INFO - Started process (PID=300) to work on /home/airflow/.local/lib/python3.7/site-packages/airflow/example_dags/example_branch_datetime_operator.py
[2022-08-30T12:27:47.862+0000] {processor.py:640} INFO - Processing file /home/airflow/.local/lib/python3.7/site-packages/airflow/example_dags/example_branch_datetime_operator.py for tasks to queue
[2022-08-30T12:27:47.864+0000] {logging_mixin.py:115} INFO - [2022-08-30T12:27:47.863+0000] {dagbag.py:508} INFO - Filling up the DagBag from /home/airflow/.local/lib/python3.7/site-packages/airflow/example_dags/example_branch_datetime_operator.py
[2022-08-30T12:27:47.878+0000] {processor.py:650} INFO - DAG(s) dict_keys(['example_branch_datetime_operator', 'example_branch_datetime_operator_2']) retrieved from /home/airflow/.local/lib/python3.7/site-packages/airflow/example_dags/example_branch_datetime_operator.py
[2022-08-30T12:27:47.947+0000] {logging_mixin.py:115} INFO - [2022-08-30T12:27:47.947+0000] {manager.py:508} INFO - Created Permission View: can read on DAG:example_branch_datetime_operator
[2022-08-30T12:27:47.968+0000] {logging_mixin.py:115} INFO - [2022-08-30T12:27:47.968+0000] {manager.py:508} INFO - Created Permission View: can edit on DAG:example_branch_datetime_operator
[2022-08-30T12:27:47.977+0000] {logging_mixin.py:115} INFO - [2022-08-30T12:27:47.976+0000] {manager.py:508} INFO - Created Permission View: can delete on DAG:example_branch_datetime_operator
[2022-08-30T12:27:47.988+0000] {logging_mixin.py:115} INFO - [2022-08-30T12:27:47.988+0000] {manager.py:508} INFO - Created Permission View: can read on DAG:example_branch_datetime_operator_2
[2022-08-30T12:27:47.995+0000] {logging_mixin.py:115} INFO - [2022-08-30T12:27:47.994+0000] {manager.py:508} INFO - Created Permission View: can edit on DAG:example_branch_datetime_operator_2
[2022-08-30T12:27:48.005+0000] {logging_mixin.py:115} INFO - [2022-08-30T12:27:48.005+0000] {manager.py:508} INFO - Created Permission View: can delete on DAG:example_branch_datetime_operator_2
[2022-08-30T12:27:48.006+0000] {logging_mixin.py:115} INFO - [2022-08-30T12:27:48.006+0000] {dag.py:2429} INFO - Sync 2 DAGs
[2022-08-30T12:27:48.012+0000] {logging_mixin.py:115} INFO - [2022-08-30T12:27:48.012+0000] {dag.py:2448} INFO - Creating ORM DAG for example_branch_datetime_operator_2
[2022-08-30T12:27:48.014+0000] {logging_mixin.py:115} INFO - [2022-08-30T12:27:48.013+0000] {dag.py:2448} INFO - Creating ORM DAG for example_branch_datetime_operator
[2022-08-30T12:27:48.024+0000] {logging_mixin.py:115} INFO - [2022-08-30T12:27:48.023+0000] {dag.py:2981} INFO - Setting next_dagrun for example_branch_datetime_operator to 2022-08-29T00:00:00+00:00, run_after=2022-08-30T00:00:00+00:00
[2022-08-30T12:27:48.026+0000] {logging_mixin.py:115} INFO - [2022-08-30T12:27:48.026+0000] {dag.py:2981} INFO - Setting next_dagrun for example_branch_datetime_operator_2 to 2022-08-29T00:00:00+00:00, run_after=2022-08-30T00:00:00+00:00
[2022-08-30T12:27:48.037+0000] {processor.py:161} INFO - Processing /home/airflow/.local/lib/python3.7/site-packages/airflow/example_dags/example_branch_datetime_operator.py took 0.183 seconds
[2022-08-30T12:28:18.089+0000] {processor.py:153} INFO - Started process (PID=500) to work on /home/airflow/.local/lib/python3.7/site-packages/airflow/example_dags/example_branch_datetime_operator.py
[2022-08-30T12:28:18.090+0000] {processor.py:640} INFO - Processing file /home/airflow/.local/lib/python3.7/site-packages/airflow/example_dags/example_branch_datetime_operator.py for tasks to queue
[2022-08-30T12:28:18.092+0000] {logging_mixin.py:115} INFO - [2022-08-30T12:28:18.091+0000] {dagbag.py:508} INFO - Filling up the DagBag from /home/airflow/.local/lib/python3.7/site-packages/airflow/example_dags/example_branch_datetime_operator.py
[2022-08-30T12:28:18.097+0000] {processor.py:650} INFO - DAG(s) dict_keys(['example_branch_datetime_operator', 'example_branch_datetime_operator_2']) retrieved from /home/airflow/.local/lib/python3.7/site-packages/airflow/example_dags/example_branch_datetime_operator.py
[2022-08-30T12:28:18.117+0000] {logging_mixin.py:115} INFO - [2022-08-30T12:28:18.117+0000] {dag.py:2429} INFO - Sync 2 DAGs
[2022-08-30T12:28:18.132+0000] {logging_mixin.py:115} INFO - [2022-08-30T12:28:18.132+0000] {dag.py:2981} INFO - Setting next_dagrun for example_branch_datetime_operator to 2022-08-29T00:00:00+00:00, run_after=2022-08-30T00:00:00+00:00
[2022-08-30T12:28:18.134+0000] {logging_mixin.py:115} INFO - [2022-08-30T12:28:18.134+0000] {dag.py:2981} INFO - Setting next_dagrun for example_branch_datetime_operator_2 to 2022-08-29T00:00:00+00:00, run_after=2022-08-30T00:00:00+00:00
[2022-08-30T12:28:18.141+0000] {processor.py:161} INFO - Processing /home/airflow/.local/lib/python3.7/site-packages/airflow/example_dags/example_branch_datetime_operator.py took 0.054 seconds
[2022-08-30T12:29:06.833+0000] {processor.py:153} INFO - Started process (PID=305) to work on /home/airflow/.local/lib/python3.7/site-packages/airflow/example_dags/example_branch_datetime_operator.py
[2022-08-30T12:29:06.835+0000] {processor.py:640} INFO - Processing file /home/airflow/.local/lib/python3.7/site-packages/airflow/example_dags/example_branch_datetime_operator.py for tasks to queue
[2022-08-30T12:29:06.836+0000] {logging_mixin.py:115} INFO - [2022-08-30T12:29:06.836+0000] {dagbag.py:508} INFO - Filling up the DagBag from /home/airflow/.local/lib/python3.7/site-packages/airflow/example_dags/example_branch_datetime_operator.py
[2022-08-30T12:29:06.842+0000] {processor.py:650} INFO - DAG(s) dict_keys(['example_branch_datetime_operator', 'example_branch_datetime_operator_2']) retrieved from /home/airflow/.local/lib/python3.7/site-packages/airflow/example_dags/example_branch_datetime_operator.py
[2022-08-30T12:29:06.863+0000] {logging_mixin.py:115} INFO - [2022-08-30T12:29:06.863+0000] {dag.py:2429} INFO - Sync 2 DAGs
[2022-08-30T12:29:06.879+0000] {logging_mixin.py:115} INFO - [2022-08-30T12:29:06.879+0000] {dag.py:2981} INFO - Setting next_dagrun for example_branch_datetime_operator to 2022-08-29T00:00:00+00:00, run_after=2022-08-30T00:00:00+00:00
[2022-08-30T12:29:06.881+0000] {logging_mixin.py:115} INFO - [2022-08-30T12:29:06.881+0000] {dag.py:2981} INFO - Setting next_dagrun for example_branch_datetime_operator_2 to 2022-08-29T00:00:00+00:00, run_after=2022-08-30T00:00:00+00:00
[2022-08-30T12:29:06.891+0000] {processor.py:161} INFO - Processing /home/airflow/.local/lib/python3.7/site-packages/airflow/example_dags/example_branch_datetime_operator.py took 0.060 seconds
[2022-08-30T12:29:37.534+0000] {processor.py:153} INFO - Started process (PID=507) to work on /home/airflow/.local/lib/python3.7/site-packages/airflow/example_dags/example_branch_datetime_operator.py
[2022-08-30T12:29:37.535+0000] {processor.py:640} INFO - Processing file /home/airflow/.local/lib/python3.7/site-packages/airflow/example_dags/example_branch_datetime_operator.py for tasks to queue
[2022-08-30T12:29:37.536+0000] {logging_mixin.py:115} INFO - [2022-08-30T12:29:37.536+0000] {dagbag.py:508} INFO - Filling up the DagBag from /home/airflow/.local/lib/python3.7/site-packages/airflow/example_dags/example_branch_datetime_operator.py
[2022-08-30T12:29:37.542+0000] {processor.py:650} INFO - DAG(s) dict_keys(['example_branch_datetime_operator', 'example_branch_datetime_operator_2']) retrieved from /home/airflow/.local/lib/python3.7/site-packages/airflow/example_dags/example_branch_datetime_operator.py
[2022-08-30T12:29:37.562+0000] {logging_mixin.py:115} INFO - [2022-08-30T12:29:37.562+0000] {dag.py:2429} INFO - Sync 2 DAGs
[2022-08-30T12:29:37.575+0000] {logging_mixin.py:115} INFO - [2022-08-30T12:29:37.575+0000] {dag.py:2981} INFO - Setting next_dagrun for example_branch_datetime_operator to 2022-08-29T00:00:00+00:00, run_after=2022-08-30T00:00:00+00:00
[2022-08-30T12:29:37.576+0000] {logging_mixin.py:115} INFO - [2022-08-30T12:29:37.576+0000] {dag.py:2981} INFO - Setting next_dagrun for example_branch_datetime_operator_2 to 2022-08-29T00:00:00+00:00, run_after=2022-08-30T00:00:00+00:00
[2022-08-30T12:29:37.583+0000] {processor.py:161} INFO - Processing /home/airflow/.local/lib/python3.7/site-packages/airflow/example_dags/example_branch_datetime_operator.py took 0.051 seconds
[2022-08-30T12:30:08.373+0000] {processor.py:153} INFO - Started process (PID=706) to work on /home/airflow/.local/lib/python3.7/site-packages/airflow/example_dags/example_branch_datetime_operator.py
[2022-08-30T12:30:08.374+0000] {processor.py:640} INFO - Processing file /home/airflow/.local/lib/python3.7/site-packages/airflow/example_dags/example_branch_datetime_operator.py for tasks to queue
[2022-08-30T12:30:08.375+0000] {logging_mixin.py:115} INFO - [2022-08-30T12:30:08.375+0000] {dagbag.py:508} INFO - Filling up the DagBag from /home/airflow/.local/lib/python3.7/site-packages/airflow/example_dags/example_branch_datetime_operator.py
[2022-08-30T12:30:08.382+0000] {processor.py:650} INFO - DAG(s) dict_keys(['example_branch_datetime_operator', 'example_branch_datetime_operator_2']) retrieved from /home/airflow/.local/lib/python3.7/site-packages/airflow/example_dags/example_branch_datetime_operator.py
[2022-08-30T12:30:08.404+0000] {logging_mixin.py:115} INFO - [2022-08-30T12:30:08.404+0000] {dag.py:2429} INFO - Sync 2 DAGs
[2022-08-30T12:30:08.418+0000] {logging_mixin.py:115} INFO - [2022-08-30T12:30:08.418+0000] {dag.py:2981} INFO - Setting next_dagrun for example_branch_datetime_operator to 2022-08-29T00:00:00+00:00, run_after=2022-08-30T00:00:00+00:00
[2022-08-30T12:30:08.420+0000] {logging_mixin.py:115} INFO - [2022-08-30T12:30:08.420+0000] {dag.py:2981} INFO - Setting next_dagrun for example_branch_datetime_operator_2 to 2022-08-29T00:00:00+00:00, run_after=2022-08-30T00:00:00+00:00
[2022-08-30T12:30:08.426+0000] {processor.py:161} INFO - Processing /home/airflow/.local/lib/python3.7/site-packages/airflow/example_dags/example_branch_datetime_operator.py took 0.056 seconds
[2022-08-30T12:30:39.086+0000] {processor.py:153} INFO - Started process (PID=907) to work on /home/airflow/.local/lib/python3.7/site-packages/airflow/example_dags/example_branch_datetime_operator.py
[2022-08-30T12:30:39.088+0000] {processor.py:640} INFO - Processing file /home/airflow/.local/lib/python3.7/site-packages/airflow/example_dags/example_branch_datetime_operator.py for tasks to queue
[2022-08-30T12:30:39.089+0000] {logging_mixin.py:115} INFO - [2022-08-30T12:30:39.089+0000] {dagbag.py:508} INFO - Filling up the DagBag from /home/airflow/.local/lib/python3.7/site-packages/airflow/example_dags/example_branch_datetime_operator.py
[2022-08-30T12:30:39.094+0000] {processor.py:650} INFO - DAG(s) dict_keys(['example_branch_datetime_operator', 'example_branch_datetime_operator_2']) retrieved from /home/airflow/.local/lib/python3.7/site-packages/airflow/example_dags/example_branch_datetime_operator.py
[2022-08-30T12:30:39.117+0000] {logging_mixin.py:115} INFO - [2022-08-30T12:30:39.117+0000] {dag.py:2429} INFO - Sync 2 DAGs
[2022-08-30T12:30:39.131+0000] {logging_mixin.py:115} INFO - [2022-08-30T12:30:39.131+0000] {dag.py:2981} INFO - Setting next_dagrun for example_branch_datetime_operator to 2022-08-29T00:00:00+00:00, run_after=2022-08-30T00:00:00+00:00
[2022-08-30T12:30:39.133+0000] {logging_mixin.py:115} INFO - [2022-08-30T12:30:39.133+0000] {dag.py:2981} INFO - Setting next_dagrun for example_branch_datetime_operator_2 to 2022-08-29T00:00:00+00:00, run_after=2022-08-30T00:00:00+00:00
[2022-08-30T12:30:39.140+0000] {processor.py:161} INFO - Processing /home/airflow/.local/lib/python3.7/site-packages/airflow/example_dags/example_branch_datetime_operator.py took 0.056 seconds
[2022-08-30T12:31:09.888+0000] {processor.py:153} INFO - Started process (PID=1101) to work on /home/airflow/.local/lib/python3.7/site-packages/airflow/example_dags/example_branch_datetime_operator.py
[2022-08-30T12:31:09.889+0000] {processor.py:640} INFO - Processing file /home/airflow/.local/lib/python3.7/site-packages/airflow/example_dags/example_branch_datetime_operator.py for tasks to queue
[2022-08-30T12:31:09.890+0000] {logging_mixin.py:115} INFO - [2022-08-30T12:31:09.890+0000] {dagbag.py:508} INFO - Filling up the DagBag from /home/airflow/.local/lib/python3.7/site-packages/airflow/example_dags/example_branch_datetime_operator.py
[2022-08-30T12:31:09.898+0000] {processor.py:650} INFO - DAG(s) dict_keys(['example_branch_datetime_operator', 'example_branch_datetime_operator_2']) retrieved from /home/airflow/.local/lib/python3.7/site-packages/airflow/example_dags/example_branch_datetime_operator.py
[2022-08-30T12:31:09.917+0000] {logging_mixin.py:115} INFO - [2022-08-30T12:31:09.917+0000] {dag.py:2429} INFO - Sync 2 DAGs
[2022-08-30T12:31:09.929+0000] {logging_mixin.py:115} INFO - [2022-08-30T12:31:09.929+0000] {dag.py:2981} INFO - Setting next_dagrun for example_branch_datetime_operator to 2022-08-29T00:00:00+00:00, run_after=2022-08-30T00:00:00+00:00
[2022-08-30T12:31:09.931+0000] {logging_mixin.py:115} INFO - [2022-08-30T12:31:09.931+0000] {dag.py:2981} INFO - Setting next_dagrun for example_branch_datetime_operator_2 to 2022-08-29T00:00:00+00:00, run_after=2022-08-30T00:00:00+00:00
[2022-08-30T12:31:09.937+0000] {processor.py:161} INFO - Processing /home/airflow/.local/lib/python3.7/site-packages/airflow/example_dags/example_branch_datetime_operator.py took 0.053 seconds
[2022-08-30T12:31:40.482+0000] {processor.py:153} INFO - Started process (PID=1300) to work on /home/airflow/.local/lib/python3.7/site-packages/airflow/example_dags/example_branch_datetime_operator.py
[2022-08-30T12:31:40.484+0000] {processor.py:640} INFO - Processing file /home/airflow/.local/lib/python3.7/site-packages/airflow/example_dags/example_branch_datetime_operator.py for tasks to queue
[2022-08-30T12:31:40.485+0000] {logging_mixin.py:115} INFO - [2022-08-30T12:31:40.485+0000] {dagbag.py:508} INFO - Filling up the DagBag from /home/airflow/.local/lib/python3.7/site-packages/airflow/example_dags/example_branch_datetime_operator.py
[2022-08-30T12:31:40.492+0000] {processor.py:650} INFO - DAG(s) dict_keys(['example_branch_datetime_operator', 'example_branch_datetime_operator_2']) retrieved from /home/airflow/.local/lib/python3.7/site-packages/airflow/example_dags/example_branch_datetime_operator.py
[2022-08-30T12:31:40.513+0000] {logging_mixin.py:115} INFO - [2022-08-30T12:31:40.513+0000] {dag.py:2429} INFO - Sync 2 DAGs
[2022-08-30T12:31:40.530+0000] {logging_mixin.py:115} INFO - [2022-08-30T12:31:40.530+0000] {dag.py:2981} INFO - Setting next_dagrun for example_branch_datetime_operator to 2022-08-29T00:00:00+00:00, run_after=2022-08-30T00:00:00+00:00
[2022-08-30T12:31:40.532+0000] {logging_mixin.py:115} INFO - [2022-08-30T12:31:40.532+0000] {dag.py:2981} INFO - Setting next_dagrun for example_branch_datetime_operator_2 to 2022-08-29T00:00:00+00:00, run_after=2022-08-30T00:00:00+00:00
[2022-08-30T12:31:40.539+0000] {processor.py:161} INFO - Processing /home/airflow/.local/lib/python3.7/site-packages/airflow/example_dags/example_branch_datetime_operator.py took 0.058 seconds
[2022-08-30T12:32:11.200+0000] {processor.py:153} INFO - Started process (PID=1500) to work on /home/airflow/.local/lib/python3.7/site-packages/airflow/example_dags/example_branch_datetime_operator.py
[2022-08-30T12:32:11.203+0000] {processor.py:640} INFO - Processing file /home/airflow/.local/lib/python3.7/site-packages/airflow/example_dags/example_branch_datetime_operator.py for tasks to queue
[2022-08-30T12:32:11.205+0000] {logging_mixin.py:115} INFO - [2022-08-30T12:32:11.205+0000] {dagbag.py:508} INFO - Filling up the DagBag from /home/airflow/.local/lib/python3.7/site-packages/airflow/example_dags/example_branch_datetime_operator.py
[2022-08-30T12:32:11.214+0000] {processor.py:650} INFO - DAG(s) dict_keys(['example_branch_datetime_operator', 'example_branch_datetime_operator_2']) retrieved from /home/airflow/.local/lib/python3.7/site-packages/airflow/example_dags/example_branch_datetime_operator.py
[2022-08-30T12:32:11.239+0000] {logging_mixin.py:115} INFO - [2022-08-30T12:32:11.239+0000] {dag.py:2429} INFO - Sync 2 DAGs
[2022-08-30T12:32:11.257+0000] {logging_mixin.py:115} INFO - [2022-08-30T12:32:11.257+0000] {dag.py:2981} INFO - Setting next_dagrun for example_branch_datetime_operator to 2022-08-29T00:00:00+00:00, run_after=2022-08-30T00:00:00+00:00
[2022-08-30T12:32:11.260+0000] {logging_mixin.py:115} INFO - [2022-08-30T12:32:11.260+0000] {dag.py:2981} INFO - Setting next_dagrun for example_branch_datetime_operator_2 to 2022-08-29T00:00:00+00:00, run_after=2022-08-30T00:00:00+00:00
[2022-08-30T12:32:11.274+0000] {processor.py:161} INFO - Processing /home/airflow/.local/lib/python3.7/site-packages/airflow/example_dags/example_branch_datetime_operator.py took 0.077 seconds
[2022-08-30T12:32:42.182+0000] {processor.py:153} INFO - Started process (PID=1703) to work on /home/airflow/.local/lib/python3.7/site-packages/airflow/example_dags/example_branch_datetime_operator.py
[2022-08-30T12:32:42.183+0000] {processor.py:640} INFO - Processing file /home/airflow/.local/lib/python3.7/site-packages/airflow/example_dags/example_branch_datetime_operator.py for tasks to queue
[2022-08-30T12:32:42.185+0000] {logging_mixin.py:115} INFO - [2022-08-30T12:32:42.184+0000] {dagbag.py:508} INFO - Filling up the DagBag from /home/airflow/.local/lib/python3.7/site-packages/airflow/example_dags/example_branch_datetime_operator.py
[2022-08-30T12:32:42.191+0000] {processor.py:650} INFO - DAG(s) dict_keys(['example_branch_datetime_operator', 'example_branch_datetime_operator_2']) retrieved from /home/airflow/.local/lib/python3.7/site-packages/airflow/example_dags/example_branch_datetime_operator.py
[2022-08-30T12:32:42.220+0000] {logging_mixin.py:115} INFO - [2022-08-30T12:32:42.220+0000] {dag.py:2429} INFO - Sync 2 DAGs
[2022-08-30T12:32:42.235+0000] {logging_mixin.py:115} INFO - [2022-08-30T12:32:42.235+0000] {dag.py:2981} INFO - Setting next_dagrun for example_branch_datetime_operator to 2022-08-29T00:00:00+00:00, run_after=2022-08-30T00:00:00+00:00
[2022-08-30T12:32:42.237+0000] {logging_mixin.py:115} INFO - [2022-08-30T12:32:42.237+0000] {dag.py:2981} INFO - Setting next_dagrun for example_branch_datetime_operator_2 to 2022-08-29T00:00:00+00:00, run_after=2022-08-30T00:00:00+00:00
[2022-08-30T12:32:42.245+0000] {processor.py:161} INFO - Processing /home/airflow/.local/lib/python3.7/site-packages/airflow/example_dags/example_branch_datetime_operator.py took 0.066 seconds
[2022-08-30T12:33:12.787+0000] {processor.py:153} INFO - Started process (PID=1906) to work on /home/airflow/.local/lib/python3.7/site-packages/airflow/example_dags/example_branch_datetime_operator.py
[2022-08-30T12:33:12.788+0000] {processor.py:640} INFO - Processing file /home/airflow/.local/lib/python3.7/site-packages/airflow/example_dags/example_branch_datetime_operator.py for tasks to queue
[2022-08-30T12:33:12.790+0000] {logging_mixin.py:115} INFO - [2022-08-30T12:33:12.790+0000] {dagbag.py:508} INFO - Filling up the DagBag from /home/airflow/.local/lib/python3.7/site-packages/airflow/example_dags/example_branch_datetime_operator.py
[2022-08-30T12:33:12.796+0000] {processor.py:650} INFO - DAG(s) dict_keys(['example_branch_datetime_operator', 'example_branch_datetime_operator_2']) retrieved from /home/airflow/.local/lib/python3.7/site-packages/airflow/example_dags/example_branch_datetime_operator.py
[2022-08-30T12:33:12.819+0000] {logging_mixin.py:115} INFO - [2022-08-30T12:33:12.819+0000] {dag.py:2429} INFO - Sync 2 DAGs
[2022-08-30T12:33:12.834+0000] {logging_mixin.py:115} INFO - [2022-08-30T12:33:12.834+0000] {dag.py:2981} INFO - Setting next_dagrun for example_branch_datetime_operator to 2022-08-29T00:00:00+00:00, run_after=2022-08-30T00:00:00+00:00
[2022-08-30T12:33:12.836+0000] {logging_mixin.py:115} INFO - [2022-08-30T12:33:12.836+0000] {dag.py:2981} INFO - Setting next_dagrun for example_branch_datetime_operator_2 to 2022-08-29T00:00:00+00:00, run_after=2022-08-30T00:00:00+00:00
[2022-08-30T12:33:12.843+0000] {processor.py:161} INFO - Processing /home/airflow/.local/lib/python3.7/site-packages/airflow/example_dags/example_branch_datetime_operator.py took 0.058 seconds
[2022-08-30T12:33:43.488+0000] {processor.py:153} INFO - Started process (PID=2106) to work on /home/airflow/.local/lib/python3.7/site-packages/airflow/example_dags/example_branch_datetime_operator.py
[2022-08-30T12:33:43.490+0000] {processor.py:640} INFO - Processing file /home/airflow/.local/lib/python3.7/site-packages/airflow/example_dags/example_branch_datetime_operator.py for tasks to queue
[2022-08-30T12:33:43.491+0000] {logging_mixin.py:115} INFO - [2022-08-30T12:33:43.491+0000] {dagbag.py:508} INFO - Filling up the DagBag from /home/airflow/.local/lib/python3.7/site-packages/airflow/example_dags/example_branch_datetime_operator.py
[2022-08-30T12:33:43.496+0000] {processor.py:650} INFO - DAG(s) dict_keys(['example_branch_datetime_operator', 'example_branch_datetime_operator_2']) retrieved from /home/airflow/.local/lib/python3.7/site-packages/airflow/example_dags/example_branch_datetime_operator.py
[2022-08-30T12:33:43.517+0000] {logging_mixin.py:115} INFO - [2022-08-30T12:33:43.517+0000] {dag.py:2429} INFO - Sync 2 DAGs
[2022-08-30T12:33:43.531+0000] {logging_mixin.py:115} INFO - [2022-08-30T12:33:43.531+0000] {dag.py:2981} INFO - Setting next_dagrun for example_branch_datetime_operator to 2022-08-29T00:00:00+00:00, run_after=2022-08-30T00:00:00+00:00
[2022-08-30T12:33:43.533+0000] {logging_mixin.py:115} INFO - [2022-08-30T12:33:43.533+0000] {dag.py:2981} INFO - Setting next_dagrun for example_branch_datetime_operator_2 to 2022-08-29T00:00:00+00:00, run_after=2022-08-30T00:00:00+00:00
[2022-08-30T12:33:43.540+0000] {processor.py:161} INFO - Processing /home/airflow/.local/lib/python3.7/site-packages/airflow/example_dags/example_branch_datetime_operator.py took 0.055 seconds
[2022-08-30T12:34:14.313+0000] {processor.py:153} INFO - Started process (PID=2306) to work on /home/airflow/.local/lib/python3.7/site-packages/airflow/example_dags/example_branch_datetime_operator.py
[2022-08-30T12:34:14.317+0000] {processor.py:640} INFO - Processing file /home/airflow/.local/lib/python3.7/site-packages/airflow/example_dags/example_branch_datetime_operator.py for tasks to queue
[2022-08-30T12:34:14.321+0000] {logging_mixin.py:115} INFO - [2022-08-30T12:34:14.321+0000] {dagbag.py:508} INFO - Filling up the DagBag from /home/airflow/.local/lib/python3.7/site-packages/airflow/example_dags/example_branch_datetime_operator.py
[2022-08-30T12:34:14.331+0000] {processor.py:650} INFO - DAG(s) dict_keys(['example_branch_datetime_operator', 'example_branch_datetime_operator_2']) retrieved from /home/airflow/.local/lib/python3.7/site-packages/airflow/example_dags/example_branch_datetime_operator.py
[2022-08-30T12:34:14.357+0000] {logging_mixin.py:115} INFO - [2022-08-30T12:34:14.357+0000] {dag.py:2429} INFO - Sync 2 DAGs
[2022-08-30T12:34:14.371+0000] {logging_mixin.py:115} INFO - [2022-08-30T12:34:14.371+0000] {dag.py:2981} INFO - Setting next_dagrun for example_branch_datetime_operator to 2022-08-29T00:00:00+00:00, run_after=2022-08-30T00:00:00+00:00
[2022-08-30T12:34:14.373+0000] {logging_mixin.py:115} INFO - [2022-08-30T12:34:14.373+0000] {dag.py:2981} INFO - Setting next_dagrun for example_branch_datetime_operator_2 to 2022-08-29T00:00:00+00:00, run_after=2022-08-30T00:00:00+00:00
[2022-08-30T12:34:14.380+0000] {processor.py:161} INFO - Processing /home/airflow/.local/lib/python3.7/site-packages/airflow/example_dags/example_branch_datetime_operator.py took 0.071 seconds
[2022-08-30T12:34:45.018+0000] {processor.py:153} INFO - Started process (PID=2502) to work on /home/airflow/.local/lib/python3.7/site-packages/airflow/example_dags/example_branch_datetime_operator.py
[2022-08-30T12:34:45.020+0000] {processor.py:640} INFO - Processing file /home/airflow/.local/lib/python3.7/site-packages/airflow/example_dags/example_branch_datetime_operator.py for tasks to queue
[2022-08-30T12:34:45.021+0000] {logging_mixin.py:115} INFO - [2022-08-30T12:34:45.021+0000] {dagbag.py:508} INFO - Filling up the DagBag from /home/airflow/.local/lib/python3.7/site-packages/airflow/example_dags/example_branch_datetime_operator.py
[2022-08-30T12:34:45.028+0000] {processor.py:650} INFO - DAG(s) dict_keys(['example_branch_datetime_operator', 'example_branch_datetime_operator_2']) retrieved from /home/airflow/.local/lib/python3.7/site-packages/airflow/example_dags/example_branch_datetime_operator.py
[2022-08-30T12:34:45.052+0000] {logging_mixin.py:115} INFO - [2022-08-30T12:34:45.052+0000] {dag.py:2429} INFO - Sync 2 DAGs
[2022-08-30T12:34:45.067+0000] {logging_mixin.py:115} INFO - [2022-08-30T12:34:45.067+0000] {dag.py:2981} INFO - Setting next_dagrun for example_branch_datetime_operator to 2022-08-29T00:00:00+00:00, run_after=2022-08-30T00:00:00+00:00
[2022-08-30T12:34:45.069+0000] {logging_mixin.py:115} INFO - [2022-08-30T12:34:45.069+0000] {dag.py:2981} INFO - Setting next_dagrun for example_branch_datetime_operator_2 to 2022-08-29T00:00:00+00:00, run_after=2022-08-30T00:00:00+00:00
[2022-08-30T12:34:45.078+0000] {processor.py:161} INFO - Processing /home/airflow/.local/lib/python3.7/site-packages/airflow/example_dags/example_branch_datetime_operator.py took 0.062 seconds
[2022-08-30T12:35:15.752+0000] {processor.py:153} INFO - Started process (PID=2693) to work on /home/airflow/.local/lib/python3.7/site-packages/airflow/example_dags/example_branch_datetime_operator.py
[2022-08-30T12:35:15.753+0000] {processor.py:640} INFO - Processing file /home/airflow/.local/lib/python3.7/site-packages/airflow/example_dags/example_branch_datetime_operator.py for tasks to queue
[2022-08-30T12:35:15.754+0000] {logging_mixin.py:115} INFO - [2022-08-30T12:35:15.754+0000] {dagbag.py:508} INFO - Filling up the DagBag from /home/airflow/.local/lib/python3.7/site-packages/airflow/example_dags/example_branch_datetime_operator.py
[2022-08-30T12:35:15.760+0000] {processor.py:650} INFO - DAG(s) dict_keys(['example_branch_datetime_operator', 'example_branch_datetime_operator_2']) retrieved from /home/airflow/.local/lib/python3.7/site-packages/airflow/example_dags/example_branch_datetime_operator.py
[2022-08-30T12:35:15.781+0000] {logging_mixin.py:115} INFO - [2022-08-30T12:35:15.781+0000] {dag.py:2429} INFO - Sync 2 DAGs
[2022-08-30T12:35:15.796+0000] {logging_mixin.py:115} INFO - [2022-08-30T12:35:15.796+0000] {dag.py:2981} INFO - Setting next_dagrun for example_branch_datetime_operator to 2022-08-29T00:00:00+00:00, run_after=2022-08-30T00:00:00+00:00
[2022-08-30T12:35:15.798+0000] {logging_mixin.py:115} INFO - [2022-08-30T12:35:15.798+0000] {dag.py:2981} INFO - Setting next_dagrun for example_branch_datetime_operator_2 to 2022-08-29T00:00:00+00:00, run_after=2022-08-30T00:00:00+00:00
[2022-08-30T12:35:15.806+0000] {processor.py:161} INFO - Processing /home/airflow/.local/lib/python3.7/site-packages/airflow/example_dags/example_branch_datetime_operator.py took 0.056 seconds
[2022-08-30T12:35:46.638+0000] {processor.py:153} INFO - Started process (PID=2895) to work on /home/airflow/.local/lib/python3.7/site-packages/airflow/example_dags/example_branch_datetime_operator.py
[2022-08-30T12:35:46.639+0000] {processor.py:640} INFO - Processing file /home/airflow/.local/lib/python3.7/site-packages/airflow/example_dags/example_branch_datetime_operator.py for tasks to queue
[2022-08-30T12:35:46.640+0000] {logging_mixin.py:115} INFO - [2022-08-30T12:35:46.640+0000] {dagbag.py:508} INFO - Filling up the DagBag from /home/airflow/.local/lib/python3.7/site-packages/airflow/example_dags/example_branch_datetime_operator.py
[2022-08-30T12:35:46.646+0000] {processor.py:650} INFO - DAG(s) dict_keys(['example_branch_datetime_operator', 'example_branch_datetime_operator_2']) retrieved from /home/airflow/.local/lib/python3.7/site-packages/airflow/example_dags/example_branch_datetime_operator.py
[2022-08-30T12:35:46.667+0000] {logging_mixin.py:115} INFO - [2022-08-30T12:35:46.667+0000] {dag.py:2429} INFO - Sync 2 DAGs
[2022-08-30T12:35:46.681+0000] {logging_mixin.py:115} INFO - [2022-08-30T12:35:46.681+0000] {dag.py:2981} INFO - Setting next_dagrun for example_branch_datetime_operator to 2022-08-29T00:00:00+00:00, run_after=2022-08-30T00:00:00+00:00
[2022-08-30T12:35:46.683+0000] {logging_mixin.py:115} INFO - [2022-08-30T12:35:46.683+0000] {dag.py:2981} INFO - Setting next_dagrun for example_branch_datetime_operator_2 to 2022-08-29T00:00:00+00:00, run_after=2022-08-30T00:00:00+00:00
[2022-08-30T12:35:46.690+0000] {processor.py:161} INFO - Processing /home/airflow/.local/lib/python3.7/site-packages/airflow/example_dags/example_branch_datetime_operator.py took 0.055 seconds
[2022-08-30T12:36:17.645+0000] {processor.py:153} INFO - Started process (PID=3104) to work on /home/airflow/.local/lib/python3.7/site-packages/airflow/example_dags/example_branch_datetime_operator.py
[2022-08-30T12:36:17.647+0000] {processor.py:640} INFO - Processing file /home/airflow/.local/lib/python3.7/site-packages/airflow/example_dags/example_branch_datetime_operator.py for tasks to queue
[2022-08-30T12:36:17.648+0000] {logging_mixin.py:115} INFO - [2022-08-30T12:36:17.648+0000] {dagbag.py:508} INFO - Filling up the DagBag from /home/airflow/.local/lib/python3.7/site-packages/airflow/example_dags/example_branch_datetime_operator.py
[2022-08-30T12:36:17.654+0000] {processor.py:650} INFO - DAG(s) dict_keys(['example_branch_datetime_operator', 'example_branch_datetime_operator_2']) retrieved from /home/airflow/.local/lib/python3.7/site-packages/airflow/example_dags/example_branch_datetime_operator.py
[2022-08-30T12:36:17.674+0000] {logging_mixin.py:115} INFO - [2022-08-30T12:36:17.674+0000] {dag.py:2429} INFO - Sync 2 DAGs
[2022-08-30T12:36:17.687+0000] {logging_mixin.py:115} INFO - [2022-08-30T12:36:17.687+0000] {dag.py:2981} INFO - Setting next_dagrun for example_branch_datetime_operator to 2022-08-29T00:00:00+00:00, run_after=2022-08-30T00:00:00+00:00
[2022-08-30T12:36:17.688+0000] {logging_mixin.py:115} INFO - [2022-08-30T12:36:17.688+0000] {dag.py:2981} INFO - Setting next_dagrun for example_branch_datetime_operator_2 to 2022-08-29T00:00:00+00:00, run_after=2022-08-30T00:00:00+00:00
[2022-08-30T12:36:17.695+0000] {processor.py:161} INFO - Processing /home/airflow/.local/lib/python3.7/site-packages/airflow/example_dags/example_branch_datetime_operator.py took 0.051 seconds
[2022-08-30T12:36:48.319+0000] {processor.py:153} INFO - Started process (PID=3299) to work on /home/airflow/.local/lib/python3.7/site-packages/airflow/example_dags/example_branch_datetime_operator.py
[2022-08-30T12:36:48.320+0000] {processor.py:640} INFO - Processing file /home/airflow/.local/lib/python3.7/site-packages/airflow/example_dags/example_branch_datetime_operator.py for tasks to queue
[2022-08-30T12:36:48.321+0000] {logging_mixin.py:115} INFO - [2022-08-30T12:36:48.321+0000] {dagbag.py:508} INFO - Filling up the DagBag from /home/airflow/.local/lib/python3.7/site-packages/airflow/example_dags/example_branch_datetime_operator.py
[2022-08-30T12:36:48.328+0000] {processor.py:650} INFO - DAG(s) dict_keys(['example_branch_datetime_operator', 'example_branch_datetime_operator_2']) retrieved from /home/airflow/.local/lib/python3.7/site-packages/airflow/example_dags/example_branch_datetime_operator.py
[2022-08-30T12:36:48.347+0000] {logging_mixin.py:115} INFO - [2022-08-30T12:36:48.347+0000] {dag.py:2429} INFO - Sync 2 DAGs
[2022-08-30T12:36:48.360+0000] {logging_mixin.py:115} INFO - [2022-08-30T12:36:48.360+0000] {dag.py:2981} INFO - Setting next_dagrun for example_branch_datetime_operator to 2022-08-29T00:00:00+00:00, run_after=2022-08-30T00:00:00+00:00
[2022-08-30T12:36:48.362+0000] {logging_mixin.py:115} INFO - [2022-08-30T12:36:48.362+0000] {dag.py:2981} INFO - Setting next_dagrun for example_branch_datetime_operator_2 to 2022-08-29T00:00:00+00:00, run_after=2022-08-30T00:00:00+00:00
[2022-08-30T12:36:48.370+0000] {processor.py:161} INFO - Processing /home/airflow/.local/lib/python3.7/site-packages/airflow/example_dags/example_branch_datetime_operator.py took 0.054 seconds
[2022-08-30T12:37:19.021+0000] {processor.py:153} INFO - Started process (PID=3496) to work on /home/airflow/.local/lib/python3.7/site-packages/airflow/example_dags/example_branch_datetime_operator.py
[2022-08-30T12:37:19.022+0000] {processor.py:640} INFO - Processing file /home/airflow/.local/lib/python3.7/site-packages/airflow/example_dags/example_branch_datetime_operator.py for tasks to queue
[2022-08-30T12:37:19.023+0000] {logging_mixin.py:115} INFO - [2022-08-30T12:37:19.023+0000] {dagbag.py:508} INFO - Filling up the DagBag from /home/airflow/.local/lib/python3.7/site-packages/airflow/example_dags/example_branch_datetime_operator.py
[2022-08-30T12:37:19.029+0000] {processor.py:650} INFO - DAG(s) dict_keys(['example_branch_datetime_operator', 'example_branch_datetime_operator_2']) retrieved from /home/airflow/.local/lib/python3.7/site-packages/airflow/example_dags/example_branch_datetime_operator.py
[2022-08-30T12:37:19.048+0000] {logging_mixin.py:115} INFO - [2022-08-30T12:37:19.048+0000] {dag.py:2429} INFO - Sync 2 DAGs
[2022-08-30T12:37:19.060+0000] {logging_mixin.py:115} INFO - [2022-08-30T12:37:19.060+0000] {dag.py:2981} INFO - Setting next_dagrun for example_branch_datetime_operator to 2022-08-29T00:00:00+00:00, run_after=2022-08-30T00:00:00+00:00
[2022-08-30T12:37:19.062+0000] {logging_mixin.py:115} INFO - [2022-08-30T12:37:19.062+0000] {dag.py:2981} INFO - Setting next_dagrun for example_branch_datetime_operator_2 to 2022-08-29T00:00:00+00:00, run_after=2022-08-30T00:00:00+00:00
[2022-08-30T12:37:19.068+0000] {processor.py:161} INFO - Processing /home/airflow/.local/lib/python3.7/site-packages/airflow/example_dags/example_branch_datetime_operator.py took 0.049 seconds
[2022-08-30T12:37:49.837+0000] {processor.py:153} INFO - Started process (PID=3700) to work on /home/airflow/.local/lib/python3.7/site-packages/airflow/example_dags/example_branch_datetime_operator.py
[2022-08-30T12:37:49.838+0000] {processor.py:640} INFO - Processing file /home/airflow/.local/lib/python3.7/site-packages/airflow/example_dags/example_branch_datetime_operator.py for tasks to queue
[2022-08-30T12:37:49.839+0000] {logging_mixin.py:115} INFO - [2022-08-30T12:37:49.839+0000] {dagbag.py:508} INFO - Filling up the DagBag from /home/airflow/.local/lib/python3.7/site-packages/airflow/example_dags/example_branch_datetime_operator.py
[2022-08-30T12:37:49.845+0000] {processor.py:650} INFO - DAG(s) dict_keys(['example_branch_datetime_operator', 'example_branch_datetime_operator_2']) retrieved from /home/airflow/.local/lib/python3.7/site-packages/airflow/example_dags/example_branch_datetime_operator.py
[2022-08-30T12:37:49.863+0000] {logging_mixin.py:115} INFO - [2022-08-30T12:37:49.863+0000] {dag.py:2429} INFO - Sync 2 DAGs
[2022-08-30T12:37:49.876+0000] {logging_mixin.py:115} INFO - [2022-08-30T12:37:49.876+0000] {dag.py:2981} INFO - Setting next_dagrun for example_branch_datetime_operator to 2022-08-29T00:00:00+00:00, run_after=2022-08-30T00:00:00+00:00
[2022-08-30T12:37:49.878+0000] {logging_mixin.py:115} INFO - [2022-08-30T12:37:49.877+0000] {dag.py:2981} INFO - Setting next_dagrun for example_branch_datetime_operator_2 to 2022-08-29T00:00:00+00:00, run_after=2022-08-30T00:00:00+00:00
[2022-08-30T12:37:49.884+0000] {processor.py:161} INFO - Processing /home/airflow/.local/lib/python3.7/site-packages/airflow/example_dags/example_branch_datetime_operator.py took 0.050 seconds
[2022-08-30T12:40:12.640+0000] {processor.py:153} INFO - Started process (PID=312) to work on /home/airflow/.local/lib/python3.7/site-packages/airflow/example_dags/example_branch_datetime_operator.py
[2022-08-30T12:40:12.642+0000] {processor.py:640} INFO - Processing file /home/airflow/.local/lib/python3.7/site-packages/airflow/example_dags/example_branch_datetime_operator.py for tasks to queue
[2022-08-30T12:40:12.644+0000] {logging_mixin.py:115} INFO - [2022-08-30T12:40:12.644+0000] {dagbag.py:508} INFO - Filling up the DagBag from /home/airflow/.local/lib/python3.7/site-packages/airflow/example_dags/example_branch_datetime_operator.py
[2022-08-30T12:40:12.672+0000] {processor.py:650} INFO - DAG(s) dict_keys(['example_branch_datetime_operator', 'example_branch_datetime_operator_2']) retrieved from /home/airflow/.local/lib/python3.7/site-packages/airflow/example_dags/example_branch_datetime_operator.py
[2022-08-30T12:40:12.869+0000] {logging_mixin.py:115} INFO - [2022-08-30T12:40:12.869+0000] {manager.py:508} INFO - Created Permission View: can edit on DAG:example_branch_datetime_operator
[2022-08-30T12:40:12.892+0000] {logging_mixin.py:115} INFO - [2022-08-30T12:40:12.892+0000] {manager.py:508} INFO - Created Permission View: can read on DAG:example_branch_datetime_operator
[2022-08-30T12:40:12.924+0000] {logging_mixin.py:115} INFO - [2022-08-30T12:40:12.923+0000] {manager.py:508} INFO - Created Permission View: can delete on DAG:example_branch_datetime_operator
[2022-08-30T12:40:12.948+0000] {logging_mixin.py:115} INFO - [2022-08-30T12:40:12.948+0000] {manager.py:508} INFO - Created Permission View: can edit on DAG:example_branch_datetime_operator_2
[2022-08-30T12:40:12.961+0000] {logging_mixin.py:115} INFO - [2022-08-30T12:40:12.961+0000] {manager.py:508} INFO - Created Permission View: can read on DAG:example_branch_datetime_operator_2
[2022-08-30T12:40:12.978+0000] {logging_mixin.py:115} INFO - [2022-08-30T12:40:12.978+0000] {manager.py:508} INFO - Created Permission View: can delete on DAG:example_branch_datetime_operator_2
[2022-08-30T12:40:12.980+0000] {logging_mixin.py:115} INFO - [2022-08-30T12:40:12.980+0000] {dag.py:2429} INFO - Sync 2 DAGs
[2022-08-30T12:40:12.996+0000] {logging_mixin.py:115} INFO - [2022-08-30T12:40:12.996+0000] {dag.py:2448} INFO - Creating ORM DAG for example_branch_datetime_operator_2
[2022-08-30T12:40:12.998+0000] {logging_mixin.py:115} INFO - [2022-08-30T12:40:12.998+0000] {dag.py:2448} INFO - Creating ORM DAG for example_branch_datetime_operator
[2022-08-30T12:40:13.025+0000] {logging_mixin.py:115} INFO - [2022-08-30T12:40:13.023+0000] {dag.py:2981} INFO - Setting next_dagrun for example_branch_datetime_operator to 2022-08-29T00:00:00+00:00, run_after=2022-08-30T00:00:00+00:00
[2022-08-30T12:40:13.027+0000] {logging_mixin.py:115} INFO - [2022-08-30T12:40:13.027+0000] {dag.py:2981} INFO - Setting next_dagrun for example_branch_datetime_operator_2 to 2022-08-29T00:00:00+00:00, run_after=2022-08-30T00:00:00+00:00
[2022-08-30T12:40:13.059+0000] {processor.py:161} INFO - Processing /home/airflow/.local/lib/python3.7/site-packages/airflow/example_dags/example_branch_datetime_operator.py took 0.421 seconds
[2022-08-30T12:42:16.137+0000] {processor.py:153} INFO - Started process (PID=299) to work on /home/airflow/.local/lib/python3.7/site-packages/airflow/example_dags/example_branch_datetime_operator.py
[2022-08-30T12:42:16.139+0000] {processor.py:640} INFO - Processing file /home/airflow/.local/lib/python3.7/site-packages/airflow/example_dags/example_branch_datetime_operator.py for tasks to queue
[2022-08-30T12:42:16.139+0000] {logging_mixin.py:115} INFO - [2022-08-30T12:42:16.139+0000] {dagbag.py:508} INFO - Filling up the DagBag from /home/airflow/.local/lib/python3.7/site-packages/airflow/example_dags/example_branch_datetime_operator.py
[2022-08-30T12:42:16.146+0000] {processor.py:650} INFO - DAG(s) dict_keys(['example_branch_datetime_operator', 'example_branch_datetime_operator_2']) retrieved from /home/airflow/.local/lib/python3.7/site-packages/airflow/example_dags/example_branch_datetime_operator.py
[2022-08-30T12:42:16.166+0000] {logging_mixin.py:115} INFO - [2022-08-30T12:42:16.166+0000] {dag.py:2429} INFO - Sync 2 DAGs
[2022-08-30T12:42:16.180+0000] {logging_mixin.py:115} INFO - [2022-08-30T12:42:16.180+0000] {dag.py:2981} INFO - Setting next_dagrun for example_branch_datetime_operator to 2022-08-29T00:00:00+00:00, run_after=2022-08-30T00:00:00+00:00
[2022-08-30T12:42:16.182+0000] {logging_mixin.py:115} INFO - [2022-08-30T12:42:16.182+0000] {dag.py:2981} INFO - Setting next_dagrun for example_branch_datetime_operator_2 to 2022-08-29T00:00:00+00:00, run_after=2022-08-30T00:00:00+00:00
[2022-08-30T12:42:16.190+0000] {processor.py:161} INFO - Processing /home/airflow/.local/lib/python3.7/site-packages/airflow/example_dags/example_branch_datetime_operator.py took 0.055 seconds
[2022-08-30T12:42:46.926+0000] {processor.py:153} INFO - Started process (PID=501) to work on /home/airflow/.local/lib/python3.7/site-packages/airflow/example_dags/example_branch_datetime_operator.py
[2022-08-30T12:42:46.928+0000] {processor.py:640} INFO - Processing file /home/airflow/.local/lib/python3.7/site-packages/airflow/example_dags/example_branch_datetime_operator.py for tasks to queue
[2022-08-30T12:42:46.929+0000] {logging_mixin.py:115} INFO - [2022-08-30T12:42:46.929+0000] {dagbag.py:508} INFO - Filling up the DagBag from /home/airflow/.local/lib/python3.7/site-packages/airflow/example_dags/example_branch_datetime_operator.py
[2022-08-30T12:42:46.935+0000] {processor.py:650} INFO - DAG(s) dict_keys(['example_branch_datetime_operator', 'example_branch_datetime_operator_2']) retrieved from /home/airflow/.local/lib/python3.7/site-packages/airflow/example_dags/example_branch_datetime_operator.py
[2022-08-30T12:42:46.954+0000] {logging_mixin.py:115} INFO - [2022-08-30T12:42:46.954+0000] {dag.py:2429} INFO - Sync 2 DAGs
[2022-08-30T12:42:46.966+0000] {logging_mixin.py:115} INFO - [2022-08-30T12:42:46.966+0000] {dag.py:2981} INFO - Setting next_dagrun for example_branch_datetime_operator to 2022-08-29T00:00:00+00:00, run_after=2022-08-30T00:00:00+00:00
[2022-08-30T12:42:46.967+0000] {logging_mixin.py:115} INFO - [2022-08-30T12:42:46.967+0000] {dag.py:2981} INFO - Setting next_dagrun for example_branch_datetime_operator_2 to 2022-08-29T00:00:00+00:00, run_after=2022-08-30T00:00:00+00:00
[2022-08-30T12:42:46.974+0000] {processor.py:161} INFO - Processing /home/airflow/.local/lib/python3.7/site-packages/airflow/example_dags/example_branch_datetime_operator.py took 0.050 seconds
[2022-08-30T12:43:17.939+0000] {processor.py:153} INFO - Started process (PID=705) to work on /home/airflow/.local/lib/python3.7/site-packages/airflow/example_dags/example_branch_datetime_operator.py
[2022-08-30T12:43:17.940+0000] {processor.py:640} INFO - Processing file /home/airflow/.local/lib/python3.7/site-packages/airflow/example_dags/example_branch_datetime_operator.py for tasks to queue
[2022-08-30T12:43:17.941+0000] {logging_mixin.py:115} INFO - [2022-08-30T12:43:17.941+0000] {dagbag.py:508} INFO - Filling up the DagBag from /home/airflow/.local/lib/python3.7/site-packages/airflow/example_dags/example_branch_datetime_operator.py
[2022-08-30T12:43:17.947+0000] {processor.py:650} INFO - DAG(s) dict_keys(['example_branch_datetime_operator', 'example_branch_datetime_operator_2']) retrieved from /home/airflow/.local/lib/python3.7/site-packages/airflow/example_dags/example_branch_datetime_operator.py
[2022-08-30T12:43:17.969+0000] {logging_mixin.py:115} INFO - [2022-08-30T12:43:17.969+0000] {dag.py:2429} INFO - Sync 2 DAGs
[2022-08-30T12:43:17.983+0000] {logging_mixin.py:115} INFO - [2022-08-30T12:43:17.983+0000] {dag.py:2981} INFO - Setting next_dagrun for example_branch_datetime_operator to 2022-08-29T00:00:00+00:00, run_after=2022-08-30T00:00:00+00:00
[2022-08-30T12:43:17.985+0000] {logging_mixin.py:115} INFO - [2022-08-30T12:43:17.985+0000] {dag.py:2981} INFO - Setting next_dagrun for example_branch_datetime_operator_2 to 2022-08-29T00:00:00+00:00, run_after=2022-08-30T00:00:00+00:00
[2022-08-30T12:43:17.992+0000] {processor.py:161} INFO - Processing /home/airflow/.local/lib/python3.7/site-packages/airflow/example_dags/example_branch_datetime_operator.py took 0.055 seconds
[2022-08-30T12:43:48.648+0000] {processor.py:153} INFO - Started process (PID=897) to work on /home/airflow/.local/lib/python3.7/site-packages/airflow/example_dags/example_branch_datetime_operator.py
[2022-08-30T12:43:48.649+0000] {processor.py:640} INFO - Processing file /home/airflow/.local/lib/python3.7/site-packages/airflow/example_dags/example_branch_datetime_operator.py for tasks to queue
[2022-08-30T12:43:48.650+0000] {logging_mixin.py:115} INFO - [2022-08-30T12:43:48.650+0000] {dagbag.py:508} INFO - Filling up the DagBag from /home/airflow/.local/lib/python3.7/site-packages/airflow/example_dags/example_branch_datetime_operator.py
[2022-08-30T12:43:48.656+0000] {processor.py:650} INFO - DAG(s) dict_keys(['example_branch_datetime_operator', 'example_branch_datetime_operator_2']) retrieved from /home/airflow/.local/lib/python3.7/site-packages/airflow/example_dags/example_branch_datetime_operator.py
[2022-08-30T12:43:48.676+0000] {logging_mixin.py:115} INFO - [2022-08-30T12:43:48.676+0000] {dag.py:2429} INFO - Sync 2 DAGs
[2022-08-30T12:43:48.689+0000] {logging_mixin.py:115} INFO - [2022-08-30T12:43:48.689+0000] {dag.py:2981} INFO - Setting next_dagrun for example_branch_datetime_operator to 2022-08-29T00:00:00+00:00, run_after=2022-08-30T00:00:00+00:00
[2022-08-30T12:43:48.691+0000] {logging_mixin.py:115} INFO - [2022-08-30T12:43:48.691+0000] {dag.py:2981} INFO - Setting next_dagrun for example_branch_datetime_operator_2 to 2022-08-29T00:00:00+00:00, run_after=2022-08-30T00:00:00+00:00
[2022-08-30T12:43:48.698+0000] {processor.py:161} INFO - Processing /home/airflow/.local/lib/python3.7/site-packages/airflow/example_dags/example_branch_datetime_operator.py took 0.052 seconds
[2022-08-30T12:44:19.386+0000] {processor.py:153} INFO - Started process (PID=1097) to work on /home/airflow/.local/lib/python3.7/site-packages/airflow/example_dags/example_branch_datetime_operator.py
[2022-08-30T12:44:19.388+0000] {processor.py:640} INFO - Processing file /home/airflow/.local/lib/python3.7/site-packages/airflow/example_dags/example_branch_datetime_operator.py for tasks to queue
[2022-08-30T12:44:19.388+0000] {logging_mixin.py:115} INFO - [2022-08-30T12:44:19.388+0000] {dagbag.py:508} INFO - Filling up the DagBag from /home/airflow/.local/lib/python3.7/site-packages/airflow/example_dags/example_branch_datetime_operator.py
[2022-08-30T12:44:19.394+0000] {processor.py:650} INFO - DAG(s) dict_keys(['example_branch_datetime_operator', 'example_branch_datetime_operator_2']) retrieved from /home/airflow/.local/lib/python3.7/site-packages/airflow/example_dags/example_branch_datetime_operator.py
[2022-08-30T12:44:19.414+0000] {logging_mixin.py:115} INFO - [2022-08-30T12:44:19.414+0000] {dag.py:2429} INFO - Sync 2 DAGs
[2022-08-30T12:44:19.427+0000] {logging_mixin.py:115} INFO - [2022-08-30T12:44:19.427+0000] {dag.py:2981} INFO - Setting next_dagrun for example_branch_datetime_operator to 2022-08-29T00:00:00+00:00, run_after=2022-08-30T00:00:00+00:00
[2022-08-30T12:44:19.429+0000] {logging_mixin.py:115} INFO - [2022-08-30T12:44:19.429+0000] {dag.py:2981} INFO - Setting next_dagrun for example_branch_datetime_operator_2 to 2022-08-29T00:00:00+00:00, run_after=2022-08-30T00:00:00+00:00
[2022-08-30T12:44:19.436+0000] {processor.py:161} INFO - Processing /home/airflow/.local/lib/python3.7/site-packages/airflow/example_dags/example_branch_datetime_operator.py took 0.052 seconds
[2022-08-30T12:44:50.051+0000] {processor.py:153} INFO - Started process (PID=1299) to work on /home/airflow/.local/lib/python3.7/site-packages/airflow/example_dags/example_branch_datetime_operator.py
[2022-08-30T12:44:50.052+0000] {processor.py:640} INFO - Processing file /home/airflow/.local/lib/python3.7/site-packages/airflow/example_dags/example_branch_datetime_operator.py for tasks to queue
[2022-08-30T12:44:50.053+0000] {logging_mixin.py:115} INFO - [2022-08-30T12:44:50.053+0000] {dagbag.py:508} INFO - Filling up the DagBag from /home/airflow/.local/lib/python3.7/site-packages/airflow/example_dags/example_branch_datetime_operator.py
[2022-08-30T12:44:50.059+0000] {processor.py:650} INFO - DAG(s) dict_keys(['example_branch_datetime_operator', 'example_branch_datetime_operator_2']) retrieved from /home/airflow/.local/lib/python3.7/site-packages/airflow/example_dags/example_branch_datetime_operator.py
[2022-08-30T12:44:50.079+0000] {logging_mixin.py:115} INFO - [2022-08-30T12:44:50.079+0000] {dag.py:2429} INFO - Sync 2 DAGs
[2022-08-30T12:44:50.092+0000] {logging_mixin.py:115} INFO - [2022-08-30T12:44:50.091+0000] {dag.py:2981} INFO - Setting next_dagrun for example_branch_datetime_operator to 2022-08-29T00:00:00+00:00, run_after=2022-08-30T00:00:00+00:00
[2022-08-30T12:44:50.093+0000] {logging_mixin.py:115} INFO - [2022-08-30T12:44:50.093+0000] {dag.py:2981} INFO - Setting next_dagrun for example_branch_datetime_operator_2 to 2022-08-29T00:00:00+00:00, run_after=2022-08-30T00:00:00+00:00
[2022-08-30T12:44:50.100+0000] {processor.py:161} INFO - Processing /home/airflow/.local/lib/python3.7/site-packages/airflow/example_dags/example_branch_datetime_operator.py took 0.052 seconds
