[2022-08-30T12:27:47.023+0000] {processor.py:153} INFO - Started process (PID=270) to work on /home/airflow/.local/lib/python3.7/site-packages/airflow/example_dags/example_complex.py
[2022-08-30T12:27:47.024+0000] {processor.py:640} INFO - Processing file /home/airflow/.local/lib/python3.7/site-packages/airflow/example_dags/example_complex.py for tasks to queue
[2022-08-30T12:27:47.026+0000] {logging_mixin.py:115} INFO - [2022-08-30T12:27:47.026+0000] {dagbag.py:508} INFO - Filling up the DagBag from /home/airflow/.local/lib/python3.7/site-packages/airflow/example_dags/example_complex.py
[2022-08-30T12:27:47.034+0000] {processor.py:650} INFO - DAG(s) dict_keys(['example_complex']) retrieved from /home/airflow/.local/lib/python3.7/site-packages/airflow/example_dags/example_complex.py
[2022-08-30T12:27:47.181+0000] {logging_mixin.py:115} INFO - [2022-08-30T12:27:47.181+0000] {manager.py:508} INFO - Created Permission View: can read on DAG:example_complex
[2022-08-30T12:27:47.190+0000] {logging_mixin.py:115} INFO - [2022-08-30T12:27:47.190+0000] {manager.py:508} INFO - Created Permission View: can edit on DAG:example_complex
[2022-08-30T12:27:47.237+0000] {logging_mixin.py:115} INFO - [2022-08-30T12:27:47.237+0000] {manager.py:508} INFO - Created Permission View: can delete on DAG:example_complex
[2022-08-30T12:27:47.252+0000] {logging_mixin.py:115} INFO - [2022-08-30T12:27:47.252+0000] {dag.py:2429} INFO - Sync 1 DAGs
[2022-08-30T12:27:47.268+0000] {logging_mixin.py:115} INFO - [2022-08-30T12:27:47.268+0000] {dag.py:2448} INFO - Creating ORM DAG for example_complex
[2022-08-30T12:27:47.277+0000] {logging_mixin.py:115} INFO - [2022-08-30T12:27:47.277+0000] {dag.py:2981} INFO - Setting next_dagrun for example_complex to None, run_after=None
[2022-08-30T12:27:47.295+0000] {processor.py:161} INFO - Processing /home/airflow/.local/lib/python3.7/site-packages/airflow/example_dags/example_complex.py took 0.275 seconds
[2022-08-30T12:28:17.685+0000] {processor.py:153} INFO - Started process (PID=472) to work on /home/airflow/.local/lib/python3.7/site-packages/airflow/example_dags/example_complex.py
[2022-08-30T12:28:17.687+0000] {processor.py:640} INFO - Processing file /home/airflow/.local/lib/python3.7/site-packages/airflow/example_dags/example_complex.py for tasks to queue
[2022-08-30T12:28:17.688+0000] {logging_mixin.py:115} INFO - [2022-08-30T12:28:17.688+0000] {dagbag.py:508} INFO - Filling up the DagBag from /home/airflow/.local/lib/python3.7/site-packages/airflow/example_dags/example_complex.py
[2022-08-30T12:28:17.698+0000] {processor.py:650} INFO - DAG(s) dict_keys(['example_complex']) retrieved from /home/airflow/.local/lib/python3.7/site-packages/airflow/example_dags/example_complex.py
[2022-08-30T12:28:17.718+0000] {logging_mixin.py:115} INFO - [2022-08-30T12:28:17.717+0000] {dag.py:2429} INFO - Sync 1 DAGs
[2022-08-30T12:28:17.733+0000] {logging_mixin.py:115} INFO - [2022-08-30T12:28:17.732+0000] {dag.py:2981} INFO - Setting next_dagrun for example_complex to None, run_after=None
[2022-08-30T12:28:17.740+0000] {processor.py:161} INFO - Processing /home/airflow/.local/lib/python3.7/site-packages/airflow/example_dags/example_complex.py took 0.058 seconds
[2022-08-30T12:29:06.458+0000] {processor.py:153} INFO - Started process (PID=275) to work on /home/airflow/.local/lib/python3.7/site-packages/airflow/example_dags/example_complex.py
[2022-08-30T12:29:06.460+0000] {processor.py:640} INFO - Processing file /home/airflow/.local/lib/python3.7/site-packages/airflow/example_dags/example_complex.py for tasks to queue
[2022-08-30T12:29:06.461+0000] {logging_mixin.py:115} INFO - [2022-08-30T12:29:06.461+0000] {dagbag.py:508} INFO - Filling up the DagBag from /home/airflow/.local/lib/python3.7/site-packages/airflow/example_dags/example_complex.py
[2022-08-30T12:29:06.468+0000] {processor.py:650} INFO - DAG(s) dict_keys(['example_complex']) retrieved from /home/airflow/.local/lib/python3.7/site-packages/airflow/example_dags/example_complex.py
[2022-08-30T12:29:06.491+0000] {logging_mixin.py:115} INFO - [2022-08-30T12:29:06.490+0000] {dag.py:2429} INFO - Sync 1 DAGs
[2022-08-30T12:29:06.504+0000] {logging_mixin.py:115} INFO - [2022-08-30T12:29:06.504+0000] {dag.py:2981} INFO - Setting next_dagrun for example_complex to None, run_after=None
[2022-08-30T12:29:06.512+0000] {processor.py:161} INFO - Processing /home/airflow/.local/lib/python3.7/site-packages/airflow/example_dags/example_complex.py took 0.056 seconds
[2022-08-30T12:29:37.160+0000] {processor.py:153} INFO - Started process (PID=475) to work on /home/airflow/.local/lib/python3.7/site-packages/airflow/example_dags/example_complex.py
[2022-08-30T12:29:37.162+0000] {processor.py:640} INFO - Processing file /home/airflow/.local/lib/python3.7/site-packages/airflow/example_dags/example_complex.py for tasks to queue
[2022-08-30T12:29:37.163+0000] {logging_mixin.py:115} INFO - [2022-08-30T12:29:37.163+0000] {dagbag.py:508} INFO - Filling up the DagBag from /home/airflow/.local/lib/python3.7/site-packages/airflow/example_dags/example_complex.py
[2022-08-30T12:29:37.170+0000] {processor.py:650} INFO - DAG(s) dict_keys(['example_complex']) retrieved from /home/airflow/.local/lib/python3.7/site-packages/airflow/example_dags/example_complex.py
[2022-08-30T12:29:37.193+0000] {logging_mixin.py:115} INFO - [2022-08-30T12:29:37.193+0000] {dag.py:2429} INFO - Sync 1 DAGs
[2022-08-30T12:29:37.206+0000] {logging_mixin.py:115} INFO - [2022-08-30T12:29:37.205+0000] {dag.py:2981} INFO - Setting next_dagrun for example_complex to None, run_after=None
[2022-08-30T12:29:37.213+0000] {processor.py:161} INFO - Processing /home/airflow/.local/lib/python3.7/site-packages/airflow/example_dags/example_complex.py took 0.055 seconds
[2022-08-30T12:30:08.012+0000] {processor.py:153} INFO - Started process (PID=676) to work on /home/airflow/.local/lib/python3.7/site-packages/airflow/example_dags/example_complex.py
[2022-08-30T12:30:08.014+0000] {processor.py:640} INFO - Processing file /home/airflow/.local/lib/python3.7/site-packages/airflow/example_dags/example_complex.py for tasks to queue
[2022-08-30T12:30:08.014+0000] {logging_mixin.py:115} INFO - [2022-08-30T12:30:08.014+0000] {dagbag.py:508} INFO - Filling up the DagBag from /home/airflow/.local/lib/python3.7/site-packages/airflow/example_dags/example_complex.py
[2022-08-30T12:30:08.022+0000] {processor.py:650} INFO - DAG(s) dict_keys(['example_complex']) retrieved from /home/airflow/.local/lib/python3.7/site-packages/airflow/example_dags/example_complex.py
[2022-08-30T12:30:08.041+0000] {logging_mixin.py:115} INFO - [2022-08-30T12:30:08.041+0000] {dag.py:2429} INFO - Sync 1 DAGs
[2022-08-30T12:30:08.053+0000] {logging_mixin.py:115} INFO - [2022-08-30T12:30:08.053+0000] {dag.py:2981} INFO - Setting next_dagrun for example_complex to None, run_after=None
[2022-08-30T12:30:08.060+0000] {processor.py:161} INFO - Processing /home/airflow/.local/lib/python3.7/site-packages/airflow/example_dags/example_complex.py took 0.050 seconds
[2022-08-30T12:30:38.739+0000] {processor.py:153} INFO - Started process (PID=877) to work on /home/airflow/.local/lib/python3.7/site-packages/airflow/example_dags/example_complex.py
[2022-08-30T12:30:38.740+0000] {processor.py:640} INFO - Processing file /home/airflow/.local/lib/python3.7/site-packages/airflow/example_dags/example_complex.py for tasks to queue
[2022-08-30T12:30:38.741+0000] {logging_mixin.py:115} INFO - [2022-08-30T12:30:38.741+0000] {dagbag.py:508} INFO - Filling up the DagBag from /home/airflow/.local/lib/python3.7/site-packages/airflow/example_dags/example_complex.py
[2022-08-30T12:30:38.749+0000] {processor.py:650} INFO - DAG(s) dict_keys(['example_complex']) retrieved from /home/airflow/.local/lib/python3.7/site-packages/airflow/example_dags/example_complex.py
[2022-08-30T12:30:38.772+0000] {logging_mixin.py:115} INFO - [2022-08-30T12:30:38.772+0000] {dag.py:2429} INFO - Sync 1 DAGs
[2022-08-30T12:30:38.785+0000] {logging_mixin.py:115} INFO - [2022-08-30T12:30:38.785+0000] {dag.py:2981} INFO - Setting next_dagrun for example_complex to None, run_after=None
[2022-08-30T12:30:38.792+0000] {processor.py:161} INFO - Processing /home/airflow/.local/lib/python3.7/site-packages/airflow/example_dags/example_complex.py took 0.055 seconds
[2022-08-30T12:31:09.522+0000] {processor.py:153} INFO - Started process (PID=1069) to work on /home/airflow/.local/lib/python3.7/site-packages/airflow/example_dags/example_complex.py
[2022-08-30T12:31:09.523+0000] {processor.py:640} INFO - Processing file /home/airflow/.local/lib/python3.7/site-packages/airflow/example_dags/example_complex.py for tasks to queue
[2022-08-30T12:31:09.524+0000] {logging_mixin.py:115} INFO - [2022-08-30T12:31:09.524+0000] {dagbag.py:508} INFO - Filling up the DagBag from /home/airflow/.local/lib/python3.7/site-packages/airflow/example_dags/example_complex.py
[2022-08-30T12:31:09.532+0000] {processor.py:650} INFO - DAG(s) dict_keys(['example_complex']) retrieved from /home/airflow/.local/lib/python3.7/site-packages/airflow/example_dags/example_complex.py
[2022-08-30T12:31:09.552+0000] {logging_mixin.py:115} INFO - [2022-08-30T12:31:09.552+0000] {dag.py:2429} INFO - Sync 1 DAGs
[2022-08-30T12:31:09.565+0000] {logging_mixin.py:115} INFO - [2022-08-30T12:31:09.565+0000] {dag.py:2981} INFO - Setting next_dagrun for example_complex to None, run_after=None
[2022-08-30T12:31:09.574+0000] {processor.py:161} INFO - Processing /home/airflow/.local/lib/python3.7/site-packages/airflow/example_dags/example_complex.py took 0.054 seconds
[2022-08-30T12:31:40.203+0000] {processor.py:153} INFO - Started process (PID=1272) to work on /home/airflow/.local/lib/python3.7/site-packages/airflow/example_dags/example_complex.py
[2022-08-30T12:31:40.205+0000] {processor.py:640} INFO - Processing file /home/airflow/.local/lib/python3.7/site-packages/airflow/example_dags/example_complex.py for tasks to queue
[2022-08-30T12:31:40.206+0000] {logging_mixin.py:115} INFO - [2022-08-30T12:31:40.206+0000] {dagbag.py:508} INFO - Filling up the DagBag from /home/airflow/.local/lib/python3.7/site-packages/airflow/example_dags/example_complex.py
[2022-08-30T12:31:40.213+0000] {processor.py:650} INFO - DAG(s) dict_keys(['example_complex']) retrieved from /home/airflow/.local/lib/python3.7/site-packages/airflow/example_dags/example_complex.py
[2022-08-30T12:31:40.235+0000] {logging_mixin.py:115} INFO - [2022-08-30T12:31:40.234+0000] {dag.py:2429} INFO - Sync 1 DAGs
[2022-08-30T12:31:40.247+0000] {logging_mixin.py:115} INFO - [2022-08-30T12:31:40.246+0000] {dag.py:2981} INFO - Setting next_dagrun for example_complex to None, run_after=None
[2022-08-30T12:31:40.253+0000] {processor.py:161} INFO - Processing /home/airflow/.local/lib/python3.7/site-packages/airflow/example_dags/example_complex.py took 0.054 seconds
[2022-08-30T12:32:10.821+0000] {processor.py:153} INFO - Started process (PID=1470) to work on /home/airflow/.local/lib/python3.7/site-packages/airflow/example_dags/example_complex.py
[2022-08-30T12:32:10.823+0000] {processor.py:640} INFO - Processing file /home/airflow/.local/lib/python3.7/site-packages/airflow/example_dags/example_complex.py for tasks to queue
[2022-08-30T12:32:10.824+0000] {logging_mixin.py:115} INFO - [2022-08-30T12:32:10.824+0000] {dagbag.py:508} INFO - Filling up the DagBag from /home/airflow/.local/lib/python3.7/site-packages/airflow/example_dags/example_complex.py
[2022-08-30T12:32:10.831+0000] {processor.py:650} INFO - DAG(s) dict_keys(['example_complex']) retrieved from /home/airflow/.local/lib/python3.7/site-packages/airflow/example_dags/example_complex.py
[2022-08-30T12:32:10.852+0000] {logging_mixin.py:115} INFO - [2022-08-30T12:32:10.852+0000] {dag.py:2429} INFO - Sync 1 DAGs
[2022-08-30T12:32:10.867+0000] {logging_mixin.py:115} INFO - [2022-08-30T12:32:10.867+0000] {dag.py:2981} INFO - Setting next_dagrun for example_complex to None, run_after=None
[2022-08-30T12:32:10.876+0000] {processor.py:161} INFO - Processing /home/airflow/.local/lib/python3.7/site-packages/airflow/example_dags/example_complex.py took 0.057 seconds
[2022-08-30T12:32:41.805+0000] {processor.py:153} INFO - Started process (PID=1673) to work on /home/airflow/.local/lib/python3.7/site-packages/airflow/example_dags/example_complex.py
[2022-08-30T12:32:41.808+0000] {processor.py:640} INFO - Processing file /home/airflow/.local/lib/python3.7/site-packages/airflow/example_dags/example_complex.py for tasks to queue
[2022-08-30T12:32:41.810+0000] {logging_mixin.py:115} INFO - [2022-08-30T12:32:41.809+0000] {dagbag.py:508} INFO - Filling up the DagBag from /home/airflow/.local/lib/python3.7/site-packages/airflow/example_dags/example_complex.py
[2022-08-30T12:32:41.820+0000] {processor.py:650} INFO - DAG(s) dict_keys(['example_complex']) retrieved from /home/airflow/.local/lib/python3.7/site-packages/airflow/example_dags/example_complex.py
[2022-08-30T12:32:41.854+0000] {logging_mixin.py:115} INFO - [2022-08-30T12:32:41.853+0000] {dag.py:2429} INFO - Sync 1 DAGs
[2022-08-30T12:32:41.871+0000] {logging_mixin.py:115} INFO - [2022-08-30T12:32:41.871+0000] {dag.py:2981} INFO - Setting next_dagrun for example_complex to None, run_after=None
[2022-08-30T12:32:41.883+0000] {processor.py:161} INFO - Processing /home/airflow/.local/lib/python3.7/site-packages/airflow/example_dags/example_complex.py took 0.082 seconds
[2022-08-30T12:33:12.486+0000] {processor.py:153} INFO - Started process (PID=1876) to work on /home/airflow/.local/lib/python3.7/site-packages/airflow/example_dags/example_complex.py
[2022-08-30T12:33:12.488+0000] {processor.py:640} INFO - Processing file /home/airflow/.local/lib/python3.7/site-packages/airflow/example_dags/example_complex.py for tasks to queue
[2022-08-30T12:33:12.489+0000] {logging_mixin.py:115} INFO - [2022-08-30T12:33:12.489+0000] {dagbag.py:508} INFO - Filling up the DagBag from /home/airflow/.local/lib/python3.7/site-packages/airflow/example_dags/example_complex.py
[2022-08-30T12:33:12.497+0000] {processor.py:650} INFO - DAG(s) dict_keys(['example_complex']) retrieved from /home/airflow/.local/lib/python3.7/site-packages/airflow/example_dags/example_complex.py
[2022-08-30T12:33:12.520+0000] {logging_mixin.py:115} INFO - [2022-08-30T12:33:12.520+0000] {dag.py:2429} INFO - Sync 1 DAGs
[2022-08-30T12:33:12.533+0000] {logging_mixin.py:115} INFO - [2022-08-30T12:33:12.533+0000] {dag.py:2981} INFO - Setting next_dagrun for example_complex to None, run_after=None
[2022-08-30T12:33:12.541+0000] {processor.py:161} INFO - Processing /home/airflow/.local/lib/python3.7/site-packages/airflow/example_dags/example_complex.py took 0.057 seconds
[2022-08-30T12:33:43.186+0000] {processor.py:153} INFO - Started process (PID=2076) to work on /home/airflow/.local/lib/python3.7/site-packages/airflow/example_dags/example_complex.py
[2022-08-30T12:33:43.189+0000] {processor.py:640} INFO - Processing file /home/airflow/.local/lib/python3.7/site-packages/airflow/example_dags/example_complex.py for tasks to queue
[2022-08-30T12:33:43.191+0000] {logging_mixin.py:115} INFO - [2022-08-30T12:33:43.190+0000] {dagbag.py:508} INFO - Filling up the DagBag from /home/airflow/.local/lib/python3.7/site-packages/airflow/example_dags/example_complex.py
[2022-08-30T12:33:43.199+0000] {processor.py:650} INFO - DAG(s) dict_keys(['example_complex']) retrieved from /home/airflow/.local/lib/python3.7/site-packages/airflow/example_dags/example_complex.py
[2022-08-30T12:33:43.225+0000] {logging_mixin.py:115} INFO - [2022-08-30T12:33:43.225+0000] {dag.py:2429} INFO - Sync 1 DAGs
[2022-08-30T12:33:43.240+0000] {logging_mixin.py:115} INFO - [2022-08-30T12:33:43.240+0000] {dag.py:2981} INFO - Setting next_dagrun for example_complex to None, run_after=None
[2022-08-30T12:33:43.247+0000] {processor.py:161} INFO - Processing /home/airflow/.local/lib/python3.7/site-packages/airflow/example_dags/example_complex.py took 0.064 seconds
[2022-08-30T12:34:13.974+0000] {processor.py:153} INFO - Started process (PID=2276) to work on /home/airflow/.local/lib/python3.7/site-packages/airflow/example_dags/example_complex.py
[2022-08-30T12:34:13.975+0000] {processor.py:640} INFO - Processing file /home/airflow/.local/lib/python3.7/site-packages/airflow/example_dags/example_complex.py for tasks to queue
[2022-08-30T12:34:13.976+0000] {logging_mixin.py:115} INFO - [2022-08-30T12:34:13.976+0000] {dagbag.py:508} INFO - Filling up the DagBag from /home/airflow/.local/lib/python3.7/site-packages/airflow/example_dags/example_complex.py
[2022-08-30T12:34:13.987+0000] {processor.py:650} INFO - DAG(s) dict_keys(['example_complex']) retrieved from /home/airflow/.local/lib/python3.7/site-packages/airflow/example_dags/example_complex.py
[2022-08-30T12:34:14.005+0000] {logging_mixin.py:115} INFO - [2022-08-30T12:34:14.004+0000] {dag.py:2429} INFO - Sync 1 DAGs
[2022-08-30T12:34:14.017+0000] {logging_mixin.py:115} INFO - [2022-08-30T12:34:14.017+0000] {dag.py:2981} INFO - Setting next_dagrun for example_complex to None, run_after=None
[2022-08-30T12:34:14.024+0000] {processor.py:161} INFO - Processing /home/airflow/.local/lib/python3.7/site-packages/airflow/example_dags/example_complex.py took 0.052 seconds
[2022-08-30T12:34:44.715+0000] {processor.py:153} INFO - Started process (PID=2466) to work on /home/airflow/.local/lib/python3.7/site-packages/airflow/example_dags/example_complex.py
[2022-08-30T12:34:44.717+0000] {processor.py:640} INFO - Processing file /home/airflow/.local/lib/python3.7/site-packages/airflow/example_dags/example_complex.py for tasks to queue
[2022-08-30T12:34:44.718+0000] {logging_mixin.py:115} INFO - [2022-08-30T12:34:44.718+0000] {dagbag.py:508} INFO - Filling up the DagBag from /home/airflow/.local/lib/python3.7/site-packages/airflow/example_dags/example_complex.py
[2022-08-30T12:34:44.729+0000] {processor.py:650} INFO - DAG(s) dict_keys(['example_complex']) retrieved from /home/airflow/.local/lib/python3.7/site-packages/airflow/example_dags/example_complex.py
[2022-08-30T12:34:44.746+0000] {logging_mixin.py:115} INFO - [2022-08-30T12:34:44.746+0000] {dag.py:2429} INFO - Sync 1 DAGs
[2022-08-30T12:34:44.760+0000] {logging_mixin.py:115} INFO - [2022-08-30T12:34:44.760+0000] {dag.py:2981} INFO - Setting next_dagrun for example_complex to None, run_after=None
[2022-08-30T12:34:44.769+0000] {processor.py:161} INFO - Processing /home/airflow/.local/lib/python3.7/site-packages/airflow/example_dags/example_complex.py took 0.057 seconds
[2022-08-30T12:35:15.497+0000] {processor.py:153} INFO - Started process (PID=2668) to work on /home/airflow/.local/lib/python3.7/site-packages/airflow/example_dags/example_complex.py
[2022-08-30T12:35:15.498+0000] {processor.py:640} INFO - Processing file /home/airflow/.local/lib/python3.7/site-packages/airflow/example_dags/example_complex.py for tasks to queue
[2022-08-30T12:35:15.499+0000] {logging_mixin.py:115} INFO - [2022-08-30T12:35:15.499+0000] {dagbag.py:508} INFO - Filling up the DagBag from /home/airflow/.local/lib/python3.7/site-packages/airflow/example_dags/example_complex.py
[2022-08-30T12:35:15.510+0000] {processor.py:650} INFO - DAG(s) dict_keys(['example_complex']) retrieved from /home/airflow/.local/lib/python3.7/site-packages/airflow/example_dags/example_complex.py
[2022-08-30T12:35:15.530+0000] {logging_mixin.py:115} INFO - [2022-08-30T12:35:15.530+0000] {dag.py:2429} INFO - Sync 1 DAGs
[2022-08-30T12:35:15.543+0000] {logging_mixin.py:115} INFO - [2022-08-30T12:35:15.543+0000] {dag.py:2981} INFO - Setting next_dagrun for example_complex to None, run_after=None
[2022-08-30T12:35:15.550+0000] {processor.py:161} INFO - Processing /home/airflow/.local/lib/python3.7/site-packages/airflow/example_dags/example_complex.py took 0.055 seconds
[2022-08-30T12:35:46.267+0000] {processor.py:153} INFO - Started process (PID=2870) to work on /home/airflow/.local/lib/python3.7/site-packages/airflow/example_dags/example_complex.py
[2022-08-30T12:35:46.268+0000] {processor.py:640} INFO - Processing file /home/airflow/.local/lib/python3.7/site-packages/airflow/example_dags/example_complex.py for tasks to queue
[2022-08-30T12:35:46.271+0000] {logging_mixin.py:115} INFO - [2022-08-30T12:35:46.271+0000] {dagbag.py:508} INFO - Filling up the DagBag from /home/airflow/.local/lib/python3.7/site-packages/airflow/example_dags/example_complex.py
[2022-08-30T12:35:46.313+0000] {processor.py:650} INFO - DAG(s) dict_keys(['example_complex']) retrieved from /home/airflow/.local/lib/python3.7/site-packages/airflow/example_dags/example_complex.py
[2022-08-30T12:35:46.373+0000] {logging_mixin.py:115} INFO - [2022-08-30T12:35:46.373+0000] {dag.py:2429} INFO - Sync 1 DAGs
[2022-08-30T12:35:46.393+0000] {logging_mixin.py:115} INFO - [2022-08-30T12:35:46.392+0000] {dag.py:2981} INFO - Setting next_dagrun for example_complex to None, run_after=None
[2022-08-30T12:35:46.405+0000] {processor.py:161} INFO - Processing /home/airflow/.local/lib/python3.7/site-packages/airflow/example_dags/example_complex.py took 0.152 seconds
[2022-08-30T12:36:17.080+0000] {processor.py:153} INFO - Started process (PID=3072) to work on /home/airflow/.local/lib/python3.7/site-packages/airflow/example_dags/example_complex.py
[2022-08-30T12:36:17.081+0000] {processor.py:640} INFO - Processing file /home/airflow/.local/lib/python3.7/site-packages/airflow/example_dags/example_complex.py for tasks to queue
[2022-08-30T12:36:17.082+0000] {logging_mixin.py:115} INFO - [2022-08-30T12:36:17.082+0000] {dagbag.py:508} INFO - Filling up the DagBag from /home/airflow/.local/lib/python3.7/site-packages/airflow/example_dags/example_complex.py
[2022-08-30T12:36:17.092+0000] {processor.py:650} INFO - DAG(s) dict_keys(['example_complex']) retrieved from /home/airflow/.local/lib/python3.7/site-packages/airflow/example_dags/example_complex.py
[2022-08-30T12:36:17.111+0000] {logging_mixin.py:115} INFO - [2022-08-30T12:36:17.111+0000] {dag.py:2429} INFO - Sync 1 DAGs
[2022-08-30T12:36:17.126+0000] {logging_mixin.py:115} INFO - [2022-08-30T12:36:17.126+0000] {dag.py:2981} INFO - Setting next_dagrun for example_complex to None, run_after=None
[2022-08-30T12:36:17.133+0000] {processor.py:161} INFO - Processing /home/airflow/.local/lib/python3.7/site-packages/airflow/example_dags/example_complex.py took 0.055 seconds
[2022-08-30T12:36:47.984+0000] {processor.py:153} INFO - Started process (PID=3264) to work on /home/airflow/.local/lib/python3.7/site-packages/airflow/example_dags/example_complex.py
[2022-08-30T12:36:47.985+0000] {processor.py:640} INFO - Processing file /home/airflow/.local/lib/python3.7/site-packages/airflow/example_dags/example_complex.py for tasks to queue
[2022-08-30T12:36:47.986+0000] {logging_mixin.py:115} INFO - [2022-08-30T12:36:47.986+0000] {dagbag.py:508} INFO - Filling up the DagBag from /home/airflow/.local/lib/python3.7/site-packages/airflow/example_dags/example_complex.py
[2022-08-30T12:36:47.995+0000] {processor.py:650} INFO - DAG(s) dict_keys(['example_complex']) retrieved from /home/airflow/.local/lib/python3.7/site-packages/airflow/example_dags/example_complex.py
[2022-08-30T12:36:48.014+0000] {logging_mixin.py:115} INFO - [2022-08-30T12:36:48.014+0000] {dag.py:2429} INFO - Sync 1 DAGs
[2022-08-30T12:36:48.027+0000] {logging_mixin.py:115} INFO - [2022-08-30T12:36:48.027+0000] {dag.py:2981} INFO - Setting next_dagrun for example_complex to None, run_after=None
[2022-08-30T12:36:48.036+0000] {processor.py:161} INFO - Processing /home/airflow/.local/lib/python3.7/site-packages/airflow/example_dags/example_complex.py took 0.054 seconds
[2022-08-30T12:37:18.690+0000] {processor.py:153} INFO - Started process (PID=3469) to work on /home/airflow/.local/lib/python3.7/site-packages/airflow/example_dags/example_complex.py
[2022-08-30T12:37:18.691+0000] {processor.py:640} INFO - Processing file /home/airflow/.local/lib/python3.7/site-packages/airflow/example_dags/example_complex.py for tasks to queue
[2022-08-30T12:37:18.692+0000] {logging_mixin.py:115} INFO - [2022-08-30T12:37:18.692+0000] {dagbag.py:508} INFO - Filling up the DagBag from /home/airflow/.local/lib/python3.7/site-packages/airflow/example_dags/example_complex.py
[2022-08-30T12:37:18.702+0000] {processor.py:650} INFO - DAG(s) dict_keys(['example_complex']) retrieved from /home/airflow/.local/lib/python3.7/site-packages/airflow/example_dags/example_complex.py
[2022-08-30T12:37:18.720+0000] {logging_mixin.py:115} INFO - [2022-08-30T12:37:18.720+0000] {dag.py:2429} INFO - Sync 1 DAGs
[2022-08-30T12:37:18.732+0000] {logging_mixin.py:115} INFO - [2022-08-30T12:37:18.732+0000] {dag.py:2981} INFO - Setting next_dagrun for example_complex to None, run_after=None
[2022-08-30T12:37:18.744+0000] {processor.py:161} INFO - Processing /home/airflow/.local/lib/python3.7/site-packages/airflow/example_dags/example_complex.py took 0.056 seconds
[2022-08-30T12:37:49.537+0000] {processor.py:153} INFO - Started process (PID=3670) to work on /home/airflow/.local/lib/python3.7/site-packages/airflow/example_dags/example_complex.py
[2022-08-30T12:37:49.539+0000] {processor.py:640} INFO - Processing file /home/airflow/.local/lib/python3.7/site-packages/airflow/example_dags/example_complex.py for tasks to queue
[2022-08-30T12:37:49.540+0000] {logging_mixin.py:115} INFO - [2022-08-30T12:37:49.540+0000] {dagbag.py:508} INFO - Filling up the DagBag from /home/airflow/.local/lib/python3.7/site-packages/airflow/example_dags/example_complex.py
[2022-08-30T12:37:49.549+0000] {processor.py:650} INFO - DAG(s) dict_keys(['example_complex']) retrieved from /home/airflow/.local/lib/python3.7/site-packages/airflow/example_dags/example_complex.py
[2022-08-30T12:37:49.568+0000] {logging_mixin.py:115} INFO - [2022-08-30T12:37:49.568+0000] {dag.py:2429} INFO - Sync 1 DAGs
[2022-08-30T12:37:49.581+0000] {logging_mixin.py:115} INFO - [2022-08-30T12:37:49.581+0000] {dag.py:2981} INFO - Setting next_dagrun for example_complex to None, run_after=None
[2022-08-30T12:37:49.589+0000] {processor.py:161} INFO - Processing /home/airflow/.local/lib/python3.7/site-packages/airflow/example_dags/example_complex.py took 0.054 seconds
[2022-08-30T12:40:09.392+0000] {processor.py:153} INFO - Started process (PID=282) to work on /home/airflow/.local/lib/python3.7/site-packages/airflow/example_dags/example_complex.py
[2022-08-30T12:40:09.394+0000] {processor.py:640} INFO - Processing file /home/airflow/.local/lib/python3.7/site-packages/airflow/example_dags/example_complex.py for tasks to queue
[2022-08-30T12:40:09.396+0000] {logging_mixin.py:115} INFO - [2022-08-30T12:40:09.396+0000] {dagbag.py:508} INFO - Filling up the DagBag from /home/airflow/.local/lib/python3.7/site-packages/airflow/example_dags/example_complex.py
[2022-08-30T12:40:09.416+0000] {processor.py:650} INFO - DAG(s) dict_keys(['example_complex']) retrieved from /home/airflow/.local/lib/python3.7/site-packages/airflow/example_dags/example_complex.py
[2022-08-30T12:40:09.502+0000] {logging_mixin.py:115} INFO - [2022-08-30T12:40:09.502+0000] {manager.py:508} INFO - Created Permission View: can edit on DAG:example_complex
[2022-08-30T12:40:09.522+0000] {logging_mixin.py:115} INFO - [2022-08-30T12:40:09.522+0000] {manager.py:508} INFO - Created Permission View: can read on DAG:example_complex
[2022-08-30T12:40:09.530+0000] {logging_mixin.py:115} INFO - [2022-08-30T12:40:09.529+0000] {manager.py:508} INFO - Created Permission View: can delete on DAG:example_complex
[2022-08-30T12:40:09.534+0000] {logging_mixin.py:115} INFO - [2022-08-30T12:40:09.533+0000] {dag.py:2429} INFO - Sync 1 DAGs
[2022-08-30T12:40:09.554+0000] {logging_mixin.py:115} INFO - [2022-08-30T12:40:09.553+0000] {dag.py:2448} INFO - Creating ORM DAG for example_complex
[2022-08-30T12:40:09.600+0000] {logging_mixin.py:115} INFO - [2022-08-30T12:40:09.595+0000] {dag.py:2981} INFO - Setting next_dagrun for example_complex to None, run_after=None
[2022-08-30T12:40:09.638+0000] {processor.py:161} INFO - Processing /home/airflow/.local/lib/python3.7/site-packages/airflow/example_dags/example_complex.py took 0.249 seconds
[2022-08-30T12:42:15.842+0000] {processor.py:153} INFO - Started process (PID=269) to work on /home/airflow/.local/lib/python3.7/site-packages/airflow/example_dags/example_complex.py
[2022-08-30T12:42:15.843+0000] {processor.py:640} INFO - Processing file /home/airflow/.local/lib/python3.7/site-packages/airflow/example_dags/example_complex.py for tasks to queue
[2022-08-30T12:42:15.844+0000] {logging_mixin.py:115} INFO - [2022-08-30T12:42:15.844+0000] {dagbag.py:508} INFO - Filling up the DagBag from /home/airflow/.local/lib/python3.7/site-packages/airflow/example_dags/example_complex.py
[2022-08-30T12:42:15.852+0000] {processor.py:650} INFO - DAG(s) dict_keys(['example_complex']) retrieved from /home/airflow/.local/lib/python3.7/site-packages/airflow/example_dags/example_complex.py
[2022-08-30T12:42:15.877+0000] {logging_mixin.py:115} INFO - [2022-08-30T12:42:15.877+0000] {dag.py:2429} INFO - Sync 1 DAGs
[2022-08-30T12:42:15.890+0000] {logging_mixin.py:115} INFO - [2022-08-30T12:42:15.890+0000] {dag.py:2981} INFO - Setting next_dagrun for example_complex to None, run_after=None
[2022-08-30T12:42:15.897+0000] {processor.py:161} INFO - Processing /home/airflow/.local/lib/python3.7/site-packages/airflow/example_dags/example_complex.py took 0.058 seconds
[2022-08-30T12:42:46.638+0000] {processor.py:153} INFO - Started process (PID=473) to work on /home/airflow/.local/lib/python3.7/site-packages/airflow/example_dags/example_complex.py
[2022-08-30T12:42:46.639+0000] {processor.py:640} INFO - Processing file /home/airflow/.local/lib/python3.7/site-packages/airflow/example_dags/example_complex.py for tasks to queue
[2022-08-30T12:42:46.640+0000] {logging_mixin.py:115} INFO - [2022-08-30T12:42:46.640+0000] {dagbag.py:508} INFO - Filling up the DagBag from /home/airflow/.local/lib/python3.7/site-packages/airflow/example_dags/example_complex.py
[2022-08-30T12:42:46.649+0000] {processor.py:650} INFO - DAG(s) dict_keys(['example_complex']) retrieved from /home/airflow/.local/lib/python3.7/site-packages/airflow/example_dags/example_complex.py
[2022-08-30T12:42:46.671+0000] {logging_mixin.py:115} INFO - [2022-08-30T12:42:46.671+0000] {dag.py:2429} INFO - Sync 1 DAGs
[2022-08-30T12:42:46.684+0000] {logging_mixin.py:115} INFO - [2022-08-30T12:42:46.684+0000] {dag.py:2981} INFO - Setting next_dagrun for example_complex to None, run_after=None
[2022-08-30T12:42:46.692+0000] {processor.py:161} INFO - Processing /home/airflow/.local/lib/python3.7/site-packages/airflow/example_dags/example_complex.py took 0.057 seconds
[2022-08-30T12:43:17.646+0000] {processor.py:153} INFO - Started process (PID=675) to work on /home/airflow/.local/lib/python3.7/site-packages/airflow/example_dags/example_complex.py
[2022-08-30T12:43:17.648+0000] {processor.py:640} INFO - Processing file /home/airflow/.local/lib/python3.7/site-packages/airflow/example_dags/example_complex.py for tasks to queue
[2022-08-30T12:43:17.649+0000] {logging_mixin.py:115} INFO - [2022-08-30T12:43:17.649+0000] {dagbag.py:508} INFO - Filling up the DagBag from /home/airflow/.local/lib/python3.7/site-packages/airflow/example_dags/example_complex.py
[2022-08-30T12:43:17.657+0000] {processor.py:650} INFO - DAG(s) dict_keys(['example_complex']) retrieved from /home/airflow/.local/lib/python3.7/site-packages/airflow/example_dags/example_complex.py
[2022-08-30T12:43:17.679+0000] {logging_mixin.py:115} INFO - [2022-08-30T12:43:17.679+0000] {dag.py:2429} INFO - Sync 1 DAGs
[2022-08-30T12:43:17.692+0000] {logging_mixin.py:115} INFO - [2022-08-30T12:43:17.692+0000] {dag.py:2981} INFO - Setting next_dagrun for example_complex to None, run_after=None
[2022-08-30T12:43:17.700+0000] {processor.py:161} INFO - Processing /home/airflow/.local/lib/python3.7/site-packages/airflow/example_dags/example_complex.py took 0.056 seconds
[2022-08-30T12:43:48.293+0000] {processor.py:153} INFO - Started process (PID=865) to work on /home/airflow/.local/lib/python3.7/site-packages/airflow/example_dags/example_complex.py
[2022-08-30T12:43:48.294+0000] {processor.py:640} INFO - Processing file /home/airflow/.local/lib/python3.7/site-packages/airflow/example_dags/example_complex.py for tasks to queue
[2022-08-30T12:43:48.296+0000] {logging_mixin.py:115} INFO - [2022-08-30T12:43:48.296+0000] {dagbag.py:508} INFO - Filling up the DagBag from /home/airflow/.local/lib/python3.7/site-packages/airflow/example_dags/example_complex.py
[2022-08-30T12:43:48.303+0000] {processor.py:650} INFO - DAG(s) dict_keys(['example_complex']) retrieved from /home/airflow/.local/lib/python3.7/site-packages/airflow/example_dags/example_complex.py
[2022-08-30T12:43:48.326+0000] {logging_mixin.py:115} INFO - [2022-08-30T12:43:48.326+0000] {dag.py:2429} INFO - Sync 1 DAGs
[2022-08-30T12:43:48.341+0000] {logging_mixin.py:115} INFO - [2022-08-30T12:43:48.341+0000] {dag.py:2981} INFO - Setting next_dagrun for example_complex to None, run_after=None
[2022-08-30T12:43:48.347+0000] {processor.py:161} INFO - Processing /home/airflow/.local/lib/python3.7/site-packages/airflow/example_dags/example_complex.py took 0.057 seconds
[2022-08-30T12:44:19.085+0000] {processor.py:153} INFO - Started process (PID=1067) to work on /home/airflow/.local/lib/python3.7/site-packages/airflow/example_dags/example_complex.py
[2022-08-30T12:44:19.087+0000] {processor.py:640} INFO - Processing file /home/airflow/.local/lib/python3.7/site-packages/airflow/example_dags/example_complex.py for tasks to queue
[2022-08-30T12:44:19.090+0000] {logging_mixin.py:115} INFO - [2022-08-30T12:44:19.090+0000] {dagbag.py:508} INFO - Filling up the DagBag from /home/airflow/.local/lib/python3.7/site-packages/airflow/example_dags/example_complex.py
[2022-08-30T12:44:19.099+0000] {processor.py:650} INFO - DAG(s) dict_keys(['example_complex']) retrieved from /home/airflow/.local/lib/python3.7/site-packages/airflow/example_dags/example_complex.py
[2022-08-30T12:44:19.123+0000] {logging_mixin.py:115} INFO - [2022-08-30T12:44:19.123+0000] {dag.py:2429} INFO - Sync 1 DAGs
[2022-08-30T12:44:19.140+0000] {logging_mixin.py:115} INFO - [2022-08-30T12:44:19.140+0000] {dag.py:2981} INFO - Setting next_dagrun for example_complex to None, run_after=None
[2022-08-30T12:44:19.149+0000] {processor.py:161} INFO - Processing /home/airflow/.local/lib/python3.7/site-packages/airflow/example_dags/example_complex.py took 0.067 seconds
[2022-08-30T12:44:49.769+0000] {processor.py:153} INFO - Started process (PID=1269) to work on /home/airflow/.local/lib/python3.7/site-packages/airflow/example_dags/example_complex.py
[2022-08-30T12:44:49.771+0000] {processor.py:640} INFO - Processing file /home/airflow/.local/lib/python3.7/site-packages/airflow/example_dags/example_complex.py for tasks to queue
[2022-08-30T12:44:49.772+0000] {logging_mixin.py:115} INFO - [2022-08-30T12:44:49.772+0000] {dagbag.py:508} INFO - Filling up the DagBag from /home/airflow/.local/lib/python3.7/site-packages/airflow/example_dags/example_complex.py
[2022-08-30T12:44:49.779+0000] {processor.py:650} INFO - DAG(s) dict_keys(['example_complex']) retrieved from /home/airflow/.local/lib/python3.7/site-packages/airflow/example_dags/example_complex.py
[2022-08-30T12:44:49.800+0000] {logging_mixin.py:115} INFO - [2022-08-30T12:44:49.800+0000] {dag.py:2429} INFO - Sync 1 DAGs
[2022-08-30T12:44:49.813+0000] {logging_mixin.py:115} INFO - [2022-08-30T12:44:49.813+0000] {dag.py:2981} INFO - Setting next_dagrun for example_complex to None, run_after=None
[2022-08-30T12:44:49.821+0000] {processor.py:161} INFO - Processing /home/airflow/.local/lib/python3.7/site-packages/airflow/example_dags/example_complex.py took 0.053 seconds
