[2022-08-30T12:27:45.799+0000] {processor.py:153} INFO - Started process (PID=189) to work on /home/airflow/.local/lib/python3.7/site-packages/airflow/example_dags/example_task_group.py
[2022-08-30T12:27:45.801+0000] {processor.py:640} INFO - Processing file /home/airflow/.local/lib/python3.7/site-packages/airflow/example_dags/example_task_group.py for tasks to queue
[2022-08-30T12:27:45.803+0000] {logging_mixin.py:115} INFO - [2022-08-30T12:27:45.802+0000] {dagbag.py:508} INFO - Filling up the DagBag from /home/airflow/.local/lib/python3.7/site-packages/airflow/example_dags/example_task_group.py
[2022-08-30T12:27:45.810+0000] {processor.py:650} INFO - DAG(s) dict_keys(['example_task_group']) retrieved from /home/airflow/.local/lib/python3.7/site-packages/airflow/example_dags/example_task_group.py
[2022-08-30T12:27:45.858+0000] {logging_mixin.py:115} INFO - [2022-08-30T12:27:45.857+0000] {manager.py:508} INFO - Created Permission View: can read on DAG:example_task_group
[2022-08-30T12:27:45.864+0000] {logging_mixin.py:115} INFO - [2022-08-30T12:27:45.864+0000] {manager.py:508} INFO - Created Permission View: can edit on DAG:example_task_group
[2022-08-30T12:27:45.870+0000] {logging_mixin.py:115} INFO - [2022-08-30T12:27:45.870+0000] {manager.py:508} INFO - Created Permission View: can delete on DAG:example_task_group
[2022-08-30T12:27:45.871+0000] {logging_mixin.py:115} INFO - [2022-08-30T12:27:45.871+0000] {dag.py:2429} INFO - Sync 1 DAGs
[2022-08-30T12:27:45.877+0000] {logging_mixin.py:115} INFO - [2022-08-30T12:27:45.877+0000] {dag.py:2448} INFO - Creating ORM DAG for example_task_group
[2022-08-30T12:27:45.885+0000] {logging_mixin.py:115} INFO - [2022-08-30T12:27:45.885+0000] {dag.py:2981} INFO - Setting next_dagrun for example_task_group to 2022-08-29T12:27:45.885176+00:00, run_after=2022-08-30T12:27:45.885176+00:00
[2022-08-30T12:27:45.893+0000] {processor.py:161} INFO - Processing /home/airflow/.local/lib/python3.7/site-packages/airflow/example_dags/example_task_group.py took 0.097 seconds
[2022-08-30T12:28:16.882+0000] {processor.py:153} INFO - Started process (PID=390) to work on /home/airflow/.local/lib/python3.7/site-packages/airflow/example_dags/example_task_group.py
[2022-08-30T12:28:16.884+0000] {processor.py:640} INFO - Processing file /home/airflow/.local/lib/python3.7/site-packages/airflow/example_dags/example_task_group.py for tasks to queue
[2022-08-30T12:28:16.885+0000] {logging_mixin.py:115} INFO - [2022-08-30T12:28:16.885+0000] {dagbag.py:508} INFO - Filling up the DagBag from /home/airflow/.local/lib/python3.7/site-packages/airflow/example_dags/example_task_group.py
[2022-08-30T12:28:16.892+0000] {processor.py:650} INFO - DAG(s) dict_keys(['example_task_group']) retrieved from /home/airflow/.local/lib/python3.7/site-packages/airflow/example_dags/example_task_group.py
[2022-08-30T12:28:16.910+0000] {logging_mixin.py:115} INFO - [2022-08-30T12:28:16.910+0000] {dag.py:2429} INFO - Sync 1 DAGs
[2022-08-30T12:28:16.925+0000] {logging_mixin.py:115} INFO - [2022-08-30T12:28:16.925+0000] {dag.py:2981} INFO - Setting next_dagrun for example_task_group to 2022-08-29T12:28:16.925138+00:00, run_after=2022-08-30T12:28:16.925138+00:00
[2022-08-30T12:28:16.932+0000] {processor.py:161} INFO - Processing /home/airflow/.local/lib/python3.7/site-packages/airflow/example_dags/example_task_group.py took 0.053 seconds
[2022-08-30T12:29:05.381+0000] {processor.py:153} INFO - Started process (PID=191) to work on /home/airflow/.local/lib/python3.7/site-packages/airflow/example_dags/example_task_group.py
[2022-08-30T12:29:05.382+0000] {processor.py:640} INFO - Processing file /home/airflow/.local/lib/python3.7/site-packages/airflow/example_dags/example_task_group.py for tasks to queue
[2022-08-30T12:29:05.383+0000] {logging_mixin.py:115} INFO - [2022-08-30T12:29:05.383+0000] {dagbag.py:508} INFO - Filling up the DagBag from /home/airflow/.local/lib/python3.7/site-packages/airflow/example_dags/example_task_group.py
[2022-08-30T12:29:05.389+0000] {processor.py:650} INFO - DAG(s) dict_keys(['example_task_group']) retrieved from /home/airflow/.local/lib/python3.7/site-packages/airflow/example_dags/example_task_group.py
[2022-08-30T12:29:05.413+0000] {logging_mixin.py:115} INFO - [2022-08-30T12:29:05.412+0000] {dag.py:2429} INFO - Sync 1 DAGs
[2022-08-30T12:29:05.442+0000] {logging_mixin.py:115} INFO - [2022-08-30T12:29:05.442+0000] {dag.py:2981} INFO - Setting next_dagrun for example_task_group to 2022-08-29T12:29:05.441110+00:00, run_after=2022-08-30T12:29:05.441110+00:00
[2022-08-30T12:29:05.525+0000] {processor.py:161} INFO - Processing /home/airflow/.local/lib/python3.7/site-packages/airflow/example_dags/example_task_group.py took 0.146 seconds
[2022-08-30T12:29:36.457+0000] {processor.py:153} INFO - Started process (PID=395) to work on /home/airflow/.local/lib/python3.7/site-packages/airflow/example_dags/example_task_group.py
[2022-08-30T12:29:36.459+0000] {processor.py:640} INFO - Processing file /home/airflow/.local/lib/python3.7/site-packages/airflow/example_dags/example_task_group.py for tasks to queue
[2022-08-30T12:29:36.460+0000] {logging_mixin.py:115} INFO - [2022-08-30T12:29:36.460+0000] {dagbag.py:508} INFO - Filling up the DagBag from /home/airflow/.local/lib/python3.7/site-packages/airflow/example_dags/example_task_group.py
[2022-08-30T12:29:36.466+0000] {processor.py:650} INFO - DAG(s) dict_keys(['example_task_group']) retrieved from /home/airflow/.local/lib/python3.7/site-packages/airflow/example_dags/example_task_group.py
[2022-08-30T12:29:36.487+0000] {logging_mixin.py:115} INFO - [2022-08-30T12:29:36.487+0000] {dag.py:2429} INFO - Sync 1 DAGs
[2022-08-30T12:29:36.500+0000] {logging_mixin.py:115} INFO - [2022-08-30T12:29:36.500+0000] {dag.py:2981} INFO - Setting next_dagrun for example_task_group to 2022-08-29T12:29:36.500238+00:00, run_after=2022-08-30T12:29:36.500238+00:00
[2022-08-30T12:29:36.508+0000] {processor.py:161} INFO - Processing /home/airflow/.local/lib/python3.7/site-packages/airflow/example_dags/example_task_group.py took 0.054 seconds
[2022-08-30T12:30:07.141+0000] {processor.py:153} INFO - Started process (PID=596) to work on /home/airflow/.local/lib/python3.7/site-packages/airflow/example_dags/example_task_group.py
[2022-08-30T12:30:07.144+0000] {processor.py:640} INFO - Processing file /home/airflow/.local/lib/python3.7/site-packages/airflow/example_dags/example_task_group.py for tasks to queue
[2022-08-30T12:30:07.145+0000] {logging_mixin.py:115} INFO - [2022-08-30T12:30:07.145+0000] {dagbag.py:508} INFO - Filling up the DagBag from /home/airflow/.local/lib/python3.7/site-packages/airflow/example_dags/example_task_group.py
[2022-08-30T12:30:07.152+0000] {processor.py:650} INFO - DAG(s) dict_keys(['example_task_group']) retrieved from /home/airflow/.local/lib/python3.7/site-packages/airflow/example_dags/example_task_group.py
[2022-08-30T12:30:07.179+0000] {logging_mixin.py:115} INFO - [2022-08-30T12:30:07.179+0000] {dag.py:2429} INFO - Sync 1 DAGs
[2022-08-30T12:30:07.194+0000] {logging_mixin.py:115} INFO - [2022-08-30T12:30:07.194+0000] {dag.py:2981} INFO - Setting next_dagrun for example_task_group to 2022-08-29T12:30:07.194267+00:00, run_after=2022-08-30T12:30:07.194267+00:00
[2022-08-30T12:30:07.202+0000] {processor.py:161} INFO - Processing /home/airflow/.local/lib/python3.7/site-packages/airflow/example_dags/example_task_group.py took 0.064 seconds
[2022-08-30T12:30:37.979+0000] {processor.py:153} INFO - Started process (PID=797) to work on /home/airflow/.local/lib/python3.7/site-packages/airflow/example_dags/example_task_group.py
[2022-08-30T12:30:37.981+0000] {processor.py:640} INFO - Processing file /home/airflow/.local/lib/python3.7/site-packages/airflow/example_dags/example_task_group.py for tasks to queue
[2022-08-30T12:30:37.982+0000] {logging_mixin.py:115} INFO - [2022-08-30T12:30:37.981+0000] {dagbag.py:508} INFO - Filling up the DagBag from /home/airflow/.local/lib/python3.7/site-packages/airflow/example_dags/example_task_group.py
[2022-08-30T12:30:37.986+0000] {processor.py:650} INFO - DAG(s) dict_keys(['example_task_group']) retrieved from /home/airflow/.local/lib/python3.7/site-packages/airflow/example_dags/example_task_group.py
[2022-08-30T12:30:38.007+0000] {logging_mixin.py:115} INFO - [2022-08-30T12:30:38.007+0000] {dag.py:2429} INFO - Sync 1 DAGs
[2022-08-30T12:30:38.021+0000] {logging_mixin.py:115} INFO - [2022-08-30T12:30:38.021+0000] {dag.py:2981} INFO - Setting next_dagrun for example_task_group to 2022-08-29T12:30:38.021584+00:00, run_after=2022-08-30T12:30:38.021584+00:00
[2022-08-30T12:30:38.031+0000] {processor.py:161} INFO - Processing /home/airflow/.local/lib/python3.7/site-packages/airflow/example_dags/example_task_group.py took 0.054 seconds
[2022-08-30T12:31:08.829+0000] {processor.py:153} INFO - Started process (PID=989) to work on /home/airflow/.local/lib/python3.7/site-packages/airflow/example_dags/example_task_group.py
[2022-08-30T12:31:08.830+0000] {processor.py:640} INFO - Processing file /home/airflow/.local/lib/python3.7/site-packages/airflow/example_dags/example_task_group.py for tasks to queue
[2022-08-30T12:31:08.832+0000] {logging_mixin.py:115} INFO - [2022-08-30T12:31:08.832+0000] {dagbag.py:508} INFO - Filling up the DagBag from /home/airflow/.local/lib/python3.7/site-packages/airflow/example_dags/example_task_group.py
[2022-08-30T12:31:08.839+0000] {processor.py:650} INFO - DAG(s) dict_keys(['example_task_group']) retrieved from /home/airflow/.local/lib/python3.7/site-packages/airflow/example_dags/example_task_group.py
[2022-08-30T12:31:08.863+0000] {logging_mixin.py:115} INFO - [2022-08-30T12:31:08.863+0000] {dag.py:2429} INFO - Sync 1 DAGs
[2022-08-30T12:31:08.876+0000] {logging_mixin.py:115} INFO - [2022-08-30T12:31:08.876+0000] {dag.py:2981} INFO - Setting next_dagrun for example_task_group to 2022-08-29T12:31:08.876719+00:00, run_after=2022-08-30T12:31:08.876719+00:00
[2022-08-30T12:31:08.884+0000] {processor.py:161} INFO - Processing /home/airflow/.local/lib/python3.7/site-packages/airflow/example_dags/example_task_group.py took 0.058 seconds
[2022-08-30T12:31:39.436+0000] {processor.py:153} INFO - Started process (PID=1190) to work on /home/airflow/.local/lib/python3.7/site-packages/airflow/example_dags/example_task_group.py
[2022-08-30T12:31:39.437+0000] {processor.py:640} INFO - Processing file /home/airflow/.local/lib/python3.7/site-packages/airflow/example_dags/example_task_group.py for tasks to queue
[2022-08-30T12:31:39.438+0000] {logging_mixin.py:115} INFO - [2022-08-30T12:31:39.438+0000] {dagbag.py:508} INFO - Filling up the DagBag from /home/airflow/.local/lib/python3.7/site-packages/airflow/example_dags/example_task_group.py
[2022-08-30T12:31:39.443+0000] {processor.py:650} INFO - DAG(s) dict_keys(['example_task_group']) retrieved from /home/airflow/.local/lib/python3.7/site-packages/airflow/example_dags/example_task_group.py
[2022-08-30T12:31:39.462+0000] {logging_mixin.py:115} INFO - [2022-08-30T12:31:39.462+0000] {dag.py:2429} INFO - Sync 1 DAGs
[2022-08-30T12:31:39.476+0000] {logging_mixin.py:115} INFO - [2022-08-30T12:31:39.475+0000] {dag.py:2981} INFO - Setting next_dagrun for example_task_group to 2022-08-29T12:31:39.475761+00:00, run_after=2022-08-30T12:31:39.475761+00:00
[2022-08-30T12:31:39.483+0000] {processor.py:161} INFO - Processing /home/airflow/.local/lib/python3.7/site-packages/airflow/example_dags/example_task_group.py took 0.049 seconds
[2022-08-30T12:32:10.027+0000] {processor.py:153} INFO - Started process (PID=1390) to work on /home/airflow/.local/lib/python3.7/site-packages/airflow/example_dags/example_task_group.py
[2022-08-30T12:32:10.030+0000] {processor.py:640} INFO - Processing file /home/airflow/.local/lib/python3.7/site-packages/airflow/example_dags/example_task_group.py for tasks to queue
[2022-08-30T12:32:10.032+0000] {logging_mixin.py:115} INFO - [2022-08-30T12:32:10.031+0000] {dagbag.py:508} INFO - Filling up the DagBag from /home/airflow/.local/lib/python3.7/site-packages/airflow/example_dags/example_task_group.py
[2022-08-30T12:32:10.039+0000] {processor.py:650} INFO - DAG(s) dict_keys(['example_task_group']) retrieved from /home/airflow/.local/lib/python3.7/site-packages/airflow/example_dags/example_task_group.py
[2022-08-30T12:32:10.064+0000] {logging_mixin.py:115} INFO - [2022-08-30T12:32:10.064+0000] {dag.py:2429} INFO - Sync 1 DAGs
[2022-08-30T12:32:10.079+0000] {logging_mixin.py:115} INFO - [2022-08-30T12:32:10.079+0000] {dag.py:2981} INFO - Setting next_dagrun for example_task_group to 2022-08-29T12:32:10.079290+00:00, run_after=2022-08-30T12:32:10.079290+00:00
[2022-08-30T12:32:10.087+0000] {processor.py:161} INFO - Processing /home/airflow/.local/lib/python3.7/site-packages/airflow/example_dags/example_task_group.py took 0.065 seconds
[2022-08-30T12:32:40.821+0000] {processor.py:153} INFO - Started process (PID=1593) to work on /home/airflow/.local/lib/python3.7/site-packages/airflow/example_dags/example_task_group.py
[2022-08-30T12:32:40.823+0000] {processor.py:640} INFO - Processing file /home/airflow/.local/lib/python3.7/site-packages/airflow/example_dags/example_task_group.py for tasks to queue
[2022-08-30T12:32:40.824+0000] {logging_mixin.py:115} INFO - [2022-08-30T12:32:40.824+0000] {dagbag.py:508} INFO - Filling up the DagBag from /home/airflow/.local/lib/python3.7/site-packages/airflow/example_dags/example_task_group.py
[2022-08-30T12:32:40.831+0000] {processor.py:650} INFO - DAG(s) dict_keys(['example_task_group']) retrieved from /home/airflow/.local/lib/python3.7/site-packages/airflow/example_dags/example_task_group.py
[2022-08-30T12:32:40.859+0000] {logging_mixin.py:115} INFO - [2022-08-30T12:32:40.859+0000] {dag.py:2429} INFO - Sync 1 DAGs
[2022-08-30T12:32:40.873+0000] {logging_mixin.py:115} INFO - [2022-08-30T12:32:40.873+0000] {dag.py:2981} INFO - Setting next_dagrun for example_task_group to 2022-08-29T12:32:40.873506+00:00, run_after=2022-08-30T12:32:40.873506+00:00
[2022-08-30T12:32:40.881+0000] {processor.py:161} INFO - Processing /home/airflow/.local/lib/python3.7/site-packages/airflow/example_dags/example_task_group.py took 0.064 seconds
[2022-08-30T12:33:11.752+0000] {processor.py:153} INFO - Started process (PID=1796) to work on /home/airflow/.local/lib/python3.7/site-packages/airflow/example_dags/example_task_group.py
[2022-08-30T12:33:11.757+0000] {processor.py:640} INFO - Processing file /home/airflow/.local/lib/python3.7/site-packages/airflow/example_dags/example_task_group.py for tasks to queue
[2022-08-30T12:33:11.758+0000] {logging_mixin.py:115} INFO - [2022-08-30T12:33:11.758+0000] {dagbag.py:508} INFO - Filling up the DagBag from /home/airflow/.local/lib/python3.7/site-packages/airflow/example_dags/example_task_group.py
[2022-08-30T12:33:11.765+0000] {processor.py:650} INFO - DAG(s) dict_keys(['example_task_group']) retrieved from /home/airflow/.local/lib/python3.7/site-packages/airflow/example_dags/example_task_group.py
[2022-08-30T12:33:11.798+0000] {logging_mixin.py:115} INFO - [2022-08-30T12:33:11.798+0000] {dag.py:2429} INFO - Sync 1 DAGs
[2022-08-30T12:33:11.810+0000] {logging_mixin.py:115} INFO - [2022-08-30T12:33:11.810+0000] {dag.py:2981} INFO - Setting next_dagrun for example_task_group to 2022-08-29T12:33:11.810597+00:00, run_after=2022-08-30T12:33:11.810597+00:00
[2022-08-30T12:33:11.818+0000] {processor.py:161} INFO - Processing /home/airflow/.local/lib/python3.7/site-packages/airflow/example_dags/example_task_group.py took 0.069 seconds
[2022-08-30T12:33:42.387+0000] {processor.py:153} INFO - Started process (PID=1996) to work on /home/airflow/.local/lib/python3.7/site-packages/airflow/example_dags/example_task_group.py
[2022-08-30T12:33:42.389+0000] {processor.py:640} INFO - Processing file /home/airflow/.local/lib/python3.7/site-packages/airflow/example_dags/example_task_group.py for tasks to queue
[2022-08-30T12:33:42.391+0000] {logging_mixin.py:115} INFO - [2022-08-30T12:33:42.391+0000] {dagbag.py:508} INFO - Filling up the DagBag from /home/airflow/.local/lib/python3.7/site-packages/airflow/example_dags/example_task_group.py
[2022-08-30T12:33:42.398+0000] {processor.py:650} INFO - DAG(s) dict_keys(['example_task_group']) retrieved from /home/airflow/.local/lib/python3.7/site-packages/airflow/example_dags/example_task_group.py
[2022-08-30T12:33:42.422+0000] {logging_mixin.py:115} INFO - [2022-08-30T12:33:42.422+0000] {dag.py:2429} INFO - Sync 1 DAGs
[2022-08-30T12:33:42.440+0000] {logging_mixin.py:115} INFO - [2022-08-30T12:33:42.439+0000] {dag.py:2981} INFO - Setting next_dagrun for example_task_group to 2022-08-29T12:33:42.439430+00:00, run_after=2022-08-30T12:33:42.439430+00:00
[2022-08-30T12:33:42.451+0000] {processor.py:161} INFO - Processing /home/airflow/.local/lib/python3.7/site-packages/airflow/example_dags/example_task_group.py took 0.069 seconds
[2022-08-30T12:34:13.094+0000] {processor.py:153} INFO - Started process (PID=2196) to work on /home/airflow/.local/lib/python3.7/site-packages/airflow/example_dags/example_task_group.py
[2022-08-30T12:34:13.095+0000] {processor.py:640} INFO - Processing file /home/airflow/.local/lib/python3.7/site-packages/airflow/example_dags/example_task_group.py for tasks to queue
[2022-08-30T12:34:13.097+0000] {logging_mixin.py:115} INFO - [2022-08-30T12:34:13.097+0000] {dagbag.py:508} INFO - Filling up the DagBag from /home/airflow/.local/lib/python3.7/site-packages/airflow/example_dags/example_task_group.py
[2022-08-30T12:34:13.101+0000] {processor.py:650} INFO - DAG(s) dict_keys(['example_task_group']) retrieved from /home/airflow/.local/lib/python3.7/site-packages/airflow/example_dags/example_task_group.py
[2022-08-30T12:34:13.121+0000] {logging_mixin.py:115} INFO - [2022-08-30T12:34:13.121+0000] {dag.py:2429} INFO - Sync 1 DAGs
[2022-08-30T12:34:13.133+0000] {logging_mixin.py:115} INFO - [2022-08-30T12:34:13.133+0000] {dag.py:2981} INFO - Setting next_dagrun for example_task_group to 2022-08-29T12:34:13.133261+00:00, run_after=2022-08-30T12:34:13.133261+00:00
[2022-08-30T12:34:13.140+0000] {processor.py:161} INFO - Processing /home/airflow/.local/lib/python3.7/site-packages/airflow/example_dags/example_task_group.py took 0.049 seconds
[2022-08-30T12:34:43.980+0000] {processor.py:153} INFO - Started process (PID=2386) to work on /home/airflow/.local/lib/python3.7/site-packages/airflow/example_dags/example_task_group.py
[2022-08-30T12:34:43.982+0000] {processor.py:640} INFO - Processing file /home/airflow/.local/lib/python3.7/site-packages/airflow/example_dags/example_task_group.py for tasks to queue
[2022-08-30T12:34:43.983+0000] {logging_mixin.py:115} INFO - [2022-08-30T12:34:43.983+0000] {dagbag.py:508} INFO - Filling up the DagBag from /home/airflow/.local/lib/python3.7/site-packages/airflow/example_dags/example_task_group.py
[2022-08-30T12:34:43.990+0000] {processor.py:650} INFO - DAG(s) dict_keys(['example_task_group']) retrieved from /home/airflow/.local/lib/python3.7/site-packages/airflow/example_dags/example_task_group.py
[2022-08-30T12:34:44.013+0000] {logging_mixin.py:115} INFO - [2022-08-30T12:34:44.013+0000] {dag.py:2429} INFO - Sync 1 DAGs
[2022-08-30T12:34:44.026+0000] {logging_mixin.py:115} INFO - [2022-08-30T12:34:44.026+0000] {dag.py:2981} INFO - Setting next_dagrun for example_task_group to 2022-08-29T12:34:44.026289+00:00, run_after=2022-08-30T12:34:44.026289+00:00
[2022-08-30T12:34:44.034+0000] {processor.py:161} INFO - Processing /home/airflow/.local/lib/python3.7/site-packages/airflow/example_dags/example_task_group.py took 0.057 seconds
[2022-08-30T12:35:14.730+0000] {processor.py:153} INFO - Started process (PID=2588) to work on /home/airflow/.local/lib/python3.7/site-packages/airflow/example_dags/example_task_group.py
[2022-08-30T12:35:14.732+0000] {processor.py:640} INFO - Processing file /home/airflow/.local/lib/python3.7/site-packages/airflow/example_dags/example_task_group.py for tasks to queue
[2022-08-30T12:35:14.734+0000] {logging_mixin.py:115} INFO - [2022-08-30T12:35:14.734+0000] {dagbag.py:508} INFO - Filling up the DagBag from /home/airflow/.local/lib/python3.7/site-packages/airflow/example_dags/example_task_group.py
[2022-08-30T12:35:14.740+0000] {processor.py:650} INFO - DAG(s) dict_keys(['example_task_group']) retrieved from /home/airflow/.local/lib/python3.7/site-packages/airflow/example_dags/example_task_group.py
[2022-08-30T12:35:14.762+0000] {logging_mixin.py:115} INFO - [2022-08-30T12:35:14.762+0000] {dag.py:2429} INFO - Sync 1 DAGs
[2022-08-30T12:35:14.774+0000] {logging_mixin.py:115} INFO - [2022-08-30T12:35:14.774+0000] {dag.py:2981} INFO - Setting next_dagrun for example_task_group to 2022-08-29T12:35:14.774649+00:00, run_after=2022-08-30T12:35:14.774649+00:00
[2022-08-30T12:35:14.781+0000] {processor.py:161} INFO - Processing /home/airflow/.local/lib/python3.7/site-packages/airflow/example_dags/example_task_group.py took 0.054 seconds
[2022-08-30T12:35:45.497+0000] {processor.py:153} INFO - Started process (PID=2790) to work on /home/airflow/.local/lib/python3.7/site-packages/airflow/example_dags/example_task_group.py
[2022-08-30T12:35:45.498+0000] {processor.py:640} INFO - Processing file /home/airflow/.local/lib/python3.7/site-packages/airflow/example_dags/example_task_group.py for tasks to queue
[2022-08-30T12:35:45.499+0000] {logging_mixin.py:115} INFO - [2022-08-30T12:35:45.499+0000] {dagbag.py:508} INFO - Filling up the DagBag from /home/airflow/.local/lib/python3.7/site-packages/airflow/example_dags/example_task_group.py
[2022-08-30T12:35:45.503+0000] {processor.py:650} INFO - DAG(s) dict_keys(['example_task_group']) retrieved from /home/airflow/.local/lib/python3.7/site-packages/airflow/example_dags/example_task_group.py
[2022-08-30T12:35:45.523+0000] {logging_mixin.py:115} INFO - [2022-08-30T12:35:45.523+0000] {dag.py:2429} INFO - Sync 1 DAGs
[2022-08-30T12:35:45.538+0000] {logging_mixin.py:115} INFO - [2022-08-30T12:35:45.538+0000] {dag.py:2981} INFO - Setting next_dagrun for example_task_group to 2022-08-29T12:35:45.538070+00:00, run_after=2022-08-30T12:35:45.538070+00:00
[2022-08-30T12:35:45.547+0000] {processor.py:161} INFO - Processing /home/airflow/.local/lib/python3.7/site-packages/airflow/example_dags/example_task_group.py took 0.053 seconds
[2022-08-30T12:36:16.402+0000] {processor.py:153} INFO - Started process (PID=2992) to work on /home/airflow/.local/lib/python3.7/site-packages/airflow/example_dags/example_task_group.py
[2022-08-30T12:36:16.405+0000] {processor.py:640} INFO - Processing file /home/airflow/.local/lib/python3.7/site-packages/airflow/example_dags/example_task_group.py for tasks to queue
[2022-08-30T12:36:16.406+0000] {logging_mixin.py:115} INFO - [2022-08-30T12:36:16.406+0000] {dagbag.py:508} INFO - Filling up the DagBag from /home/airflow/.local/lib/python3.7/site-packages/airflow/example_dags/example_task_group.py
[2022-08-30T12:36:16.413+0000] {processor.py:650} INFO - DAG(s) dict_keys(['example_task_group']) retrieved from /home/airflow/.local/lib/python3.7/site-packages/airflow/example_dags/example_task_group.py
[2022-08-30T12:36:16.437+0000] {logging_mixin.py:115} INFO - [2022-08-30T12:36:16.437+0000] {dag.py:2429} INFO - Sync 1 DAGs
[2022-08-30T12:36:16.454+0000] {logging_mixin.py:115} INFO - [2022-08-30T12:36:16.454+0000] {dag.py:2981} INFO - Setting next_dagrun for example_task_group to 2022-08-29T12:36:16.453887+00:00, run_after=2022-08-30T12:36:16.453887+00:00
[2022-08-30T12:36:16.462+0000] {processor.py:161} INFO - Processing /home/airflow/.local/lib/python3.7/site-packages/airflow/example_dags/example_task_group.py took 0.063 seconds
[2022-08-30T12:36:47.292+0000] {processor.py:153} INFO - Started process (PID=3189) to work on /home/airflow/.local/lib/python3.7/site-packages/airflow/example_dags/example_task_group.py
[2022-08-30T12:36:47.294+0000] {processor.py:640} INFO - Processing file /home/airflow/.local/lib/python3.7/site-packages/airflow/example_dags/example_task_group.py for tasks to queue
[2022-08-30T12:36:47.295+0000] {logging_mixin.py:115} INFO - [2022-08-30T12:36:47.295+0000] {dagbag.py:508} INFO - Filling up the DagBag from /home/airflow/.local/lib/python3.7/site-packages/airflow/example_dags/example_task_group.py
[2022-08-30T12:36:47.302+0000] {processor.py:650} INFO - DAG(s) dict_keys(['example_task_group']) retrieved from /home/airflow/.local/lib/python3.7/site-packages/airflow/example_dags/example_task_group.py
[2022-08-30T12:36:47.326+0000] {logging_mixin.py:115} INFO - [2022-08-30T12:36:47.326+0000] {dag.py:2429} INFO - Sync 1 DAGs
[2022-08-30T12:36:47.339+0000] {logging_mixin.py:115} INFO - [2022-08-30T12:36:47.339+0000] {dag.py:2981} INFO - Setting next_dagrun for example_task_group to 2022-08-29T12:36:47.339368+00:00, run_after=2022-08-30T12:36:47.339368+00:00
[2022-08-30T12:36:47.347+0000] {processor.py:161} INFO - Processing /home/airflow/.local/lib/python3.7/site-packages/airflow/example_dags/example_task_group.py took 0.058 seconds
[2022-08-30T12:37:17.955+0000] {processor.py:153} INFO - Started process (PID=3389) to work on /home/airflow/.local/lib/python3.7/site-packages/airflow/example_dags/example_task_group.py
[2022-08-30T12:37:17.956+0000] {processor.py:640} INFO - Processing file /home/airflow/.local/lib/python3.7/site-packages/airflow/example_dags/example_task_group.py for tasks to queue
[2022-08-30T12:37:17.957+0000] {logging_mixin.py:115} INFO - [2022-08-30T12:37:17.957+0000] {dagbag.py:508} INFO - Filling up the DagBag from /home/airflow/.local/lib/python3.7/site-packages/airflow/example_dags/example_task_group.py
[2022-08-30T12:37:17.962+0000] {processor.py:650} INFO - DAG(s) dict_keys(['example_task_group']) retrieved from /home/airflow/.local/lib/python3.7/site-packages/airflow/example_dags/example_task_group.py
[2022-08-30T12:37:17.982+0000] {logging_mixin.py:115} INFO - [2022-08-30T12:37:17.982+0000] {dag.py:2429} INFO - Sync 1 DAGs
[2022-08-30T12:37:17.995+0000] {logging_mixin.py:115} INFO - [2022-08-30T12:37:17.995+0000] {dag.py:2981} INFO - Setting next_dagrun for example_task_group to 2022-08-29T12:37:17.995362+00:00, run_after=2022-08-30T12:37:17.995362+00:00
[2022-08-30T12:37:18.002+0000] {processor.py:161} INFO - Processing /home/airflow/.local/lib/python3.7/site-packages/airflow/example_dags/example_task_group.py took 0.050 seconds
[2022-08-30T12:37:48.805+0000] {processor.py:153} INFO - Started process (PID=3590) to work on /home/airflow/.local/lib/python3.7/site-packages/airflow/example_dags/example_task_group.py
[2022-08-30T12:37:48.807+0000] {processor.py:640} INFO - Processing file /home/airflow/.local/lib/python3.7/site-packages/airflow/example_dags/example_task_group.py for tasks to queue
[2022-08-30T12:37:48.808+0000] {logging_mixin.py:115} INFO - [2022-08-30T12:37:48.808+0000] {dagbag.py:508} INFO - Filling up the DagBag from /home/airflow/.local/lib/python3.7/site-packages/airflow/example_dags/example_task_group.py
[2022-08-30T12:37:48.815+0000] {processor.py:650} INFO - DAG(s) dict_keys(['example_task_group']) retrieved from /home/airflow/.local/lib/python3.7/site-packages/airflow/example_dags/example_task_group.py
[2022-08-30T12:37:48.839+0000] {logging_mixin.py:115} INFO - [2022-08-30T12:37:48.839+0000] {dag.py:2429} INFO - Sync 1 DAGs
[2022-08-30T12:37:48.852+0000] {logging_mixin.py:115} INFO - [2022-08-30T12:37:48.852+0000] {dag.py:2981} INFO - Setting next_dagrun for example_task_group to 2022-08-29T12:37:48.852226+00:00, run_after=2022-08-30T12:37:48.852226+00:00
[2022-08-30T12:37:48.860+0000] {processor.py:161} INFO - Processing /home/airflow/.local/lib/python3.7/site-packages/airflow/example_dags/example_task_group.py took 0.058 seconds
[2022-08-30T12:39:59.007+0000] {processor.py:153} INFO - Started process (PID=202) to work on /home/airflow/.local/lib/python3.7/site-packages/airflow/example_dags/example_task_group.py
[2022-08-30T12:39:59.009+0000] {processor.py:640} INFO - Processing file /home/airflow/.local/lib/python3.7/site-packages/airflow/example_dags/example_task_group.py for tasks to queue
[2022-08-30T12:39:59.011+0000] {logging_mixin.py:115} INFO - [2022-08-30T12:39:59.011+0000] {dagbag.py:508} INFO - Filling up the DagBag from /home/airflow/.local/lib/python3.7/site-packages/airflow/example_dags/example_task_group.py
[2022-08-30T12:39:59.075+0000] {processor.py:650} INFO - DAG(s) dict_keys(['example_task_group']) retrieved from /home/airflow/.local/lib/python3.7/site-packages/airflow/example_dags/example_task_group.py
[2022-08-30T12:40:01.215+0000] {logging_mixin.py:115} INFO - [2022-08-30T12:40:01.215+0000] {manager.py:508} INFO - Created Permission View: can edit on DAG:example_task_group
[2022-08-30T12:40:01.305+0000] {logging_mixin.py:115} INFO - [2022-08-30T12:40:01.305+0000] {manager.py:508} INFO - Created Permission View: can read on DAG:example_task_group
[2022-08-30T12:40:01.364+0000] {logging_mixin.py:115} INFO - [2022-08-30T12:40:01.364+0000] {manager.py:508} INFO - Created Permission View: can delete on DAG:example_task_group
[2022-08-30T12:40:01.367+0000] {logging_mixin.py:115} INFO - [2022-08-30T12:40:01.367+0000] {dag.py:2429} INFO - Sync 1 DAGs
[2022-08-30T12:40:01.417+0000] {logging_mixin.py:115} INFO - [2022-08-30T12:40:01.417+0000] {dag.py:2448} INFO - Creating ORM DAG for example_task_group
[2022-08-30T12:40:01.505+0000] {logging_mixin.py:115} INFO - [2022-08-30T12:40:01.502+0000] {dag.py:2981} INFO - Setting next_dagrun for example_task_group to 2022-08-29T12:40:01.474020+00:00, run_after=2022-08-30T12:40:01.474020+00:00
[2022-08-30T12:40:01.562+0000] {processor.py:161} INFO - Processing /home/airflow/.local/lib/python3.7/site-packages/airflow/example_dags/example_task_group.py took 2.562 seconds
[2022-08-30T12:40:32.243+0000] {processor.py:153} INFO - Started process (PID=389) to work on /home/airflow/.local/lib/python3.7/site-packages/airflow/example_dags/example_task_group.py
[2022-08-30T12:40:32.247+0000] {processor.py:640} INFO - Processing file /home/airflow/.local/lib/python3.7/site-packages/airflow/example_dags/example_task_group.py for tasks to queue
[2022-08-30T12:40:32.250+0000] {logging_mixin.py:115} INFO - [2022-08-30T12:40:32.250+0000] {dagbag.py:508} INFO - Filling up the DagBag from /home/airflow/.local/lib/python3.7/site-packages/airflow/example_dags/example_task_group.py
[2022-08-30T12:40:33.381+0000] {processor.py:650} INFO - DAG(s) dict_keys(['example_task_group']) retrieved from /home/airflow/.local/lib/python3.7/site-packages/airflow/example_dags/example_task_group.py
[2022-08-30T12:40:34.227+0000] {logging_mixin.py:115} INFO - [2022-08-30T12:40:34.227+0000] {dag.py:2429} INFO - Sync 1 DAGs
[2022-08-30T12:40:34.312+0000] {logging_mixin.py:115} INFO - [2022-08-30T12:40:34.311+0000] {dag.py:2981} INFO - Setting next_dagrun for example_task_group to 2022-08-29T12:40:34.300169+00:00, run_after=2022-08-30T12:40:34.300169+00:00
[2022-08-30T12:40:35.403+0000] {processor.py:161} INFO - Processing /home/airflow/.local/lib/python3.7/site-packages/airflow/example_dags/example_task_group.py took 3.281 seconds
[2022-08-30T12:42:15.060+0000] {processor.py:153} INFO - Started process (PID=191) to work on /home/airflow/.local/lib/python3.7/site-packages/airflow/example_dags/example_task_group.py
[2022-08-30T12:42:15.061+0000] {processor.py:640} INFO - Processing file /home/airflow/.local/lib/python3.7/site-packages/airflow/example_dags/example_task_group.py for tasks to queue
[2022-08-30T12:42:15.062+0000] {logging_mixin.py:115} INFO - [2022-08-30T12:42:15.062+0000] {dagbag.py:508} INFO - Filling up the DagBag from /home/airflow/.local/lib/python3.7/site-packages/airflow/example_dags/example_task_group.py
[2022-08-30T12:42:15.068+0000] {processor.py:650} INFO - DAG(s) dict_keys(['example_task_group']) retrieved from /home/airflow/.local/lib/python3.7/site-packages/airflow/example_dags/example_task_group.py
[2022-08-30T12:42:15.087+0000] {logging_mixin.py:115} INFO - [2022-08-30T12:42:15.087+0000] {dag.py:2429} INFO - Sync 1 DAGs
[2022-08-30T12:42:15.101+0000] {logging_mixin.py:115} INFO - [2022-08-30T12:42:15.101+0000] {dag.py:2981} INFO - Setting next_dagrun for example_task_group to 2022-08-29T12:42:15.100958+00:00, run_after=2022-08-30T12:42:15.100958+00:00
[2022-08-30T12:42:15.110+0000] {processor.py:161} INFO - Processing /home/airflow/.local/lib/python3.7/site-packages/airflow/example_dags/example_task_group.py took 0.052 seconds
[2022-08-30T12:42:45.894+0000] {processor.py:153} INFO - Started process (PID=391) to work on /home/airflow/.local/lib/python3.7/site-packages/airflow/example_dags/example_task_group.py
[2022-08-30T12:42:45.895+0000] {processor.py:640} INFO - Processing file /home/airflow/.local/lib/python3.7/site-packages/airflow/example_dags/example_task_group.py for tasks to queue
[2022-08-30T12:42:45.896+0000] {logging_mixin.py:115} INFO - [2022-08-30T12:42:45.896+0000] {dagbag.py:508} INFO - Filling up the DagBag from /home/airflow/.local/lib/python3.7/site-packages/airflow/example_dags/example_task_group.py
[2022-08-30T12:42:45.902+0000] {processor.py:650} INFO - DAG(s) dict_keys(['example_task_group']) retrieved from /home/airflow/.local/lib/python3.7/site-packages/airflow/example_dags/example_task_group.py
[2022-08-30T12:42:45.922+0000] {logging_mixin.py:115} INFO - [2022-08-30T12:42:45.921+0000] {dag.py:2429} INFO - Sync 1 DAGs
[2022-08-30T12:42:45.934+0000] {logging_mixin.py:115} INFO - [2022-08-30T12:42:45.934+0000] {dag.py:2981} INFO - Setting next_dagrun for example_task_group to 2022-08-29T12:42:45.934251+00:00, run_after=2022-08-30T12:42:45.934251+00:00
[2022-08-30T12:42:45.941+0000] {processor.py:161} INFO - Processing /home/airflow/.local/lib/python3.7/site-packages/airflow/example_dags/example_task_group.py took 0.049 seconds
[2022-08-30T12:43:16.741+0000] {processor.py:153} INFO - Started process (PID=595) to work on /home/airflow/.local/lib/python3.7/site-packages/airflow/example_dags/example_task_group.py
[2022-08-30T12:43:16.744+0000] {processor.py:640} INFO - Processing file /home/airflow/.local/lib/python3.7/site-packages/airflow/example_dags/example_task_group.py for tasks to queue
[2022-08-30T12:43:16.746+0000] {logging_mixin.py:115} INFO - [2022-08-30T12:43:16.745+0000] {dagbag.py:508} INFO - Filling up the DagBag from /home/airflow/.local/lib/python3.7/site-packages/airflow/example_dags/example_task_group.py
[2022-08-30T12:43:16.755+0000] {processor.py:650} INFO - DAG(s) dict_keys(['example_task_group']) retrieved from /home/airflow/.local/lib/python3.7/site-packages/airflow/example_dags/example_task_group.py
[2022-08-30T12:43:16.793+0000] {logging_mixin.py:115} INFO - [2022-08-30T12:43:16.793+0000] {dag.py:2429} INFO - Sync 1 DAGs
[2022-08-30T12:43:16.829+0000] {logging_mixin.py:115} INFO - [2022-08-30T12:43:16.829+0000] {dag.py:2981} INFO - Setting next_dagrun for example_task_group to 2022-08-29T12:43:16.828238+00:00, run_after=2022-08-30T12:43:16.828238+00:00
[2022-08-30T12:43:16.864+0000] {processor.py:161} INFO - Processing /home/airflow/.local/lib/python3.7/site-packages/airflow/example_dags/example_task_group.py took 0.125 seconds
[2022-08-30T12:43:47.629+0000] {processor.py:153} INFO - Started process (PID=787) to work on /home/airflow/.local/lib/python3.7/site-packages/airflow/example_dags/example_task_group.py
[2022-08-30T12:43:47.630+0000] {processor.py:640} INFO - Processing file /home/airflow/.local/lib/python3.7/site-packages/airflow/example_dags/example_task_group.py for tasks to queue
[2022-08-30T12:43:47.631+0000] {logging_mixin.py:115} INFO - [2022-08-30T12:43:47.631+0000] {dagbag.py:508} INFO - Filling up the DagBag from /home/airflow/.local/lib/python3.7/site-packages/airflow/example_dags/example_task_group.py
[2022-08-30T12:43:47.636+0000] {processor.py:650} INFO - DAG(s) dict_keys(['example_task_group']) retrieved from /home/airflow/.local/lib/python3.7/site-packages/airflow/example_dags/example_task_group.py
[2022-08-30T12:43:47.656+0000] {logging_mixin.py:115} INFO - [2022-08-30T12:43:47.656+0000] {dag.py:2429} INFO - Sync 1 DAGs
[2022-08-30T12:43:47.669+0000] {logging_mixin.py:115} INFO - [2022-08-30T12:43:47.669+0000] {dag.py:2981} INFO - Setting next_dagrun for example_task_group to 2022-08-29T12:43:47.669086+00:00, run_after=2022-08-30T12:43:47.669086+00:00
[2022-08-30T12:43:47.676+0000] {processor.py:161} INFO - Processing /home/airflow/.local/lib/python3.7/site-packages/airflow/example_dags/example_task_group.py took 0.049 seconds
