[2022-08-30T12:27:46.229+0000] {processor.py:153} INFO - Started process (PID=220) to work on /home/airflow/.local/lib/python3.7/site-packages/airflow/example_dags/example_trigger_target_dag.py
[2022-08-30T12:27:46.231+0000] {processor.py:640} INFO - Processing file /home/airflow/.local/lib/python3.7/site-packages/airflow/example_dags/example_trigger_target_dag.py for tasks to queue
[2022-08-30T12:27:46.232+0000] {logging_mixin.py:115} INFO - [2022-08-30T12:27:46.232+0000] {dagbag.py:508} INFO - Filling up the DagBag from /home/airflow/.local/lib/python3.7/site-packages/airflow/example_dags/example_trigger_target_dag.py
[2022-08-30T12:27:46.242+0000] {processor.py:650} INFO - DAG(s) dict_keys(['example_trigger_target_dag']) retrieved from /home/airflow/.local/lib/python3.7/site-packages/airflow/example_dags/example_trigger_target_dag.py
[2022-08-30T12:27:46.291+0000] {logging_mixin.py:115} INFO - [2022-08-30T12:27:46.291+0000] {manager.py:508} INFO - Created Permission View: can read on DAG:example_trigger_target_dag
[2022-08-30T12:27:46.297+0000] {logging_mixin.py:115} INFO - [2022-08-30T12:27:46.297+0000] {manager.py:508} INFO - Created Permission View: can edit on DAG:example_trigger_target_dag
[2022-08-30T12:27:46.303+0000] {logging_mixin.py:115} INFO - [2022-08-30T12:27:46.303+0000] {manager.py:508} INFO - Created Permission View: can delete on DAG:example_trigger_target_dag
[2022-08-30T12:27:46.304+0000] {logging_mixin.py:115} INFO - [2022-08-30T12:27:46.304+0000] {dag.py:2429} INFO - Sync 1 DAGs
[2022-08-30T12:27:46.310+0000] {logging_mixin.py:115} INFO - [2022-08-30T12:27:46.310+0000] {dag.py:2448} INFO - Creating ORM DAG for example_trigger_target_dag
[2022-08-30T12:27:46.318+0000] {logging_mixin.py:115} INFO - [2022-08-30T12:27:46.318+0000] {dag.py:2981} INFO - Setting next_dagrun for example_trigger_target_dag to None, run_after=None
[2022-08-30T12:27:46.329+0000] {processor.py:161} INFO - Processing /home/airflow/.local/lib/python3.7/site-packages/airflow/example_dags/example_trigger_target_dag.py took 0.102 seconds
[2022-08-30T12:28:17.171+0000] {processor.py:153} INFO - Started process (PID=422) to work on /home/airflow/.local/lib/python3.7/site-packages/airflow/example_dags/example_trigger_target_dag.py
[2022-08-30T12:28:17.172+0000] {processor.py:640} INFO - Processing file /home/airflow/.local/lib/python3.7/site-packages/airflow/example_dags/example_trigger_target_dag.py for tasks to queue
[2022-08-30T12:28:17.173+0000] {logging_mixin.py:115} INFO - [2022-08-30T12:28:17.173+0000] {dagbag.py:508} INFO - Filling up the DagBag from /home/airflow/.local/lib/python3.7/site-packages/airflow/example_dags/example_trigger_target_dag.py
[2022-08-30T12:28:17.184+0000] {processor.py:650} INFO - DAG(s) dict_keys(['example_trigger_target_dag']) retrieved from /home/airflow/.local/lib/python3.7/site-packages/airflow/example_dags/example_trigger_target_dag.py
[2022-08-30T12:28:17.200+0000] {logging_mixin.py:115} INFO - [2022-08-30T12:28:17.200+0000] {dag.py:2429} INFO - Sync 1 DAGs
[2022-08-30T12:28:17.217+0000] {logging_mixin.py:115} INFO - [2022-08-30T12:28:17.217+0000] {dag.py:2981} INFO - Setting next_dagrun for example_trigger_target_dag to None, run_after=None
[2022-08-30T12:28:17.225+0000] {processor.py:161} INFO - Processing /home/airflow/.local/lib/python3.7/site-packages/airflow/example_dags/example_trigger_target_dag.py took 0.057 seconds
[2022-08-30T12:29:06.006+0000] {processor.py:153} INFO - Started process (PID=227) to work on /home/airflow/.local/lib/python3.7/site-packages/airflow/example_dags/example_trigger_target_dag.py
[2022-08-30T12:29:06.007+0000] {processor.py:640} INFO - Processing file /home/airflow/.local/lib/python3.7/site-packages/airflow/example_dags/example_trigger_target_dag.py for tasks to queue
[2022-08-30T12:29:06.008+0000] {logging_mixin.py:115} INFO - [2022-08-30T12:29:06.008+0000] {dagbag.py:508} INFO - Filling up the DagBag from /home/airflow/.local/lib/python3.7/site-packages/airflow/example_dags/example_trigger_target_dag.py
[2022-08-30T12:29:06.031+0000] {processor.py:650} INFO - DAG(s) dict_keys(['example_trigger_target_dag']) retrieved from /home/airflow/.local/lib/python3.7/site-packages/airflow/example_dags/example_trigger_target_dag.py
[2022-08-30T12:29:06.053+0000] {logging_mixin.py:115} INFO - [2022-08-30T12:29:06.053+0000] {dag.py:2429} INFO - Sync 1 DAGs
[2022-08-30T12:29:06.069+0000] {logging_mixin.py:115} INFO - [2022-08-30T12:29:06.069+0000] {dag.py:2981} INFO - Setting next_dagrun for example_trigger_target_dag to None, run_after=None
[2022-08-30T12:29:06.077+0000] {processor.py:161} INFO - Processing /home/airflow/.local/lib/python3.7/site-packages/airflow/example_dags/example_trigger_target_dag.py took 0.074 seconds
[2022-08-30T12:29:36.711+0000] {processor.py:153} INFO - Started process (PID=425) to work on /home/airflow/.local/lib/python3.7/site-packages/airflow/example_dags/example_trigger_target_dag.py
[2022-08-30T12:29:36.712+0000] {processor.py:640} INFO - Processing file /home/airflow/.local/lib/python3.7/site-packages/airflow/example_dags/example_trigger_target_dag.py for tasks to queue
[2022-08-30T12:29:36.713+0000] {logging_mixin.py:115} INFO - [2022-08-30T12:29:36.713+0000] {dagbag.py:508} INFO - Filling up the DagBag from /home/airflow/.local/lib/python3.7/site-packages/airflow/example_dags/example_trigger_target_dag.py
[2022-08-30T12:29:36.724+0000] {processor.py:650} INFO - DAG(s) dict_keys(['example_trigger_target_dag']) retrieved from /home/airflow/.local/lib/python3.7/site-packages/airflow/example_dags/example_trigger_target_dag.py
[2022-08-30T12:29:36.741+0000] {logging_mixin.py:115} INFO - [2022-08-30T12:29:36.740+0000] {dag.py:2429} INFO - Sync 1 DAGs
[2022-08-30T12:29:36.754+0000] {logging_mixin.py:115} INFO - [2022-08-30T12:29:36.754+0000] {dag.py:2981} INFO - Setting next_dagrun for example_trigger_target_dag to None, run_after=None
[2022-08-30T12:29:36.762+0000] {processor.py:161} INFO - Processing /home/airflow/.local/lib/python3.7/site-packages/airflow/example_dags/example_trigger_target_dag.py took 0.053 seconds
[2022-08-30T12:30:07.545+0000] {processor.py:153} INFO - Started process (PID=628) to work on /home/airflow/.local/lib/python3.7/site-packages/airflow/example_dags/example_trigger_target_dag.py
[2022-08-30T12:30:07.546+0000] {processor.py:640} INFO - Processing file /home/airflow/.local/lib/python3.7/site-packages/airflow/example_dags/example_trigger_target_dag.py for tasks to queue
[2022-08-30T12:30:07.547+0000] {logging_mixin.py:115} INFO - [2022-08-30T12:30:07.547+0000] {dagbag.py:508} INFO - Filling up the DagBag from /home/airflow/.local/lib/python3.7/site-packages/airflow/example_dags/example_trigger_target_dag.py
[2022-08-30T12:30:07.559+0000] {processor.py:650} INFO - DAG(s) dict_keys(['example_trigger_target_dag']) retrieved from /home/airflow/.local/lib/python3.7/site-packages/airflow/example_dags/example_trigger_target_dag.py
[2022-08-30T12:30:07.574+0000] {logging_mixin.py:115} INFO - [2022-08-30T12:30:07.574+0000] {dag.py:2429} INFO - Sync 1 DAGs
[2022-08-30T12:30:07.586+0000] {logging_mixin.py:115} INFO - [2022-08-30T12:30:07.586+0000] {dag.py:2981} INFO - Setting next_dagrun for example_trigger_target_dag to None, run_after=None
[2022-08-30T12:30:07.593+0000] {processor.py:161} INFO - Processing /home/airflow/.local/lib/python3.7/site-packages/airflow/example_dags/example_trigger_target_dag.py took 0.051 seconds
[2022-08-30T12:30:38.247+0000] {processor.py:153} INFO - Started process (PID=827) to work on /home/airflow/.local/lib/python3.7/site-packages/airflow/example_dags/example_trigger_target_dag.py
[2022-08-30T12:30:38.249+0000] {processor.py:640} INFO - Processing file /home/airflow/.local/lib/python3.7/site-packages/airflow/example_dags/example_trigger_target_dag.py for tasks to queue
[2022-08-30T12:30:38.250+0000] {logging_mixin.py:115} INFO - [2022-08-30T12:30:38.250+0000] {dagbag.py:508} INFO - Filling up the DagBag from /home/airflow/.local/lib/python3.7/site-packages/airflow/example_dags/example_trigger_target_dag.py
[2022-08-30T12:30:38.262+0000] {processor.py:650} INFO - DAG(s) dict_keys(['example_trigger_target_dag']) retrieved from /home/airflow/.local/lib/python3.7/site-packages/airflow/example_dags/example_trigger_target_dag.py
[2022-08-30T12:30:38.286+0000] {logging_mixin.py:115} INFO - [2022-08-30T12:30:38.286+0000] {dag.py:2429} INFO - Sync 1 DAGs
[2022-08-30T12:30:38.315+0000] {logging_mixin.py:115} INFO - [2022-08-30T12:30:38.315+0000] {dag.py:2981} INFO - Setting next_dagrun for example_trigger_target_dag to None, run_after=None
[2022-08-30T12:30:38.324+0000] {processor.py:161} INFO - Processing /home/airflow/.local/lib/python3.7/site-packages/airflow/example_dags/example_trigger_target_dag.py took 0.079 seconds
[2022-08-30T12:31:09.112+0000] {processor.py:153} INFO - Started process (PID=1021) to work on /home/airflow/.local/lib/python3.7/site-packages/airflow/example_dags/example_trigger_target_dag.py
[2022-08-30T12:31:09.114+0000] {processor.py:640} INFO - Processing file /home/airflow/.local/lib/python3.7/site-packages/airflow/example_dags/example_trigger_target_dag.py for tasks to queue
[2022-08-30T12:31:09.115+0000] {logging_mixin.py:115} INFO - [2022-08-30T12:31:09.115+0000] {dagbag.py:508} INFO - Filling up the DagBag from /home/airflow/.local/lib/python3.7/site-packages/airflow/example_dags/example_trigger_target_dag.py
[2022-08-30T12:31:09.127+0000] {processor.py:650} INFO - DAG(s) dict_keys(['example_trigger_target_dag']) retrieved from /home/airflow/.local/lib/python3.7/site-packages/airflow/example_dags/example_trigger_target_dag.py
[2022-08-30T12:31:09.143+0000] {logging_mixin.py:115} INFO - [2022-08-30T12:31:09.143+0000] {dag.py:2429} INFO - Sync 1 DAGs
[2022-08-30T12:31:09.155+0000] {logging_mixin.py:115} INFO - [2022-08-30T12:31:09.155+0000] {dag.py:2981} INFO - Setting next_dagrun for example_trigger_target_dag to None, run_after=None
[2022-08-30T12:31:09.163+0000] {processor.py:161} INFO - Processing /home/airflow/.local/lib/python3.7/site-packages/airflow/example_dags/example_trigger_target_dag.py took 0.053 seconds
[2022-08-30T12:31:39.669+0000] {processor.py:153} INFO - Started process (PID=1220) to work on /home/airflow/.local/lib/python3.7/site-packages/airflow/example_dags/example_trigger_target_dag.py
[2022-08-30T12:31:39.670+0000] {processor.py:640} INFO - Processing file /home/airflow/.local/lib/python3.7/site-packages/airflow/example_dags/example_trigger_target_dag.py for tasks to queue
[2022-08-30T12:31:39.671+0000] {logging_mixin.py:115} INFO - [2022-08-30T12:31:39.671+0000] {dagbag.py:508} INFO - Filling up the DagBag from /home/airflow/.local/lib/python3.7/site-packages/airflow/example_dags/example_trigger_target_dag.py
[2022-08-30T12:31:39.682+0000] {processor.py:650} INFO - DAG(s) dict_keys(['example_trigger_target_dag']) retrieved from /home/airflow/.local/lib/python3.7/site-packages/airflow/example_dags/example_trigger_target_dag.py
[2022-08-30T12:31:39.698+0000] {logging_mixin.py:115} INFO - [2022-08-30T12:31:39.698+0000] {dag.py:2429} INFO - Sync 1 DAGs
[2022-08-30T12:31:39.713+0000] {logging_mixin.py:115} INFO - [2022-08-30T12:31:39.713+0000] {dag.py:2981} INFO - Setting next_dagrun for example_trigger_target_dag to None, run_after=None
[2022-08-30T12:31:39.721+0000] {processor.py:161} INFO - Processing /home/airflow/.local/lib/python3.7/site-packages/airflow/example_dags/example_trigger_target_dag.py took 0.054 seconds
[2022-08-30T12:32:10.348+0000] {processor.py:153} INFO - Started process (PID=1422) to work on /home/airflow/.local/lib/python3.7/site-packages/airflow/example_dags/example_trigger_target_dag.py
[2022-08-30T12:32:10.349+0000] {processor.py:640} INFO - Processing file /home/airflow/.local/lib/python3.7/site-packages/airflow/example_dags/example_trigger_target_dag.py for tasks to queue
[2022-08-30T12:32:10.350+0000] {logging_mixin.py:115} INFO - [2022-08-30T12:32:10.350+0000] {dagbag.py:508} INFO - Filling up the DagBag from /home/airflow/.local/lib/python3.7/site-packages/airflow/example_dags/example_trigger_target_dag.py
[2022-08-30T12:32:10.361+0000] {processor.py:650} INFO - DAG(s) dict_keys(['example_trigger_target_dag']) retrieved from /home/airflow/.local/lib/python3.7/site-packages/airflow/example_dags/example_trigger_target_dag.py
[2022-08-30T12:32:10.377+0000] {logging_mixin.py:115} INFO - [2022-08-30T12:32:10.377+0000] {dag.py:2429} INFO - Sync 1 DAGs
[2022-08-30T12:32:10.389+0000] {logging_mixin.py:115} INFO - [2022-08-30T12:32:10.388+0000] {dag.py:2981} INFO - Setting next_dagrun for example_trigger_target_dag to None, run_after=None
[2022-08-30T12:32:10.397+0000] {processor.py:161} INFO - Processing /home/airflow/.local/lib/python3.7/site-packages/airflow/example_dags/example_trigger_target_dag.py took 0.051 seconds
[2022-08-30T12:32:41.119+0000] {processor.py:153} INFO - Started process (PID=1623) to work on /home/airflow/.local/lib/python3.7/site-packages/airflow/example_dags/example_trigger_target_dag.py
[2022-08-30T12:32:41.121+0000] {processor.py:640} INFO - Processing file /home/airflow/.local/lib/python3.7/site-packages/airflow/example_dags/example_trigger_target_dag.py for tasks to queue
[2022-08-30T12:32:41.124+0000] {logging_mixin.py:115} INFO - [2022-08-30T12:32:41.123+0000] {dagbag.py:508} INFO - Filling up the DagBag from /home/airflow/.local/lib/python3.7/site-packages/airflow/example_dags/example_trigger_target_dag.py
[2022-08-30T12:32:41.141+0000] {processor.py:650} INFO - DAG(s) dict_keys(['example_trigger_target_dag']) retrieved from /home/airflow/.local/lib/python3.7/site-packages/airflow/example_dags/example_trigger_target_dag.py
[2022-08-30T12:32:41.173+0000] {logging_mixin.py:115} INFO - [2022-08-30T12:32:41.173+0000] {dag.py:2429} INFO - Sync 1 DAGs
[2022-08-30T12:32:41.196+0000] {logging_mixin.py:115} INFO - [2022-08-30T12:32:41.196+0000] {dag.py:2981} INFO - Setting next_dagrun for example_trigger_target_dag to None, run_after=None
[2022-08-30T12:32:41.213+0000] {processor.py:161} INFO - Processing /home/airflow/.local/lib/python3.7/site-packages/airflow/example_dags/example_trigger_target_dag.py took 0.096 seconds
[2022-08-30T12:33:12.044+0000] {processor.py:153} INFO - Started process (PID=1828) to work on /home/airflow/.local/lib/python3.7/site-packages/airflow/example_dags/example_trigger_target_dag.py
[2022-08-30T12:33:12.045+0000] {processor.py:640} INFO - Processing file /home/airflow/.local/lib/python3.7/site-packages/airflow/example_dags/example_trigger_target_dag.py for tasks to queue
[2022-08-30T12:33:12.046+0000] {logging_mixin.py:115} INFO - [2022-08-30T12:33:12.046+0000] {dagbag.py:508} INFO - Filling up the DagBag from /home/airflow/.local/lib/python3.7/site-packages/airflow/example_dags/example_trigger_target_dag.py
[2022-08-30T12:33:12.055+0000] {processor.py:650} INFO - DAG(s) dict_keys(['example_trigger_target_dag']) retrieved from /home/airflow/.local/lib/python3.7/site-packages/airflow/example_dags/example_trigger_target_dag.py
[2022-08-30T12:33:12.070+0000] {logging_mixin.py:115} INFO - [2022-08-30T12:33:12.070+0000] {dag.py:2429} INFO - Sync 1 DAGs
[2022-08-30T12:33:12.082+0000] {logging_mixin.py:115} INFO - [2022-08-30T12:33:12.082+0000] {dag.py:2981} INFO - Setting next_dagrun for example_trigger_target_dag to None, run_after=None
[2022-08-30T12:33:12.088+0000] {processor.py:161} INFO - Processing /home/airflow/.local/lib/python3.7/site-packages/airflow/example_dags/example_trigger_target_dag.py took 0.046 seconds
[2022-08-30T12:33:42.694+0000] {processor.py:153} INFO - Started process (PID=2026) to work on /home/airflow/.local/lib/python3.7/site-packages/airflow/example_dags/example_trigger_target_dag.py
[2022-08-30T12:33:42.695+0000] {processor.py:640} INFO - Processing file /home/airflow/.local/lib/python3.7/site-packages/airflow/example_dags/example_trigger_target_dag.py for tasks to queue
[2022-08-30T12:33:42.696+0000] {logging_mixin.py:115} INFO - [2022-08-30T12:33:42.696+0000] {dagbag.py:508} INFO - Filling up the DagBag from /home/airflow/.local/lib/python3.7/site-packages/airflow/example_dags/example_trigger_target_dag.py
[2022-08-30T12:33:42.709+0000] {processor.py:650} INFO - DAG(s) dict_keys(['example_trigger_target_dag']) retrieved from /home/airflow/.local/lib/python3.7/site-packages/airflow/example_dags/example_trigger_target_dag.py
[2022-08-30T12:33:42.727+0000] {logging_mixin.py:115} INFO - [2022-08-30T12:33:42.727+0000] {dag.py:2429} INFO - Sync 1 DAGs
[2022-08-30T12:33:42.742+0000] {logging_mixin.py:115} INFO - [2022-08-30T12:33:42.742+0000] {dag.py:2981} INFO - Setting next_dagrun for example_trigger_target_dag to None, run_after=None
[2022-08-30T12:33:42.750+0000] {processor.py:161} INFO - Processing /home/airflow/.local/lib/python3.7/site-packages/airflow/example_dags/example_trigger_target_dag.py took 0.058 seconds
[2022-08-30T12:34:13.424+0000] {processor.py:153} INFO - Started process (PID=2228) to work on /home/airflow/.local/lib/python3.7/site-packages/airflow/example_dags/example_trigger_target_dag.py
[2022-08-30T12:34:13.426+0000] {processor.py:640} INFO - Processing file /home/airflow/.local/lib/python3.7/site-packages/airflow/example_dags/example_trigger_target_dag.py for tasks to queue
[2022-08-30T12:34:13.427+0000] {logging_mixin.py:115} INFO - [2022-08-30T12:34:13.427+0000] {dagbag.py:508} INFO - Filling up the DagBag from /home/airflow/.local/lib/python3.7/site-packages/airflow/example_dags/example_trigger_target_dag.py
[2022-08-30T12:34:13.444+0000] {processor.py:650} INFO - DAG(s) dict_keys(['example_trigger_target_dag']) retrieved from /home/airflow/.local/lib/python3.7/site-packages/airflow/example_dags/example_trigger_target_dag.py
[2022-08-30T12:34:13.464+0000] {logging_mixin.py:115} INFO - [2022-08-30T12:34:13.464+0000] {dag.py:2429} INFO - Sync 1 DAGs
[2022-08-30T12:34:13.480+0000] {logging_mixin.py:115} INFO - [2022-08-30T12:34:13.480+0000] {dag.py:2981} INFO - Setting next_dagrun for example_trigger_target_dag to None, run_after=None
[2022-08-30T12:34:13.495+0000] {processor.py:161} INFO - Processing /home/airflow/.local/lib/python3.7/site-packages/airflow/example_dags/example_trigger_target_dag.py took 0.074 seconds
[2022-08-30T12:34:44.228+0000] {processor.py:153} INFO - Started process (PID=2416) to work on /home/airflow/.local/lib/python3.7/site-packages/airflow/example_dags/example_trigger_target_dag.py
[2022-08-30T12:34:44.229+0000] {processor.py:640} INFO - Processing file /home/airflow/.local/lib/python3.7/site-packages/airflow/example_dags/example_trigger_target_dag.py for tasks to queue
[2022-08-30T12:34:44.231+0000] {logging_mixin.py:115} INFO - [2022-08-30T12:34:44.231+0000] {dagbag.py:508} INFO - Filling up the DagBag from /home/airflow/.local/lib/python3.7/site-packages/airflow/example_dags/example_trigger_target_dag.py
[2022-08-30T12:34:44.244+0000] {processor.py:650} INFO - DAG(s) dict_keys(['example_trigger_target_dag']) retrieved from /home/airflow/.local/lib/python3.7/site-packages/airflow/example_dags/example_trigger_target_dag.py
[2022-08-30T12:34:44.262+0000] {logging_mixin.py:115} INFO - [2022-08-30T12:34:44.262+0000] {dag.py:2429} INFO - Sync 1 DAGs
[2022-08-30T12:34:44.277+0000] {logging_mixin.py:115} INFO - [2022-08-30T12:34:44.277+0000] {dag.py:2981} INFO - Setting next_dagrun for example_trigger_target_dag to None, run_after=None
[2022-08-30T12:34:44.288+0000] {processor.py:161} INFO - Processing /home/airflow/.local/lib/python3.7/site-packages/airflow/example_dags/example_trigger_target_dag.py took 0.063 seconds
[2022-08-30T12:35:14.982+0000] {processor.py:153} INFO - Started process (PID=2618) to work on /home/airflow/.local/lib/python3.7/site-packages/airflow/example_dags/example_trigger_target_dag.py
[2022-08-30T12:35:14.983+0000] {processor.py:640} INFO - Processing file /home/airflow/.local/lib/python3.7/site-packages/airflow/example_dags/example_trigger_target_dag.py for tasks to queue
[2022-08-30T12:35:14.984+0000] {logging_mixin.py:115} INFO - [2022-08-30T12:35:14.984+0000] {dagbag.py:508} INFO - Filling up the DagBag from /home/airflow/.local/lib/python3.7/site-packages/airflow/example_dags/example_trigger_target_dag.py
[2022-08-30T12:35:14.996+0000] {processor.py:650} INFO - DAG(s) dict_keys(['example_trigger_target_dag']) retrieved from /home/airflow/.local/lib/python3.7/site-packages/airflow/example_dags/example_trigger_target_dag.py
[2022-08-30T12:35:15.012+0000] {logging_mixin.py:115} INFO - [2022-08-30T12:35:15.012+0000] {dag.py:2429} INFO - Sync 1 DAGs
[2022-08-30T12:35:15.025+0000] {logging_mixin.py:115} INFO - [2022-08-30T12:35:15.025+0000] {dag.py:2981} INFO - Setting next_dagrun for example_trigger_target_dag to None, run_after=None
[2022-08-30T12:35:15.033+0000] {processor.py:161} INFO - Processing /home/airflow/.local/lib/python3.7/site-packages/airflow/example_dags/example_trigger_target_dag.py took 0.053 seconds
[2022-08-30T12:35:45.744+0000] {processor.py:153} INFO - Started process (PID=2820) to work on /home/airflow/.local/lib/python3.7/site-packages/airflow/example_dags/example_trigger_target_dag.py
[2022-08-30T12:35:45.746+0000] {processor.py:640} INFO - Processing file /home/airflow/.local/lib/python3.7/site-packages/airflow/example_dags/example_trigger_target_dag.py for tasks to queue
[2022-08-30T12:35:45.747+0000] {logging_mixin.py:115} INFO - [2022-08-30T12:35:45.747+0000] {dagbag.py:508} INFO - Filling up the DagBag from /home/airflow/.local/lib/python3.7/site-packages/airflow/example_dags/example_trigger_target_dag.py
[2022-08-30T12:35:45.759+0000] {processor.py:650} INFO - DAG(s) dict_keys(['example_trigger_target_dag']) retrieved from /home/airflow/.local/lib/python3.7/site-packages/airflow/example_dags/example_trigger_target_dag.py
[2022-08-30T12:35:45.774+0000] {logging_mixin.py:115} INFO - [2022-08-30T12:35:45.774+0000] {dag.py:2429} INFO - Sync 1 DAGs
[2022-08-30T12:35:45.789+0000] {logging_mixin.py:115} INFO - [2022-08-30T12:35:45.789+0000] {dag.py:2981} INFO - Setting next_dagrun for example_trigger_target_dag to None, run_after=None
[2022-08-30T12:35:45.803+0000] {processor.py:161} INFO - Processing /home/airflow/.local/lib/python3.7/site-packages/airflow/example_dags/example_trigger_target_dag.py took 0.061 seconds
[2022-08-30T12:36:16.652+0000] {processor.py:153} INFO - Started process (PID=3022) to work on /home/airflow/.local/lib/python3.7/site-packages/airflow/example_dags/example_trigger_target_dag.py
[2022-08-30T12:36:16.654+0000] {processor.py:640} INFO - Processing file /home/airflow/.local/lib/python3.7/site-packages/airflow/example_dags/example_trigger_target_dag.py for tasks to queue
[2022-08-30T12:36:16.655+0000] {logging_mixin.py:115} INFO - [2022-08-30T12:36:16.655+0000] {dagbag.py:508} INFO - Filling up the DagBag from /home/airflow/.local/lib/python3.7/site-packages/airflow/example_dags/example_trigger_target_dag.py
[2022-08-30T12:36:16.666+0000] {processor.py:650} INFO - DAG(s) dict_keys(['example_trigger_target_dag']) retrieved from /home/airflow/.local/lib/python3.7/site-packages/airflow/example_dags/example_trigger_target_dag.py
[2022-08-30T12:36:16.682+0000] {logging_mixin.py:115} INFO - [2022-08-30T12:36:16.682+0000] {dag.py:2429} INFO - Sync 1 DAGs
[2022-08-30T12:36:16.695+0000] {logging_mixin.py:115} INFO - [2022-08-30T12:36:16.695+0000] {dag.py:2981} INFO - Setting next_dagrun for example_trigger_target_dag to None, run_after=None
[2022-08-30T12:36:16.702+0000] {processor.py:161} INFO - Processing /home/airflow/.local/lib/python3.7/site-packages/airflow/example_dags/example_trigger_target_dag.py took 0.053 seconds
[2022-08-30T12:36:47.591+0000] {processor.py:153} INFO - Started process (PID=3219) to work on /home/airflow/.local/lib/python3.7/site-packages/airflow/example_dags/example_trigger_target_dag.py
[2022-08-30T12:36:47.592+0000] {processor.py:640} INFO - Processing file /home/airflow/.local/lib/python3.7/site-packages/airflow/example_dags/example_trigger_target_dag.py for tasks to queue
[2022-08-30T12:36:47.593+0000] {logging_mixin.py:115} INFO - [2022-08-30T12:36:47.593+0000] {dagbag.py:508} INFO - Filling up the DagBag from /home/airflow/.local/lib/python3.7/site-packages/airflow/example_dags/example_trigger_target_dag.py
[2022-08-30T12:36:47.604+0000] {processor.py:650} INFO - DAG(s) dict_keys(['example_trigger_target_dag']) retrieved from /home/airflow/.local/lib/python3.7/site-packages/airflow/example_dags/example_trigger_target_dag.py
[2022-08-30T12:36:47.620+0000] {logging_mixin.py:115} INFO - [2022-08-30T12:36:47.620+0000] {dag.py:2429} INFO - Sync 1 DAGs
[2022-08-30T12:36:47.633+0000] {logging_mixin.py:115} INFO - [2022-08-30T12:36:47.633+0000] {dag.py:2981} INFO - Setting next_dagrun for example_trigger_target_dag to None, run_after=None
[2022-08-30T12:36:47.640+0000] {processor.py:161} INFO - Processing /home/airflow/.local/lib/python3.7/site-packages/airflow/example_dags/example_trigger_target_dag.py took 0.053 seconds
[2022-08-30T12:37:18.180+0000] {processor.py:153} INFO - Started process (PID=3419) to work on /home/airflow/.local/lib/python3.7/site-packages/airflow/example_dags/example_trigger_target_dag.py
[2022-08-30T12:37:18.182+0000] {processor.py:640} INFO - Processing file /home/airflow/.local/lib/python3.7/site-packages/airflow/example_dags/example_trigger_target_dag.py for tasks to queue
[2022-08-30T12:37:18.182+0000] {logging_mixin.py:115} INFO - [2022-08-30T12:37:18.182+0000] {dagbag.py:508} INFO - Filling up the DagBag from /home/airflow/.local/lib/python3.7/site-packages/airflow/example_dags/example_trigger_target_dag.py
[2022-08-30T12:37:18.194+0000] {processor.py:650} INFO - DAG(s) dict_keys(['example_trigger_target_dag']) retrieved from /home/airflow/.local/lib/python3.7/site-packages/airflow/example_dags/example_trigger_target_dag.py
[2022-08-30T12:37:18.209+0000] {logging_mixin.py:115} INFO - [2022-08-30T12:37:18.209+0000] {dag.py:2429} INFO - Sync 1 DAGs
[2022-08-30T12:37:18.221+0000] {logging_mixin.py:115} INFO - [2022-08-30T12:37:18.221+0000] {dag.py:2981} INFO - Setting next_dagrun for example_trigger_target_dag to None, run_after=None
[2022-08-30T12:37:18.229+0000] {processor.py:161} INFO - Processing /home/airflow/.local/lib/python3.7/site-packages/airflow/example_dags/example_trigger_target_dag.py took 0.051 seconds
[2022-08-30T12:37:49.042+0000] {processor.py:153} INFO - Started process (PID=3620) to work on /home/airflow/.local/lib/python3.7/site-packages/airflow/example_dags/example_trigger_target_dag.py
[2022-08-30T12:37:49.044+0000] {processor.py:640} INFO - Processing file /home/airflow/.local/lib/python3.7/site-packages/airflow/example_dags/example_trigger_target_dag.py for tasks to queue
[2022-08-30T12:37:49.045+0000] {logging_mixin.py:115} INFO - [2022-08-30T12:37:49.045+0000] {dagbag.py:508} INFO - Filling up the DagBag from /home/airflow/.local/lib/python3.7/site-packages/airflow/example_dags/example_trigger_target_dag.py
[2022-08-30T12:37:49.057+0000] {processor.py:650} INFO - DAG(s) dict_keys(['example_trigger_target_dag']) retrieved from /home/airflow/.local/lib/python3.7/site-packages/airflow/example_dags/example_trigger_target_dag.py
[2022-08-30T12:37:49.072+0000] {logging_mixin.py:115} INFO - [2022-08-30T12:37:49.072+0000] {dag.py:2429} INFO - Sync 1 DAGs
[2022-08-30T12:37:49.086+0000] {logging_mixin.py:115} INFO - [2022-08-30T12:37:49.086+0000] {dag.py:2981} INFO - Setting next_dagrun for example_trigger_target_dag to None, run_after=None
[2022-08-30T12:37:49.094+0000] {processor.py:161} INFO - Processing /home/airflow/.local/lib/python3.7/site-packages/airflow/example_dags/example_trigger_target_dag.py took 0.054 seconds
[2022-08-30T12:40:02.652+0000] {processor.py:153} INFO - Started process (PID=232) to work on /home/airflow/.local/lib/python3.7/site-packages/airflow/example_dags/example_trigger_target_dag.py
[2022-08-30T12:40:02.655+0000] {processor.py:640} INFO - Processing file /home/airflow/.local/lib/python3.7/site-packages/airflow/example_dags/example_trigger_target_dag.py for tasks to queue
[2022-08-30T12:40:02.659+0000] {logging_mixin.py:115} INFO - [2022-08-30T12:40:02.656+0000] {dagbag.py:508} INFO - Filling up the DagBag from /home/airflow/.local/lib/python3.7/site-packages/airflow/example_dags/example_trigger_target_dag.py
[2022-08-30T12:40:02.685+0000] {processor.py:650} INFO - DAG(s) dict_keys(['example_trigger_target_dag']) retrieved from /home/airflow/.local/lib/python3.7/site-packages/airflow/example_dags/example_trigger_target_dag.py
[2022-08-30T12:40:02.843+0000] {logging_mixin.py:115} INFO - [2022-08-30T12:40:02.843+0000] {manager.py:508} INFO - Created Permission View: can edit on DAG:example_trigger_target_dag
[2022-08-30T12:40:02.860+0000] {logging_mixin.py:115} INFO - [2022-08-30T12:40:02.860+0000] {manager.py:508} INFO - Created Permission View: can read on DAG:example_trigger_target_dag
[2022-08-30T12:40:02.874+0000] {logging_mixin.py:115} INFO - [2022-08-30T12:40:02.873+0000] {manager.py:508} INFO - Created Permission View: can delete on DAG:example_trigger_target_dag
[2022-08-30T12:40:02.875+0000] {logging_mixin.py:115} INFO - [2022-08-30T12:40:02.875+0000] {dag.py:2429} INFO - Sync 1 DAGs
[2022-08-30T12:40:02.885+0000] {logging_mixin.py:115} INFO - [2022-08-30T12:40:02.884+0000] {dag.py:2448} INFO - Creating ORM DAG for example_trigger_target_dag
[2022-08-30T12:40:02.909+0000] {logging_mixin.py:115} INFO - [2022-08-30T12:40:02.909+0000] {dag.py:2981} INFO - Setting next_dagrun for example_trigger_target_dag to None, run_after=None
[2022-08-30T12:40:02.934+0000] {processor.py:161} INFO - Processing /home/airflow/.local/lib/python3.7/site-packages/airflow/example_dags/example_trigger_target_dag.py took 0.286 seconds
[2022-08-30T12:40:36.876+0000] {processor.py:153} INFO - Started process (PID=420) to work on /home/airflow/.local/lib/python3.7/site-packages/airflow/example_dags/example_trigger_target_dag.py
[2022-08-30T12:40:36.878+0000] {processor.py:640} INFO - Processing file /home/airflow/.local/lib/python3.7/site-packages/airflow/example_dags/example_trigger_target_dag.py for tasks to queue
[2022-08-30T12:40:36.881+0000] {logging_mixin.py:115} INFO - [2022-08-30T12:40:36.881+0000] {dagbag.py:508} INFO - Filling up the DagBag from /home/airflow/.local/lib/python3.7/site-packages/airflow/example_dags/example_trigger_target_dag.py
[2022-08-30T12:40:36.899+0000] {processor.py:650} INFO - DAG(s) dict_keys(['example_trigger_target_dag']) retrieved from /home/airflow/.local/lib/python3.7/site-packages/airflow/example_dags/example_trigger_target_dag.py
[2022-08-30T12:40:36.943+0000] {logging_mixin.py:115} INFO - [2022-08-30T12:40:36.943+0000] {dag.py:2429} INFO - Sync 1 DAGs
[2022-08-30T12:40:37.004+0000] {logging_mixin.py:115} INFO - [2022-08-30T12:40:37.004+0000] {dag.py:2981} INFO - Setting next_dagrun for example_trigger_target_dag to None, run_after=None
[2022-08-30T12:40:37.032+0000] {processor.py:161} INFO - Processing /home/airflow/.local/lib/python3.7/site-packages/airflow/example_dags/example_trigger_target_dag.py took 0.160 seconds
[2022-08-30T12:42:15.322+0000] {processor.py:153} INFO - Started process (PID=219) to work on /home/airflow/.local/lib/python3.7/site-packages/airflow/example_dags/example_trigger_target_dag.py
[2022-08-30T12:42:15.323+0000] {processor.py:640} INFO - Processing file /home/airflow/.local/lib/python3.7/site-packages/airflow/example_dags/example_trigger_target_dag.py for tasks to queue
[2022-08-30T12:42:15.324+0000] {logging_mixin.py:115} INFO - [2022-08-30T12:42:15.324+0000] {dagbag.py:508} INFO - Filling up the DagBag from /home/airflow/.local/lib/python3.7/site-packages/airflow/example_dags/example_trigger_target_dag.py
[2022-08-30T12:42:15.336+0000] {processor.py:650} INFO - DAG(s) dict_keys(['example_trigger_target_dag']) retrieved from /home/airflow/.local/lib/python3.7/site-packages/airflow/example_dags/example_trigger_target_dag.py
[2022-08-30T12:42:15.352+0000] {logging_mixin.py:115} INFO - [2022-08-30T12:42:15.352+0000] {dag.py:2429} INFO - Sync 1 DAGs
[2022-08-30T12:42:15.366+0000] {logging_mixin.py:115} INFO - [2022-08-30T12:42:15.366+0000] {dag.py:2981} INFO - Setting next_dagrun for example_trigger_target_dag to None, run_after=None
[2022-08-30T12:42:15.375+0000] {processor.py:161} INFO - Processing /home/airflow/.local/lib/python3.7/site-packages/airflow/example_dags/example_trigger_target_dag.py took 0.055 seconds
[2022-08-30T12:42:46.135+0000] {processor.py:153} INFO - Started process (PID=421) to work on /home/airflow/.local/lib/python3.7/site-packages/airflow/example_dags/example_trigger_target_dag.py
[2022-08-30T12:42:46.136+0000] {processor.py:640} INFO - Processing file /home/airflow/.local/lib/python3.7/site-packages/airflow/example_dags/example_trigger_target_dag.py for tasks to queue
[2022-08-30T12:42:46.138+0000] {logging_mixin.py:115} INFO - [2022-08-30T12:42:46.138+0000] {dagbag.py:508} INFO - Filling up the DagBag from /home/airflow/.local/lib/python3.7/site-packages/airflow/example_dags/example_trigger_target_dag.py
[2022-08-30T12:42:46.149+0000] {processor.py:650} INFO - DAG(s) dict_keys(['example_trigger_target_dag']) retrieved from /home/airflow/.local/lib/python3.7/site-packages/airflow/example_dags/example_trigger_target_dag.py
[2022-08-30T12:42:46.165+0000] {logging_mixin.py:115} INFO - [2022-08-30T12:42:46.164+0000] {dag.py:2429} INFO - Sync 1 DAGs
[2022-08-30T12:42:46.178+0000] {logging_mixin.py:115} INFO - [2022-08-30T12:42:46.178+0000] {dag.py:2981} INFO - Setting next_dagrun for example_trigger_target_dag to None, run_after=None
[2022-08-30T12:42:46.185+0000] {processor.py:161} INFO - Processing /home/airflow/.local/lib/python3.7/site-packages/airflow/example_dags/example_trigger_target_dag.py took 0.051 seconds
[2022-08-30T12:43:17.166+0000] {processor.py:153} INFO - Started process (PID=625) to work on /home/airflow/.local/lib/python3.7/site-packages/airflow/example_dags/example_trigger_target_dag.py
[2022-08-30T12:43:17.167+0000] {processor.py:640} INFO - Processing file /home/airflow/.local/lib/python3.7/site-packages/airflow/example_dags/example_trigger_target_dag.py for tasks to queue
[2022-08-30T12:43:17.168+0000] {logging_mixin.py:115} INFO - [2022-08-30T12:43:17.168+0000] {dagbag.py:508} INFO - Filling up the DagBag from /home/airflow/.local/lib/python3.7/site-packages/airflow/example_dags/example_trigger_target_dag.py
[2022-08-30T12:43:17.183+0000] {processor.py:650} INFO - DAG(s) dict_keys(['example_trigger_target_dag']) retrieved from /home/airflow/.local/lib/python3.7/site-packages/airflow/example_dags/example_trigger_target_dag.py
[2022-08-30T12:43:17.216+0000] {logging_mixin.py:115} INFO - [2022-08-30T12:43:17.216+0000] {dag.py:2429} INFO - Sync 1 DAGs
[2022-08-30T12:43:17.231+0000] {logging_mixin.py:115} INFO - [2022-08-30T12:43:17.231+0000] {dag.py:2981} INFO - Setting next_dagrun for example_trigger_target_dag to None, run_after=None
[2022-08-30T12:43:17.239+0000] {processor.py:161} INFO - Processing /home/airflow/.local/lib/python3.7/site-packages/airflow/example_dags/example_trigger_target_dag.py took 0.076 seconds
[2022-08-30T12:43:47.843+0000] {processor.py:153} INFO - Started process (PID=815) to work on /home/airflow/.local/lib/python3.7/site-packages/airflow/example_dags/example_trigger_target_dag.py
[2022-08-30T12:43:47.844+0000] {processor.py:640} INFO - Processing file /home/airflow/.local/lib/python3.7/site-packages/airflow/example_dags/example_trigger_target_dag.py for tasks to queue
[2022-08-30T12:43:47.845+0000] {logging_mixin.py:115} INFO - [2022-08-30T12:43:47.845+0000] {dagbag.py:508} INFO - Filling up the DagBag from /home/airflow/.local/lib/python3.7/site-packages/airflow/example_dags/example_trigger_target_dag.py
[2022-08-30T12:43:47.855+0000] {processor.py:650} INFO - DAG(s) dict_keys(['example_trigger_target_dag']) retrieved from /home/airflow/.local/lib/python3.7/site-packages/airflow/example_dags/example_trigger_target_dag.py
[2022-08-30T12:43:47.870+0000] {logging_mixin.py:115} INFO - [2022-08-30T12:43:47.870+0000] {dag.py:2429} INFO - Sync 1 DAGs
[2022-08-30T12:43:47.883+0000] {logging_mixin.py:115} INFO - [2022-08-30T12:43:47.883+0000] {dag.py:2981} INFO - Setting next_dagrun for example_trigger_target_dag to None, run_after=None
[2022-08-30T12:43:47.890+0000] {processor.py:161} INFO - Processing /home/airflow/.local/lib/python3.7/site-packages/airflow/example_dags/example_trigger_target_dag.py took 0.049 seconds
[2022-08-30T12:44:18.611+0000] {processor.py:153} INFO - Started process (PID=1017) to work on /home/airflow/.local/lib/python3.7/site-packages/airflow/example_dags/example_trigger_target_dag.py
[2022-08-30T12:44:18.612+0000] {processor.py:640} INFO - Processing file /home/airflow/.local/lib/python3.7/site-packages/airflow/example_dags/example_trigger_target_dag.py for tasks to queue
[2022-08-30T12:44:18.614+0000] {logging_mixin.py:115} INFO - [2022-08-30T12:44:18.614+0000] {dagbag.py:508} INFO - Filling up the DagBag from /home/airflow/.local/lib/python3.7/site-packages/airflow/example_dags/example_trigger_target_dag.py
[2022-08-30T12:44:18.624+0000] {processor.py:650} INFO - DAG(s) dict_keys(['example_trigger_target_dag']) retrieved from /home/airflow/.local/lib/python3.7/site-packages/airflow/example_dags/example_trigger_target_dag.py
[2022-08-30T12:44:18.640+0000] {logging_mixin.py:115} INFO - [2022-08-30T12:44:18.640+0000] {dag.py:2429} INFO - Sync 1 DAGs
[2022-08-30T12:44:18.652+0000] {logging_mixin.py:115} INFO - [2022-08-30T12:44:18.652+0000] {dag.py:2981} INFO - Setting next_dagrun for example_trigger_target_dag to None, run_after=None
[2022-08-30T12:44:18.660+0000] {processor.py:161} INFO - Processing /home/airflow/.local/lib/python3.7/site-packages/airflow/example_dags/example_trigger_target_dag.py took 0.051 seconds
[2022-08-30T12:44:49.299+0000] {processor.py:153} INFO - Started process (PID=1221) to work on /home/airflow/.local/lib/python3.7/site-packages/airflow/example_dags/example_trigger_target_dag.py
[2022-08-30T12:44:49.300+0000] {processor.py:640} INFO - Processing file /home/airflow/.local/lib/python3.7/site-packages/airflow/example_dags/example_trigger_target_dag.py for tasks to queue
[2022-08-30T12:44:49.301+0000] {logging_mixin.py:115} INFO - [2022-08-30T12:44:49.301+0000] {dagbag.py:508} INFO - Filling up the DagBag from /home/airflow/.local/lib/python3.7/site-packages/airflow/example_dags/example_trigger_target_dag.py
[2022-08-30T12:44:49.311+0000] {processor.py:650} INFO - DAG(s) dict_keys(['example_trigger_target_dag']) retrieved from /home/airflow/.local/lib/python3.7/site-packages/airflow/example_dags/example_trigger_target_dag.py
[2022-08-30T12:44:49.327+0000] {logging_mixin.py:115} INFO - [2022-08-30T12:44:49.327+0000] {dag.py:2429} INFO - Sync 1 DAGs
[2022-08-30T12:44:49.338+0000] {logging_mixin.py:115} INFO - [2022-08-30T12:44:49.338+0000] {dag.py:2981} INFO - Setting next_dagrun for example_trigger_target_dag to None, run_after=None
[2022-08-30T12:44:49.344+0000] {processor.py:161} INFO - Processing /home/airflow/.local/lib/python3.7/site-packages/airflow/example_dags/example_trigger_target_dag.py took 0.047 seconds
