[2022-08-30T12:27:48.130+0000] {processor.py:153} INFO - Started process (PID=315) to work on /home/airflow/.local/lib/python3.7/site-packages/airflow/example_dags/example_branch_operator.py
[2022-08-30T12:27:48.132+0000] {processor.py:640} INFO - Processing file /home/airflow/.local/lib/python3.7/site-packages/airflow/example_dags/example_branch_operator.py for tasks to queue
[2022-08-30T12:27:48.133+0000] {logging_mixin.py:115} INFO - [2022-08-30T12:27:48.133+0000] {dagbag.py:508} INFO - Filling up the DagBag from /home/airflow/.local/lib/python3.7/site-packages/airflow/example_dags/example_branch_operator.py
[2022-08-30T12:27:48.140+0000] {processor.py:650} INFO - DAG(s) dict_keys(['example_branch_operator']) retrieved from /home/airflow/.local/lib/python3.7/site-packages/airflow/example_dags/example_branch_operator.py
[2022-08-30T12:27:48.218+0000] {logging_mixin.py:115} INFO - [2022-08-30T12:27:48.218+0000] {manager.py:508} INFO - Created Permission View: can read on DAG:example_branch_operator
[2022-08-30T12:27:48.225+0000] {logging_mixin.py:115} INFO - [2022-08-30T12:27:48.225+0000] {manager.py:508} INFO - Created Permission View: can edit on DAG:example_branch_operator
[2022-08-30T12:27:48.230+0000] {logging_mixin.py:115} INFO - [2022-08-30T12:27:48.230+0000] {manager.py:508} INFO - Created Permission View: can delete on DAG:example_branch_operator
[2022-08-30T12:27:48.231+0000] {logging_mixin.py:115} INFO - [2022-08-30T12:27:48.231+0000] {dag.py:2429} INFO - Sync 1 DAGs
[2022-08-30T12:27:48.238+0000] {logging_mixin.py:115} INFO - [2022-08-30T12:27:48.238+0000] {dag.py:2448} INFO - Creating ORM DAG for example_branch_operator
[2022-08-30T12:27:48.254+0000] {logging_mixin.py:115} INFO - [2022-08-30T12:27:48.254+0000] {dag.py:2981} INFO - Setting next_dagrun for example_branch_operator to 2022-08-29T00:00:00+00:00, run_after=2022-08-30T00:00:00+00:00
[2022-08-30T12:27:48.266+0000] {processor.py:161} INFO - Processing /home/airflow/.local/lib/python3.7/site-packages/airflow/example_dags/example_branch_operator.py took 0.137 seconds
[2022-08-30T12:28:19.276+0000] {processor.py:153} INFO - Started process (PID=517) to work on /home/airflow/.local/lib/python3.7/site-packages/airflow/example_dags/example_branch_operator.py
[2022-08-30T12:28:19.280+0000] {processor.py:640} INFO - Processing file /home/airflow/.local/lib/python3.7/site-packages/airflow/example_dags/example_branch_operator.py for tasks to queue
[2022-08-30T12:28:19.281+0000] {logging_mixin.py:115} INFO - [2022-08-30T12:28:19.281+0000] {dagbag.py:508} INFO - Filling up the DagBag from /home/airflow/.local/lib/python3.7/site-packages/airflow/example_dags/example_branch_operator.py
[2022-08-30T12:28:19.293+0000] {processor.py:650} INFO - DAG(s) dict_keys(['example_branch_operator']) retrieved from /home/airflow/.local/lib/python3.7/site-packages/airflow/example_dags/example_branch_operator.py
[2022-08-30T12:28:19.315+0000] {logging_mixin.py:115} INFO - [2022-08-30T12:28:19.315+0000] {dag.py:2429} INFO - Sync 1 DAGs
[2022-08-30T12:28:19.331+0000] {logging_mixin.py:115} INFO - [2022-08-30T12:28:19.330+0000] {dag.py:2981} INFO - Setting next_dagrun for example_branch_operator to 2022-08-29T00:00:00+00:00, run_after=2022-08-30T00:00:00+00:00
[2022-08-30T12:28:19.338+0000] {processor.py:161} INFO - Processing /home/airflow/.local/lib/python3.7/site-packages/airflow/example_dags/example_branch_operator.py took 0.071 seconds
[2022-08-30T12:29:06.960+0000] {processor.py:153} INFO - Started process (PID=320) to work on /home/airflow/.local/lib/python3.7/site-packages/airflow/example_dags/example_branch_operator.py
[2022-08-30T12:29:06.969+0000] {processor.py:640} INFO - Processing file /home/airflow/.local/lib/python3.7/site-packages/airflow/example_dags/example_branch_operator.py for tasks to queue
[2022-08-30T12:29:06.970+0000] {logging_mixin.py:115} INFO - [2022-08-30T12:29:06.970+0000] {dagbag.py:508} INFO - Filling up the DagBag from /home/airflow/.local/lib/python3.7/site-packages/airflow/example_dags/example_branch_operator.py
[2022-08-30T12:29:06.977+0000] {processor.py:650} INFO - DAG(s) dict_keys(['example_branch_operator']) retrieved from /home/airflow/.local/lib/python3.7/site-packages/airflow/example_dags/example_branch_operator.py
[2022-08-30T12:29:07.029+0000] {logging_mixin.py:115} INFO - [2022-08-30T12:29:07.029+0000] {dag.py:2429} INFO - Sync 1 DAGs
[2022-08-30T12:29:07.046+0000] {logging_mixin.py:115} INFO - [2022-08-30T12:29:07.046+0000] {dag.py:2981} INFO - Setting next_dagrun for example_branch_operator to 2022-08-29T00:00:00+00:00, run_after=2022-08-30T00:00:00+00:00
[2022-08-30T12:29:07.053+0000] {processor.py:161} INFO - Processing /home/airflow/.local/lib/python3.7/site-packages/airflow/example_dags/example_branch_operator.py took 0.096 seconds
[2022-08-30T12:29:37.667+0000] {processor.py:153} INFO - Started process (PID=522) to work on /home/airflow/.local/lib/python3.7/site-packages/airflow/example_dags/example_branch_operator.py
[2022-08-30T12:29:37.668+0000] {processor.py:640} INFO - Processing file /home/airflow/.local/lib/python3.7/site-packages/airflow/example_dags/example_branch_operator.py for tasks to queue
[2022-08-30T12:29:37.669+0000] {logging_mixin.py:115} INFO - [2022-08-30T12:29:37.669+0000] {dagbag.py:508} INFO - Filling up the DagBag from /home/airflow/.local/lib/python3.7/site-packages/airflow/example_dags/example_branch_operator.py
[2022-08-30T12:29:37.677+0000] {processor.py:650} INFO - DAG(s) dict_keys(['example_branch_operator']) retrieved from /home/airflow/.local/lib/python3.7/site-packages/airflow/example_dags/example_branch_operator.py
[2022-08-30T12:29:37.696+0000] {logging_mixin.py:115} INFO - [2022-08-30T12:29:37.696+0000] {dag.py:2429} INFO - Sync 1 DAGs
[2022-08-30T12:29:37.709+0000] {logging_mixin.py:115} INFO - [2022-08-30T12:29:37.709+0000] {dag.py:2981} INFO - Setting next_dagrun for example_branch_operator to 2022-08-29T00:00:00+00:00, run_after=2022-08-30T00:00:00+00:00
[2022-08-30T12:29:37.716+0000] {processor.py:161} INFO - Processing /home/airflow/.local/lib/python3.7/site-packages/airflow/example_dags/example_branch_operator.py took 0.051 seconds
[2022-08-30T12:30:08.461+0000] {processor.py:153} INFO - Started process (PID=721) to work on /home/airflow/.local/lib/python3.7/site-packages/airflow/example_dags/example_branch_operator.py
[2022-08-30T12:30:08.476+0000] {processor.py:640} INFO - Processing file /home/airflow/.local/lib/python3.7/site-packages/airflow/example_dags/example_branch_operator.py for tasks to queue
[2022-08-30T12:30:08.477+0000] {logging_mixin.py:115} INFO - [2022-08-30T12:30:08.477+0000] {dagbag.py:508} INFO - Filling up the DagBag from /home/airflow/.local/lib/python3.7/site-packages/airflow/example_dags/example_branch_operator.py
[2022-08-30T12:30:08.484+0000] {processor.py:650} INFO - DAG(s) dict_keys(['example_branch_operator']) retrieved from /home/airflow/.local/lib/python3.7/site-packages/airflow/example_dags/example_branch_operator.py
[2022-08-30T12:30:08.502+0000] {logging_mixin.py:115} INFO - [2022-08-30T12:30:08.502+0000] {dag.py:2429} INFO - Sync 1 DAGs
[2022-08-30T12:30:08.516+0000] {logging_mixin.py:115} INFO - [2022-08-30T12:30:08.516+0000] {dag.py:2981} INFO - Setting next_dagrun for example_branch_operator to 2022-08-29T00:00:00+00:00, run_after=2022-08-30T00:00:00+00:00
[2022-08-30T12:30:08.524+0000] {processor.py:161} INFO - Processing /home/airflow/.local/lib/python3.7/site-packages/airflow/example_dags/example_branch_operator.py took 0.064 seconds
[2022-08-30T12:30:39.204+0000] {processor.py:153} INFO - Started process (PID=922) to work on /home/airflow/.local/lib/python3.7/site-packages/airflow/example_dags/example_branch_operator.py
[2022-08-30T12:30:39.206+0000] {processor.py:640} INFO - Processing file /home/airflow/.local/lib/python3.7/site-packages/airflow/example_dags/example_branch_operator.py for tasks to queue
[2022-08-30T12:30:39.208+0000] {logging_mixin.py:115} INFO - [2022-08-30T12:30:39.207+0000] {dagbag.py:508} INFO - Filling up the DagBag from /home/airflow/.local/lib/python3.7/site-packages/airflow/example_dags/example_branch_operator.py
[2022-08-30T12:30:39.215+0000] {processor.py:650} INFO - DAG(s) dict_keys(['example_branch_operator']) retrieved from /home/airflow/.local/lib/python3.7/site-packages/airflow/example_dags/example_branch_operator.py
[2022-08-30T12:30:39.256+0000] {logging_mixin.py:115} INFO - [2022-08-30T12:30:39.256+0000] {dag.py:2429} INFO - Sync 1 DAGs
[2022-08-30T12:30:39.298+0000] {logging_mixin.py:115} INFO - [2022-08-30T12:30:39.297+0000] {dag.py:2981} INFO - Setting next_dagrun for example_branch_operator to 2022-08-29T00:00:00+00:00, run_after=2022-08-30T00:00:00+00:00
[2022-08-30T12:30:39.323+0000] {processor.py:161} INFO - Processing /home/airflow/.local/lib/python3.7/site-packages/airflow/example_dags/example_branch_operator.py took 0.122 seconds
[2022-08-30T12:31:10.024+0000] {processor.py:153} INFO - Started process (PID=1116) to work on /home/airflow/.local/lib/python3.7/site-packages/airflow/example_dags/example_branch_operator.py
[2022-08-30T12:31:10.026+0000] {processor.py:640} INFO - Processing file /home/airflow/.local/lib/python3.7/site-packages/airflow/example_dags/example_branch_operator.py for tasks to queue
[2022-08-30T12:31:10.027+0000] {logging_mixin.py:115} INFO - [2022-08-30T12:31:10.027+0000] {dagbag.py:508} INFO - Filling up the DagBag from /home/airflow/.local/lib/python3.7/site-packages/airflow/example_dags/example_branch_operator.py
[2022-08-30T12:31:10.036+0000] {processor.py:650} INFO - DAG(s) dict_keys(['example_branch_operator']) retrieved from /home/airflow/.local/lib/python3.7/site-packages/airflow/example_dags/example_branch_operator.py
[2022-08-30T12:31:10.055+0000] {logging_mixin.py:115} INFO - [2022-08-30T12:31:10.055+0000] {dag.py:2429} INFO - Sync 1 DAGs
[2022-08-30T12:31:10.070+0000] {logging_mixin.py:115} INFO - [2022-08-30T12:31:10.069+0000] {dag.py:2981} INFO - Setting next_dagrun for example_branch_operator to 2022-08-29T00:00:00+00:00, run_after=2022-08-30T00:00:00+00:00
[2022-08-30T12:31:10.076+0000] {processor.py:161} INFO - Processing /home/airflow/.local/lib/python3.7/site-packages/airflow/example_dags/example_branch_operator.py took 0.054 seconds
[2022-08-30T12:31:40.589+0000] {processor.py:153} INFO - Started process (PID=1315) to work on /home/airflow/.local/lib/python3.7/site-packages/airflow/example_dags/example_branch_operator.py
[2022-08-30T12:31:40.591+0000] {processor.py:640} INFO - Processing file /home/airflow/.local/lib/python3.7/site-packages/airflow/example_dags/example_branch_operator.py for tasks to queue
[2022-08-30T12:31:40.592+0000] {logging_mixin.py:115} INFO - [2022-08-30T12:31:40.592+0000] {dagbag.py:508} INFO - Filling up the DagBag from /home/airflow/.local/lib/python3.7/site-packages/airflow/example_dags/example_branch_operator.py
[2022-08-30T12:31:40.598+0000] {processor.py:650} INFO - DAG(s) dict_keys(['example_branch_operator']) retrieved from /home/airflow/.local/lib/python3.7/site-packages/airflow/example_dags/example_branch_operator.py
[2022-08-30T12:31:40.617+0000] {logging_mixin.py:115} INFO - [2022-08-30T12:31:40.617+0000] {dag.py:2429} INFO - Sync 1 DAGs
[2022-08-30T12:31:40.631+0000] {logging_mixin.py:115} INFO - [2022-08-30T12:31:40.631+0000] {dag.py:2981} INFO - Setting next_dagrun for example_branch_operator to 2022-08-29T00:00:00+00:00, run_after=2022-08-30T00:00:00+00:00
[2022-08-30T12:31:40.640+0000] {processor.py:161} INFO - Processing /home/airflow/.local/lib/python3.7/site-packages/airflow/example_dags/example_branch_operator.py took 0.053 seconds
[2022-08-30T12:32:11.352+0000] {processor.py:153} INFO - Started process (PID=1515) to work on /home/airflow/.local/lib/python3.7/site-packages/airflow/example_dags/example_branch_operator.py
[2022-08-30T12:32:11.354+0000] {processor.py:640} INFO - Processing file /home/airflow/.local/lib/python3.7/site-packages/airflow/example_dags/example_branch_operator.py for tasks to queue
[2022-08-30T12:32:11.355+0000] {logging_mixin.py:115} INFO - [2022-08-30T12:32:11.355+0000] {dagbag.py:508} INFO - Filling up the DagBag from /home/airflow/.local/lib/python3.7/site-packages/airflow/example_dags/example_branch_operator.py
[2022-08-30T12:32:11.363+0000] {processor.py:650} INFO - DAG(s) dict_keys(['example_branch_operator']) retrieved from /home/airflow/.local/lib/python3.7/site-packages/airflow/example_dags/example_branch_operator.py
[2022-08-30T12:32:11.389+0000] {logging_mixin.py:115} INFO - [2022-08-30T12:32:11.389+0000] {dag.py:2429} INFO - Sync 1 DAGs
[2022-08-30T12:32:11.406+0000] {logging_mixin.py:115} INFO - [2022-08-30T12:32:11.406+0000] {dag.py:2981} INFO - Setting next_dagrun for example_branch_operator to 2022-08-29T00:00:00+00:00, run_after=2022-08-30T00:00:00+00:00
[2022-08-30T12:32:11.414+0000] {processor.py:161} INFO - Processing /home/airflow/.local/lib/python3.7/site-packages/airflow/example_dags/example_branch_operator.py took 0.064 seconds
[2022-08-30T12:32:42.303+0000] {processor.py:153} INFO - Started process (PID=1718) to work on /home/airflow/.local/lib/python3.7/site-packages/airflow/example_dags/example_branch_operator.py
[2022-08-30T12:32:42.304+0000] {processor.py:640} INFO - Processing file /home/airflow/.local/lib/python3.7/site-packages/airflow/example_dags/example_branch_operator.py for tasks to queue
[2022-08-30T12:32:42.306+0000] {logging_mixin.py:115} INFO - [2022-08-30T12:32:42.305+0000] {dagbag.py:508} INFO - Filling up the DagBag from /home/airflow/.local/lib/python3.7/site-packages/airflow/example_dags/example_branch_operator.py
[2022-08-30T12:32:42.313+0000] {processor.py:650} INFO - DAG(s) dict_keys(['example_branch_operator']) retrieved from /home/airflow/.local/lib/python3.7/site-packages/airflow/example_dags/example_branch_operator.py
[2022-08-30T12:32:42.339+0000] {logging_mixin.py:115} INFO - [2022-08-30T12:32:42.339+0000] {dag.py:2429} INFO - Sync 1 DAGs
[2022-08-30T12:32:42.363+0000] {logging_mixin.py:115} INFO - [2022-08-30T12:32:42.363+0000] {dag.py:2981} INFO - Setting next_dagrun for example_branch_operator to 2022-08-29T00:00:00+00:00, run_after=2022-08-30T00:00:00+00:00
[2022-08-30T12:32:42.371+0000] {processor.py:161} INFO - Processing /home/airflow/.local/lib/python3.7/site-packages/airflow/example_dags/example_branch_operator.py took 0.071 seconds
[2022-08-30T12:33:12.893+0000] {processor.py:153} INFO - Started process (PID=1921) to work on /home/airflow/.local/lib/python3.7/site-packages/airflow/example_dags/example_branch_operator.py
[2022-08-30T12:33:12.895+0000] {processor.py:640} INFO - Processing file /home/airflow/.local/lib/python3.7/site-packages/airflow/example_dags/example_branch_operator.py for tasks to queue
[2022-08-30T12:33:12.896+0000] {logging_mixin.py:115} INFO - [2022-08-30T12:33:12.896+0000] {dagbag.py:508} INFO - Filling up the DagBag from /home/airflow/.local/lib/python3.7/site-packages/airflow/example_dags/example_branch_operator.py
[2022-08-30T12:33:12.902+0000] {processor.py:650} INFO - DAG(s) dict_keys(['example_branch_operator']) retrieved from /home/airflow/.local/lib/python3.7/site-packages/airflow/example_dags/example_branch_operator.py
[2022-08-30T12:33:12.921+0000] {logging_mixin.py:115} INFO - [2022-08-30T12:33:12.921+0000] {dag.py:2429} INFO - Sync 1 DAGs
[2022-08-30T12:33:12.937+0000] {logging_mixin.py:115} INFO - [2022-08-30T12:33:12.937+0000] {dag.py:2981} INFO - Setting next_dagrun for example_branch_operator to 2022-08-29T00:00:00+00:00, run_after=2022-08-30T00:00:00+00:00
[2022-08-30T12:33:12.946+0000] {processor.py:161} INFO - Processing /home/airflow/.local/lib/python3.7/site-packages/airflow/example_dags/example_branch_operator.py took 0.055 seconds
[2022-08-30T12:33:43.598+0000] {processor.py:153} INFO - Started process (PID=2121) to work on /home/airflow/.local/lib/python3.7/site-packages/airflow/example_dags/example_branch_operator.py
[2022-08-30T12:33:43.600+0000] {processor.py:640} INFO - Processing file /home/airflow/.local/lib/python3.7/site-packages/airflow/example_dags/example_branch_operator.py for tasks to queue
[2022-08-30T12:33:43.601+0000] {logging_mixin.py:115} INFO - [2022-08-30T12:33:43.601+0000] {dagbag.py:508} INFO - Filling up the DagBag from /home/airflow/.local/lib/python3.7/site-packages/airflow/example_dags/example_branch_operator.py
[2022-08-30T12:33:43.608+0000] {processor.py:650} INFO - DAG(s) dict_keys(['example_branch_operator']) retrieved from /home/airflow/.local/lib/python3.7/site-packages/airflow/example_dags/example_branch_operator.py
[2022-08-30T12:33:43.627+0000] {logging_mixin.py:115} INFO - [2022-08-30T12:33:43.627+0000] {dag.py:2429} INFO - Sync 1 DAGs
[2022-08-30T12:33:43.642+0000] {logging_mixin.py:115} INFO - [2022-08-30T12:33:43.642+0000] {dag.py:2981} INFO - Setting next_dagrun for example_branch_operator to 2022-08-29T00:00:00+00:00, run_after=2022-08-30T00:00:00+00:00
[2022-08-30T12:33:43.648+0000] {processor.py:161} INFO - Processing /home/airflow/.local/lib/python3.7/site-packages/airflow/example_dags/example_branch_operator.py took 0.052 seconds
[2022-08-30T12:34:14.536+0000] {processor.py:153} INFO - Started process (PID=2321) to work on /home/airflow/.local/lib/python3.7/site-packages/airflow/example_dags/example_branch_operator.py
[2022-08-30T12:34:14.538+0000] {processor.py:640} INFO - Processing file /home/airflow/.local/lib/python3.7/site-packages/airflow/example_dags/example_branch_operator.py for tasks to queue
[2022-08-30T12:34:14.539+0000] {logging_mixin.py:115} INFO - [2022-08-30T12:34:14.539+0000] {dagbag.py:508} INFO - Filling up the DagBag from /home/airflow/.local/lib/python3.7/site-packages/airflow/example_dags/example_branch_operator.py
[2022-08-30T12:34:14.549+0000] {processor.py:650} INFO - DAG(s) dict_keys(['example_branch_operator']) retrieved from /home/airflow/.local/lib/python3.7/site-packages/airflow/example_dags/example_branch_operator.py
[2022-08-30T12:34:14.566+0000] {logging_mixin.py:115} INFO - [2022-08-30T12:34:14.566+0000] {dag.py:2429} INFO - Sync 1 DAGs
[2022-08-30T12:34:14.583+0000] {logging_mixin.py:115} INFO - [2022-08-30T12:34:14.583+0000] {dag.py:2981} INFO - Setting next_dagrun for example_branch_operator to 2022-08-29T00:00:00+00:00, run_after=2022-08-30T00:00:00+00:00
[2022-08-30T12:34:14.591+0000] {processor.py:161} INFO - Processing /home/airflow/.local/lib/python3.7/site-packages/airflow/example_dags/example_branch_operator.py took 0.057 seconds
[2022-08-30T12:34:45.194+0000] {processor.py:153} INFO - Started process (PID=2523) to work on /home/airflow/.local/lib/python3.7/site-packages/airflow/example_dags/example_branch_operator.py
[2022-08-30T12:34:45.196+0000] {processor.py:640} INFO - Processing file /home/airflow/.local/lib/python3.7/site-packages/airflow/example_dags/example_branch_operator.py for tasks to queue
[2022-08-30T12:34:45.197+0000] {logging_mixin.py:115} INFO - [2022-08-30T12:34:45.197+0000] {dagbag.py:508} INFO - Filling up the DagBag from /home/airflow/.local/lib/python3.7/site-packages/airflow/example_dags/example_branch_operator.py
[2022-08-30T12:34:45.207+0000] {processor.py:650} INFO - DAG(s) dict_keys(['example_branch_operator']) retrieved from /home/airflow/.local/lib/python3.7/site-packages/airflow/example_dags/example_branch_operator.py
[2022-08-30T12:34:45.225+0000] {logging_mixin.py:115} INFO - [2022-08-30T12:34:45.225+0000] {dag.py:2429} INFO - Sync 1 DAGs
[2022-08-30T12:34:45.247+0000] {logging_mixin.py:115} INFO - [2022-08-30T12:34:45.247+0000] {dag.py:2981} INFO - Setting next_dagrun for example_branch_operator to 2022-08-29T00:00:00+00:00, run_after=2022-08-30T00:00:00+00:00
[2022-08-30T12:34:45.258+0000] {processor.py:161} INFO - Processing /home/airflow/.local/lib/python3.7/site-packages/airflow/example_dags/example_branch_operator.py took 0.066 seconds
[2022-08-30T12:35:15.885+0000] {processor.py:153} INFO - Started process (PID=2708) to work on /home/airflow/.local/lib/python3.7/site-packages/airflow/example_dags/example_branch_operator.py
[2022-08-30T12:35:15.887+0000] {processor.py:640} INFO - Processing file /home/airflow/.local/lib/python3.7/site-packages/airflow/example_dags/example_branch_operator.py for tasks to queue
[2022-08-30T12:35:15.889+0000] {logging_mixin.py:115} INFO - [2022-08-30T12:35:15.889+0000] {dagbag.py:508} INFO - Filling up the DagBag from /home/airflow/.local/lib/python3.7/site-packages/airflow/example_dags/example_branch_operator.py
[2022-08-30T12:35:15.903+0000] {processor.py:650} INFO - DAG(s) dict_keys(['example_branch_operator']) retrieved from /home/airflow/.local/lib/python3.7/site-packages/airflow/example_dags/example_branch_operator.py
[2022-08-30T12:35:15.924+0000] {logging_mixin.py:115} INFO - [2022-08-30T12:35:15.924+0000] {dag.py:2429} INFO - Sync 1 DAGs
[2022-08-30T12:35:15.945+0000] {logging_mixin.py:115} INFO - [2022-08-30T12:35:15.945+0000] {dag.py:2981} INFO - Setting next_dagrun for example_branch_operator to 2022-08-29T00:00:00+00:00, run_after=2022-08-30T00:00:00+00:00
[2022-08-30T12:35:15.956+0000] {processor.py:161} INFO - Processing /home/airflow/.local/lib/python3.7/site-packages/airflow/example_dags/example_branch_operator.py took 0.076 seconds
[2022-08-30T12:35:46.722+0000] {processor.py:153} INFO - Started process (PID=2910) to work on /home/airflow/.local/lib/python3.7/site-packages/airflow/example_dags/example_branch_operator.py
[2022-08-30T12:35:46.723+0000] {processor.py:640} INFO - Processing file /home/airflow/.local/lib/python3.7/site-packages/airflow/example_dags/example_branch_operator.py for tasks to queue
[2022-08-30T12:35:46.724+0000] {logging_mixin.py:115} INFO - [2022-08-30T12:35:46.724+0000] {dagbag.py:508} INFO - Filling up the DagBag from /home/airflow/.local/lib/python3.7/site-packages/airflow/example_dags/example_branch_operator.py
[2022-08-30T12:35:46.733+0000] {processor.py:650} INFO - DAG(s) dict_keys(['example_branch_operator']) retrieved from /home/airflow/.local/lib/python3.7/site-packages/airflow/example_dags/example_branch_operator.py
[2022-08-30T12:35:46.750+0000] {logging_mixin.py:115} INFO - [2022-08-30T12:35:46.750+0000] {dag.py:2429} INFO - Sync 1 DAGs
[2022-08-30T12:35:46.764+0000] {logging_mixin.py:115} INFO - [2022-08-30T12:35:46.764+0000] {dag.py:2981} INFO - Setting next_dagrun for example_branch_operator to 2022-08-29T00:00:00+00:00, run_after=2022-08-30T00:00:00+00:00
[2022-08-30T12:35:46.775+0000] {processor.py:161} INFO - Processing /home/airflow/.local/lib/python3.7/site-packages/airflow/example_dags/example_branch_operator.py took 0.055 seconds
[2022-08-30T12:36:17.780+0000] {processor.py:153} INFO - Started process (PID=3119) to work on /home/airflow/.local/lib/python3.7/site-packages/airflow/example_dags/example_branch_operator.py
[2022-08-30T12:36:17.782+0000] {processor.py:640} INFO - Processing file /home/airflow/.local/lib/python3.7/site-packages/airflow/example_dags/example_branch_operator.py for tasks to queue
[2022-08-30T12:36:17.782+0000] {logging_mixin.py:115} INFO - [2022-08-30T12:36:17.782+0000] {dagbag.py:508} INFO - Filling up the DagBag from /home/airflow/.local/lib/python3.7/site-packages/airflow/example_dags/example_branch_operator.py
[2022-08-30T12:36:17.793+0000] {processor.py:650} INFO - DAG(s) dict_keys(['example_branch_operator']) retrieved from /home/airflow/.local/lib/python3.7/site-packages/airflow/example_dags/example_branch_operator.py
[2022-08-30T12:36:17.809+0000] {logging_mixin.py:115} INFO - [2022-08-30T12:36:17.809+0000] {dag.py:2429} INFO - Sync 1 DAGs
[2022-08-30T12:36:17.823+0000] {logging_mixin.py:115} INFO - [2022-08-30T12:36:17.823+0000] {dag.py:2981} INFO - Setting next_dagrun for example_branch_operator to 2022-08-29T00:00:00+00:00, run_after=2022-08-30T00:00:00+00:00
[2022-08-30T12:36:17.831+0000] {processor.py:161} INFO - Processing /home/airflow/.local/lib/python3.7/site-packages/airflow/example_dags/example_branch_operator.py took 0.052 seconds
[2022-08-30T12:36:48.494+0000] {processor.py:153} INFO - Started process (PID=3314) to work on /home/airflow/.local/lib/python3.7/site-packages/airflow/example_dags/example_branch_operator.py
[2022-08-30T12:36:48.495+0000] {processor.py:640} INFO - Processing file /home/airflow/.local/lib/python3.7/site-packages/airflow/example_dags/example_branch_operator.py for tasks to queue
[2022-08-30T12:36:48.497+0000] {logging_mixin.py:115} INFO - [2022-08-30T12:36:48.497+0000] {dagbag.py:508} INFO - Filling up the DagBag from /home/airflow/.local/lib/python3.7/site-packages/airflow/example_dags/example_branch_operator.py
[2022-08-30T12:36:48.506+0000] {processor.py:650} INFO - DAG(s) dict_keys(['example_branch_operator']) retrieved from /home/airflow/.local/lib/python3.7/site-packages/airflow/example_dags/example_branch_operator.py
[2022-08-30T12:36:48.523+0000] {logging_mixin.py:115} INFO - [2022-08-30T12:36:48.523+0000] {dag.py:2429} INFO - Sync 1 DAGs
[2022-08-30T12:36:48.539+0000] {logging_mixin.py:115} INFO - [2022-08-30T12:36:48.539+0000] {dag.py:2981} INFO - Setting next_dagrun for example_branch_operator to 2022-08-29T00:00:00+00:00, run_after=2022-08-30T00:00:00+00:00
[2022-08-30T12:36:48.546+0000] {processor.py:161} INFO - Processing /home/airflow/.local/lib/python3.7/site-packages/airflow/example_dags/example_branch_operator.py took 0.054 seconds
[2022-08-30T12:37:19.226+0000] {processor.py:153} INFO - Started process (PID=3514) to work on /home/airflow/.local/lib/python3.7/site-packages/airflow/example_dags/example_branch_operator.py
[2022-08-30T12:37:19.227+0000] {processor.py:640} INFO - Processing file /home/airflow/.local/lib/python3.7/site-packages/airflow/example_dags/example_branch_operator.py for tasks to queue
[2022-08-30T12:37:19.228+0000] {logging_mixin.py:115} INFO - [2022-08-30T12:37:19.228+0000] {dagbag.py:508} INFO - Filling up the DagBag from /home/airflow/.local/lib/python3.7/site-packages/airflow/example_dags/example_branch_operator.py
[2022-08-30T12:37:19.238+0000] {processor.py:650} INFO - DAG(s) dict_keys(['example_branch_operator']) retrieved from /home/airflow/.local/lib/python3.7/site-packages/airflow/example_dags/example_branch_operator.py
[2022-08-30T12:37:19.255+0000] {logging_mixin.py:115} INFO - [2022-08-30T12:37:19.255+0000] {dag.py:2429} INFO - Sync 1 DAGs
[2022-08-30T12:37:19.270+0000] {logging_mixin.py:115} INFO - [2022-08-30T12:37:19.270+0000] {dag.py:2981} INFO - Setting next_dagrun for example_branch_operator to 2022-08-29T00:00:00+00:00, run_after=2022-08-30T00:00:00+00:00
[2022-08-30T12:37:19.281+0000] {processor.py:161} INFO - Processing /home/airflow/.local/lib/python3.7/site-packages/airflow/example_dags/example_branch_operator.py took 0.057 seconds
[2022-08-30T12:37:50.035+0000] {processor.py:153} INFO - Started process (PID=3715) to work on /home/airflow/.local/lib/python3.7/site-packages/airflow/example_dags/example_branch_operator.py
[2022-08-30T12:37:50.037+0000] {processor.py:640} INFO - Processing file /home/airflow/.local/lib/python3.7/site-packages/airflow/example_dags/example_branch_operator.py for tasks to queue
[2022-08-30T12:37:50.038+0000] {logging_mixin.py:115} INFO - [2022-08-30T12:37:50.038+0000] {dagbag.py:508} INFO - Filling up the DagBag from /home/airflow/.local/lib/python3.7/site-packages/airflow/example_dags/example_branch_operator.py
[2022-08-30T12:37:50.048+0000] {processor.py:650} INFO - DAG(s) dict_keys(['example_branch_operator']) retrieved from /home/airflow/.local/lib/python3.7/site-packages/airflow/example_dags/example_branch_operator.py
[2022-08-30T12:37:50.065+0000] {logging_mixin.py:115} INFO - [2022-08-30T12:37:50.065+0000] {dag.py:2429} INFO - Sync 1 DAGs
[2022-08-30T12:37:50.079+0000] {logging_mixin.py:115} INFO - [2022-08-30T12:37:50.079+0000] {dag.py:2981} INFO - Setting next_dagrun for example_branch_operator to 2022-08-29T00:00:00+00:00, run_after=2022-08-30T00:00:00+00:00
[2022-08-30T12:37:50.086+0000] {processor.py:161} INFO - Processing /home/airflow/.local/lib/python3.7/site-packages/airflow/example_dags/example_branch_operator.py took 0.053 seconds
[2022-08-30T12:40:13.488+0000] {processor.py:153} INFO - Started process (PID=327) to work on /home/airflow/.local/lib/python3.7/site-packages/airflow/example_dags/example_branch_operator.py
[2022-08-30T12:40:13.490+0000] {processor.py:640} INFO - Processing file /home/airflow/.local/lib/python3.7/site-packages/airflow/example_dags/example_branch_operator.py for tasks to queue
[2022-08-30T12:40:13.492+0000] {logging_mixin.py:115} INFO - [2022-08-30T12:40:13.492+0000] {dagbag.py:508} INFO - Filling up the DagBag from /home/airflow/.local/lib/python3.7/site-packages/airflow/example_dags/example_branch_operator.py
[2022-08-30T12:40:13.509+0000] {processor.py:650} INFO - DAG(s) dict_keys(['example_branch_operator']) retrieved from /home/airflow/.local/lib/python3.7/site-packages/airflow/example_dags/example_branch_operator.py
[2022-08-30T12:40:13.624+0000] {logging_mixin.py:115} INFO - [2022-08-30T12:40:13.624+0000] {manager.py:508} INFO - Created Permission View: can edit on DAG:example_branch_operator
[2022-08-30T12:40:13.636+0000] {logging_mixin.py:115} INFO - [2022-08-30T12:40:13.635+0000] {manager.py:508} INFO - Created Permission View: can read on DAG:example_branch_operator
[2022-08-30T12:40:13.649+0000] {logging_mixin.py:115} INFO - [2022-08-30T12:40:13.649+0000] {manager.py:508} INFO - Created Permission View: can delete on DAG:example_branch_operator
[2022-08-30T12:40:13.651+0000] {logging_mixin.py:115} INFO - [2022-08-30T12:40:13.651+0000] {dag.py:2429} INFO - Sync 1 DAGs
[2022-08-30T12:40:14.468+0000] {logging_mixin.py:115} INFO - [2022-08-30T12:40:14.468+0000] {dag.py:2448} INFO - Creating ORM DAG for example_branch_operator
[2022-08-30T12:40:14.496+0000] {logging_mixin.py:115} INFO - [2022-08-30T12:40:14.496+0000] {dag.py:2981} INFO - Setting next_dagrun for example_branch_operator to 2022-08-29T00:00:00+00:00, run_after=2022-08-30T00:00:00+00:00
[2022-08-30T12:40:14.518+0000] {processor.py:161} INFO - Processing /home/airflow/.local/lib/python3.7/site-packages/airflow/example_dags/example_branch_operator.py took 1.033 seconds
[2022-08-30T12:42:16.334+0000] {processor.py:153} INFO - Started process (PID=316) to work on /home/airflow/.local/lib/python3.7/site-packages/airflow/example_dags/example_branch_operator.py
[2022-08-30T12:42:16.336+0000] {processor.py:640} INFO - Processing file /home/airflow/.local/lib/python3.7/site-packages/airflow/example_dags/example_branch_operator.py for tasks to queue
[2022-08-30T12:42:16.337+0000] {logging_mixin.py:115} INFO - [2022-08-30T12:42:16.337+0000] {dagbag.py:508} INFO - Filling up the DagBag from /home/airflow/.local/lib/python3.7/site-packages/airflow/example_dags/example_branch_operator.py
[2022-08-30T12:42:16.345+0000] {processor.py:650} INFO - DAG(s) dict_keys(['example_branch_operator']) retrieved from /home/airflow/.local/lib/python3.7/site-packages/airflow/example_dags/example_branch_operator.py
[2022-08-30T12:42:16.363+0000] {logging_mixin.py:115} INFO - [2022-08-30T12:42:16.363+0000] {dag.py:2429} INFO - Sync 1 DAGs
[2022-08-30T12:42:16.377+0000] {logging_mixin.py:115} INFO - [2022-08-30T12:42:16.377+0000] {dag.py:2981} INFO - Setting next_dagrun for example_branch_operator to 2022-08-29T00:00:00+00:00, run_after=2022-08-30T00:00:00+00:00
[2022-08-30T12:42:16.385+0000] {processor.py:161} INFO - Processing /home/airflow/.local/lib/python3.7/site-packages/airflow/example_dags/example_branch_operator.py took 0.053 seconds
[2022-08-30T12:42:47.062+0000] {processor.py:153} INFO - Started process (PID=516) to work on /home/airflow/.local/lib/python3.7/site-packages/airflow/example_dags/example_branch_operator.py
[2022-08-30T12:42:47.064+0000] {processor.py:640} INFO - Processing file /home/airflow/.local/lib/python3.7/site-packages/airflow/example_dags/example_branch_operator.py for tasks to queue
[2022-08-30T12:42:47.065+0000] {logging_mixin.py:115} INFO - [2022-08-30T12:42:47.065+0000] {dagbag.py:508} INFO - Filling up the DagBag from /home/airflow/.local/lib/python3.7/site-packages/airflow/example_dags/example_branch_operator.py
[2022-08-30T12:42:47.072+0000] {processor.py:650} INFO - DAG(s) dict_keys(['example_branch_operator']) retrieved from /home/airflow/.local/lib/python3.7/site-packages/airflow/example_dags/example_branch_operator.py
[2022-08-30T12:42:47.089+0000] {logging_mixin.py:115} INFO - [2022-08-30T12:42:47.089+0000] {dag.py:2429} INFO - Sync 1 DAGs
[2022-08-30T12:42:47.101+0000] {logging_mixin.py:115} INFO - [2022-08-30T12:42:47.101+0000] {dag.py:2981} INFO - Setting next_dagrun for example_branch_operator to 2022-08-29T00:00:00+00:00, run_after=2022-08-30T00:00:00+00:00
[2022-08-30T12:42:47.108+0000] {processor.py:161} INFO - Processing /home/airflow/.local/lib/python3.7/site-packages/airflow/example_dags/example_branch_operator.py took 0.047 seconds
[2022-08-30T12:43:18.038+0000] {processor.py:153} INFO - Started process (PID=720) to work on /home/airflow/.local/lib/python3.7/site-packages/airflow/example_dags/example_branch_operator.py
[2022-08-30T12:43:18.040+0000] {processor.py:640} INFO - Processing file /home/airflow/.local/lib/python3.7/site-packages/airflow/example_dags/example_branch_operator.py for tasks to queue
[2022-08-30T12:43:18.042+0000] {logging_mixin.py:115} INFO - [2022-08-30T12:43:18.041+0000] {dagbag.py:508} INFO - Filling up the DagBag from /home/airflow/.local/lib/python3.7/site-packages/airflow/example_dags/example_branch_operator.py
[2022-08-30T12:43:18.048+0000] {processor.py:650} INFO - DAG(s) dict_keys(['example_branch_operator']) retrieved from /home/airflow/.local/lib/python3.7/site-packages/airflow/example_dags/example_branch_operator.py
[2022-08-30T12:43:18.067+0000] {logging_mixin.py:115} INFO - [2022-08-30T12:43:18.067+0000] {dag.py:2429} INFO - Sync 1 DAGs
[2022-08-30T12:43:18.082+0000] {logging_mixin.py:115} INFO - [2022-08-30T12:43:18.082+0000] {dag.py:2981} INFO - Setting next_dagrun for example_branch_operator to 2022-08-29T00:00:00+00:00, run_after=2022-08-30T00:00:00+00:00
[2022-08-30T12:43:18.090+0000] {processor.py:161} INFO - Processing /home/airflow/.local/lib/python3.7/site-packages/airflow/example_dags/example_branch_operator.py took 0.054 seconds
[2022-08-30T12:43:48.725+0000] {processor.py:153} INFO - Started process (PID=910) to work on /home/airflow/.local/lib/python3.7/site-packages/airflow/example_dags/example_branch_operator.py
[2022-08-30T12:43:48.727+0000] {processor.py:640} INFO - Processing file /home/airflow/.local/lib/python3.7/site-packages/airflow/example_dags/example_branch_operator.py for tasks to queue
[2022-08-30T12:43:48.728+0000] {logging_mixin.py:115} INFO - [2022-08-30T12:43:48.728+0000] {dagbag.py:508} INFO - Filling up the DagBag from /home/airflow/.local/lib/python3.7/site-packages/airflow/example_dags/example_branch_operator.py
[2022-08-30T12:43:48.735+0000] {processor.py:650} INFO - DAG(s) dict_keys(['example_branch_operator']) retrieved from /home/airflow/.local/lib/python3.7/site-packages/airflow/example_dags/example_branch_operator.py
[2022-08-30T12:43:48.760+0000] {logging_mixin.py:115} INFO - [2022-08-30T12:43:48.759+0000] {dag.py:2429} INFO - Sync 1 DAGs
[2022-08-30T12:43:48.775+0000] {logging_mixin.py:115} INFO - [2022-08-30T12:43:48.775+0000] {dag.py:2981} INFO - Setting next_dagrun for example_branch_operator to 2022-08-29T00:00:00+00:00, run_after=2022-08-30T00:00:00+00:00
[2022-08-30T12:43:48.787+0000] {processor.py:161} INFO - Processing /home/airflow/.local/lib/python3.7/site-packages/airflow/example_dags/example_branch_operator.py took 0.063 seconds
[2022-08-30T12:44:19.527+0000] {processor.py:153} INFO - Started process (PID=1112) to work on /home/airflow/.local/lib/python3.7/site-packages/airflow/example_dags/example_branch_operator.py
[2022-08-30T12:44:19.528+0000] {processor.py:640} INFO - Processing file /home/airflow/.local/lib/python3.7/site-packages/airflow/example_dags/example_branch_operator.py for tasks to queue
[2022-08-30T12:44:19.529+0000] {logging_mixin.py:115} INFO - [2022-08-30T12:44:19.529+0000] {dagbag.py:508} INFO - Filling up the DagBag from /home/airflow/.local/lib/python3.7/site-packages/airflow/example_dags/example_branch_operator.py
[2022-08-30T12:44:19.537+0000] {processor.py:650} INFO - DAG(s) dict_keys(['example_branch_operator']) retrieved from /home/airflow/.local/lib/python3.7/site-packages/airflow/example_dags/example_branch_operator.py
[2022-08-30T12:44:19.555+0000] {logging_mixin.py:115} INFO - [2022-08-30T12:44:19.555+0000] {dag.py:2429} INFO - Sync 1 DAGs
[2022-08-30T12:44:19.568+0000] {logging_mixin.py:115} INFO - [2022-08-30T12:44:19.568+0000] {dag.py:2981} INFO - Setting next_dagrun for example_branch_operator to 2022-08-29T00:00:00+00:00, run_after=2022-08-30T00:00:00+00:00
[2022-08-30T12:44:19.576+0000] {processor.py:161} INFO - Processing /home/airflow/.local/lib/python3.7/site-packages/airflow/example_dags/example_branch_operator.py took 0.052 seconds
[2022-08-30T12:44:50.192+0000] {processor.py:153} INFO - Started process (PID=1314) to work on /home/airflow/.local/lib/python3.7/site-packages/airflow/example_dags/example_branch_operator.py
[2022-08-30T12:44:50.193+0000] {processor.py:640} INFO - Processing file /home/airflow/.local/lib/python3.7/site-packages/airflow/example_dags/example_branch_operator.py for tasks to queue
[2022-08-30T12:44:50.194+0000] {logging_mixin.py:115} INFO - [2022-08-30T12:44:50.194+0000] {dagbag.py:508} INFO - Filling up the DagBag from /home/airflow/.local/lib/python3.7/site-packages/airflow/example_dags/example_branch_operator.py
[2022-08-30T12:44:50.201+0000] {processor.py:650} INFO - DAG(s) dict_keys(['example_branch_operator']) retrieved from /home/airflow/.local/lib/python3.7/site-packages/airflow/example_dags/example_branch_operator.py
[2022-08-30T12:44:50.221+0000] {logging_mixin.py:115} INFO - [2022-08-30T12:44:50.221+0000] {dag.py:2429} INFO - Sync 1 DAGs
[2022-08-30T12:44:50.234+0000] {logging_mixin.py:115} INFO - [2022-08-30T12:44:50.234+0000] {dag.py:2981} INFO - Setting next_dagrun for example_branch_operator to 2022-08-29T00:00:00+00:00, run_after=2022-08-30T00:00:00+00:00
[2022-08-30T12:44:50.241+0000] {processor.py:161} INFO - Processing /home/airflow/.local/lib/python3.7/site-packages/airflow/example_dags/example_branch_operator.py took 0.051 seconds
