[2022-08-30T12:27:46.734+0000] {processor.py:153} INFO - Started process (PID=250) to work on /home/airflow/.local/lib/python3.7/site-packages/airflow/example_dags/tutorial.py
[2022-08-30T12:27:46.735+0000] {processor.py:640} INFO - Processing file /home/airflow/.local/lib/python3.7/site-packages/airflow/example_dags/tutorial.py for tasks to queue
[2022-08-30T12:27:46.736+0000] {logging_mixin.py:115} INFO - [2022-08-30T12:27:46.736+0000] {dagbag.py:508} INFO - Filling up the DagBag from /home/airflow/.local/lib/python3.7/site-packages/airflow/example_dags/tutorial.py
[2022-08-30T12:27:46.741+0000] {processor.py:650} INFO - DAG(s) dict_keys(['tutorial']) retrieved from /home/airflow/.local/lib/python3.7/site-packages/airflow/example_dags/tutorial.py
[2022-08-30T12:27:46.792+0000] {logging_mixin.py:115} INFO - [2022-08-30T12:27:46.792+0000] {manager.py:508} INFO - Created Permission View: can read on DAG:tutorial
[2022-08-30T12:27:46.798+0000] {logging_mixin.py:115} INFO - [2022-08-30T12:27:46.798+0000] {manager.py:508} INFO - Created Permission View: can edit on DAG:tutorial
[2022-08-30T12:27:46.804+0000] {logging_mixin.py:115} INFO - [2022-08-30T12:27:46.804+0000] {manager.py:508} INFO - Created Permission View: can delete on DAG:tutorial
[2022-08-30T12:27:46.806+0000] {logging_mixin.py:115} INFO - [2022-08-30T12:27:46.806+0000] {dag.py:2429} INFO - Sync 1 DAGs
[2022-08-30T12:27:46.813+0000] {logging_mixin.py:115} INFO - [2022-08-30T12:27:46.812+0000] {dag.py:2448} INFO - Creating ORM DAG for tutorial
[2022-08-30T12:27:46.820+0000] {logging_mixin.py:115} INFO - [2022-08-30T12:27:46.820+0000] {dag.py:2981} INFO - Setting next_dagrun for tutorial to 2022-08-29T12:27:46.820569+00:00, run_after=2022-08-30T12:27:46.820569+00:00
[2022-08-30T12:27:46.831+0000] {processor.py:161} INFO - Processing /home/airflow/.local/lib/python3.7/site-packages/airflow/example_dags/tutorial.py took 0.099 seconds
[2022-08-30T12:28:17.449+0000] {processor.py:153} INFO - Started process (PID=450) to work on /home/airflow/.local/lib/python3.7/site-packages/airflow/example_dags/tutorial.py
[2022-08-30T12:28:17.450+0000] {processor.py:640} INFO - Processing file /home/airflow/.local/lib/python3.7/site-packages/airflow/example_dags/tutorial.py for tasks to queue
[2022-08-30T12:28:17.451+0000] {logging_mixin.py:115} INFO - [2022-08-30T12:28:17.451+0000] {dagbag.py:508} INFO - Filling up the DagBag from /home/airflow/.local/lib/python3.7/site-packages/airflow/example_dags/tutorial.py
[2022-08-30T12:28:17.456+0000] {processor.py:650} INFO - DAG(s) dict_keys(['tutorial']) retrieved from /home/airflow/.local/lib/python3.7/site-packages/airflow/example_dags/tutorial.py
[2022-08-30T12:28:17.473+0000] {logging_mixin.py:115} INFO - [2022-08-30T12:28:17.473+0000] {dag.py:2429} INFO - Sync 1 DAGs
[2022-08-30T12:28:17.490+0000] {logging_mixin.py:115} INFO - [2022-08-30T12:28:17.490+0000] {dag.py:2981} INFO - Setting next_dagrun for tutorial to 2022-08-29T12:28:17.490245+00:00, run_after=2022-08-30T12:28:17.490245+00:00
[2022-08-30T12:28:17.498+0000] {processor.py:161} INFO - Processing /home/airflow/.local/lib/python3.7/site-packages/airflow/example_dags/tutorial.py took 0.051 seconds
[2022-08-30T12:29:06.291+0000] {processor.py:153} INFO - Started process (PID=255) to work on /home/airflow/.local/lib/python3.7/site-packages/airflow/example_dags/tutorial.py
[2022-08-30T12:29:06.293+0000] {processor.py:640} INFO - Processing file /home/airflow/.local/lib/python3.7/site-packages/airflow/example_dags/tutorial.py for tasks to queue
[2022-08-30T12:29:06.294+0000] {logging_mixin.py:115} INFO - [2022-08-30T12:29:06.293+0000] {dagbag.py:508} INFO - Filling up the DagBag from /home/airflow/.local/lib/python3.7/site-packages/airflow/example_dags/tutorial.py
[2022-08-30T12:29:06.298+0000] {processor.py:650} INFO - DAG(s) dict_keys(['tutorial']) retrieved from /home/airflow/.local/lib/python3.7/site-packages/airflow/example_dags/tutorial.py
[2022-08-30T12:29:06.316+0000] {logging_mixin.py:115} INFO - [2022-08-30T12:29:06.316+0000] {dag.py:2429} INFO - Sync 1 DAGs
[2022-08-30T12:29:06.330+0000] {logging_mixin.py:115} INFO - [2022-08-30T12:29:06.330+0000] {dag.py:2981} INFO - Setting next_dagrun for tutorial to 2022-08-29T12:29:06.330123+00:00, run_after=2022-08-30T12:29:06.330123+00:00
[2022-08-30T12:29:06.338+0000] {processor.py:161} INFO - Processing /home/airflow/.local/lib/python3.7/site-packages/airflow/example_dags/tutorial.py took 0.049 seconds
[2022-08-30T12:29:36.994+0000] {processor.py:153} INFO - Started process (PID=457) to work on /home/airflow/.local/lib/python3.7/site-packages/airflow/example_dags/tutorial.py
[2022-08-30T12:29:36.995+0000] {processor.py:640} INFO - Processing file /home/airflow/.local/lib/python3.7/site-packages/airflow/example_dags/tutorial.py for tasks to queue
[2022-08-30T12:29:36.996+0000] {logging_mixin.py:115} INFO - [2022-08-30T12:29:36.996+0000] {dagbag.py:508} INFO - Filling up the DagBag from /home/airflow/.local/lib/python3.7/site-packages/airflow/example_dags/tutorial.py
[2022-08-30T12:29:37.000+0000] {processor.py:650} INFO - DAG(s) dict_keys(['tutorial']) retrieved from /home/airflow/.local/lib/python3.7/site-packages/airflow/example_dags/tutorial.py
[2022-08-30T12:29:37.019+0000] {logging_mixin.py:115} INFO - [2022-08-30T12:29:37.019+0000] {dag.py:2429} INFO - Sync 1 DAGs
[2022-08-30T12:29:37.032+0000] {logging_mixin.py:115} INFO - [2022-08-30T12:29:37.032+0000] {dag.py:2981} INFO - Setting next_dagrun for tutorial to 2022-08-29T12:29:37.032158+00:00, run_after=2022-08-30T12:29:37.032158+00:00
[2022-08-30T12:29:37.039+0000] {processor.py:161} INFO - Processing /home/airflow/.local/lib/python3.7/site-packages/airflow/example_dags/tutorial.py took 0.047 seconds
[2022-08-30T12:30:07.812+0000] {processor.py:153} INFO - Started process (PID=656) to work on /home/airflow/.local/lib/python3.7/site-packages/airflow/example_dags/tutorial.py
[2022-08-30T12:30:07.813+0000] {processor.py:640} INFO - Processing file /home/airflow/.local/lib/python3.7/site-packages/airflow/example_dags/tutorial.py for tasks to queue
[2022-08-30T12:30:07.814+0000] {logging_mixin.py:115} INFO - [2022-08-30T12:30:07.814+0000] {dagbag.py:508} INFO - Filling up the DagBag from /home/airflow/.local/lib/python3.7/site-packages/airflow/example_dags/tutorial.py
[2022-08-30T12:30:07.818+0000] {processor.py:650} INFO - DAG(s) dict_keys(['tutorial']) retrieved from /home/airflow/.local/lib/python3.7/site-packages/airflow/example_dags/tutorial.py
[2022-08-30T12:30:07.836+0000] {logging_mixin.py:115} INFO - [2022-08-30T12:30:07.836+0000] {dag.py:2429} INFO - Sync 1 DAGs
[2022-08-30T12:30:07.850+0000] {logging_mixin.py:115} INFO - [2022-08-30T12:30:07.850+0000] {dag.py:2981} INFO - Setting next_dagrun for tutorial to 2022-08-29T12:30:07.850402+00:00, run_after=2022-08-30T12:30:07.850402+00:00
[2022-08-30T12:30:07.857+0000] {processor.py:161} INFO - Processing /home/airflow/.local/lib/python3.7/site-packages/airflow/example_dags/tutorial.py took 0.047 seconds
[2022-08-30T12:30:38.547+0000] {processor.py:153} INFO - Started process (PID=857) to work on /home/airflow/.local/lib/python3.7/site-packages/airflow/example_dags/tutorial.py
[2022-08-30T12:30:38.548+0000] {processor.py:640} INFO - Processing file /home/airflow/.local/lib/python3.7/site-packages/airflow/example_dags/tutorial.py for tasks to queue
[2022-08-30T12:30:38.550+0000] {logging_mixin.py:115} INFO - [2022-08-30T12:30:38.550+0000] {dagbag.py:508} INFO - Filling up the DagBag from /home/airflow/.local/lib/python3.7/site-packages/airflow/example_dags/tutorial.py
[2022-08-30T12:30:38.554+0000] {processor.py:650} INFO - DAG(s) dict_keys(['tutorial']) retrieved from /home/airflow/.local/lib/python3.7/site-packages/airflow/example_dags/tutorial.py
[2022-08-30T12:30:38.573+0000] {logging_mixin.py:115} INFO - [2022-08-30T12:30:38.573+0000] {dag.py:2429} INFO - Sync 1 DAGs
[2022-08-30T12:30:38.587+0000] {logging_mixin.py:115} INFO - [2022-08-30T12:30:38.587+0000] {dag.py:2981} INFO - Setting next_dagrun for tutorial to 2022-08-29T12:30:38.587557+00:00, run_after=2022-08-30T12:30:38.587557+00:00
[2022-08-30T12:30:38.598+0000] {processor.py:161} INFO - Processing /home/airflow/.local/lib/python3.7/site-packages/airflow/example_dags/tutorial.py took 0.053 seconds
[2022-08-30T12:31:09.357+0000] {processor.py:153} INFO - Started process (PID=1049) to work on /home/airflow/.local/lib/python3.7/site-packages/airflow/example_dags/tutorial.py
[2022-08-30T12:31:09.358+0000] {processor.py:640} INFO - Processing file /home/airflow/.local/lib/python3.7/site-packages/airflow/example_dags/tutorial.py for tasks to queue
[2022-08-30T12:31:09.359+0000] {logging_mixin.py:115} INFO - [2022-08-30T12:31:09.359+0000] {dagbag.py:508} INFO - Filling up the DagBag from /home/airflow/.local/lib/python3.7/site-packages/airflow/example_dags/tutorial.py
[2022-08-30T12:31:09.362+0000] {processor.py:650} INFO - DAG(s) dict_keys(['tutorial']) retrieved from /home/airflow/.local/lib/python3.7/site-packages/airflow/example_dags/tutorial.py
[2022-08-30T12:31:09.381+0000] {logging_mixin.py:115} INFO - [2022-08-30T12:31:09.381+0000] {dag.py:2429} INFO - Sync 1 DAGs
[2022-08-30T12:31:09.394+0000] {logging_mixin.py:115} INFO - [2022-08-30T12:31:09.394+0000] {dag.py:2981} INFO - Setting next_dagrun for tutorial to 2022-08-29T12:31:09.394509+00:00, run_after=2022-08-30T12:31:09.394509+00:00
[2022-08-30T12:31:09.402+0000] {processor.py:161} INFO - Processing /home/airflow/.local/lib/python3.7/site-packages/airflow/example_dags/tutorial.py took 0.047 seconds
[2022-08-30T12:31:39.969+0000] {processor.py:153} INFO - Started process (PID=1252) to work on /home/airflow/.local/lib/python3.7/site-packages/airflow/example_dags/tutorial.py
[2022-08-30T12:31:39.970+0000] {processor.py:640} INFO - Processing file /home/airflow/.local/lib/python3.7/site-packages/airflow/example_dags/tutorial.py for tasks to queue
[2022-08-30T12:31:39.972+0000] {logging_mixin.py:115} INFO - [2022-08-30T12:31:39.972+0000] {dagbag.py:508} INFO - Filling up the DagBag from /home/airflow/.local/lib/python3.7/site-packages/airflow/example_dags/tutorial.py
[2022-08-30T12:31:39.975+0000] {processor.py:650} INFO - DAG(s) dict_keys(['tutorial']) retrieved from /home/airflow/.local/lib/python3.7/site-packages/airflow/example_dags/tutorial.py
[2022-08-30T12:31:39.993+0000] {logging_mixin.py:115} INFO - [2022-08-30T12:31:39.993+0000] {dag.py:2429} INFO - Sync 1 DAGs
[2022-08-30T12:31:40.004+0000] {logging_mixin.py:115} INFO - [2022-08-30T12:31:40.004+0000] {dag.py:2981} INFO - Setting next_dagrun for tutorial to 2022-08-29T12:31:40.004362+00:00, run_after=2022-08-30T12:31:40.004362+00:00
[2022-08-30T12:31:40.011+0000] {processor.py:161} INFO - Processing /home/airflow/.local/lib/python3.7/site-packages/airflow/example_dags/tutorial.py took 0.044 seconds
[2022-08-30T12:32:10.640+0000] {processor.py:153} INFO - Started process (PID=1450) to work on /home/airflow/.local/lib/python3.7/site-packages/airflow/example_dags/tutorial.py
[2022-08-30T12:32:10.641+0000] {processor.py:640} INFO - Processing file /home/airflow/.local/lib/python3.7/site-packages/airflow/example_dags/tutorial.py for tasks to queue
[2022-08-30T12:32:10.642+0000] {logging_mixin.py:115} INFO - [2022-08-30T12:32:10.642+0000] {dagbag.py:508} INFO - Filling up the DagBag from /home/airflow/.local/lib/python3.7/site-packages/airflow/example_dags/tutorial.py
[2022-08-30T12:32:10.646+0000] {processor.py:650} INFO - DAG(s) dict_keys(['tutorial']) retrieved from /home/airflow/.local/lib/python3.7/site-packages/airflow/example_dags/tutorial.py
[2022-08-30T12:32:10.666+0000] {logging_mixin.py:115} INFO - [2022-08-30T12:32:10.666+0000] {dag.py:2429} INFO - Sync 1 DAGs
[2022-08-30T12:32:10.682+0000] {logging_mixin.py:115} INFO - [2022-08-30T12:32:10.682+0000] {dag.py:2981} INFO - Setting next_dagrun for tutorial to 2022-08-29T12:32:10.682689+00:00, run_after=2022-08-30T12:32:10.682689+00:00
[2022-08-30T12:32:10.691+0000] {processor.py:161} INFO - Processing /home/airflow/.local/lib/python3.7/site-packages/airflow/example_dags/tutorial.py took 0.053 seconds
[2022-08-30T12:32:41.582+0000] {processor.py:153} INFO - Started process (PID=1655) to work on /home/airflow/.local/lib/python3.7/site-packages/airflow/example_dags/tutorial.py
[2022-08-30T12:32:41.588+0000] {processor.py:640} INFO - Processing file /home/airflow/.local/lib/python3.7/site-packages/airflow/example_dags/tutorial.py for tasks to queue
[2022-08-30T12:32:41.590+0000] {logging_mixin.py:115} INFO - [2022-08-30T12:32:41.590+0000] {dagbag.py:508} INFO - Filling up the DagBag from /home/airflow/.local/lib/python3.7/site-packages/airflow/example_dags/tutorial.py
[2022-08-30T12:32:41.597+0000] {processor.py:650} INFO - DAG(s) dict_keys(['tutorial']) retrieved from /home/airflow/.local/lib/python3.7/site-packages/airflow/example_dags/tutorial.py
[2022-08-30T12:32:41.623+0000] {logging_mixin.py:115} INFO - [2022-08-30T12:32:41.623+0000] {dag.py:2429} INFO - Sync 1 DAGs
[2022-08-30T12:32:41.643+0000] {logging_mixin.py:115} INFO - [2022-08-30T12:32:41.643+0000] {dag.py:2981} INFO - Setting next_dagrun for tutorial to 2022-08-29T12:32:41.643265+00:00, run_after=2022-08-30T12:32:41.643265+00:00
[2022-08-30T12:32:41.657+0000] {processor.py:161} INFO - Processing /home/airflow/.local/lib/python3.7/site-packages/airflow/example_dags/tutorial.py took 0.079 seconds
[2022-08-30T12:33:12.343+0000] {processor.py:153} INFO - Started process (PID=1858) to work on /home/airflow/.local/lib/python3.7/site-packages/airflow/example_dags/tutorial.py
[2022-08-30T12:33:12.344+0000] {processor.py:640} INFO - Processing file /home/airflow/.local/lib/python3.7/site-packages/airflow/example_dags/tutorial.py for tasks to queue
[2022-08-30T12:33:12.345+0000] {logging_mixin.py:115} INFO - [2022-08-30T12:33:12.345+0000] {dagbag.py:508} INFO - Filling up the DagBag from /home/airflow/.local/lib/python3.7/site-packages/airflow/example_dags/tutorial.py
[2022-08-30T12:33:12.351+0000] {processor.py:650} INFO - DAG(s) dict_keys(['tutorial']) retrieved from /home/airflow/.local/lib/python3.7/site-packages/airflow/example_dags/tutorial.py
[2022-08-30T12:33:12.370+0000] {logging_mixin.py:115} INFO - [2022-08-30T12:33:12.370+0000] {dag.py:2429} INFO - Sync 1 DAGs
[2022-08-30T12:33:12.382+0000] {logging_mixin.py:115} INFO - [2022-08-30T12:33:12.382+0000] {dag.py:2981} INFO - Setting next_dagrun for tutorial to 2022-08-29T12:33:12.382600+00:00, run_after=2022-08-30T12:33:12.382600+00:00
[2022-08-30T12:33:12.391+0000] {processor.py:161} INFO - Processing /home/airflow/.local/lib/python3.7/site-packages/airflow/example_dags/tutorial.py took 0.050 seconds
[2022-08-30T12:33:42.945+0000] {processor.py:153} INFO - Started process (PID=2056) to work on /home/airflow/.local/lib/python3.7/site-packages/airflow/example_dags/tutorial.py
[2022-08-30T12:33:42.946+0000] {processor.py:640} INFO - Processing file /home/airflow/.local/lib/python3.7/site-packages/airflow/example_dags/tutorial.py for tasks to queue
[2022-08-30T12:33:42.947+0000] {logging_mixin.py:115} INFO - [2022-08-30T12:33:42.947+0000] {dagbag.py:508} INFO - Filling up the DagBag from /home/airflow/.local/lib/python3.7/site-packages/airflow/example_dags/tutorial.py
[2022-08-30T12:33:42.952+0000] {processor.py:650} INFO - DAG(s) dict_keys(['tutorial']) retrieved from /home/airflow/.local/lib/python3.7/site-packages/airflow/example_dags/tutorial.py
[2022-08-30T12:33:42.974+0000] {logging_mixin.py:115} INFO - [2022-08-30T12:33:42.974+0000] {dag.py:2429} INFO - Sync 1 DAGs
[2022-08-30T12:33:42.988+0000] {logging_mixin.py:115} INFO - [2022-08-30T12:33:42.988+0000] {dag.py:2981} INFO - Setting next_dagrun for tutorial to 2022-08-29T12:33:42.988129+00:00, run_after=2022-08-30T12:33:42.988129+00:00
[2022-08-30T12:33:42.995+0000] {processor.py:161} INFO - Processing /home/airflow/.local/lib/python3.7/site-packages/airflow/example_dags/tutorial.py took 0.053 seconds
[2022-08-30T12:34:13.632+0000] {processor.py:153} INFO - Started process (PID=2251) to work on /home/airflow/.local/lib/python3.7/site-packages/airflow/example_dags/tutorial.py
[2022-08-30T12:34:13.633+0000] {processor.py:640} INFO - Processing file /home/airflow/.local/lib/python3.7/site-packages/airflow/example_dags/tutorial.py for tasks to queue
[2022-08-30T12:34:13.634+0000] {logging_mixin.py:115} INFO - [2022-08-30T12:34:13.634+0000] {dagbag.py:508} INFO - Filling up the DagBag from /home/airflow/.local/lib/python3.7/site-packages/airflow/example_dags/tutorial.py
[2022-08-30T12:34:13.640+0000] {processor.py:650} INFO - DAG(s) dict_keys(['tutorial']) retrieved from /home/airflow/.local/lib/python3.7/site-packages/airflow/example_dags/tutorial.py
[2022-08-30T12:34:13.661+0000] {logging_mixin.py:115} INFO - [2022-08-30T12:34:13.660+0000] {dag.py:2429} INFO - Sync 1 DAGs
[2022-08-30T12:34:13.676+0000] {logging_mixin.py:115} INFO - [2022-08-30T12:34:13.675+0000] {dag.py:2981} INFO - Setting next_dagrun for tutorial to 2022-08-29T12:34:13.675795+00:00, run_after=2022-08-30T12:34:13.675795+00:00
[2022-08-30T12:34:13.684+0000] {processor.py:161} INFO - Processing /home/airflow/.local/lib/python3.7/site-packages/airflow/example_dags/tutorial.py took 0.054 seconds
[2022-08-30T12:34:44.521+0000] {processor.py:153} INFO - Started process (PID=2448) to work on /home/airflow/.local/lib/python3.7/site-packages/airflow/example_dags/tutorial.py
[2022-08-30T12:34:44.522+0000] {processor.py:640} INFO - Processing file /home/airflow/.local/lib/python3.7/site-packages/airflow/example_dags/tutorial.py for tasks to queue
[2022-08-30T12:34:44.523+0000] {logging_mixin.py:115} INFO - [2022-08-30T12:34:44.523+0000] {dagbag.py:508} INFO - Filling up the DagBag from /home/airflow/.local/lib/python3.7/site-packages/airflow/example_dags/tutorial.py
[2022-08-30T12:34:44.528+0000] {processor.py:650} INFO - DAG(s) dict_keys(['tutorial']) retrieved from /home/airflow/.local/lib/python3.7/site-packages/airflow/example_dags/tutorial.py
[2022-08-30T12:34:44.546+0000] {logging_mixin.py:115} INFO - [2022-08-30T12:34:44.546+0000] {dag.py:2429} INFO - Sync 1 DAGs
[2022-08-30T12:34:44.559+0000] {logging_mixin.py:115} INFO - [2022-08-30T12:34:44.559+0000] {dag.py:2981} INFO - Setting next_dagrun for tutorial to 2022-08-29T12:34:44.559151+00:00, run_after=2022-08-30T12:34:44.559151+00:00
[2022-08-30T12:34:44.567+0000] {processor.py:161} INFO - Processing /home/airflow/.local/lib/python3.7/site-packages/airflow/example_dags/tutorial.py took 0.048 seconds
[2022-08-30T12:35:15.266+0000] {processor.py:153} INFO - Started process (PID=2648) to work on /home/airflow/.local/lib/python3.7/site-packages/airflow/example_dags/tutorial.py
[2022-08-30T12:35:15.267+0000] {processor.py:640} INFO - Processing file /home/airflow/.local/lib/python3.7/site-packages/airflow/example_dags/tutorial.py for tasks to queue
[2022-08-30T12:35:15.268+0000] {logging_mixin.py:115} INFO - [2022-08-30T12:35:15.268+0000] {dagbag.py:508} INFO - Filling up the DagBag from /home/airflow/.local/lib/python3.7/site-packages/airflow/example_dags/tutorial.py
[2022-08-30T12:35:15.272+0000] {processor.py:650} INFO - DAG(s) dict_keys(['tutorial']) retrieved from /home/airflow/.local/lib/python3.7/site-packages/airflow/example_dags/tutorial.py
[2022-08-30T12:35:15.291+0000] {logging_mixin.py:115} INFO - [2022-08-30T12:35:15.291+0000] {dag.py:2429} INFO - Sync 1 DAGs
[2022-08-30T12:35:15.304+0000] {logging_mixin.py:115} INFO - [2022-08-30T12:35:15.304+0000] {dag.py:2981} INFO - Setting next_dagrun for tutorial to 2022-08-29T12:35:15.304489+00:00, run_after=2022-08-30T12:35:15.304489+00:00
[2022-08-30T12:35:15.312+0000] {processor.py:161} INFO - Processing /home/airflow/.local/lib/python3.7/site-packages/airflow/example_dags/tutorial.py took 0.048 seconds
[2022-08-30T12:35:46.059+0000] {processor.py:153} INFO - Started process (PID=2850) to work on /home/airflow/.local/lib/python3.7/site-packages/airflow/example_dags/tutorial.py
[2022-08-30T12:35:46.061+0000] {processor.py:640} INFO - Processing file /home/airflow/.local/lib/python3.7/site-packages/airflow/example_dags/tutorial.py for tasks to queue
[2022-08-30T12:35:46.062+0000] {logging_mixin.py:115} INFO - [2022-08-30T12:35:46.062+0000] {dagbag.py:508} INFO - Filling up the DagBag from /home/airflow/.local/lib/python3.7/site-packages/airflow/example_dags/tutorial.py
[2022-08-30T12:35:46.066+0000] {processor.py:650} INFO - DAG(s) dict_keys(['tutorial']) retrieved from /home/airflow/.local/lib/python3.7/site-packages/airflow/example_dags/tutorial.py
[2022-08-30T12:35:46.089+0000] {logging_mixin.py:115} INFO - [2022-08-30T12:35:46.089+0000] {dag.py:2429} INFO - Sync 1 DAGs
[2022-08-30T12:35:46.103+0000] {logging_mixin.py:115} INFO - [2022-08-30T12:35:46.103+0000] {dag.py:2981} INFO - Setting next_dagrun for tutorial to 2022-08-29T12:35:46.102918+00:00, run_after=2022-08-30T12:35:46.102918+00:00
[2022-08-30T12:35:46.112+0000] {processor.py:161} INFO - Processing /home/airflow/.local/lib/python3.7/site-packages/airflow/example_dags/tutorial.py took 0.055 seconds
[2022-08-30T12:36:16.928+0000] {processor.py:153} INFO - Started process (PID=3052) to work on /home/airflow/.local/lib/python3.7/site-packages/airflow/example_dags/tutorial.py
[2022-08-30T12:36:16.930+0000] {processor.py:640} INFO - Processing file /home/airflow/.local/lib/python3.7/site-packages/airflow/example_dags/tutorial.py for tasks to queue
[2022-08-30T12:36:16.931+0000] {logging_mixin.py:115} INFO - [2022-08-30T12:36:16.931+0000] {dagbag.py:508} INFO - Filling up the DagBag from /home/airflow/.local/lib/python3.7/site-packages/airflow/example_dags/tutorial.py
[2022-08-30T12:36:16.935+0000] {processor.py:650} INFO - DAG(s) dict_keys(['tutorial']) retrieved from /home/airflow/.local/lib/python3.7/site-packages/airflow/example_dags/tutorial.py
[2022-08-30T12:36:16.953+0000] {logging_mixin.py:115} INFO - [2022-08-30T12:36:16.953+0000] {dag.py:2429} INFO - Sync 1 DAGs
[2022-08-30T12:36:16.967+0000] {logging_mixin.py:115} INFO - [2022-08-30T12:36:16.967+0000] {dag.py:2981} INFO - Setting next_dagrun for tutorial to 2022-08-29T12:36:16.967106+00:00, run_after=2022-08-30T12:36:16.967106+00:00
[2022-08-30T12:36:16.974+0000] {processor.py:161} INFO - Processing /home/airflow/.local/lib/python3.7/site-packages/airflow/example_dags/tutorial.py took 0.048 seconds
[2022-08-30T12:36:47.880+0000] {processor.py:153} INFO - Started process (PID=3249) to work on /home/airflow/.local/lib/python3.7/site-packages/airflow/example_dags/tutorial.py
[2022-08-30T12:36:47.881+0000] {processor.py:640} INFO - Processing file /home/airflow/.local/lib/python3.7/site-packages/airflow/example_dags/tutorial.py for tasks to queue
[2022-08-30T12:36:47.882+0000] {logging_mixin.py:115} INFO - [2022-08-30T12:36:47.882+0000] {dagbag.py:508} INFO - Filling up the DagBag from /home/airflow/.local/lib/python3.7/site-packages/airflow/example_dags/tutorial.py
[2022-08-30T12:36:47.886+0000] {processor.py:650} INFO - DAG(s) dict_keys(['tutorial']) retrieved from /home/airflow/.local/lib/python3.7/site-packages/airflow/example_dags/tutorial.py
[2022-08-30T12:36:47.909+0000] {logging_mixin.py:115} INFO - [2022-08-30T12:36:47.909+0000] {dag.py:2429} INFO - Sync 1 DAGs
[2022-08-30T12:36:47.922+0000] {logging_mixin.py:115} INFO - [2022-08-30T12:36:47.922+0000] {dag.py:2981} INFO - Setting next_dagrun for tutorial to 2022-08-29T12:36:47.922500+00:00, run_after=2022-08-30T12:36:47.922500+00:00
[2022-08-30T12:36:47.930+0000] {processor.py:161} INFO - Processing /home/airflow/.local/lib/python3.7/site-packages/airflow/example_dags/tutorial.py took 0.052 seconds
[2022-08-30T12:37:18.469+0000] {processor.py:153} INFO - Started process (PID=3449) to work on /home/airflow/.local/lib/python3.7/site-packages/airflow/example_dags/tutorial.py
[2022-08-30T12:37:18.471+0000] {processor.py:640} INFO - Processing file /home/airflow/.local/lib/python3.7/site-packages/airflow/example_dags/tutorial.py for tasks to queue
[2022-08-30T12:37:18.472+0000] {logging_mixin.py:115} INFO - [2022-08-30T12:37:18.472+0000] {dagbag.py:508} INFO - Filling up the DagBag from /home/airflow/.local/lib/python3.7/site-packages/airflow/example_dags/tutorial.py
[2022-08-30T12:37:18.476+0000] {processor.py:650} INFO - DAG(s) dict_keys(['tutorial']) retrieved from /home/airflow/.local/lib/python3.7/site-packages/airflow/example_dags/tutorial.py
[2022-08-30T12:37:18.497+0000] {logging_mixin.py:115} INFO - [2022-08-30T12:37:18.497+0000] {dag.py:2429} INFO - Sync 1 DAGs
[2022-08-30T12:37:18.509+0000] {logging_mixin.py:115} INFO - [2022-08-30T12:37:18.509+0000] {dag.py:2981} INFO - Setting next_dagrun for tutorial to 2022-08-29T12:37:18.509469+00:00, run_after=2022-08-30T12:37:18.509469+00:00
[2022-08-30T12:37:18.518+0000] {processor.py:161} INFO - Processing /home/airflow/.local/lib/python3.7/site-packages/airflow/example_dags/tutorial.py took 0.051 seconds
[2022-08-30T12:37:49.328+0000] {processor.py:153} INFO - Started process (PID=3652) to work on /home/airflow/.local/lib/python3.7/site-packages/airflow/example_dags/tutorial.py
[2022-08-30T12:37:49.329+0000] {processor.py:640} INFO - Processing file /home/airflow/.local/lib/python3.7/site-packages/airflow/example_dags/tutorial.py for tasks to queue
[2022-08-30T12:37:49.330+0000] {logging_mixin.py:115} INFO - [2022-08-30T12:37:49.330+0000] {dagbag.py:508} INFO - Filling up the DagBag from /home/airflow/.local/lib/python3.7/site-packages/airflow/example_dags/tutorial.py
[2022-08-30T12:37:49.334+0000] {processor.py:650} INFO - DAG(s) dict_keys(['tutorial']) retrieved from /home/airflow/.local/lib/python3.7/site-packages/airflow/example_dags/tutorial.py
[2022-08-30T12:37:49.353+0000] {logging_mixin.py:115} INFO - [2022-08-30T12:37:49.353+0000] {dag.py:2429} INFO - Sync 1 DAGs
[2022-08-30T12:37:49.366+0000] {logging_mixin.py:115} INFO - [2022-08-30T12:37:49.366+0000] {dag.py:2981} INFO - Setting next_dagrun for tutorial to 2022-08-29T12:37:49.366108+00:00, run_after=2022-08-30T12:37:49.366108+00:00
[2022-08-30T12:37:49.373+0000] {processor.py:161} INFO - Processing /home/airflow/.local/lib/python3.7/site-packages/airflow/example_dags/tutorial.py took 0.047 seconds
[2022-08-30T12:40:06.735+0000] {processor.py:153} INFO - Started process (PID=262) to work on /home/airflow/.local/lib/python3.7/site-packages/airflow/example_dags/tutorial.py
[2022-08-30T12:40:06.751+0000] {processor.py:640} INFO - Processing file /home/airflow/.local/lib/python3.7/site-packages/airflow/example_dags/tutorial.py for tasks to queue
[2022-08-30T12:40:06.757+0000] {logging_mixin.py:115} INFO - [2022-08-30T12:40:06.756+0000] {dagbag.py:508} INFO - Filling up the DagBag from /home/airflow/.local/lib/python3.7/site-packages/airflow/example_dags/tutorial.py
[2022-08-30T12:40:06.834+0000] {processor.py:650} INFO - DAG(s) dict_keys(['tutorial']) retrieved from /home/airflow/.local/lib/python3.7/site-packages/airflow/example_dags/tutorial.py
[2022-08-30T12:40:07.008+0000] {logging_mixin.py:115} INFO - [2022-08-30T12:40:07.008+0000] {manager.py:508} INFO - Created Permission View: can edit on DAG:tutorial
[2022-08-30T12:40:07.042+0000] {logging_mixin.py:115} INFO - [2022-08-30T12:40:07.042+0000] {manager.py:508} INFO - Created Permission View: can read on DAG:tutorial
[2022-08-30T12:40:07.051+0000] {logging_mixin.py:115} INFO - [2022-08-30T12:40:07.051+0000] {manager.py:508} INFO - Created Permission View: can delete on DAG:tutorial
[2022-08-30T12:40:07.053+0000] {logging_mixin.py:115} INFO - [2022-08-30T12:40:07.053+0000] {dag.py:2429} INFO - Sync 1 DAGs
[2022-08-30T12:40:07.065+0000] {logging_mixin.py:115} INFO - [2022-08-30T12:40:07.065+0000] {dag.py:2448} INFO - Creating ORM DAG for tutorial
[2022-08-30T12:40:07.110+0000] {logging_mixin.py:115} INFO - [2022-08-30T12:40:07.101+0000] {dag.py:2981} INFO - Setting next_dagrun for tutorial to 2022-08-29T12:40:07.098271+00:00, run_after=2022-08-30T12:40:07.098271+00:00
[2022-08-30T12:40:07.184+0000] {processor.py:161} INFO - Processing /home/airflow/.local/lib/python3.7/site-packages/airflow/example_dags/tutorial.py took 0.460 seconds
[2022-08-30T12:42:15.661+0000] {processor.py:153} INFO - Started process (PID=251) to work on /home/airflow/.local/lib/python3.7/site-packages/airflow/example_dags/tutorial.py
[2022-08-30T12:42:15.662+0000] {processor.py:640} INFO - Processing file /home/airflow/.local/lib/python3.7/site-packages/airflow/example_dags/tutorial.py for tasks to queue
[2022-08-30T12:42:15.664+0000] {logging_mixin.py:115} INFO - [2022-08-30T12:42:15.664+0000] {dagbag.py:508} INFO - Filling up the DagBag from /home/airflow/.local/lib/python3.7/site-packages/airflow/example_dags/tutorial.py
[2022-08-30T12:42:15.669+0000] {processor.py:650} INFO - DAG(s) dict_keys(['tutorial']) retrieved from /home/airflow/.local/lib/python3.7/site-packages/airflow/example_dags/tutorial.py
[2022-08-30T12:42:15.688+0000] {logging_mixin.py:115} INFO - [2022-08-30T12:42:15.688+0000] {dag.py:2429} INFO - Sync 1 DAGs
[2022-08-30T12:42:15.702+0000] {logging_mixin.py:115} INFO - [2022-08-30T12:42:15.702+0000] {dag.py:2981} INFO - Setting next_dagrun for tutorial to 2022-08-29T12:42:15.702060+00:00, run_after=2022-08-30T12:42:15.702060+00:00
[2022-08-30T12:42:15.710+0000] {processor.py:161} INFO - Processing /home/airflow/.local/lib/python3.7/site-packages/airflow/example_dags/tutorial.py took 0.051 seconds
[2022-08-30T12:42:46.417+0000] {processor.py:153} INFO - Started process (PID=451) to work on /home/airflow/.local/lib/python3.7/site-packages/airflow/example_dags/tutorial.py
[2022-08-30T12:42:46.418+0000] {processor.py:640} INFO - Processing file /home/airflow/.local/lib/python3.7/site-packages/airflow/example_dags/tutorial.py for tasks to queue
[2022-08-30T12:42:46.419+0000] {logging_mixin.py:115} INFO - [2022-08-30T12:42:46.419+0000] {dagbag.py:508} INFO - Filling up the DagBag from /home/airflow/.local/lib/python3.7/site-packages/airflow/example_dags/tutorial.py
[2022-08-30T12:42:46.423+0000] {processor.py:650} INFO - DAG(s) dict_keys(['tutorial']) retrieved from /home/airflow/.local/lib/python3.7/site-packages/airflow/example_dags/tutorial.py
[2022-08-30T12:42:46.441+0000] {logging_mixin.py:115} INFO - [2022-08-30T12:42:46.441+0000] {dag.py:2429} INFO - Sync 1 DAGs
[2022-08-30T12:42:46.453+0000] {logging_mixin.py:115} INFO - [2022-08-30T12:42:46.453+0000] {dag.py:2981} INFO - Setting next_dagrun for tutorial to 2022-08-29T12:42:46.453352+00:00, run_after=2022-08-30T12:42:46.453352+00:00
[2022-08-30T12:42:46.460+0000] {processor.py:161} INFO - Processing /home/airflow/.local/lib/python3.7/site-packages/airflow/example_dags/tutorial.py took 0.045 seconds
[2022-08-30T12:43:17.403+0000] {processor.py:153} INFO - Started process (PID=655) to work on /home/airflow/.local/lib/python3.7/site-packages/airflow/example_dags/tutorial.py
[2022-08-30T12:43:17.404+0000] {processor.py:640} INFO - Processing file /home/airflow/.local/lib/python3.7/site-packages/airflow/example_dags/tutorial.py for tasks to queue
[2022-08-30T12:43:17.405+0000] {logging_mixin.py:115} INFO - [2022-08-30T12:43:17.405+0000] {dagbag.py:508} INFO - Filling up the DagBag from /home/airflow/.local/lib/python3.7/site-packages/airflow/example_dags/tutorial.py
[2022-08-30T12:43:17.412+0000] {processor.py:650} INFO - DAG(s) dict_keys(['tutorial']) retrieved from /home/airflow/.local/lib/python3.7/site-packages/airflow/example_dags/tutorial.py
[2022-08-30T12:43:17.430+0000] {logging_mixin.py:115} INFO - [2022-08-30T12:43:17.430+0000] {dag.py:2429} INFO - Sync 1 DAGs
[2022-08-30T12:43:17.443+0000] {logging_mixin.py:115} INFO - [2022-08-30T12:43:17.443+0000] {dag.py:2981} INFO - Setting next_dagrun for tutorial to 2022-08-29T12:43:17.443127+00:00, run_after=2022-08-30T12:43:17.443127+00:00
[2022-08-30T12:43:17.450+0000] {processor.py:161} INFO - Processing /home/airflow/.local/lib/python3.7/site-packages/airflow/example_dags/tutorial.py took 0.049 seconds
[2022-08-30T12:43:48.132+0000] {processor.py:153} INFO - Started process (PID=845) to work on /home/airflow/.local/lib/python3.7/site-packages/airflow/example_dags/tutorial.py
[2022-08-30T12:43:48.133+0000] {processor.py:640} INFO - Processing file /home/airflow/.local/lib/python3.7/site-packages/airflow/example_dags/tutorial.py for tasks to queue
[2022-08-30T12:43:48.134+0000] {logging_mixin.py:115} INFO - [2022-08-30T12:43:48.134+0000] {dagbag.py:508} INFO - Filling up the DagBag from /home/airflow/.local/lib/python3.7/site-packages/airflow/example_dags/tutorial.py
[2022-08-30T12:43:48.138+0000] {processor.py:650} INFO - DAG(s) dict_keys(['tutorial']) retrieved from /home/airflow/.local/lib/python3.7/site-packages/airflow/example_dags/tutorial.py
[2022-08-30T12:43:48.157+0000] {logging_mixin.py:115} INFO - [2022-08-30T12:43:48.157+0000] {dag.py:2429} INFO - Sync 1 DAGs
[2022-08-30T12:43:48.170+0000] {logging_mixin.py:115} INFO - [2022-08-30T12:43:48.170+0000] {dag.py:2981} INFO - Setting next_dagrun for tutorial to 2022-08-29T12:43:48.170482+00:00, run_after=2022-08-30T12:43:48.170482+00:00
[2022-08-30T12:43:48.177+0000] {processor.py:161} INFO - Processing /home/airflow/.local/lib/python3.7/site-packages/airflow/example_dags/tutorial.py took 0.048 seconds
