[2022-08-30T12:27:48.217+0000] {processor.py:153} INFO - Started process (PID=320) to work on /home/airflow/.local/lib/python3.7/site-packages/airflow/example_dags/tutorial_taskflow_api_etl.py
[2022-08-30T12:27:48.219+0000] {processor.py:640} INFO - Processing file /home/airflow/.local/lib/python3.7/site-packages/airflow/example_dags/tutorial_taskflow_api_etl.py for tasks to queue
[2022-08-30T12:27:48.220+0000] {logging_mixin.py:115} INFO - [2022-08-30T12:27:48.220+0000] {dagbag.py:508} INFO - Filling up the DagBag from /home/airflow/.local/lib/python3.7/site-packages/airflow/example_dags/tutorial_taskflow_api_etl.py
[2022-08-30T12:27:48.235+0000] {processor.py:650} INFO - DAG(s) dict_keys(['tutorial_taskflow_api_etl']) retrieved from /home/airflow/.local/lib/python3.7/site-packages/airflow/example_dags/tutorial_taskflow_api_etl.py
[2022-08-30T12:27:48.298+0000] {logging_mixin.py:115} INFO - [2022-08-30T12:27:48.298+0000] {manager.py:508} INFO - Created Permission View: can read on DAG:tutorial_taskflow_api_etl
[2022-08-30T12:27:48.309+0000] {logging_mixin.py:115} INFO - [2022-08-30T12:27:48.308+0000] {manager.py:508} INFO - Created Permission View: can edit on DAG:tutorial_taskflow_api_etl
[2022-08-30T12:27:48.315+0000] {logging_mixin.py:115} INFO - [2022-08-30T12:27:48.315+0000] {manager.py:508} INFO - Created Permission View: can delete on DAG:tutorial_taskflow_api_etl
[2022-08-30T12:27:48.316+0000] {logging_mixin.py:115} INFO - [2022-08-30T12:27:48.316+0000] {dag.py:2429} INFO - Sync 1 DAGs
[2022-08-30T12:27:48.322+0000] {logging_mixin.py:115} INFO - [2022-08-30T12:27:48.322+0000] {dag.py:2448} INFO - Creating ORM DAG for tutorial_taskflow_api_etl
[2022-08-30T12:27:48.332+0000] {logging_mixin.py:115} INFO - [2022-08-30T12:27:48.332+0000] {dag.py:2981} INFO - Setting next_dagrun for tutorial_taskflow_api_etl to None, run_after=None
[2022-08-30T12:27:48.344+0000] {processor.py:161} INFO - Processing /home/airflow/.local/lib/python3.7/site-packages/airflow/example_dags/tutorial_taskflow_api_etl.py took 0.130 seconds
[2022-08-30T12:28:19.278+0000] {processor.py:153} INFO - Started process (PID=520) to work on /home/airflow/.local/lib/python3.7/site-packages/airflow/example_dags/tutorial_taskflow_api_etl.py
[2022-08-30T12:28:19.280+0000] {processor.py:640} INFO - Processing file /home/airflow/.local/lib/python3.7/site-packages/airflow/example_dags/tutorial_taskflow_api_etl.py for tasks to queue
[2022-08-30T12:28:19.282+0000] {logging_mixin.py:115} INFO - [2022-08-30T12:28:19.282+0000] {dagbag.py:508} INFO - Filling up the DagBag from /home/airflow/.local/lib/python3.7/site-packages/airflow/example_dags/tutorial_taskflow_api_etl.py
[2022-08-30T12:28:19.298+0000] {processor.py:650} INFO - DAG(s) dict_keys(['tutorial_taskflow_api_etl']) retrieved from /home/airflow/.local/lib/python3.7/site-packages/airflow/example_dags/tutorial_taskflow_api_etl.py
[2022-08-30T12:28:19.338+0000] {logging_mixin.py:115} INFO - [2022-08-30T12:28:19.338+0000] {dag.py:2429} INFO - Sync 1 DAGs
[2022-08-30T12:28:19.350+0000] {logging_mixin.py:115} INFO - [2022-08-30T12:28:19.350+0000] {dag.py:2981} INFO - Setting next_dagrun for tutorial_taskflow_api_etl to None, run_after=None
[2022-08-30T12:28:19.385+0000] {processor.py:161} INFO - Processing /home/airflow/.local/lib/python3.7/site-packages/airflow/example_dags/tutorial_taskflow_api_etl.py took 0.110 seconds
[2022-08-30T12:29:07.039+0000] {processor.py:153} INFO - Started process (PID=325) to work on /home/airflow/.local/lib/python3.7/site-packages/airflow/example_dags/tutorial_taskflow_api_etl.py
[2022-08-30T12:29:07.040+0000] {processor.py:640} INFO - Processing file /home/airflow/.local/lib/python3.7/site-packages/airflow/example_dags/tutorial_taskflow_api_etl.py for tasks to queue
[2022-08-30T12:29:07.041+0000] {logging_mixin.py:115} INFO - [2022-08-30T12:29:07.041+0000] {dagbag.py:508} INFO - Filling up the DagBag from /home/airflow/.local/lib/python3.7/site-packages/airflow/example_dags/tutorial_taskflow_api_etl.py
[2022-08-30T12:29:07.054+0000] {processor.py:650} INFO - DAG(s) dict_keys(['tutorial_taskflow_api_etl']) retrieved from /home/airflow/.local/lib/python3.7/site-packages/airflow/example_dags/tutorial_taskflow_api_etl.py
[2022-08-30T12:29:07.097+0000] {logging_mixin.py:115} INFO - [2022-08-30T12:29:07.096+0000] {dag.py:2429} INFO - Sync 1 DAGs
[2022-08-30T12:29:07.109+0000] {logging_mixin.py:115} INFO - [2022-08-30T12:29:07.109+0000] {dag.py:2981} INFO - Setting next_dagrun for tutorial_taskflow_api_etl to None, run_after=None
[2022-08-30T12:29:07.120+0000] {processor.py:161} INFO - Processing /home/airflow/.local/lib/python3.7/site-packages/airflow/example_dags/tutorial_taskflow_api_etl.py took 0.083 seconds
[2022-08-30T12:29:37.672+0000] {processor.py:153} INFO - Started process (PID=525) to work on /home/airflow/.local/lib/python3.7/site-packages/airflow/example_dags/tutorial_taskflow_api_etl.py
[2022-08-30T12:29:37.673+0000] {processor.py:640} INFO - Processing file /home/airflow/.local/lib/python3.7/site-packages/airflow/example_dags/tutorial_taskflow_api_etl.py for tasks to queue
[2022-08-30T12:29:37.674+0000] {logging_mixin.py:115} INFO - [2022-08-30T12:29:37.674+0000] {dagbag.py:508} INFO - Filling up the DagBag from /home/airflow/.local/lib/python3.7/site-packages/airflow/example_dags/tutorial_taskflow_api_etl.py
[2022-08-30T12:29:37.687+0000] {processor.py:650} INFO - DAG(s) dict_keys(['tutorial_taskflow_api_etl']) retrieved from /home/airflow/.local/lib/python3.7/site-packages/airflow/example_dags/tutorial_taskflow_api_etl.py
[2022-08-30T12:29:37.725+0000] {logging_mixin.py:115} INFO - [2022-08-30T12:29:37.725+0000] {dag.py:2429} INFO - Sync 1 DAGs
[2022-08-30T12:29:37.737+0000] {logging_mixin.py:115} INFO - [2022-08-30T12:29:37.737+0000] {dag.py:2981} INFO - Setting next_dagrun for tutorial_taskflow_api_etl to None, run_after=None
[2022-08-30T12:29:37.746+0000] {processor.py:161} INFO - Processing /home/airflow/.local/lib/python3.7/site-packages/airflow/example_dags/tutorial_taskflow_api_etl.py took 0.076 seconds
[2022-08-30T12:30:08.546+0000] {processor.py:153} INFO - Started process (PID=728) to work on /home/airflow/.local/lib/python3.7/site-packages/airflow/example_dags/tutorial_taskflow_api_etl.py
[2022-08-30T12:30:08.547+0000] {processor.py:640} INFO - Processing file /home/airflow/.local/lib/python3.7/site-packages/airflow/example_dags/tutorial_taskflow_api_etl.py for tasks to queue
[2022-08-30T12:30:08.548+0000] {logging_mixin.py:115} INFO - [2022-08-30T12:30:08.548+0000] {dagbag.py:508} INFO - Filling up the DagBag from /home/airflow/.local/lib/python3.7/site-packages/airflow/example_dags/tutorial_taskflow_api_etl.py
[2022-08-30T12:30:08.561+0000] {processor.py:650} INFO - DAG(s) dict_keys(['tutorial_taskflow_api_etl']) retrieved from /home/airflow/.local/lib/python3.7/site-packages/airflow/example_dags/tutorial_taskflow_api_etl.py
[2022-08-30T12:30:08.599+0000] {logging_mixin.py:115} INFO - [2022-08-30T12:30:08.599+0000] {dag.py:2429} INFO - Sync 1 DAGs
[2022-08-30T12:30:08.612+0000] {logging_mixin.py:115} INFO - [2022-08-30T12:30:08.612+0000] {dag.py:2981} INFO - Setting next_dagrun for tutorial_taskflow_api_etl to None, run_after=None
[2022-08-30T12:30:08.619+0000] {processor.py:161} INFO - Processing /home/airflow/.local/lib/python3.7/site-packages/airflow/example_dags/tutorial_taskflow_api_etl.py took 0.075 seconds
[2022-08-30T12:30:39.270+0000] {processor.py:153} INFO - Started process (PID=927) to work on /home/airflow/.local/lib/python3.7/site-packages/airflow/example_dags/tutorial_taskflow_api_etl.py
[2022-08-30T12:30:39.272+0000] {processor.py:640} INFO - Processing file /home/airflow/.local/lib/python3.7/site-packages/airflow/example_dags/tutorial_taskflow_api_etl.py for tasks to queue
[2022-08-30T12:30:39.274+0000] {logging_mixin.py:115} INFO - [2022-08-30T12:30:39.274+0000] {dagbag.py:508} INFO - Filling up the DagBag from /home/airflow/.local/lib/python3.7/site-packages/airflow/example_dags/tutorial_taskflow_api_etl.py
[2022-08-30T12:30:39.312+0000] {processor.py:650} INFO - DAG(s) dict_keys(['tutorial_taskflow_api_etl']) retrieved from /home/airflow/.local/lib/python3.7/site-packages/airflow/example_dags/tutorial_taskflow_api_etl.py
[2022-08-30T12:30:39.368+0000] {logging_mixin.py:115} INFO - [2022-08-30T12:30:39.367+0000] {dag.py:2429} INFO - Sync 1 DAGs
[2022-08-30T12:30:39.391+0000] {logging_mixin.py:115} INFO - [2022-08-30T12:30:39.391+0000] {dag.py:2981} INFO - Setting next_dagrun for tutorial_taskflow_api_etl to None, run_after=None
[2022-08-30T12:30:39.401+0000] {processor.py:161} INFO - Processing /home/airflow/.local/lib/python3.7/site-packages/airflow/example_dags/tutorial_taskflow_api_etl.py took 0.135 seconds
[2022-08-30T12:31:10.029+0000] {processor.py:153} INFO - Started process (PID=1119) to work on /home/airflow/.local/lib/python3.7/site-packages/airflow/example_dags/tutorial_taskflow_api_etl.py
[2022-08-30T12:31:10.030+0000] {processor.py:640} INFO - Processing file /home/airflow/.local/lib/python3.7/site-packages/airflow/example_dags/tutorial_taskflow_api_etl.py for tasks to queue
[2022-08-30T12:31:10.031+0000] {logging_mixin.py:115} INFO - [2022-08-30T12:31:10.031+0000] {dagbag.py:508} INFO - Filling up the DagBag from /home/airflow/.local/lib/python3.7/site-packages/airflow/example_dags/tutorial_taskflow_api_etl.py
[2022-08-30T12:31:10.043+0000] {processor.py:650} INFO - DAG(s) dict_keys(['tutorial_taskflow_api_etl']) retrieved from /home/airflow/.local/lib/python3.7/site-packages/airflow/example_dags/tutorial_taskflow_api_etl.py
[2022-08-30T12:31:10.058+0000] {logging_mixin.py:115} INFO - [2022-08-30T12:31:10.057+0000] {dag.py:2429} INFO - Sync 1 DAGs
[2022-08-30T12:31:10.068+0000] {logging_mixin.py:115} INFO - [2022-08-30T12:31:10.068+0000] {dag.py:2981} INFO - Setting next_dagrun for tutorial_taskflow_api_etl to None, run_after=None
[2022-08-30T12:31:10.076+0000] {processor.py:161} INFO - Processing /home/airflow/.local/lib/python3.7/site-packages/airflow/example_dags/tutorial_taskflow_api_etl.py took 0.049 seconds
[2022-08-30T12:31:40.637+0000] {processor.py:153} INFO - Started process (PID=1320) to work on /home/airflow/.local/lib/python3.7/site-packages/airflow/example_dags/tutorial_taskflow_api_etl.py
[2022-08-30T12:31:40.639+0000] {processor.py:640} INFO - Processing file /home/airflow/.local/lib/python3.7/site-packages/airflow/example_dags/tutorial_taskflow_api_etl.py for tasks to queue
[2022-08-30T12:31:40.640+0000] {logging_mixin.py:115} INFO - [2022-08-30T12:31:40.640+0000] {dagbag.py:508} INFO - Filling up the DagBag from /home/airflow/.local/lib/python3.7/site-packages/airflow/example_dags/tutorial_taskflow_api_etl.py
[2022-08-30T12:31:40.653+0000] {processor.py:650} INFO - DAG(s) dict_keys(['tutorial_taskflow_api_etl']) retrieved from /home/airflow/.local/lib/python3.7/site-packages/airflow/example_dags/tutorial_taskflow_api_etl.py
[2022-08-30T12:31:40.671+0000] {logging_mixin.py:115} INFO - [2022-08-30T12:31:40.671+0000] {dag.py:2429} INFO - Sync 1 DAGs
[2022-08-30T12:31:40.685+0000] {logging_mixin.py:115} INFO - [2022-08-30T12:31:40.685+0000] {dag.py:2981} INFO - Setting next_dagrun for tutorial_taskflow_api_etl to None, run_after=None
[2022-08-30T12:31:40.692+0000] {processor.py:161} INFO - Processing /home/airflow/.local/lib/python3.7/site-packages/airflow/example_dags/tutorial_taskflow_api_etl.py took 0.057 seconds
[2022-08-30T12:32:11.382+0000] {processor.py:153} INFO - Started process (PID=1520) to work on /home/airflow/.local/lib/python3.7/site-packages/airflow/example_dags/tutorial_taskflow_api_etl.py
[2022-08-30T12:32:11.384+0000] {processor.py:640} INFO - Processing file /home/airflow/.local/lib/python3.7/site-packages/airflow/example_dags/tutorial_taskflow_api_etl.py for tasks to queue
[2022-08-30T12:32:11.385+0000] {logging_mixin.py:115} INFO - [2022-08-30T12:32:11.385+0000] {dagbag.py:508} INFO - Filling up the DagBag from /home/airflow/.local/lib/python3.7/site-packages/airflow/example_dags/tutorial_taskflow_api_etl.py
[2022-08-30T12:32:11.398+0000] {processor.py:650} INFO - DAG(s) dict_keys(['tutorial_taskflow_api_etl']) retrieved from /home/airflow/.local/lib/python3.7/site-packages/airflow/example_dags/tutorial_taskflow_api_etl.py
[2022-08-30T12:32:11.418+0000] {logging_mixin.py:115} INFO - [2022-08-30T12:32:11.418+0000] {dag.py:2429} INFO - Sync 1 DAGs
[2022-08-30T12:32:11.434+0000] {logging_mixin.py:115} INFO - [2022-08-30T12:32:11.434+0000] {dag.py:2981} INFO - Setting next_dagrun for tutorial_taskflow_api_etl to None, run_after=None
[2022-08-30T12:32:11.443+0000] {processor.py:161} INFO - Processing /home/airflow/.local/lib/python3.7/site-packages/airflow/example_dags/tutorial_taskflow_api_etl.py took 0.063 seconds
[2022-08-30T12:32:42.358+0000] {processor.py:153} INFO - Started process (PID=1723) to work on /home/airflow/.local/lib/python3.7/site-packages/airflow/example_dags/tutorial_taskflow_api_etl.py
[2022-08-30T12:32:42.360+0000] {processor.py:640} INFO - Processing file /home/airflow/.local/lib/python3.7/site-packages/airflow/example_dags/tutorial_taskflow_api_etl.py for tasks to queue
[2022-08-30T12:32:42.361+0000] {logging_mixin.py:115} INFO - [2022-08-30T12:32:42.361+0000] {dagbag.py:508} INFO - Filling up the DagBag from /home/airflow/.local/lib/python3.7/site-packages/airflow/example_dags/tutorial_taskflow_api_etl.py
[2022-08-30T12:32:42.375+0000] {processor.py:650} INFO - DAG(s) dict_keys(['tutorial_taskflow_api_etl']) retrieved from /home/airflow/.local/lib/python3.7/site-packages/airflow/example_dags/tutorial_taskflow_api_etl.py
[2022-08-30T12:32:42.394+0000] {logging_mixin.py:115} INFO - [2022-08-30T12:32:42.394+0000] {dag.py:2429} INFO - Sync 1 DAGs
[2022-08-30T12:32:42.409+0000] {logging_mixin.py:115} INFO - [2022-08-30T12:32:42.409+0000] {dag.py:2981} INFO - Setting next_dagrun for tutorial_taskflow_api_etl to None, run_after=None
[2022-08-30T12:32:42.419+0000] {processor.py:161} INFO - Processing /home/airflow/.local/lib/python3.7/site-packages/airflow/example_dags/tutorial_taskflow_api_etl.py took 0.064 seconds
[2022-08-30T12:33:12.939+0000] {processor.py:153} INFO - Started process (PID=1926) to work on /home/airflow/.local/lib/python3.7/site-packages/airflow/example_dags/tutorial_taskflow_api_etl.py
[2022-08-30T12:33:12.940+0000] {processor.py:640} INFO - Processing file /home/airflow/.local/lib/python3.7/site-packages/airflow/example_dags/tutorial_taskflow_api_etl.py for tasks to queue
[2022-08-30T12:33:12.941+0000] {logging_mixin.py:115} INFO - [2022-08-30T12:33:12.941+0000] {dagbag.py:508} INFO - Filling up the DagBag from /home/airflow/.local/lib/python3.7/site-packages/airflow/example_dags/tutorial_taskflow_api_etl.py
[2022-08-30T12:33:12.954+0000] {processor.py:650} INFO - DAG(s) dict_keys(['tutorial_taskflow_api_etl']) retrieved from /home/airflow/.local/lib/python3.7/site-packages/airflow/example_dags/tutorial_taskflow_api_etl.py
[2022-08-30T12:33:12.972+0000] {logging_mixin.py:115} INFO - [2022-08-30T12:33:12.972+0000] {dag.py:2429} INFO - Sync 1 DAGs
[2022-08-30T12:33:12.984+0000] {logging_mixin.py:115} INFO - [2022-08-30T12:33:12.984+0000] {dag.py:2981} INFO - Setting next_dagrun for tutorial_taskflow_api_etl to None, run_after=None
[2022-08-30T12:33:12.992+0000] {processor.py:161} INFO - Processing /home/airflow/.local/lib/python3.7/site-packages/airflow/example_dags/tutorial_taskflow_api_etl.py took 0.055 seconds
[2022-08-30T12:33:43.639+0000] {processor.py:153} INFO - Started process (PID=2126) to work on /home/airflow/.local/lib/python3.7/site-packages/airflow/example_dags/tutorial_taskflow_api_etl.py
[2022-08-30T12:33:43.640+0000] {processor.py:640} INFO - Processing file /home/airflow/.local/lib/python3.7/site-packages/airflow/example_dags/tutorial_taskflow_api_etl.py for tasks to queue
[2022-08-30T12:33:43.641+0000] {logging_mixin.py:115} INFO - [2022-08-30T12:33:43.641+0000] {dagbag.py:508} INFO - Filling up the DagBag from /home/airflow/.local/lib/python3.7/site-packages/airflow/example_dags/tutorial_taskflow_api_etl.py
[2022-08-30T12:33:43.653+0000] {processor.py:650} INFO - DAG(s) dict_keys(['tutorial_taskflow_api_etl']) retrieved from /home/airflow/.local/lib/python3.7/site-packages/airflow/example_dags/tutorial_taskflow_api_etl.py
[2022-08-30T12:33:43.670+0000] {logging_mixin.py:115} INFO - [2022-08-30T12:33:43.670+0000] {dag.py:2429} INFO - Sync 1 DAGs
[2022-08-30T12:33:43.684+0000] {logging_mixin.py:115} INFO - [2022-08-30T12:33:43.683+0000] {dag.py:2981} INFO - Setting next_dagrun for tutorial_taskflow_api_etl to None, run_after=None
[2022-08-30T12:33:43.692+0000] {processor.py:161} INFO - Processing /home/airflow/.local/lib/python3.7/site-packages/airflow/example_dags/tutorial_taskflow_api_etl.py took 0.055 seconds
[2022-08-30T12:34:14.560+0000] {processor.py:153} INFO - Started process (PID=2326) to work on /home/airflow/.local/lib/python3.7/site-packages/airflow/example_dags/tutorial_taskflow_api_etl.py
[2022-08-30T12:34:14.561+0000] {processor.py:640} INFO - Processing file /home/airflow/.local/lib/python3.7/site-packages/airflow/example_dags/tutorial_taskflow_api_etl.py for tasks to queue
[2022-08-30T12:34:14.562+0000] {logging_mixin.py:115} INFO - [2022-08-30T12:34:14.562+0000] {dagbag.py:508} INFO - Filling up the DagBag from /home/airflow/.local/lib/python3.7/site-packages/airflow/example_dags/tutorial_taskflow_api_etl.py
[2022-08-30T12:34:14.575+0000] {processor.py:650} INFO - DAG(s) dict_keys(['tutorial_taskflow_api_etl']) retrieved from /home/airflow/.local/lib/python3.7/site-packages/airflow/example_dags/tutorial_taskflow_api_etl.py
[2022-08-30T12:34:14.615+0000] {logging_mixin.py:115} INFO - [2022-08-30T12:34:14.615+0000] {dag.py:2429} INFO - Sync 1 DAGs
[2022-08-30T12:34:14.626+0000] {logging_mixin.py:115} INFO - [2022-08-30T12:34:14.626+0000] {dag.py:2981} INFO - Setting next_dagrun for tutorial_taskflow_api_etl to None, run_after=None
[2022-08-30T12:34:14.635+0000] {processor.py:161} INFO - Processing /home/airflow/.local/lib/python3.7/site-packages/airflow/example_dags/tutorial_taskflow_api_etl.py took 0.077 seconds
[2022-08-30T12:34:45.304+0000] {processor.py:153} INFO - Started process (PID=2528) to work on /home/airflow/.local/lib/python3.7/site-packages/airflow/example_dags/tutorial_taskflow_api_etl.py
[2022-08-30T12:34:45.306+0000] {processor.py:640} INFO - Processing file /home/airflow/.local/lib/python3.7/site-packages/airflow/example_dags/tutorial_taskflow_api_etl.py for tasks to queue
[2022-08-30T12:34:45.307+0000] {logging_mixin.py:115} INFO - [2022-08-30T12:34:45.307+0000] {dagbag.py:508} INFO - Filling up the DagBag from /home/airflow/.local/lib/python3.7/site-packages/airflow/example_dags/tutorial_taskflow_api_etl.py
[2022-08-30T12:34:45.321+0000] {processor.py:650} INFO - DAG(s) dict_keys(['tutorial_taskflow_api_etl']) retrieved from /home/airflow/.local/lib/python3.7/site-packages/airflow/example_dags/tutorial_taskflow_api_etl.py
[2022-08-30T12:34:45.339+0000] {logging_mixin.py:115} INFO - [2022-08-30T12:34:45.339+0000] {dag.py:2429} INFO - Sync 1 DAGs
[2022-08-30T12:34:45.356+0000] {logging_mixin.py:115} INFO - [2022-08-30T12:34:45.356+0000] {dag.py:2981} INFO - Setting next_dagrun for tutorial_taskflow_api_etl to None, run_after=None
[2022-08-30T12:34:45.395+0000] {processor.py:161} INFO - Processing /home/airflow/.local/lib/python3.7/site-packages/airflow/example_dags/tutorial_taskflow_api_etl.py took 0.095 seconds
[2022-08-30T12:35:15.980+0000] {processor.py:153} INFO - Started process (PID=2718) to work on /home/airflow/.local/lib/python3.7/site-packages/airflow/example_dags/tutorial_taskflow_api_etl.py
[2022-08-30T12:35:15.982+0000] {processor.py:640} INFO - Processing file /home/airflow/.local/lib/python3.7/site-packages/airflow/example_dags/tutorial_taskflow_api_etl.py for tasks to queue
[2022-08-30T12:35:15.983+0000] {logging_mixin.py:115} INFO - [2022-08-30T12:35:15.983+0000] {dagbag.py:508} INFO - Filling up the DagBag from /home/airflow/.local/lib/python3.7/site-packages/airflow/example_dags/tutorial_taskflow_api_etl.py
[2022-08-30T12:35:15.994+0000] {processor.py:650} INFO - DAG(s) dict_keys(['tutorial_taskflow_api_etl']) retrieved from /home/airflow/.local/lib/python3.7/site-packages/airflow/example_dags/tutorial_taskflow_api_etl.py
[2022-08-30T12:35:16.031+0000] {logging_mixin.py:115} INFO - [2022-08-30T12:35:16.031+0000] {dag.py:2429} INFO - Sync 1 DAGs
[2022-08-30T12:35:16.044+0000] {logging_mixin.py:115} INFO - [2022-08-30T12:35:16.044+0000] {dag.py:2981} INFO - Setting next_dagrun for tutorial_taskflow_api_etl to None, run_after=None
[2022-08-30T12:35:16.055+0000] {processor.py:161} INFO - Processing /home/airflow/.local/lib/python3.7/site-packages/airflow/example_dags/tutorial_taskflow_api_etl.py took 0.077 seconds
[2022-08-30T12:35:46.790+0000] {processor.py:153} INFO - Started process (PID=2917) to work on /home/airflow/.local/lib/python3.7/site-packages/airflow/example_dags/tutorial_taskflow_api_etl.py
[2022-08-30T12:35:46.792+0000] {processor.py:640} INFO - Processing file /home/airflow/.local/lib/python3.7/site-packages/airflow/example_dags/tutorial_taskflow_api_etl.py for tasks to queue
[2022-08-30T12:35:46.793+0000] {logging_mixin.py:115} INFO - [2022-08-30T12:35:46.793+0000] {dagbag.py:508} INFO - Filling up the DagBag from /home/airflow/.local/lib/python3.7/site-packages/airflow/example_dags/tutorial_taskflow_api_etl.py
[2022-08-30T12:35:46.805+0000] {processor.py:650} INFO - DAG(s) dict_keys(['tutorial_taskflow_api_etl']) retrieved from /home/airflow/.local/lib/python3.7/site-packages/airflow/example_dags/tutorial_taskflow_api_etl.py
[2022-08-30T12:35:46.846+0000] {logging_mixin.py:115} INFO - [2022-08-30T12:35:46.846+0000] {dag.py:2429} INFO - Sync 1 DAGs
[2022-08-30T12:35:46.857+0000] {logging_mixin.py:115} INFO - [2022-08-30T12:35:46.857+0000] {dag.py:2981} INFO - Setting next_dagrun for tutorial_taskflow_api_etl to None, run_after=None
[2022-08-30T12:35:46.866+0000] {processor.py:161} INFO - Processing /home/airflow/.local/lib/python3.7/site-packages/airflow/example_dags/tutorial_taskflow_api_etl.py took 0.078 seconds
[2022-08-30T12:36:17.785+0000] {processor.py:153} INFO - Started process (PID=3122) to work on /home/airflow/.local/lib/python3.7/site-packages/airflow/example_dags/tutorial_taskflow_api_etl.py
[2022-08-30T12:36:17.786+0000] {processor.py:640} INFO - Processing file /home/airflow/.local/lib/python3.7/site-packages/airflow/example_dags/tutorial_taskflow_api_etl.py for tasks to queue
[2022-08-30T12:36:17.787+0000] {logging_mixin.py:115} INFO - [2022-08-30T12:36:17.787+0000] {dagbag.py:508} INFO - Filling up the DagBag from /home/airflow/.local/lib/python3.7/site-packages/airflow/example_dags/tutorial_taskflow_api_etl.py
[2022-08-30T12:36:17.800+0000] {processor.py:650} INFO - DAG(s) dict_keys(['tutorial_taskflow_api_etl']) retrieved from /home/airflow/.local/lib/python3.7/site-packages/airflow/example_dags/tutorial_taskflow_api_etl.py
[2022-08-30T12:36:17.816+0000] {logging_mixin.py:115} INFO - [2022-08-30T12:36:17.816+0000] {dag.py:2429} INFO - Sync 1 DAGs
[2022-08-30T12:36:17.829+0000] {logging_mixin.py:115} INFO - [2022-08-30T12:36:17.829+0000] {dag.py:2981} INFO - Setting next_dagrun for tutorial_taskflow_api_etl to None, run_after=None
[2022-08-30T12:36:17.836+0000] {processor.py:161} INFO - Processing /home/airflow/.local/lib/python3.7/site-packages/airflow/example_dags/tutorial_taskflow_api_etl.py took 0.055 seconds
[2022-08-30T12:36:48.537+0000] {processor.py:153} INFO - Started process (PID=3319) to work on /home/airflow/.local/lib/python3.7/site-packages/airflow/example_dags/tutorial_taskflow_api_etl.py
[2022-08-30T12:36:48.539+0000] {processor.py:640} INFO - Processing file /home/airflow/.local/lib/python3.7/site-packages/airflow/example_dags/tutorial_taskflow_api_etl.py for tasks to queue
[2022-08-30T12:36:48.540+0000] {logging_mixin.py:115} INFO - [2022-08-30T12:36:48.539+0000] {dagbag.py:508} INFO - Filling up the DagBag from /home/airflow/.local/lib/python3.7/site-packages/airflow/example_dags/tutorial_taskflow_api_etl.py
[2022-08-30T12:36:48.552+0000] {processor.py:650} INFO - DAG(s) dict_keys(['tutorial_taskflow_api_etl']) retrieved from /home/airflow/.local/lib/python3.7/site-packages/airflow/example_dags/tutorial_taskflow_api_etl.py
[2022-08-30T12:36:48.572+0000] {logging_mixin.py:115} INFO - [2022-08-30T12:36:48.572+0000] {dag.py:2429} INFO - Sync 1 DAGs
[2022-08-30T12:36:48.586+0000] {logging_mixin.py:115} INFO - [2022-08-30T12:36:48.585+0000] {dag.py:2981} INFO - Setting next_dagrun for tutorial_taskflow_api_etl to None, run_after=None
[2022-08-30T12:36:48.595+0000] {processor.py:161} INFO - Processing /home/airflow/.local/lib/python3.7/site-packages/airflow/example_dags/tutorial_taskflow_api_etl.py took 0.060 seconds
[2022-08-30T12:37:19.315+0000] {processor.py:153} INFO - Started process (PID=3519) to work on /home/airflow/.local/lib/python3.7/site-packages/airflow/example_dags/tutorial_taskflow_api_etl.py
[2022-08-30T12:37:19.317+0000] {processor.py:640} INFO - Processing file /home/airflow/.local/lib/python3.7/site-packages/airflow/example_dags/tutorial_taskflow_api_etl.py for tasks to queue
[2022-08-30T12:37:19.318+0000] {logging_mixin.py:115} INFO - [2022-08-30T12:37:19.318+0000] {dagbag.py:508} INFO - Filling up the DagBag from /home/airflow/.local/lib/python3.7/site-packages/airflow/example_dags/tutorial_taskflow_api_etl.py
[2022-08-30T12:37:19.334+0000] {processor.py:650} INFO - DAG(s) dict_keys(['tutorial_taskflow_api_etl']) retrieved from /home/airflow/.local/lib/python3.7/site-packages/airflow/example_dags/tutorial_taskflow_api_etl.py
[2022-08-30T12:37:19.352+0000] {logging_mixin.py:115} INFO - [2022-08-30T12:37:19.352+0000] {dag.py:2429} INFO - Sync 1 DAGs
[2022-08-30T12:37:19.366+0000] {logging_mixin.py:115} INFO - [2022-08-30T12:37:19.365+0000] {dag.py:2981} INFO - Setting next_dagrun for tutorial_taskflow_api_etl to None, run_after=None
[2022-08-30T12:37:19.373+0000] {processor.py:161} INFO - Processing /home/airflow/.local/lib/python3.7/site-packages/airflow/example_dags/tutorial_taskflow_api_etl.py took 0.061 seconds
[2022-08-30T12:37:50.056+0000] {processor.py:153} INFO - Started process (PID=3720) to work on /home/airflow/.local/lib/python3.7/site-packages/airflow/example_dags/tutorial_taskflow_api_etl.py
[2022-08-30T12:37:50.058+0000] {processor.py:640} INFO - Processing file /home/airflow/.local/lib/python3.7/site-packages/airflow/example_dags/tutorial_taskflow_api_etl.py for tasks to queue
[2022-08-30T12:37:50.059+0000] {logging_mixin.py:115} INFO - [2022-08-30T12:37:50.059+0000] {dagbag.py:508} INFO - Filling up the DagBag from /home/airflow/.local/lib/python3.7/site-packages/airflow/example_dags/tutorial_taskflow_api_etl.py
[2022-08-30T12:37:50.070+0000] {processor.py:650} INFO - DAG(s) dict_keys(['tutorial_taskflow_api_etl']) retrieved from /home/airflow/.local/lib/python3.7/site-packages/airflow/example_dags/tutorial_taskflow_api_etl.py
[2022-08-30T12:37:50.085+0000] {logging_mixin.py:115} INFO - [2022-08-30T12:37:50.085+0000] {dag.py:2429} INFO - Sync 1 DAGs
[2022-08-30T12:37:50.098+0000] {logging_mixin.py:115} INFO - [2022-08-30T12:37:50.098+0000] {dag.py:2981} INFO - Setting next_dagrun for tutorial_taskflow_api_etl to None, run_after=None
[2022-08-30T12:37:50.106+0000] {processor.py:161} INFO - Processing /home/airflow/.local/lib/python3.7/site-packages/airflow/example_dags/tutorial_taskflow_api_etl.py took 0.052 seconds
[2022-08-30T12:40:13.548+0000] {processor.py:153} INFO - Started process (PID=332) to work on /home/airflow/.local/lib/python3.7/site-packages/airflow/example_dags/tutorial_taskflow_api_etl.py
[2022-08-30T12:40:13.551+0000] {processor.py:640} INFO - Processing file /home/airflow/.local/lib/python3.7/site-packages/airflow/example_dags/tutorial_taskflow_api_etl.py for tasks to queue
[2022-08-30T12:40:13.556+0000] {logging_mixin.py:115} INFO - [2022-08-30T12:40:13.556+0000] {dagbag.py:508} INFO - Filling up the DagBag from /home/airflow/.local/lib/python3.7/site-packages/airflow/example_dags/tutorial_taskflow_api_etl.py
[2022-08-30T12:40:13.588+0000] {processor.py:650} INFO - DAG(s) dict_keys(['tutorial_taskflow_api_etl']) retrieved from /home/airflow/.local/lib/python3.7/site-packages/airflow/example_dags/tutorial_taskflow_api_etl.py
[2022-08-30T12:40:14.378+0000] {logging_mixin.py:115} INFO - [2022-08-30T12:40:14.378+0000] {manager.py:508} INFO - Created Permission View: can edit on DAG:tutorial_taskflow_api_etl
[2022-08-30T12:40:14.408+0000] {logging_mixin.py:115} INFO - [2022-08-30T12:40:14.408+0000] {manager.py:508} INFO - Created Permission View: can read on DAG:tutorial_taskflow_api_etl
[2022-08-30T12:40:14.438+0000] {logging_mixin.py:115} INFO - [2022-08-30T12:40:14.438+0000] {manager.py:508} INFO - Created Permission View: can delete on DAG:tutorial_taskflow_api_etl
[2022-08-30T12:40:14.440+0000] {logging_mixin.py:115} INFO - [2022-08-30T12:40:14.440+0000] {dag.py:2429} INFO - Sync 1 DAGs
[2022-08-30T12:40:14.451+0000] {logging_mixin.py:115} INFO - [2022-08-30T12:40:14.451+0000] {dag.py:2448} INFO - Creating ORM DAG for tutorial_taskflow_api_etl
[2022-08-30T12:40:14.478+0000] {logging_mixin.py:115} INFO - [2022-08-30T12:40:14.478+0000] {dag.py:2981} INFO - Setting next_dagrun for tutorial_taskflow_api_etl to None, run_after=None
[2022-08-30T12:40:14.506+0000] {processor.py:161} INFO - Processing /home/airflow/.local/lib/python3.7/site-packages/airflow/example_dags/tutorial_taskflow_api_etl.py took 0.960 seconds
[2022-08-30T12:42:16.340+0000] {processor.py:153} INFO - Started process (PID=319) to work on /home/airflow/.local/lib/python3.7/site-packages/airflow/example_dags/tutorial_taskflow_api_etl.py
[2022-08-30T12:42:16.342+0000] {processor.py:640} INFO - Processing file /home/airflow/.local/lib/python3.7/site-packages/airflow/example_dags/tutorial_taskflow_api_etl.py for tasks to queue
[2022-08-30T12:42:16.343+0000] {logging_mixin.py:115} INFO - [2022-08-30T12:42:16.343+0000] {dagbag.py:508} INFO - Filling up the DagBag from /home/airflow/.local/lib/python3.7/site-packages/airflow/example_dags/tutorial_taskflow_api_etl.py
[2022-08-30T12:42:16.357+0000] {processor.py:650} INFO - DAG(s) dict_keys(['tutorial_taskflow_api_etl']) retrieved from /home/airflow/.local/lib/python3.7/site-packages/airflow/example_dags/tutorial_taskflow_api_etl.py
[2022-08-30T12:42:16.394+0000] {logging_mixin.py:115} INFO - [2022-08-30T12:42:16.394+0000] {dag.py:2429} INFO - Sync 1 DAGs
[2022-08-30T12:42:16.408+0000] {logging_mixin.py:115} INFO - [2022-08-30T12:42:16.408+0000] {dag.py:2981} INFO - Setting next_dagrun for tutorial_taskflow_api_etl to None, run_after=None
[2022-08-30T12:42:16.418+0000] {processor.py:161} INFO - Processing /home/airflow/.local/lib/python3.7/site-packages/airflow/example_dags/tutorial_taskflow_api_etl.py took 0.079 seconds
[2022-08-30T12:42:47.128+0000] {processor.py:153} INFO - Started process (PID=523) to work on /home/airflow/.local/lib/python3.7/site-packages/airflow/example_dags/tutorial_taskflow_api_etl.py
[2022-08-30T12:42:47.129+0000] {processor.py:640} INFO - Processing file /home/airflow/.local/lib/python3.7/site-packages/airflow/example_dags/tutorial_taskflow_api_etl.py for tasks to queue
[2022-08-30T12:42:47.130+0000] {logging_mixin.py:115} INFO - [2022-08-30T12:42:47.130+0000] {dagbag.py:508} INFO - Filling up the DagBag from /home/airflow/.local/lib/python3.7/site-packages/airflow/example_dags/tutorial_taskflow_api_etl.py
[2022-08-30T12:42:47.141+0000] {processor.py:650} INFO - DAG(s) dict_keys(['tutorial_taskflow_api_etl']) retrieved from /home/airflow/.local/lib/python3.7/site-packages/airflow/example_dags/tutorial_taskflow_api_etl.py
[2022-08-30T12:42:47.157+0000] {logging_mixin.py:115} INFO - [2022-08-30T12:42:47.157+0000] {dag.py:2429} INFO - Sync 1 DAGs
[2022-08-30T12:42:47.168+0000] {logging_mixin.py:115} INFO - [2022-08-30T12:42:47.168+0000] {dag.py:2981} INFO - Setting next_dagrun for tutorial_taskflow_api_etl to None, run_after=None
[2022-08-30T12:42:47.174+0000] {processor.py:161} INFO - Processing /home/airflow/.local/lib/python3.7/site-packages/airflow/example_dags/tutorial_taskflow_api_etl.py took 0.048 seconds
[2022-08-30T12:43:18.083+0000] {processor.py:153} INFO - Started process (PID=725) to work on /home/airflow/.local/lib/python3.7/site-packages/airflow/example_dags/tutorial_taskflow_api_etl.py
[2022-08-30T12:43:18.084+0000] {processor.py:640} INFO - Processing file /home/airflow/.local/lib/python3.7/site-packages/airflow/example_dags/tutorial_taskflow_api_etl.py for tasks to queue
[2022-08-30T12:43:18.086+0000] {logging_mixin.py:115} INFO - [2022-08-30T12:43:18.085+0000] {dagbag.py:508} INFO - Filling up the DagBag from /home/airflow/.local/lib/python3.7/site-packages/airflow/example_dags/tutorial_taskflow_api_etl.py
[2022-08-30T12:43:18.100+0000] {processor.py:650} INFO - DAG(s) dict_keys(['tutorial_taskflow_api_etl']) retrieved from /home/airflow/.local/lib/python3.7/site-packages/airflow/example_dags/tutorial_taskflow_api_etl.py
[2022-08-30T12:43:18.116+0000] {logging_mixin.py:115} INFO - [2022-08-30T12:43:18.115+0000] {dag.py:2429} INFO - Sync 1 DAGs
[2022-08-30T12:43:18.128+0000] {logging_mixin.py:115} INFO - [2022-08-30T12:43:18.127+0000] {dag.py:2981} INFO - Setting next_dagrun for tutorial_taskflow_api_etl to None, run_after=None
[2022-08-30T12:43:18.135+0000] {processor.py:161} INFO - Processing /home/airflow/.local/lib/python3.7/site-packages/airflow/example_dags/tutorial_taskflow_api_etl.py took 0.054 seconds
[2022-08-30T12:43:48.815+0000] {processor.py:153} INFO - Started process (PID=926) to work on /home/airflow/.local/lib/python3.7/site-packages/airflow/example_dags/tutorial_taskflow_api_etl.py
[2022-08-30T12:43:48.817+0000] {processor.py:640} INFO - Processing file /home/airflow/.local/lib/python3.7/site-packages/airflow/example_dags/tutorial_taskflow_api_etl.py for tasks to queue
[2022-08-30T12:43:48.819+0000] {logging_mixin.py:115} INFO - [2022-08-30T12:43:48.818+0000] {dagbag.py:508} INFO - Filling up the DagBag from /home/airflow/.local/lib/python3.7/site-packages/airflow/example_dags/tutorial_taskflow_api_etl.py
[2022-08-30T12:43:48.831+0000] {processor.py:650} INFO - DAG(s) dict_keys(['tutorial_taskflow_api_etl']) retrieved from /home/airflow/.local/lib/python3.7/site-packages/airflow/example_dags/tutorial_taskflow_api_etl.py
[2022-08-30T12:43:48.847+0000] {logging_mixin.py:115} INFO - [2022-08-30T12:43:48.847+0000] {dag.py:2429} INFO - Sync 1 DAGs
[2022-08-30T12:43:48.862+0000] {logging_mixin.py:115} INFO - [2022-08-30T12:43:48.861+0000] {dag.py:2981} INFO - Setting next_dagrun for tutorial_taskflow_api_etl to None, run_after=None
[2022-08-30T12:43:48.870+0000] {processor.py:161} INFO - Processing /home/airflow/.local/lib/python3.7/site-packages/airflow/example_dags/tutorial_taskflow_api_etl.py took 0.057 seconds
